2025-04-30 16:17:24,389 [INFO] Activator:176 - 


2025-04-30 16:17:24,395 [INFO] Activator:177 - !SESSION log4j initialized
2025-04-30 16:17:31,853 [INFO] LogOutputStream:77 - [STDOUT_REDIRECT] 
2025-04-30 16:17:37,139 [INFO] ApplicationProperties:184 - Using Application install path: D:\ST\STM32CubeIDE_1.14.1\STM32CubeIDE\plugins\com.st.stm32cube.common.mx_6.10.0.202311202037
2025-04-30 16:17:37,166 [INFO] DbMcusXml:78 - Set database path to: D:\ST\STM32CubeIDE_1.14.1\STM32CubeIDE\plugins\com.st.stm32cube.common.mx_6.10.0.202311202037\\db\/mcu/
2025-04-30 16:17:37,166 [INFO] ApiDb:274 - Set plugin database path to: D:\ST\STM32CubeIDE_1.14.1\STM32CubeIDE\plugins\com.st.stm32cube.common.mx_6.10.0.202311202037\\db\/plugins/boardmanager/
2025-04-30 16:17:37,168 [WARN] ApiDb:259 - Overriding images path with different value:  => D:\ST\STM32CubeIDE_1.14.1\STM32CubeIDE\plugins\com.st.stm32cube.common.mx_6.10.0.202311202037\\db\/plugins/mcufinder/images/
2025-04-30 16:17:37,177 [INFO] ApiDb:250 - Set database path to: C:\Users\TS\.stmcufinder\plugins\mcufinder//mcu/
2025-04-30 16:17:37,179 [INFO] DbMcusAds:125 - Set database path to: C:\Users\TS\.stmcufinder\plugins\mcufinder//mcu/
2025-04-30 16:17:38,070 [INFO] CrossReferenceDbSqlite:203 - Set database path to: C:\Users\TS\.stmcufinder\plugins\mcufinder//mcu/cs/
2025-04-30 16:17:38,348 [INFO] RulesReader:64 - Compatibility file has been processed (297 Rules)
2025-04-30 16:17:38,493 [INFO] DbMcusXml:78 - Set database path to: D:\ST\STM32CubeIDE_1.14.1\STM32CubeIDE\plugins\com.st.stm32cube.common.mx_6.10.0.202311202037\\db\/mcu/
2025-04-30 16:17:38,493 [INFO] ApiDb:274 - Set plugin database path to: D:\ST\STM32CubeIDE_1.14.1\STM32CubeIDE\plugins\com.st.stm32cube.common.mx_6.10.0.202311202037\\db\/plugins/boardmanager/
2025-04-30 16:17:38,494 [INFO] ApiDb:261 - Set plugin images path to: D:\ST\STM32CubeIDE_1.14.1\STM32CubeIDE\plugins\com.st.stm32cube.common.mx_6.10.0.202311202037\\db\/plugins/mcufinder/images/
2025-04-30 16:17:38,494 [WARN] DbFile:41 - Overriding database path with different value: C:\Users\TS\.stmcufinder\plugins\mcufinder/ => C:\Users\TS\.stmcufinder\plugins\mcufinder
2025-04-30 16:17:38,494 [INFO] ApiDb:250 - Set database path to: C:\Users\TS\.stmcufinder\plugins\mcufinder//mcu/
2025-04-30 16:17:38,495 [WARN] DbFile:41 - Overriding database path with different value: C:\Users\TS\.stmcufinder\plugins\mcufinder/ => C:\Users\TS\.stmcufinder\plugins\mcufinder
2025-04-30 16:17:38,495 [INFO] DbMcusAds:125 - Set database path to: C:\Users\TS\.stmcufinder\plugins\mcufinder//mcu/
2025-04-30 16:17:38,495 [WARN] DbFile:41 - Overriding database path with different value: C:\Users\TS\.stmcufinder\plugins\mcufinder/ => C:\Users\TS\.stmcufinder\plugins\mcufinder
2025-04-30 16:17:38,495 [WARN] DbFile:41 - Overriding database path with different value: C:\Users\TS\.stmcufinder\plugins\mcufinder/ => C:\Users\TS\.stmcufinder\plugins\mcufinder
2025-04-30 16:17:39,065 [INFO] CrossReferenceDbSqlite:203 - Set database path to: C:\Users\TS\.stmcufinder\plugins\mcufinder//mcu/cs/
2025-04-30 16:17:39,297 [INFO] MainPanel:264 - HeapMemory: 268435456
2025-04-30 16:17:39,547 [INFO] DbMcusXml:78 - Set database path to: D:\ST\STM32CubeIDE_1.14.1\STM32CubeIDE\plugins\com.st.stm32cube.common.mx_6.10.0.202311202037\\db\/mcu/
2025-04-30 16:17:39,548 [INFO] ApiDb:274 - Set plugin database path to: D:\ST\STM32CubeIDE_1.14.1\STM32CubeIDE\plugins\com.st.stm32cube.common.mx_6.10.0.202311202037\\db\/plugins/boardmanager/
2025-04-30 16:17:39,548 [INFO] ApiDb:261 - Set plugin images path to: D:\ST\STM32CubeIDE_1.14.1\STM32CubeIDE\plugins\com.st.stm32cube.common.mx_6.10.0.202311202037\\db\/plugins/mcufinder/images/
2025-04-30 16:17:39,549 [WARN] DbFile:41 - Overriding database path with different value: C:\Users\TS\.stmcufinder\plugins\mcufinder/ => C:\Users\TS\.stmcufinder\plugins\mcufinder
2025-04-30 16:17:39,549 [INFO] ApiDb:250 - Set database path to: C:\Users\TS\.stmcufinder\plugins\mcufinder//mcu/
2025-04-30 16:17:39,550 [WARN] DbFile:41 - Overriding database path with different value: C:\Users\TS\.stmcufinder\plugins\mcufinder/ => C:\Users\TS\.stmcufinder\plugins\mcufinder
2025-04-30 16:17:39,551 [INFO] DbMcusAds:125 - Set database path to: C:\Users\TS\.stmcufinder\plugins\mcufinder//mcu/
2025-04-30 16:17:39,552 [WARN] DbFile:41 - Overriding database path with different value: C:\Users\TS\.stmcufinder\plugins\mcufinder/ => C:\Users\TS\.stmcufinder\plugins\mcufinder
2025-04-30 16:17:39,553 [WARN] DbFile:41 - Overriding database path with different value: C:\Users\TS\.stmcufinder\plugins\mcufinder/ => C:\Users\TS\.stmcufinder\plugins\mcufinder
2025-04-30 16:17:40,065 [INFO] CrossReferenceDbSqlite:203 - Set database path to: C:\Users\TS\.stmcufinder\plugins\mcufinder//mcu/cs/
2025-04-30 16:17:40,118 [INFO] ApplicationProperties:184 - Using Application install path: D:\ST\STM32CubeIDE_1.14.1\STM32CubeIDE\plugins\com.st.stm32cube.common.mx_6.10.0.202311202037
2025-04-30 16:17:40,124 [INFO] PluginManage:196 - Search for loadable plugins [exclusion list=, ]
2025-04-30 16:17:40,127 [INFO] PluginManage:310 - Check plugin analytics
2025-04-30 16:17:41,344 [INFO] AnalyticsPlugin:253 - Accepted Software Licenses: 
2025-04-30 16:17:41,344 [INFO] AnalyticsPlugin:255 - Accepted CMSIS Pack Licenses: 
2025-04-30 16:17:41,345 [INFO] AnalyticsPlugin:257 - Accepted Firmware Licenses: FW.F4.1.28.0
2025-04-30 16:17:41,353 [INFO] PluginManage:359 - Loaded plugin analytics (category:tool,tabindex:-1)
2025-04-30 16:17:41,355 [INFO] PluginManage:310 - Check plugin cadmodel
2025-04-30 16:17:41,368 [INFO] CADModel:105 - Init CAD model plugin
2025-04-30 16:17:41,369 [INFO] PluginManage:359 - Loaded plugin cadmodel (category:power,tabindex:5)
2025-04-30 16:17:41,370 [INFO] PluginManage:310 - Check plugin clock
2025-04-30 16:17:41,396 [INFO] PluginManage:359 - Loaded plugin clock (category:base,tabindex:2)
2025-04-30 16:17:41,396 [INFO] PluginManage:310 - Check plugin ddr
2025-04-30 16:17:41,403 [INFO] PluginManage:359 - Loaded plugin ddr (category:tool,tabindex:6)
2025-04-30 16:17:41,405 [INFO] PluginManage:310 - Check plugin filemanager
2025-04-30 16:17:41,921 [INFO] PluginManage:359 - Loaded plugin filemanager (category:base,tabindex:10)
2025-04-30 16:17:41,922 [INFO] PluginManage:310 - Check plugin ipmanager
2025-04-30 16:17:41,945 [INFO] PluginManage:359 - Loaded plugin ipmanager (category:base,tabindex:5)
2025-04-30 16:17:41,945 [INFO] PluginManage:310 - Check plugin lpbam
2025-04-30 16:17:41,972 [INFO] PluginManage:359 - Loaded plugin lpbam (category:base,tabindex:0)
2025-04-30 16:17:41,972 [INFO] PluginManage:310 - Check plugin memorymap
2025-04-30 16:17:42,010 [INFO] PluginManage:359 - Loaded plugin memorymap (category:base,tabindex:4)
2025-04-30 16:17:42,011 [INFO] PluginManage:310 - Check plugin pinoutandconfiguration
2025-04-30 16:17:42,043 [INFO] PluginManage:359 - Loaded plugin pinoutandconfiguration (category:base,tabindex:1)
2025-04-30 16:17:42,044 [INFO] PluginManage:310 - Check plugin pinoutconfig
2025-04-30 16:17:42,448 [WARN] SupportedApi:132 - Cannot load RTOS API schema: s4s-elt-must-match.1: The content of 'definitions' must match (annotation?, (simpleType | complexType)?, (unique | key | keyref)*)). A problem was found starting at: attribute.
2025-04-30 16:17:42,828 [INFO] PluginManage:359 - Loaded plugin pinoutconfig (category:base,tabindex:0)
2025-04-30 16:17:42,828 [INFO] PluginManage:310 - Check plugin power
2025-04-30 16:17:42,857 [INFO] PluginManage:359 - Loaded plugin power (category:power,tabindex:4)
2025-04-30 16:17:42,858 [INFO] PluginManage:310 - Check plugin projectmanager
2025-04-30 16:17:42,938 [INFO] PluginManage:359 - Loaded plugin projectmanager (category:projectmanager,tabindex:3)
2025-04-30 16:17:42,940 [INFO] PluginManage:310 - Check plugin thirdparty
2025-04-30 16:17:43,459 [INFO] PluginManage:359 - Loaded plugin thirdparty (category:base,tabindex:-1)
2025-04-30 16:17:43,460 [INFO] PluginManage:310 - Check plugin tools
2025-04-30 16:17:43,459 [WARN] IntegrityCheckThread:84 - waiting for thirdparty lock release [integrity check]
2025-04-30 16:17:43,460 [INFO] IntegrityCheckThread:86 - entering critical section [integrity check]
2025-04-30 16:17:43,462 [INFO] ThirdPartyUpdaterWithRetryManager:70 - Updater plugin not ready yet. [1/15]
2025-04-30 16:17:43,472 [INFO] PluginManage:359 - Loaded plugin tools (category:base,tabindex:7)
2025-04-30 16:17:43,473 [INFO] PluginManage:310 - Check plugin tutovideos
2025-04-30 16:17:44,095 [INFO] PluginManage:359 - Loaded plugin tutovideos (category:base,tabindex:-1)
2025-04-30 16:17:44,095 [INFO] PluginManage:310 - Check plugin updater
2025-04-30 16:17:44,127 [INFO] PluginManage:359 - Loaded plugin updater (category:base,tabindex:12)
2025-04-30 16:17:44,128 [INFO] PluginManage:310 - Check plugin userauth
2025-04-30 16:17:44,143 [INFO] UserAuth:114 - Init User Auth plugin
2025-04-30 16:17:44,143 [INFO] PluginManage:359 - Loaded plugin userauth (category:base,tabindex:14)
2025-04-30 16:17:44,144 [INFO] PluginManage:283 - PluginManage : Loaded plugins [17]
2025-04-30 16:17:45,032 [INFO] PinOutPanel:1499 - setPackage(No Configuration,No Configuration)
2025-04-30 16:17:45,256 [INFO] CADModel:165 - CPN selected for project level
2025-04-30 16:17:45,256 [INFO] CADModel:114 - Register for checkConnection events
2025-04-30 16:17:45,301 [INFO] IPUIPlugin:80 - create IPUIPlugin
2025-04-30 16:17:45,302 [INFO] PluginManager:220 - loadIPPluginJar : add adc
2025-04-30 16:17:45,310 [INFO] IPUIPlugin:80 - create IPUIPlugin
2025-04-30 16:17:45,311 [INFO] PluginManager:220 - loadIPPluginJar : add aes
2025-04-30 16:17:45,318 [INFO] IPUIPlugin:80 - create IPUIPlugin
2025-04-30 16:17:45,318 [INFO] PluginManager:220 - loadIPPluginJar : add can
2025-04-30 16:17:45,323 [INFO] IPUIPlugin:80 - create IPUIPlugin
2025-04-30 16:17:45,323 [INFO] PluginManager:220 - loadIPPluginJar : add comp
2025-04-30 16:17:45,329 [INFO] IPUIPlugin:80 - create IPUIPlugin
2025-04-30 16:17:45,330 [INFO] PluginManager:220 - loadIPPluginJar : add cryp
2025-04-30 16:17:45,336 [INFO] IPUIPlugin:80 - create IPUIPlugin
2025-04-30 16:17:45,337 [INFO] PluginManager:220 - loadIPPluginJar : add dfsdm
2025-04-30 16:17:45,351 [INFO] IPUIPlugin:80 - create IPUIPlugin
2025-04-30 16:17:45,352 [INFO] PluginManager:220 - loadIPPluginJar : add dma
2025-04-30 16:17:45,358 [INFO] IPUIPlugin:80 - create IPUIPlugin
2025-04-30 16:17:45,359 [INFO] PluginManager:220 - loadIPPluginJar : add dma3
2025-04-30 16:17:45,362 [INFO] IPUIPlugin:80 - create IPUIPlugin
2025-04-30 16:17:45,363 [INFO] PluginManager:220 - loadIPPluginJar : add fatfs
2025-04-30 16:17:45,376 [INFO] IPUIPlugin:80 - create IPUIPlugin
2025-04-30 16:17:45,376 [INFO] PluginManager:220 - loadIPPluginJar : add fmc
2025-04-30 16:17:45,389 [INFO] IPUIPlugin:80 - create IPUIPlugin
2025-04-30 16:17:45,390 [INFO] PluginManager:220 - loadIPPluginJar : add freertos
2025-04-30 16:17:45,393 [INFO] IPUIPlugin:80 - create IPUIPlugin
2025-04-30 16:17:45,393 [INFO] PluginManager:220 - loadIPPluginJar : add genericplugin
2025-04-30 16:17:45,399 [INFO] IPUIPlugin:80 - create IPUIPlugin
2025-04-30 16:17:45,400 [INFO] PluginManager:220 - loadIPPluginJar : add gfxmmu
2025-04-30 16:17:45,416 [INFO] IPUIPlugin:80 - create IPUIPlugin
2025-04-30 16:17:45,417 [INFO] PluginManager:220 - loadIPPluginJar : add gic
2025-04-30 16:17:45,430 [INFO] IPUIPlugin:80 - create IPUIPlugin
2025-04-30 16:17:45,431 [INFO] PluginManager:220 - loadIPPluginJar : add gpio
2025-04-30 16:17:45,440 [INFO] IPUIPlugin:80 - create IPUIPlugin
2025-04-30 16:17:45,441 [INFO] PluginManager:220 - loadIPPluginJar : add gtzc
2025-04-30 16:17:45,450 [INFO] IPUIPlugin:80 - create IPUIPlugin
2025-04-30 16:17:45,451 [INFO] PluginManager:220 - loadIPPluginJar : add hash
2025-04-30 16:17:45,459 [INFO] IPUIPlugin:80 - create IPUIPlugin
2025-04-30 16:17:45,460 [INFO] PluginManager:220 - loadIPPluginJar : add i2c
2025-04-30 16:17:45,467 [INFO] IPUIPlugin:80 - create IPUIPlugin
2025-04-30 16:17:45,469 [INFO] PluginManager:220 - loadIPPluginJar : add i2s
2025-04-30 16:17:45,476 [INFO] IPUIPlugin:80 - create IPUIPlugin
2025-04-30 16:17:45,476 [INFO] PluginManager:220 - loadIPPluginJar : add i3c
2025-04-30 16:17:45,486 [INFO] IPUIPlugin:80 - create IPUIPlugin
2025-04-30 16:17:45,487 [INFO] PluginManager:220 - loadIPPluginJar : add ipddr
2025-04-30 16:17:45,505 [INFO] IPUIPlugin:80 - create IPUIPlugin
2025-04-30 16:17:45,505 [INFO] PluginManager:220 - loadIPPluginJar : add linkedlist
2025-04-30 16:17:45,512 [INFO] IPUIPlugin:80 - create IPUIPlugin
2025-04-30 16:17:45,513 [INFO] PluginManager:220 - loadIPPluginJar : add lorawan
2025-04-30 16:17:45,517 [INFO] IPUIPlugin:80 - create IPUIPlugin
2025-04-30 16:17:45,517 [INFO] PluginManager:220 - loadIPPluginJar : add ltdc
2025-04-30 16:17:45,530 [INFO] IPUIPlugin:80 - create IPUIPlugin
2025-04-30 16:17:45,530 [INFO] PluginManager:220 - loadIPPluginJar : add mdma
2025-04-30 16:17:45,541 [INFO] IPUIPlugin:80 - create IPUIPlugin
2025-04-30 16:17:45,541 [INFO] PluginManager:220 - loadIPPluginJar : add nvic
2025-04-30 16:17:45,552 [INFO] IPUIPlugin:80 - create IPUIPlugin
2025-04-30 16:17:45,552 [INFO] PluginManager:220 - loadIPPluginJar : add opamp
2025-04-30 16:17:45,559 [INFO] IPUIPlugin:80 - create IPUIPlugin
2025-04-30 16:17:45,559 [INFO] PluginManager:220 - loadIPPluginJar : add openamp
2025-04-30 16:17:45,570 [INFO] IPUIPlugin:80 - create IPUIPlugin
2025-04-30 16:17:45,570 [INFO] PluginManager:220 - loadIPPluginJar : add pdm2pcm
2025-04-30 16:17:45,587 [INFO] IPUIPlugin:80 - create IPUIPlugin
2025-04-30 16:17:45,595 [INFO] PluginManager:220 - loadIPPluginJar : add plateformsettings
2025-04-30 16:17:45,600 [INFO] IPUIPlugin:80 - create IPUIPlugin
2025-04-30 16:17:45,601 [INFO] PluginManager:220 - loadIPPluginJar : add quadspi
2025-04-30 16:17:45,610 [INFO] IPUIPlugin:80 - create IPUIPlugin
2025-04-30 16:17:45,610 [INFO] PluginManager:220 - loadIPPluginJar : add resmgrutility
2025-04-30 16:17:45,622 [INFO] IPUIPlugin:80 - create IPUIPlugin
2025-04-30 16:17:45,622 [INFO] PluginManager:220 - loadIPPluginJar : add sai
2025-04-30 16:17:45,630 [INFO] IPUIPlugin:80 - create IPUIPlugin
2025-04-30 16:17:45,632 [INFO] PluginManager:220 - loadIPPluginJar : add spi
2025-04-30 16:17:45,652 [INFO] IPUIPlugin:80 - create IPUIPlugin
2025-04-30 16:17:45,653 [INFO] PluginManager:220 - loadIPPluginJar : add stm32_wpan
2025-04-30 16:17:45,657 [INFO] IPUIPlugin:80 - create IPUIPlugin
2025-04-30 16:17:45,657 [INFO] PluginManager:220 - loadIPPluginJar : add tim
2025-04-30 16:17:45,665 [INFO] IPUIPlugin:80 - create IPUIPlugin
2025-04-30 16:17:45,666 [INFO] PluginManager:220 - loadIPPluginJar : add touchsensing
2025-04-30 16:17:45,670 [INFO] IPUIPlugin:80 - create IPUIPlugin
2025-04-30 16:17:45,671 [INFO] PluginManager:220 - loadIPPluginJar : add tracer_emb
2025-04-30 16:17:45,674 [INFO] IPUIPlugin:80 - create IPUIPlugin
2025-04-30 16:17:45,674 [INFO] PluginManager:220 - loadIPPluginJar : add ts
2025-04-30 16:17:45,679 [INFO] IPUIPlugin:80 - create IPUIPlugin
2025-04-30 16:17:45,680 [INFO] PluginManager:220 - loadIPPluginJar : add tsc
2025-04-30 16:17:45,686 [INFO] IPUIPlugin:80 - create IPUIPlugin
2025-04-30 16:17:45,686 [INFO] PluginManager:220 - loadIPPluginJar : add ucpd
2025-04-30 16:17:45,693 [INFO] IPUIPlugin:80 - create IPUIPlugin
2025-04-30 16:17:45,693 [INFO] PluginManager:220 - loadIPPluginJar : add usart
2025-04-30 16:17:45,702 [INFO] IPUIPlugin:80 - create IPUIPlugin
2025-04-30 16:17:45,702 [INFO] PluginManager:220 - loadIPPluginJar : add usbx
2025-04-30 16:17:45,975 [INFO] CADModel:165 - CPN selected for project level
2025-04-30 16:17:45,976 [INFO] CADModel:114 - Register for checkConnection events
2025-04-30 16:17:45,976 [FATAL] Updater:308 - Updater called before beeing initialized
2025-04-30 16:17:45,977 [ERROR] CADModel:125 - Updater not yet initialized, retry later 
2025-04-30 16:17:46,465 [INFO] ThirdPartyUpdaterWithRetryManager:70 - Updater plugin not ready yet. [2/15]
2025-04-30 16:17:46,512 [INFO] CADModel:165 - CPN selected for project level
2025-04-30 16:17:46,512 [INFO] CADModel:114 - Register for checkConnection events
2025-04-30 16:17:46,512 [FATAL] Updater:308 - Updater called before beeing initialized
2025-04-30 16:17:46,512 [ERROR] CADModel:125 - Updater not yet initialized, retry later 
2025-04-30 16:17:46,521 [FATAL] Updater:308 - Updater called before beeing initialized
2025-04-30 16:17:46,859 [FATAL] Updater:308 - Updater called before beeing initialized
2025-04-30 16:17:46,875 [INFO] DbMcusAds:53 - JSON generation date=Thu Mar 06 21:54:22 ICT 2025 (1741272862078)
2025-04-30 16:17:46,876 [FATAL] Updater:308 - Updater called before beeing initialized
2025-04-30 16:17:47,025 [WARN] DetailPanel:346 - Failed to get advertising image, set to default
2025-04-30 16:17:47,358 [FATAL] Updater:308 - Updater called before beeing initialized
2025-04-30 16:17:47,365 [FATAL] Updater:308 - Updater called before beeing initialized
2025-04-30 16:17:47,365 [FATAL] Updater:308 - Updater called before beeing initialized
2025-04-30 16:17:47,366 [WARN] DetailPanel:346 - Failed to get advertising image, set to default
2025-04-30 16:17:47,370 [FATAL] Updater:308 - Updater called before beeing initialized
2025-04-30 16:17:47,548 [ERROR] Updater:1120 - MainUpdater not yet initialized. External WinMGr cannot be set.
2025-04-30 16:17:47,552 [INFO] Updater:1056 - Updater Version found : 6.10.0
2025-04-30 16:17:47,599 [INFO] ApplicationProperties:184 - Using Application install path: D:\ST\STM32CubeIDE_1.14.1\STM32CubeIDE\plugins\com.st.stm32cube.common.mx_6.10.0.202311202037
2025-04-30 16:17:49,208 [ERROR] LogOutputStream:75 - [STDERR_REDIRECT] Apr 30, 2025 4:17:49 PM java.util.prefs.WindowsPreferences <init>
2025-04-30 16:17:49,224 [ERROR] LogOutputStream:75 - [STDERR_REDIRECT] WARNING: Could not open/create prefs root node Software\JavaSoft\Prefs at root 0xffffffff80000002. Windows RegCreateKeyEx(...) returned error code 5.
2025-04-30 16:17:49,226 [ERROR] LogOutputStream:75 - [STDERR_REDIRECT] 
2025-04-30 16:17:49,467 [FATAL] Updater:308 - Updater called before beeing initialized
2025-04-30 16:17:49,469 [ERROR] IntegrityCheckThread:130 - Cannot retrieve database content from updater: error 21
2025-04-30 16:17:49,470 [INFO] ThirdParty:978 - Integrity check success = false
2025-04-30 16:17:49,471 [INFO] IntegrityCheckThread:100 - exiting critical section [integrity check]
2025-04-30 16:17:49,472 [INFO] IntegrityCheckThread:103 - End integrity checks thread
2025-04-30 16:17:50,470 [INFO] MainUpdater:2873 - connection check result : 10
2025-04-30 16:17:50,473 [INFO] MainUpdater:290 - Updater Check For Update Now.
2025-04-30 16:17:50,474 [INFO] MicroXplorer:498 - Change Database Version : DB.6.0.100
2025-04-30 16:17:50,505 [INFO] McuFinderGlobals:63 - Set McuFinder mode to 2 (CubeIDE integrated)
2025-04-30 16:17:51,010 [INFO] CheckServerUpdateThread:120 - End of CheckServer Thread
2025-04-30 16:17:51,242 [INFO] UserAuth:404 - Internet connection configuration mode: 1
2025-04-30 16:17:51,282 [INFO] JxBrowserEngine:152 - Initiate JxBrowser Engine with user profile folder
2025-04-30 16:17:53,161 [INFO] WebApp:161 - Instantiating new browser for Auth
2025-04-30 16:17:54,720 [INFO] WebApp:780 - Register for checkConnection events
2025-04-30 16:17:54,721 [INFO] WebApp:414 - Apply proxy settings
2025-04-30 16:17:54,721 [INFO] WebApp:499 - Chromium requires no authentication
2025-04-30 16:17:54,738 [INFO] WebApp:442 - Direct internet connection detected
2025-04-30 16:17:55,230 [INFO] WebApp:192 - Starting web application
2025-04-30 16:17:55,230 [INFO] WebApp:544 - Web application path used D:\ST\STM32CubeIDE_1.14.1\STM32CubeIDE\plugins\com.st.stm32cube.common.mx_6.10.0.202311202037\db\plugins\mcufinder\reactClient1\index.html
2025-04-30 16:18:17,105 [ERROR] LogOutputStream:75 - [STDERR_REDIRECT] SLF4J: Failed to load class "org.slf4j.impl.StaticLoggerBinder".
2025-04-30 16:18:17,108 [INFO] McuFinderGlobals:63 - Set McuFinder mode to 2 (CubeIDE integrated)
2025-04-30 16:18:17,108 [ERROR] LogOutputStream:75 - [STDERR_REDIRECT] SLF4J: Defaulting to no-operation (NOP) logger implementation
2025-04-30 16:18:17,112 [ERROR] LogOutputStream:75 - [STDERR_REDIRECT] SLF4J: See http://www.slf4j.org/codes.html#StaticLoggerBinder for further details.
2025-04-30 16:18:17,183 [INFO] MainUpdater:2873 - connection check result : 10
2025-04-30 16:18:19,020 [INFO] ApiDb:581 - Connected to CubeFinder SQLite database (C:\Users\TS\.stmcufinder\plugins\mcufinder\mcu\cube-finder-db.db)
2025-04-30 16:18:19,272 [INFO] ApiDb:668 - CubeFinder database Data Model version=2.1
2025-04-30 16:18:19,272 [INFO] ApiDb:669 - CubeFinder database Configuration version=3.0.39
2025-04-30 16:18:19,285 [INFO] ApiDb:670 - CubeFinder database generation date=2025-04-23 (1745419778)
2025-04-30 16:18:19,287 [INFO] ApiDb:671 - CubeFinder database FW Pack versions=[FP-ATR-ASTRA1_V2.0.0, FP-SNS-FLIGHT1_V5.1.0, FP-SNS-MOTENV1_V5.0.0, FP-SNS-MOTENVWB1_V1.4.0, FP-SNS-SMARTAG2_V1.2.0, FP-SNS-STBOX1_V2.0.0, STM32Cube_FW_C0_V1.4.0, STM32Cube_FW_F4_V1.28.1, STM32Cube_FW_F7_V1.17.2, STM32Cube_FW_G0_V1.6.2, STM32Cube_FW_G4_V1.6.1, STM32Cube_FW_H5_V1.5.0, STM32Cube_FW_H7RS_V1.2.0, STM32Cube_FW_H7_V1.12.1, STM32Cube_FW_L0_V1.12.2, STM32Cube_FW_L4_V1.18.1, STM32Cube_FW_L5_V1.5.1, STM32Cube_FW_N6_V1.1.1, STM32Cube_FW_U0_V1.2.0, STM32Cube_FW_U3_V1.1.0, STM32Cube_FW_U5_V1.7.0, STM32Cube_FW_WB0_V1.2.0, STM32Cube_FW_WBA_V1.6.0, STM32Cube_FW_WB_V1.22.0, STM32Cube_FW_WL3_V1.1.0, STM32Cube_FW_WL_V1.3.1, X-CUBE-ALGOBUILD_V1.4.0, X-CUBE-ALS_V1.0.2, X-CUBE-AZRTOS-F4_V1.1.0, X-CUBE-AZRTOS-F7_V1.1.0, X-CUBE-AZRTOS-G0_V1.1.0, X-CUBE-AZRTOS-G4_V2.0.0, X-CUBE-AZRTOS-H7RS_V1.1.0, X-CUBE-AZRTOS-H7_V3.3.0, X-CUBE-AZRTOS-L4_V2.0.0, X-CUBE-AZRTOS-L5_V2.0.0, X-CUBE-AZRTOS-WB_V2.0.0, X-CUBE-AZRTOS-WL_V2.0.0, X-CUBE-BLE1_V7.1.0, X-CUBE-BLE2_V3.3.0, X-CUBE-BLEMGR_V4.0.0, X-CUBE-EEPRMA1_V5.1.0, X-CUBE-FREERTOS_V1.3.0, X-CUBE-GNSS1_V6.0.0, X-CUBE-MEMS1_V11.2.0, X-CUBE-NFC4_V3.0.0, X-CUBE-NFC7_V1.0.1, X-CUBE-SFXS2LP1_V4.0.0, X-CUBE-SUBG2_V5.0.0, X-CUBE-TOF1_V3.4.3]
2025-04-30 16:18:19,707 [INFO] DbBoardsSqlite:226 - include board P-NUCLEO-WB55-NUCLEO as a kit item of type 'Nucleo-64'
2025-04-30 16:18:19,708 [INFO] DbBoardsSqlite:226 - include board P-NUCLEO-WB55-USBDONGLE as a kit item of type 'Nucleo USB Dongle'
2025-04-30 16:18:19,710 [INFO] DbBoardsSqlite:226 - include board STEVAL-IDP005V1 as a kit item of type 'Evaluation Board'
2025-04-30 16:18:19,712 [INFO] DbBoardsSqlite:226 - include board STEVAL-IDP005V2 as a kit item of type 'Evaluation Board'
2025-04-30 16:18:20,703 [INFO] ApiDb:240 - Found 371 in-development CPN: [B-G473E-ZEST1S, B-WB1M-WPAN1, B-WL5M-SUBG1, NUCLEO-C031C6, NUCLEO-H503RB, NUCLEO-H563ZI, NUCLEO-U545RE-Q, NUCLEO-U5A5ZJ-Q, NUCLEO-WBA52CG, NUCLEO-WBA55CG, STEVAL-MKBOXPRO, STEVAL-PROTEUS1, STEVAL-STWINBX1, STM320518-EVAL, STM32C0116-DK, STM32C011D6Y3TR, STM32C011D6Y6TR, STM32C011F4P3, STM32C011F4P6, STM32C011F4U3, STM32C011F4U6TR, STM32C011F6P3, STM32C011F6P6, STM32C011F6U3, STM32C011F6U6TR, STM32C011J4M3, STM32C011J4M6, STM32C011J6M3, STM32C011J6M6, STM32C0316-DK, STM32C031C4T3, STM32C031C4T6, STM32C031C4U3, STM32C031C4U6, STM32C031C6T3, STM32C031C6T6, STM32C031C6U3, STM32C031C6U6, STM32C031F4P3, STM32C031F4P6, STM32C031F6P3, STM32C031F6P6, STM32C031G4U3, STM32C031G4U6, STM32C031G6U3, STM32C031G6U6, STM32C031K4T3, STM32C031K4T6, STM32C031K4U3, STM32C031K4U6, STM32C031K6T3, STM32C031K6T6, STM32C031K6U3, STM32C031K6U6, STM32G071K8TXN, STM32G071K8UXN, STM32G081GBU6N, STM32G081KBT6N, STM32G081KBUXN, STM32G0B1CCT6N, STM32G0B1KCT6, STM32G0B1NEY6TR, STM32G0B1RCT6N, STM32G0C1CCT6, STM32G0C1CCT6N, STM32G0C1CCU6N, STM32G0C1CET6N, STM32G0C1CEU6N, STM32G0C1KCT6, STM32G0C1NEY6TR, STM32G0C1RCI6N, STM32G0C1RCT6N, STM32G0C1REI6N, STM32G0C1RET6N, STM32G0C1VCI6, STM32G0C1VEI6, STM32G471CCT6, STM32G471CCU6, STM32G471CET3, STM32G471CET6, STM32G471CEU3, STM32G471CEU6, STM32G471MCT6, STM32G471MET3, STM32G471MET6, STM32G471MEY6TR, STM32G471QCT6, STM32G471QET3, STM32G471RCT6, STM32G471RET3, STM32G471RET6, STM32G471VCH6, STM32G471VCI6, STM32G471VCT6, STM32G471VEH3, STM32G471VEH6, STM32G471VEI3, STM32G471VEI6, STM32G471VET3, STM32G471VET6, STM32G474CCT6, STM32H503CBT6, STM32H503CBU6, STM32H503EBY6TR, STM32H503KBU6, STM32H503RBT6, STM32H562AGI6, STM32H562AII6, STM32H562IGK6, STM32H562IGT6, STM32H562IIK6, STM32H562IIT6, STM32H562RGT6, STM32H562RGV6, STM32H562RIT6, STM32H562RIV6, STM32H562VGT6, STM32H562VIT6, STM32H562ZGT6, STM32H562ZIT6, STM32H563AGI6, STM32H563AII3Q, STM32H563AII6, STM32H563IGK6, STM32H563IGT6, STM32H563IIK3Q, STM32H563IIK6, STM32H563IIT3Q, STM32H563IIT6, STM32H563MIY3QTR, STM32H563RGT6, STM32H563RGV6, STM32H563RIT6, STM32H563RIV6, STM32H563VGT6, STM32H563VIT3Q, STM32H563VIT6, STM32H563ZGT6, STM32H563ZIT3Q, STM32H563ZIT6, STM32H573AII3Q, STM32H573AII6, STM32H573I-DK, STM32H573IIK3Q, STM32H573IIK6, STM32H573IIT3Q, STM32H573IIT6, STM32H573MIY3QTR, STM32H573RIT6, STM32H573RIV6, STM32H573VIT3Q, STM32H573VIT6, STM32H573ZIT3Q, STM32H573ZIT6, STM32L4R5QGI6STR, STM32MP131AAE3, STM32MP131AAF3, STM32MP131AAG3, STM32MP131CAE3, STM32MP131CAF3, STM32MP131CAG3, STM32MP131DAE7, STM32MP131DAF7, STM32MP131DAG7, STM32MP131FAE7, STM32MP131FAF7, STM32MP131FAG7, STM32MP133AAE3, STM32MP133AAF3, STM32MP133AAG3, STM32MP133CAE3, STM32MP133CAF3, STM32MP133CAG3, STM32MP133DAE7, STM32MP133DAF7, STM32MP133DAG7, STM32MP133FAE7, STM32MP133FAF7, STM32MP133FAG7, STM32MP135AAE3, STM32MP135AAF3, STM32MP135AAG3, STM32MP135CAE3, STM32MP135CAF3, STM32MP135CAG3, STM32MP135DAE7, STM32MP135DAF7, STM32MP135DAG7, STM32MP135F-DK, STM32MP135FAE7, STM32MP135FAF7, STM32MP135FAF7T, STM32MP135FAF7U, STM32MP135FAG7, STM32U535CBT6, STM32U535CBT6Q, STM32U535CBU6, STM32U535CBU6Q, STM32U535CCT6, STM32U535CCT6Q, STM32U535CCU6, STM32U535CCU6Q, STM32U535CET6, STM32U535CET6Q, STM32U535CEU6, STM32U535CEU6Q, STM32U535JEY6QTR, STM32U535NCY6QTR, STM32U535NEY6QTR, STM32U535RBI6, STM32U535RBI6Q, STM32U535RBT6, STM32U535RBT6Q, STM32U535RCI6, STM32U535RCI6Q, STM32U535RCT6, STM32U535RCT6Q, STM32U535REI6, STM32U535REI6Q, STM32U535RET6, STM32U535RET6Q, STM32U535VCI6, STM32U535VCI6Q, STM32U535VCT6, STM32U535VCT6Q, STM32U535VEI6, STM32U535VEI6Q, STM32U535VET6, STM32U535VET6Q, STM32U545CET6, STM32U545CET6Q, STM32U545CEU6, STM32U545CEU6Q, STM32U545JEY6QTR, STM32U545NEY6QTR, STM32U545REI6, STM32U545REI6Q, STM32U545RET6, STM32U545RET6Q, STM32U545VEI6, STM32U545VEI6Q, STM32U545VET6, STM32U545VET6Q, STM32U595AIH6, STM32U595AIH6Q, STM32U595AJH6, STM32U595AJH6Q, STM32U595QII6, STM32U595QII6Q, STM32U595QJI6, STM32U595QJI6Q, STM32U595RIT6, STM32U595RIT6Q, STM32U595RJT6, STM32U595RJT6Q, STM32U595VIT6, STM32U595VIT6Q, STM32U595VJT6, STM32U595VJT6Q, STM32U595ZIT6, STM32U595ZIT6Q, STM32U595ZIY6QTR, STM32U595ZJT6, STM32U595ZJT6Q, STM32U595ZJY6QTR, STM32U599BJY6QTR, STM32U599NIH6Q, STM32U599NJH6Q, STM32U599VIT6Q, STM32U599VJT6, STM32U599VJT6Q, STM32U599ZIT6Q, STM32U599ZIY6QTR, STM32U599ZJT6Q, STM32U599ZJY6QTR, STM32U5A5AJH6, STM32U5A5AJH6Q, STM32U5A5QJI6, STM32U5A5QJI6Q, STM32U5A5RJT6, STM32U5A5RJT6Q, STM32U5A5VJT6, STM32U5A5VJT6Q, STM32U5A5ZJT6, STM32U5A5ZJT6Q, STM32U5A5ZJY6QTR, STM32U5A9BJY6QTR, STM32U5A9J-DK, STM32U5A9NJH6Q, STM32U5A9VJT6Q, STM32U5A9ZJT6Q, STM32U5A9ZJY6QTR, STM32U5F7VIT6, STM32U5F7VIT6Q, STM32U5F7VJT6, STM32U5F7VJT6Q, STM32U5F9BJY6QTR, STM32U5F9NJH6Q, STM32U5F9VIT6Q, STM32U5F9VJT6Q, STM32U5F9ZIJ6QTR, STM32U5F9ZIT6Q, STM32U5F9ZJJ6QTR, STM32U5F9ZJT6Q, STM32U5G7VJT6, STM32U5G7VJT6Q, STM32U5G9BJY6QTR, STM32U5G9J-DK1, STM32U5G9J-DK2, STM32U5G9NJH6Q, STM32U5G9VJT6Q, STM32U5G9ZJJ6QTR, STM32U5G9ZJT6Q, STM32WB1MMCH6, STM32WBA50KEU6, STM32WBA50KEU6TR, STM32WBA50KGU6, STM32WBA50KGU6TR, STM32WBA52CEU6, STM32WBA52CEU6TR, STM32WBA52CEU7, STM32WBA52CEU7TR, STM32WBA52CGU6, STM32WBA52CGU6TR, STM32WBA52CGU6U, STM32WBA52CGU7, STM32WBA52CGU7TR, STM32WBA52KEU6, STM32WBA52KEU6TR, STM32WBA52KGU6, STM32WBA52KGU6TR, STM32WBA54CEU6, STM32WBA54CEU6TR, STM32WBA54CEU7, STM32WBA54CEU7TR, STM32WBA54CGU6, STM32WBA54CGU6TR, STM32WBA54CGU7, STM32WBA54CGU7TR, STM32WBA54KEU6, STM32WBA54KEU6TR, STM32WBA54KEU7, STM32WBA54KEU7TR, STM32WBA54KGU6, STM32WBA54KGU6TR, STM32WBA54KGU7, STM32WBA54KGU7TR, STM32WBA55CEU6, STM32WBA55CEU6TR, STM32WBA55CEU7, STM32WBA55CEU7TR, STM32WBA55CGU6, STM32WBA55CGU6TR, STM32WBA55CGU6U, STM32WBA55CGU7, STM32WBA55CGU7TR, STM32WBA55G-DK1, STM32WBA55HEF6, STM32WBA55HEF7, STM32WBA55HGF6, STM32WBA55HGF7, STM32WBA55UEI6, STM32WBA55UEI6TR, STM32WBA55UEI7, STM32WBA55UEI7TR, STM32WBA55UGI6, STM32WBA55UGI6TR, STM32WBA55UGI7, STM32WBA55UGI7TR, STM32WL5MOCH6, STM32WL5MOCH6TR]
2025-04-30 16:18:20,710 [INFO] ApiDb:668 - CubeFinder database Data Model version=2.1
2025-04-30 16:18:20,710 [INFO] ApiDb:669 - CubeFinder database Configuration version=3.0.39
2025-04-30 16:18:20,710 [INFO] ApiDb:670 - CubeFinder database generation date=2025-04-23 (1745419778)
2025-04-30 16:18:20,710 [INFO] ApiDb:671 - CubeFinder database FW Pack versions=[FP-ATR-ASTRA1_V2.0.0, FP-SNS-FLIGHT1_V5.1.0, FP-SNS-MOTENV1_V5.0.0, FP-SNS-MOTENVWB1_V1.4.0, FP-SNS-SMARTAG2_V1.2.0, FP-SNS-STBOX1_V2.0.0, STM32Cube_FW_C0_V1.4.0, STM32Cube_FW_F4_V1.28.1, STM32Cube_FW_F7_V1.17.2, STM32Cube_FW_G0_V1.6.2, STM32Cube_FW_G4_V1.6.1, STM32Cube_FW_H5_V1.5.0, STM32Cube_FW_H7RS_V1.2.0, STM32Cube_FW_H7_V1.12.1, STM32Cube_FW_L0_V1.12.2, STM32Cube_FW_L4_V1.18.1, STM32Cube_FW_L5_V1.5.1, STM32Cube_FW_N6_V1.1.1, STM32Cube_FW_U0_V1.2.0, STM32Cube_FW_U3_V1.1.0, STM32Cube_FW_U5_V1.7.0, STM32Cube_FW_WB0_V1.2.0, STM32Cube_FW_WBA_V1.6.0, STM32Cube_FW_WB_V1.22.0, STM32Cube_FW_WL3_V1.1.0, STM32Cube_FW_WL_V1.3.1, X-CUBE-ALGOBUILD_V1.4.0, X-CUBE-ALS_V1.0.2, X-CUBE-AZRTOS-F4_V1.1.0, X-CUBE-AZRTOS-F7_V1.1.0, X-CUBE-AZRTOS-G0_V1.1.0, X-CUBE-AZRTOS-G4_V2.0.0, X-CUBE-AZRTOS-H7RS_V1.1.0, X-CUBE-AZRTOS-H7_V3.3.0, X-CUBE-AZRTOS-L4_V2.0.0, X-CUBE-AZRTOS-L5_V2.0.0, X-CUBE-AZRTOS-WB_V2.0.0, X-CUBE-AZRTOS-WL_V2.0.0, X-CUBE-BLE1_V7.1.0, X-CUBE-BLE2_V3.3.0, X-CUBE-BLEMGR_V4.0.0, X-CUBE-EEPRMA1_V5.1.0, X-CUBE-FREERTOS_V1.3.0, X-CUBE-GNSS1_V6.0.0, X-CUBE-MEMS1_V11.2.0, X-CUBE-NFC4_V3.0.0, X-CUBE-NFC7_V1.0.1, X-CUBE-SFXS2LP1_V4.0.0, X-CUBE-SUBG2_V5.0.0, X-CUBE-TOF1_V3.4.3]
2025-04-30 16:18:27,325 [INFO] ApiDb:240 - Found 371 in-development CPN: [B-G473E-ZEST1S, B-WB1M-WPAN1, B-WL5M-SUBG1, NUCLEO-C031C6, NUCLEO-H503RB, NUCLEO-H563ZI, NUCLEO-U545RE-Q, NUCLEO-U5A5ZJ-Q, NUCLEO-WBA52CG, NUCLEO-WBA55CG, STEVAL-MKBOXPRO, STEVAL-PROTEUS1, STEVAL-STWINBX1, STM320518-EVAL, STM32C0116-DK, STM32C011D6Y3TR, STM32C011D6Y6TR, STM32C011F4P3, STM32C011F4P6, STM32C011F4U3, STM32C011F4U6TR, STM32C011F6P3, STM32C011F6P6, STM32C011F6U3, STM32C011F6U6TR, STM32C011J4M3, STM32C011J4M6, STM32C011J6M3, STM32C011J6M6, STM32C0316-DK, STM32C031C4T3, STM32C031C4T6, STM32C031C4U3, STM32C031C4U6, STM32C031C6T3, STM32C031C6T6, STM32C031C6U3, STM32C031C6U6, STM32C031F4P3, STM32C031F4P6, STM32C031F6P3, STM32C031F6P6, STM32C031G4U3, STM32C031G4U6, STM32C031G6U3, STM32C031G6U6, STM32C031K4T3, STM32C031K4T6, STM32C031K4U3, STM32C031K4U6, STM32C031K6T3, STM32C031K6T6, STM32C031K6U3, STM32C031K6U6, STM32G071K8TXN, STM32G071K8UXN, STM32G081GBU6N, STM32G081KBT6N, STM32G081KBUXN, STM32G0B1CCT6N, STM32G0B1KCT6, STM32G0B1NEY6TR, STM32G0B1RCT6N, STM32G0C1CCT6, STM32G0C1CCT6N, STM32G0C1CCU6N, STM32G0C1CET6N, STM32G0C1CEU6N, STM32G0C1KCT6, STM32G0C1NEY6TR, STM32G0C1RCI6N, STM32G0C1RCT6N, STM32G0C1REI6N, STM32G0C1RET6N, STM32G0C1VCI6, STM32G0C1VEI6, STM32G471CCT6, STM32G471CCU6, STM32G471CET3, STM32G471CET6, STM32G471CEU3, STM32G471CEU6, STM32G471MCT6, STM32G471MET3, STM32G471MET6, STM32G471MEY6TR, STM32G471QCT6, STM32G471QET3, STM32G471RCT6, STM32G471RET3, STM32G471RET6, STM32G471VCH6, STM32G471VCI6, STM32G471VCT6, STM32G471VEH3, STM32G471VEH6, STM32G471VEI3, STM32G471VEI6, STM32G471VET3, STM32G471VET6, STM32G474CCT6, STM32H503CBT6, STM32H503CBU6, STM32H503EBY6TR, STM32H503KBU6, STM32H503RBT6, STM32H562AGI6, STM32H562AII6, STM32H562IGK6, STM32H562IGT6, STM32H562IIK6, STM32H562IIT6, STM32H562RGT6, STM32H562RGV6, STM32H562RIT6, STM32H562RIV6, STM32H562VGT6, STM32H562VIT6, STM32H562ZGT6, STM32H562ZIT6, STM32H563AGI6, STM32H563AII3Q, STM32H563AII6, STM32H563IGK6, STM32H563IGT6, STM32H563IIK3Q, STM32H563IIK6, STM32H563IIT3Q, STM32H563IIT6, STM32H563MIY3QTR, STM32H563RGT6, STM32H563RGV6, STM32H563RIT6, STM32H563RIV6, STM32H563VGT6, STM32H563VIT3Q, STM32H563VIT6, STM32H563ZGT6, STM32H563ZIT3Q, STM32H563ZIT6, STM32H573AII3Q, STM32H573AII6, STM32H573I-DK, STM32H573IIK3Q, STM32H573IIK6, STM32H573IIT3Q, STM32H573IIT6, STM32H573MIY3QTR, STM32H573RIT6, STM32H573RIV6, STM32H573VIT3Q, STM32H573VIT6, STM32H573ZIT3Q, STM32H573ZIT6, STM32L4R5QGI6STR, STM32MP131AAE3, STM32MP131AAF3, STM32MP131AAG3, STM32MP131CAE3, STM32MP131CAF3, STM32MP131CAG3, STM32MP131DAE7, STM32MP131DAF7, STM32MP131DAG7, STM32MP131FAE7, STM32MP131FAF7, STM32MP131FAG7, STM32MP133AAE3, STM32MP133AAF3, STM32MP133AAG3, STM32MP133CAE3, STM32MP133CAF3, STM32MP133CAG3, STM32MP133DAE7, STM32MP133DAF7, STM32MP133DAG7, STM32MP133FAE7, STM32MP133FAF7, STM32MP133FAG7, STM32MP135AAE3, STM32MP135AAF3, STM32MP135AAG3, STM32MP135CAE3, STM32MP135CAF3, STM32MP135CAG3, STM32MP135DAE7, STM32MP135DAF7, STM32MP135DAG7, STM32MP135F-DK, STM32MP135FAE7, STM32MP135FAF7, STM32MP135FAF7T, STM32MP135FAF7U, STM32MP135FAG7, STM32U535CBT6, STM32U535CBT6Q, STM32U535CBU6, STM32U535CBU6Q, STM32U535CCT6, STM32U535CCT6Q, STM32U535CCU6, STM32U535CCU6Q, STM32U535CET6, STM32U535CET6Q, STM32U535CEU6, STM32U535CEU6Q, STM32U535JEY6QTR, STM32U535NCY6QTR, STM32U535NEY6QTR, STM32U535RBI6, STM32U535RBI6Q, STM32U535RBT6, STM32U535RBT6Q, STM32U535RCI6, STM32U535RCI6Q, STM32U535RCT6, STM32U535RCT6Q, STM32U535REI6, STM32U535REI6Q, STM32U535RET6, STM32U535RET6Q, STM32U535VCI6, STM32U535VCI6Q, STM32U535VCT6, STM32U535VCT6Q, STM32U535VEI6, STM32U535VEI6Q, STM32U535VET6, STM32U535VET6Q, STM32U545CET6, STM32U545CET6Q, STM32U545CEU6, STM32U545CEU6Q, STM32U545JEY6QTR, STM32U545NEY6QTR, STM32U545REI6, STM32U545REI6Q, STM32U545RET6, STM32U545RET6Q, STM32U545VEI6, STM32U545VEI6Q, STM32U545VET6, STM32U545VET6Q, STM32U595AIH6, STM32U595AIH6Q, STM32U595AJH6, STM32U595AJH6Q, STM32U595QII6, STM32U595QII6Q, STM32U595QJI6, STM32U595QJI6Q, STM32U595RIT6, STM32U595RIT6Q, STM32U595RJT6, STM32U595RJT6Q, STM32U595VIT6, STM32U595VIT6Q, STM32U595VJT6, STM32U595VJT6Q, STM32U595ZIT6, STM32U595ZIT6Q, STM32U595ZIY6QTR, STM32U595ZJT6, STM32U595ZJT6Q, STM32U595ZJY6QTR, STM32U599BJY6QTR, STM32U599NIH6Q, STM32U599NJH6Q, STM32U599VIT6Q, STM32U599VJT6, STM32U599VJT6Q, STM32U599ZIT6Q, STM32U599ZIY6QTR, STM32U599ZJT6Q, STM32U599ZJY6QTR, STM32U5A5AJH6, STM32U5A5AJH6Q, STM32U5A5QJI6, STM32U5A5QJI6Q, STM32U5A5RJT6, STM32U5A5RJT6Q, STM32U5A5VJT6, STM32U5A5VJT6Q, STM32U5A5ZJT6, STM32U5A5ZJT6Q, STM32U5A5ZJY6QTR, STM32U5A9BJY6QTR, STM32U5A9J-DK, STM32U5A9NJH6Q, STM32U5A9VJT6Q, STM32U5A9ZJT6Q, STM32U5A9ZJY6QTR, STM32U5F7VIT6, STM32U5F7VIT6Q, STM32U5F7VJT6, STM32U5F7VJT6Q, STM32U5F9BJY6QTR, STM32U5F9NJH6Q, STM32U5F9VIT6Q, STM32U5F9VJT6Q, STM32U5F9ZIJ6QTR, STM32U5F9ZIT6Q, STM32U5F9ZJJ6QTR, STM32U5F9ZJT6Q, STM32U5G7VJT6, STM32U5G7VJT6Q, STM32U5G9BJY6QTR, STM32U5G9J-DK1, STM32U5G9J-DK2, STM32U5G9NJH6Q, STM32U5G9VJT6Q, STM32U5G9ZJJ6QTR, STM32U5G9ZJT6Q, STM32WB1MMCH6, STM32WBA50KEU6, STM32WBA50KEU6TR, STM32WBA50KGU6, STM32WBA50KGU6TR, STM32WBA52CEU6, STM32WBA52CEU6TR, STM32WBA52CEU7, STM32WBA52CEU7TR, STM32WBA52CGU6, STM32WBA52CGU6TR, STM32WBA52CGU6U, STM32WBA52CGU7, STM32WBA52CGU7TR, STM32WBA52KEU6, STM32WBA52KEU6TR, STM32WBA52KGU6, STM32WBA52KGU6TR, STM32WBA54CEU6, STM32WBA54CEU6TR, STM32WBA54CEU7, STM32WBA54CEU7TR, STM32WBA54CGU6, STM32WBA54CGU6TR, STM32WBA54CGU7, STM32WBA54CGU7TR, STM32WBA54KEU6, STM32WBA54KEU6TR, STM32WBA54KEU7, STM32WBA54KEU7TR, STM32WBA54KGU6, STM32WBA54KGU6TR, STM32WBA54KGU7, STM32WBA54KGU7TR, STM32WBA55CEU6, STM32WBA55CEU6TR, STM32WBA55CEU7, STM32WBA55CEU7TR, STM32WBA55CGU6, STM32WBA55CGU6TR, STM32WBA55CGU6U, STM32WBA55CGU7, STM32WBA55CGU7TR, STM32WBA55G-DK1, STM32WBA55HEF6, STM32WBA55HEF7, STM32WBA55HGF6, STM32WBA55HGF7, STM32WBA55UEI6, STM32WBA55UEI6TR, STM32WBA55UEI7, STM32WBA55UEI7TR, STM32WBA55UGI6, STM32WBA55UGI6TR, STM32WBA55UGI7, STM32WBA55UGI7TR, STM32WL5MOCH6, STM32WL5MOCH6TR]
2025-04-30 16:18:27,342 [INFO] DbMcus:218 - Found 4657 MCUs, 4657 are supported
2025-04-30 16:18:27,344 [INFO] ApiDb:423 - Load user favorites file C:\Users\TS/.stm32cubeide/favorites.mcus.txt: 0 item(s)
2025-04-30 16:18:27,345 [INFO] ApiDb:427 - User favorites MCUs=[]
2025-04-30 16:18:27,346 [INFO] DbMcus:224 - Set 0 / 0 favorites MCUs
2025-04-30 16:18:29,041 [INFO] BoardInfo:889 - No configuration file found for board NUCLEO-C051C8
2025-04-30 16:18:29,042 [INFO] DbBoards:161 - Board is not supported: NUCLEO-C051C8
2025-04-30 16:18:29,050 [INFO] BoardInfo:889 - No configuration file found for board NUCLEO-C071RB
2025-04-30 16:18:29,051 [INFO] DbBoards:161 - Board is not supported: NUCLEO-C071RB
2025-04-30 16:18:29,057 [INFO] BoardInfo:889 - No configuration file found for board NUCLEO-C092RC
2025-04-30 16:18:29,058 [INFO] DbBoards:161 - Board is not supported: NUCLEO-C092RC
2025-04-30 16:18:29,232 [INFO] BoardInfo:889 - No configuration file found for board NUCLEO-H533RE
2025-04-30 16:18:29,233 [INFO] DbBoards:161 - Board is not supported: NUCLEO-H533RE
2025-04-30 16:18:29,264 [INFO] BoardInfo:889 - No configuration file found for board NUCLEO-H7S3L8
2025-04-30 16:18:29,265 [INFO] DbBoards:161 - Board is not supported: NUCLEO-H7S3L8
2025-04-30 16:18:29,316 [INFO] BoardInfo:889 - No configuration file found for board NUCLEO-N657X0-Q
2025-04-30 16:18:29,316 [INFO] DbBoards:161 - Board is not supported: NUCLEO-N657X0-Q
2025-04-30 16:18:29,320 [INFO] BoardInfo:889 - No configuration file found for board NUCLEO-U031R8
2025-04-30 16:18:29,321 [INFO] DbBoards:161 - Board is not supported: NUCLEO-U031R8
2025-04-30 16:18:29,323 [INFO] BoardInfo:889 - No configuration file found for board NUCLEO-U083RC
2025-04-30 16:18:29,323 [INFO] DbBoards:161 - Board is not supported: NUCLEO-U083RC
2025-04-30 16:18:29,325 [INFO] BoardInfo:889 - No configuration file found for board NUCLEO-U385RG-Q
2025-04-30 16:18:29,326 [INFO] DbBoards:161 - Board is not supported: NUCLEO-U385RG-Q
2025-04-30 16:18:29,340 [INFO] BoardInfo:889 - No configuration file found for board NUCLEO-WB05KZ
2025-04-30 16:18:29,340 [INFO] DbBoards:161 - Board is not supported: NUCLEO-WB05KZ
2025-04-30 16:18:29,344 [INFO] BoardInfo:889 - No configuration file found for board NUCLEO-WB07CC
2025-04-30 16:18:29,345 [INFO] DbBoards:161 - Board is not supported: NUCLEO-WB07CC
2025-04-30 16:18:29,348 [INFO] BoardInfo:889 - No configuration file found for board NUCLEO-WB09KE
2025-04-30 16:18:29,349 [INFO] DbBoards:161 - Board is not supported: NUCLEO-WB09KE
2025-04-30 16:18:29,360 [INFO] BoardInfo:889 - No configuration file found for board NUCLEO-WBA65RI
2025-04-30 16:18:29,362 [INFO] DbBoards:161 - Board is not supported: NUCLEO-WBA65RI
2025-04-30 16:18:29,365 [INFO] BoardInfo:889 - No configuration file found for board NUCLEO-WL33CC1
2025-04-30 16:18:29,366 [INFO] DbBoards:161 - Board is not supported: NUCLEO-WL33CC1
2025-04-30 16:18:29,369 [INFO] BoardInfo:889 - No configuration file found for board NUCLEO-WL33CC2
2025-04-30 16:18:29,370 [INFO] DbBoards:161 - Board is not supported: NUCLEO-WL33CC2
2025-04-30 16:18:29,385 [INFO] BoardInfo:889 - No configuration file found for board P-NUCLEO-WB55
2025-04-30 16:18:29,385 [INFO] DbBoards:161 - Kit is not supported: P-NUCLEO-WB55
2025-04-30 16:18:29,399 [INFO] BoardInfo:889 - No configuration file found for board STEVAL-BFA001V1B
2025-04-30 16:18:29,400 [INFO] DbBoards:161 - Kit is not supported: STEVAL-BFA001V1B
2025-04-30 16:18:29,404 [INFO] BoardInfo:889 - No configuration file found for board STEVAL-BFA001V2B
2025-04-30 16:18:29,404 [INFO] DbBoards:161 - Kit is not supported: STEVAL-BFA001V2B
2025-04-30 16:18:29,712 [INFO] BoardInfo:889 - No configuration file found for board STM32H7S78-DK
2025-04-30 16:18:29,713 [INFO] DbBoards:161 - Board is not supported: STM32H7S78-DK
2025-04-30 16:18:29,786 [INFO] BoardInfo:889 - No configuration file found for board STM32MP257F-DK
2025-04-30 16:18:29,786 [INFO] DbBoards:161 - Board is not supported: STM32MP257F-DK
2025-04-30 16:18:29,789 [INFO] BoardInfo:889 - No configuration file found for board STM32MP257F-EV1
2025-04-30 16:18:29,789 [INFO] DbBoards:161 - Board is not supported: STM32MP257F-EV1
2025-04-30 16:18:29,791 [INFO] BoardInfo:889 - No configuration file found for board STM32N6570-DK
2025-04-30 16:18:29,791 [INFO] DbBoards:161 - Board is not supported: STM32N6570-DK
2025-04-30 16:18:29,794 [INFO] BoardInfo:889 - No configuration file found for board STM32U083C-DK
2025-04-30 16:18:29,795 [INFO] DbBoards:161 - Board is not supported: STM32U083C-DK
2025-04-30 16:18:29,813 [INFO] BoardInfo:889 - No configuration file found for board STM32WBA65I-DK1
2025-04-30 16:18:29,814 [INFO] DbBoards:161 - Board is not supported: STM32WBA65I-DK1
2025-04-30 16:18:29,814 [INFO] DbBoards:168 - Found 210 boards, 186 are supported
2025-04-30 16:18:29,815 [INFO] DbBoards:169 - Found 210 boards, 3 of them is supported for  Bsp
2025-04-30 16:18:29,822 [INFO] ApiDb:423 - Load user favorites file C:\Users\TS/.stm32cubeide/favorites.boards.txt: 0 item(s)
2025-04-30 16:18:29,822 [INFO] ApiDb:427 - User favorites Boards=[]
2025-04-30 16:18:29,823 [INFO] DbBoards:198 - Set 0 / 0 favorites Boards
2025-04-30 16:18:29,823 [INFO] McuFinderGlobals:76 - Set McuFinderConnectedMode to true
2025-04-30 16:18:29,837 [INFO] MultiScanPanel:200 - Auto-refresh data requested => check proxy status ongoing
2025-04-30 16:18:29,841 [INFO] FinderPluginLoader:95 - Searching for filters in installed packs
2025-04-30 16:18:32,987 [INFO] LoadUrlFilesThread:185 - End of LoadServerUrlFiles without Thread
2025-04-30 16:18:33,131 [INFO] DetailPanel:341 - Set advertising image to C:/Users/TS/STM32Cube/Repository/\en.prom-stm32u3-mcu-finder.jpg
2025-04-30 16:19:36,881 [INFO] MainUpdater:2873 - connection check result : 10
2025-04-30 16:19:36,881 [INFO] MainUpdater:2873 - connection check result : 10
2025-04-30 16:19:36,979 [INFO] MicroXplorer:468 - Change Database Path : 
2025-04-30 16:19:36,980 [INFO] MicroXplorer:498 - Change Database Version : DB.6.0.100
2025-04-30 16:19:36,998 [WARN] ThirdParty:871 - waiting for thirdparty lock release [close project]
2025-04-30 16:19:36,998 [INFO] ThirdParty:873 - entering critical section [close project]
2025-04-30 16:19:37,000 [INFO] ThirdParty:883 - exiting critical section [close project]
2025-04-30 16:19:37,008 [INFO] PinOutPanel:1499 - setPackage(No Configuration,No Configuration)
2025-04-30 16:19:37,017 [INFO] UtilMem:75 - Begin LoadConfig() Used Memory: 532203952 Bytes (775946240)
2025-04-30 16:19:37,020 [INFO] MicroXplorer:468 - Change Database Path : 
2025-04-30 16:19:37,021 [INFO] MicroXplorer:498 - Change Database Version : DB.6.0.100
2025-04-30 16:19:37,021 [INFO] OpenFileManager:312 - Change cursor
2025-04-30 16:19:37,054 [WARN] IntegrityCheckThread:84 - waiting for thirdparty lock release [integrity check]
2025-04-30 16:19:37,054 [INFO] IntegrityCheckThread:86 - entering critical section [integrity check]
2025-04-30 16:19:37,757 [WARN] PackLoader:240 - Cannot read IP mode file for STMicroelectronics.FP-SNS-MOTENVWB1.1.4.0
2025-04-30 16:19:37,805 [WARN] PackLoader:240 - Cannot read IP mode file for STMicroelectronics.FP-ATR-ASTRA1.2.0.2
2025-04-30 16:19:37,840 [WARN] PackLoader:240 - Cannot read IP mode file for STMicroelectronics.FP-ATR-ASTRA1.2.0.1
2025-04-30 16:19:37,888 [WARN] PackLoader:240 - Cannot read IP mode file for STMicroelectronics.X-CUBE-SMBUS.2.1.0
2025-04-30 16:19:37,935 [WARN] PackLoader:240 - Cannot read IP mode file for STMicroelectronics.X-CUBE-WB05N.1.1.0
2025-04-30 16:19:38,056 [WARN] PackLoader:240 - Cannot read IP mode file for STMicroelectronics.X-CUBE-AZRTOS-F7.1.1.0
2025-04-30 16:19:38,101 [WARN] PackLoader:240 - Cannot read IP mode file for STMicroelectronics.FP-SNS-FLIGHT1.5.0.2
2025-04-30 16:19:38,190 [WARN] PackLoader:240 - Cannot read IP mode file for Infineon.AIROC-Wi-Fi-Bluetooth-STM32.1.7.0
2025-04-30 16:19:38,248 [WARN] PackLoader:240 - Cannot read IP mode file for STMicroelectronics.X-CUBE-DISPLAY.3.0.0
2025-04-30 16:19:38,293 [WARN] PackLoader:240 - Cannot read IP mode file for STMicroelectronics.X-CUBE-BLE1.7.0.0
2025-04-30 16:19:38,328 [WARN] PackLoader:240 - Cannot read IP mode file for STMicroelectronics.X-CUBE-NFC10.1.0.0
2025-04-30 16:19:38,378 [WARN] PackLoader:240 - Cannot read IP mode file for STMicroelectronics.X-CUBE-BLEMGR.4.0.0
2025-04-30 16:19:38,421 [WARN] PackLoader:240 - Cannot read IP mode file for emotas.I-CUBE-CANOPEN.1.3.0
2025-04-30 16:19:38,451 [WARN] PackLoader:240 - Cannot read IP mode file for STMicroelectronics.X-CUBE-AI.10.0.0
2025-04-30 16:19:38,485 [WARN] PackLoader:240 - Cannot read IP mode file for STMicroelectronics.FP-SNS-SMARTAG2.1.2.0
2025-04-30 16:19:38,519 [ERROR] Engine:466 - C:\Users\TS\.stm32cubemx\thirdparties\pdsc\STMicroelectronics.FP-SNS-FLIGHT1.5.1.0.pdsc: PDSC version is not supported
2025-04-30 16:19:38,675 [WARN] PackLoader:240 - Cannot read IP mode file for STMicroelectronics.X-CUBE-MEMS1.11.1.0
2025-04-30 16:19:39,149 [INFO] LogOutputStream:77 - [STDOUT_REDIRECT] 1 : Invalid condition id : UX_CORESTACK_Condition cause : null
2025-04-30 16:19:39,150 [INFO] LogOutputStream:77 - [STDOUT_REDIRECT] 1 : Invalid condition id : UX_CORESTACK_Condition cause : null
2025-04-30 16:19:39,153 [INFO] LogOutputStream:77 - [STDOUT_REDIRECT] 1 : Invalid condition id : UX_CORESTACK_Condition cause : null
2025-04-30 16:19:39,157 [INFO] LogOutputStream:77 - [STDOUT_REDIRECT] 1 : Invalid condition id : UX_CORESTACK_Condition cause : null
2025-04-30 16:19:39,161 [INFO] LogOutputStream:77 - [STDOUT_REDIRECT] 1 : Invalid condition id : UX_CORESTACK_Condition cause : null
2025-04-30 16:19:39,165 [WARN] PackLoader:240 - Cannot read IP mode file for STMicroelectronics.X-CUBE-AZRTOS-WL.2.0.0
2025-04-30 16:19:39,200 [WARN] PackLoader:240 - Cannot read IP mode file for STMicroelectronics.FP-SNS-MOTENV1.5.0.0
2025-04-30 16:19:39,237 [WARN] PackLoader:240 - Cannot read IP mode file for wolfSSL.I-CUBE-wolfMQTT.1.19.0
2025-04-30 16:19:39,280 [WARN] PackLoader:240 - Cannot read IP mode file for WES.I-CUBE-Cesium.1.3.0
2025-04-30 16:19:39,316 [WARN] PackLoader:240 - Cannot read IP mode file for STMicroelectronics.X-CUBE-BLE2.3.3.0
2025-04-30 16:19:39,353 [WARN] PackLoader:240 - Cannot read IP mode file for STMicroelectronics.X-CUBE-NFC9.1.0.0
2025-04-30 16:19:39,383 [WARN] PackLoader:240 - Cannot read IP mode file for STMicroelectronics.X-CUBE-BLE1.7.1.0
2025-04-30 16:19:39,533 [WARN] PackLoader:240 - Cannot read IP mode file for STMicroelectronics.X-CUBE-MEMS1.11.2.0
2025-04-30 16:19:39,799 [WARN] PackLoader:240 - Cannot read IP mode file for STMicroelectronics.X-CUBE-AZRTOS-G0.1.1.0
2025-04-30 16:19:39,843 [WARN] PackLoader:240 - Cannot read IP mode file for STMicroelectronics.X-CUBE-SAFEA1.1.2.2
2025-04-30 16:19:39,878 [WARN] PackLoader:240 - Cannot read IP mode file for STMicroelectronics.X-CUBE-NFC4.3.0.0
2025-04-30 16:19:39,923 [WARN] PackLoader:240 - Cannot read IP mode file for EmbeddedOffice.I-CUBE-FS-RTOS.1.0.1
2025-04-30 16:19:39,924 [ERROR] ConditionMgr:805 - Attr not supported : Dmpu
2025-04-30 16:19:39,924 [ERROR] ConditionMgr:805 - Attr not supported : Dmpu
2025-04-30 16:19:39,924 [ERROR] ConditionMgr:805 - Attr not supported : Dmpu
2025-04-30 16:19:39,924 [ERROR] ConditionMgr:805 - Attr not supported : Dmpu
2025-04-30 16:19:39,925 [ERROR] ConditionMgr:805 - Attr not supported : Dmpu
2025-04-30 16:19:39,925 [ERROR] ConditionMgr:805 - Attr not supported : Dmpu
2025-04-30 16:19:39,925 [ERROR] ConditionMgr:805 - Attr not supported : Dmpu
2025-04-30 16:19:39,925 [ERROR] ConditionMgr:805 - Attr not supported : Dmpu
2025-04-30 16:19:39,925 [ERROR] ConditionMgr:805 - Attr not supported : Dmpu
2025-04-30 16:19:39,926 [ERROR] ConditionMgr:805 - Attr not supported : Dmpu
2025-04-30 16:19:39,926 [ERROR] ConditionMgr:805 - Attr not supported : Dmpu
2025-04-30 16:19:39,926 [ERROR] ConditionMgr:805 - Attr not supported : Dmpu
2025-04-30 16:19:39,926 [ERROR] ConditionMgr:805 - Attr not supported : Dmpu
2025-04-30 16:19:39,926 [ERROR] ConditionMgr:805 - Attr not supported : Dmpu
2025-04-30 16:19:39,926 [ERROR] ConditionMgr:805 - Attr not supported : Dmpu
2025-04-30 16:19:39,926 [ERROR] ConditionMgr:805 - Attr not supported : Dmpu
2025-04-30 16:19:39,926 [ERROR] ConditionMgr:805 - Attr not supported : Dmpu
2025-04-30 16:19:39,926 [ERROR] ConditionMgr:805 - Attr not supported : Dmpu
2025-04-30 16:19:39,927 [ERROR] ConditionMgr:805 - Attr not supported : Dmpu
2025-04-30 16:19:39,927 [ERROR] ConditionMgr:805 - Attr not supported : Dmpu
2025-04-30 16:19:39,927 [ERROR] ConditionMgr:805 - Attr not supported : Dmpu
2025-04-30 16:19:39,927 [ERROR] ConditionMgr:805 - Attr not supported : Dmpu
2025-04-30 16:19:39,928 [ERROR] ConditionMgr:805 - Attr not supported : Dmpu
2025-04-30 16:19:39,928 [ERROR] ConditionMgr:805 - Attr not supported : Dmpu
2025-04-30 16:19:39,928 [ERROR] ConditionMgr:805 - Attr not supported : Dmpu
2025-04-30 16:19:39,928 [ERROR] ConditionMgr:805 - Attr not supported : Dmpu
2025-04-30 16:19:39,928 [ERROR] ConditionMgr:805 - Attr not supported : Dmpu
2025-04-30 16:19:39,929 [ERROR] ConditionMgr:805 - Attr not supported : Dmpu
2025-04-30 16:19:39,929 [ERROR] ConditionMgr:805 - Attr not supported : Dmpu
2025-04-30 16:19:39,929 [ERROR] ConditionMgr:805 - Attr not supported : Dmpu
2025-04-30 16:19:39,929 [ERROR] ConditionMgr:805 - Attr not supported : Dmpu
2025-04-30 16:19:39,929 [ERROR] ConditionMgr:805 - Attr not supported : Dmpu
2025-04-30 16:19:39,929 [ERROR] ConditionMgr:805 - Attr not supported : Dmpu
2025-04-30 16:19:39,930 [ERROR] ConditionMgr:805 - Attr not supported : Dmpu
2025-04-30 16:19:39,930 [ERROR] ConditionMgr:805 - Attr not supported : Dmpu
2025-04-30 16:19:39,930 [ERROR] ConditionMgr:805 - Attr not supported : Dmpu
2025-04-30 16:19:39,931 [ERROR] ConditionMgr:805 - Attr not supported : Dmpu
2025-04-30 16:19:39,931 [ERROR] ConditionMgr:805 - Attr not supported : Dmpu
2025-04-30 16:19:39,931 [ERROR] ConditionMgr:805 - Attr not supported : Dmpu
2025-04-30 16:19:39,931 [ERROR] ConditionMgr:805 - Attr not supported : Dmpu
2025-04-30 16:19:39,931 [ERROR] ConditionMgr:805 - Attr not supported : Dmpu
2025-04-30 16:19:39,931 [ERROR] ConditionMgr:805 - Attr not supported : Dmpu
2025-04-30 16:19:39,932 [ERROR] ConditionMgr:805 - Attr not supported : Dmpu
2025-04-30 16:19:39,932 [ERROR] ConditionMgr:805 - Attr not supported : Dmpu
2025-04-30 16:19:39,932 [ERROR] ConditionMgr:805 - Attr not supported : Dmpu
2025-04-30 16:19:39,932 [ERROR] ConditionMgr:805 - Attr not supported : Dmpu
2025-04-30 16:19:39,932 [ERROR] ConditionMgr:805 - Attr not supported : Dmpu
2025-04-30 16:19:39,933 [ERROR] ConditionMgr:805 - Attr not supported : Dmpu
2025-04-30 16:19:39,933 [ERROR] ConditionMgr:805 - Attr not supported : Dmpu
2025-04-30 16:19:39,933 [ERROR] ConditionMgr:805 - Attr not supported : Dmpu
2025-04-30 16:19:39,933 [ERROR] ConditionMgr:805 - Attr not supported : Dmpu
2025-04-30 16:19:39,933 [ERROR] ConditionMgr:805 - Attr not supported : Dmpu
2025-04-30 16:19:39,934 [ERROR] ConditionMgr:805 - Attr not supported : Dmpu
2025-04-30 16:19:39,934 [ERROR] ConditionMgr:805 - Attr not supported : Dmpu
2025-04-30 16:19:39,934 [ERROR] ConditionMgr:805 - Attr not supported : Dmpu
2025-04-30 16:19:39,934 [ERROR] ConditionMgr:805 - Attr not supported : Dmpu
2025-04-30 16:19:39,935 [ERROR] ConditionMgr:805 - Attr not supported : Dmpu
2025-04-30 16:19:39,935 [ERROR] ConditionMgr:805 - Attr not supported : Dmpu
2025-04-30 16:19:39,935 [ERROR] ConditionMgr:805 - Attr not supported : Dmpu
2025-04-30 16:19:39,936 [ERROR] ConditionMgr:805 - Attr not supported : Dmpu
2025-04-30 16:19:39,936 [ERROR] ConditionMgr:805 - Attr not supported : Dmpu
2025-04-30 16:19:39,936 [ERROR] ConditionMgr:805 - Attr not supported : Dmpu
2025-04-30 16:19:39,936 [ERROR] ConditionMgr:805 - Attr not supported : Dmpu
2025-04-30 16:19:39,937 [ERROR] ConditionMgr:805 - Attr not supported : Dmpu
2025-04-30 16:19:39,970 [WARN] PackLoader:240 - Cannot read IP mode file for STMicroelectronics.X-CUBE-WB05N.2.0.0
2025-04-30 16:19:39,998 [ERROR] Engine:466 - C:\Users\TS\.stm32cubemx\thirdparties\pdsc\STMicroelectronics.X-CUBE-TCPP.4.2.0.pdsc: PDSC version is not supported
2025-04-30 16:19:40,032 [WARN] PackLoader:240 - Cannot read IP mode file for RealThread.X-CUBE-RT-Thread_Nano.4.1.1
2025-04-30 16:19:40,062 [WARN] PackLoader:240 - Cannot read IP mode file for STMicroelectronics.FP-ATR-SIGFOX1.3.2.0
2025-04-30 16:19:40,094 [WARN] ConditionMgr:438 - getConditionDescription Invalid condition id : Cortex-A Device cause : null
2025-04-30 16:19:40,147 [WARN] ConditionMgr:1039 - genDependencies : Invalid condition id : Cortex-A Device cause : null
2025-04-30 16:19:40,147 [WARN] ConditionMgr:1039 - genDependencies : Invalid condition id : Cortex-A Device cause : null
2025-04-30 16:19:40,147 [WARN] ConditionMgr:1039 - genDependencies : Invalid condition id : Cortex-A Device cause : null
2025-04-30 16:19:40,179 [WARN] PackLoader:240 - Cannot read IP mode file for STMicroelectronics.X-CUBE-EEPRMA1.5.1.0
2025-04-30 16:19:40,210 [WARN] PackLoader:240 - Cannot read IP mode file for wolfSSL.I-CUBE-wolfSSL.5.7.4
2025-04-30 16:19:40,243 [WARN] PackLoader:240 - Cannot read IP mode file for ITTIA_DB.I-CUBE-ITTIADB.8.9.0
2025-04-30 16:19:40,322 [WARN] PackLoader:240 - Cannot read IP mode file for SEGGER.I-CUBE-embOS.1.3.1
2025-04-30 16:19:40,417 [WARN] PackLoader:240 - Cannot read IP mode file for STMicroelectronics.X-CUBE-ALGOBUILD.1.4.0
2025-04-30 16:19:40,447 [WARN] PackLoader:240 - Cannot read IP mode file for STMicroelectronics.X-CUBE-AI.9.1.0
2025-04-30 16:19:40,541 [WARN] PackLoader:240 - Cannot read IP mode file for STMicroelectronics.X-CUBE-AZRTOS-F4.1.1.0
2025-04-30 16:19:40,576 [ERROR] Engine:466 - C:\Users\TS\.stm32cubemx\thirdparties\pdsc\Avnet-IotConnect.X-CUBE-IoTC-DA16k-PMOD.1.0.0.pdsc: PDSC version is not supported
2025-04-30 16:19:40,612 [WARN] PackLoader:240 - Cannot read IP mode file for STMicroelectronics.X-CUBE-ISPU.2.1.0
2025-04-30 16:19:40,700 [WARN] PackLoader:240 - Cannot read IP mode file for STMicroelectronics.X-CUBE-AZRTOS-L5.2.0.0
2025-04-30 16:19:40,755 [WARN] PackLoader:240 - Cannot read IP mode file for STMicroelectronics.X-CUBE-NFC6.3.1.0
2025-04-30 16:19:40,798 [WARN] PackLoader:240 - Cannot read IP mode file for STMicroelectronics.X-CUBE-DPower.1.2.0
2025-04-30 16:19:40,840 [WARN] PackLoader:240 - Cannot read IP mode file for STMicroelectronics.X-CUBE-FREERTOS.1.3.0
2025-04-30 16:19:40,877 [WARN] PackLoader:240 - Cannot read IP mode file for STMicroelectronics.X-CUBE-NFC7.1.0.1
2025-04-30 16:19:40,913 [WARN] PackLoader:240 - Cannot read IP mode file for STMicroelectronics.X-CUBE-DPower.1.3.0
2025-04-30 16:19:41,002 [WARN] ConditionMgr:438 - getConditionDescription Invalid condition id : LAN8742 Phy interface Condition cause : null
2025-04-30 16:19:41,004 [WARN] PackLoader:240 - Cannot read IP mode file for STMicroelectronics.X-CUBE-AZRTOS-L4.2.0.0
2025-04-30 16:19:41,007 [WARN] ConditionMgr:1039 - genDependencies : Invalid condition id : LAN8742 Phy interface Condition cause : null
2025-04-30 16:19:41,008 [WARN] ConditionMgr:1039 - genDependencies : Invalid condition id : LAN8742 Phy interface Condition cause : null
2025-04-30 16:19:41,009 [WARN] ConditionMgr:1039 - genDependencies : Invalid condition id : LAN8742 Phy interface Condition cause : null
2025-04-30 16:19:41,056 [WARN] PackLoader:240 - Cannot read IP mode file for STMicroelectronics.X-CUBE-SFXS2LP1.4.0.0
2025-04-30 16:19:41,145 [WARN] PackLoader:240 - Cannot read IP mode file for STMicroelectronics.X-CUBE-AZRTOS-H7.3.3.0
2025-04-30 16:19:41,235 [WARN] ConditionMgr:438 - getConditionDescription Invalid condition id : UX DEVICE CLASS RTOS Condition cause : null
2025-04-30 16:19:41,236 [WARN] ConditionMgr:438 - getConditionDescription Invalid condition id : UX DEVICE CLASS RTOS Condition cause : null
2025-04-30 16:19:41,240 [WARN] PackLoader:240 - Cannot read IP mode file for STMicroelectronics.X-CUBE-AZRTOS-WB.2.0.0
2025-04-30 16:19:41,241 [WARN] ConditionMgr:1039 - genDependencies : Invalid condition id : UX DEVICE CLASS RTOS Condition cause : null
2025-04-30 16:19:41,242 [WARN] ConditionMgr:1039 - genDependencies : Invalid condition id : UX DEVICE CLASS RTOS Condition cause : null
2025-04-30 16:19:41,242 [WARN] ConditionMgr:1039 - genDependencies : Invalid condition id : UX DEVICE CLASS RTOS Condition cause : null
2025-04-30 16:19:41,243 [WARN] ConditionMgr:1039 - genDependencies : Invalid condition id : UX DEVICE CLASS RTOS Condition cause : null
2025-04-30 16:19:41,243 [WARN] ConditionMgr:1039 - genDependencies : Invalid condition id : UX DEVICE CLASS RTOS Condition cause : null
2025-04-30 16:19:41,283 [WARN] PackLoader:240 - Cannot read IP mode file for STMicroelectronics.X-CUBE-GNSS1.7.0.1
2025-04-30 16:19:41,327 [WARN] PackLoader:240 - Cannot read IP mode file for STMicroelectronics.X-CUBE-TOUCHGFX.4.25.0
2025-04-30 16:19:41,366 [WARN] PackLoader:240 - Cannot read IP mode file for STMicroelectronics.FP-SNS-STBOX1.2.0.0
2025-04-30 16:19:41,440 [WARN] PackLoader:240 - Cannot read IP mode file for STMicroelectronics.X-CUBE-SUBG2.5.0.0
2025-04-30 16:19:41,534 [WARN] PackLoader:240 - Cannot read IP mode file for STMicroelectronics.X-CUBE-AZRTOS-H7RS.1.1.0
2025-04-30 16:19:41,587 [WARN] PackLoader:240 - Cannot read IP mode file for Cesanta.I-CUBE-Mongoose.7.13.0
2025-04-30 16:19:41,666 [WARN] PackLoader:240 - Cannot read IP mode file for STMicroelectronics.X-CUBE-AZRTOS-G4.2.0.0
2025-04-30 16:19:41,717 [ERROR] Engine:466 - C:\Users\TS\.stm32cubemx\thirdparties\pdsc\STMicroelectronics.X-CUBE-IPS.3.1.0.pdsc: PDSC version is not supported
2025-04-30 16:19:41,755 [WARN] PackLoader:240 - Cannot read IP mode file for STMicroelectronics.X-CUBE-ALS.1.0.2
2025-04-30 16:19:41,793 [WARN] PackLoader:240 - Cannot read IP mode file for STMicroelectronics.X-CUBE-TOUCHGFX.4.24.2
2025-04-30 16:19:41,829 [WARN] PackLoader:240 - Cannot read IP mode file for wolfSSL.I-CUBE-wolfTPM.3.4.0
2025-04-30 16:19:41,872 [WARN] PackLoader:240 - Cannot read IP mode file for portGmbH.I-Cube-SoM-uGOAL.1.1.0
2025-04-30 16:19:41,979 [WARN] PackLoader:240 - Cannot read IP mode file for STMicroelectronics.X-CUBE-AZRTOS-H7RS.1.0.0
2025-04-30 16:19:42,056 [WARN] PackLoader:240 - Cannot read IP mode file for STMicroelectronics.X-CUBE-TOF1.3.4.2
2025-04-30 16:19:42,114 [ERROR] Engine:466 - C:\Users\TS\.stm32cubemx\thirdparties\pdsc\STMicroelectronics.X-CUBE-TOF1.3.4.3.pdsc: PDSC version is not supported
2025-04-30 16:19:42,143 [WARN] PackLoader:240 - Cannot read IP mode file for wolfSSL.I-CUBE-wolfSSH.1.4.17
2025-04-30 16:19:42,144 [INFO] ThirdParty:978 - Integrity check success = true
2025-04-30 16:19:42,144 [INFO] IntegrityCheckThread:100 - exiting critical section [integrity check]
2025-04-30 16:19:42,144 [INFO] IntegrityCheckThread:103 - End integrity checks thread
2025-04-30 16:19:42,234 [INFO] Mcu:2016 - Initializing MCU STM32F103C6Tx STM32F103C6Tx STM32F103C6T6A
2025-04-30 16:19:44,285 [INFO] Context:659 - Trying to add GPIOservice into a context  which must be forbidden
2025-04-30 16:19:44,958 [INFO] ImportTextPane:194 - (OptionalMessage_ERROR) Unable to find key (Mcu.ThirdPartyNb) in loaded IOC file
2025-04-30 16:19:44,958 [INFO] ImportTextPane:194 - (OptionalMessage_ERROR) Unable to find key (Mcu.PinsNb) in loaded IOC file
2025-04-30 16:19:44,958 [INFO] ImportTextPane:194 - (OptionalMessage_ERROR) Unable to find key (Mcu.IPNb) in loaded IOC file
2025-04-30 16:19:45,645 [INFO] RtosManager:555 - Registered RTOS mode: class=CMSIS, group=RTOS, mode=CMSIS_V1, owner=FREERTOS
2025-04-30 16:19:45,645 [INFO] RtosManager:555 - Registered RTOS mode: class=CMSIS, group=RTOS2, mode=CMSIS_V2, owner=FREERTOS
2025-04-30 16:19:45,645 [INFO] RtosManager:555 - Registered RTOS mode: class=RTOS, group=Core, mode=CMSIS_V1, owner=FREERTOS
2025-04-30 16:19:45,646 [INFO] RtosManager:555 - Registered RTOS mode: class=RTOS, group=Core, mode=CMSIS_V2, owner=FREERTOS
2025-04-30 16:19:45,647 [WARN] ModelIntegratedComponent:184 - Missing modes for component STMicroelectronics:FreeRTOS:0.0.1:STMicroelectronics:RTOS:FreeRTOS:Core:::10.2.0:
2025-04-30 16:19:45,681 [WARN] ModelIntegratedComponent:63 - No mode defined for component null
2025-04-30 16:19:45,682 [WARN] ModelIntegratedComponent:63 - No mode defined for component null
2025-04-30 16:19:45,682 [WARN] ModelIntegratedComponent:63 - No mode defined for component null
2025-04-30 16:19:45,682 [WARN] ModelIntegratedComponent:63 - No mode defined for component null
2025-04-30 16:19:45,682 [WARN] ModelIntegratedComponent:63 - No mode defined for component null
2025-04-30 16:19:45,682 [WARN] ModelIntegratedComponent:63 - No mode defined for component null
2025-04-30 16:19:45,683 [WARN] ModelIntegratedComponent:63 - No mode defined for component null
2025-04-30 16:19:45,683 [WARN] ModelIntegratedComponent:63 - No mode defined for component null
2025-04-30 16:19:45,683 [WARN] ModelIntegratedComponent:63 - No mode defined for component null
2025-04-30 16:19:45,683 [WARN] ModelIntegratedComponent:63 - No mode defined for component null
2025-04-30 16:19:45,683 [WARN] ModelIntegratedComponent:63 - No mode defined for component null
2025-04-30 16:19:45,683 [WARN] ModelIntegratedComponent:63 - No mode defined for component null
2025-04-30 16:19:45,683 [WARN] ModelIntegratedComponent:63 - No mode defined for component null
2025-04-30 16:19:45,684 [WARN] ModelIntegratedComponent:63 - No mode defined for component null
2025-04-30 16:19:45,684 [WARN] ModelIntegratedComponent:63 - No mode defined for component null
2025-04-30 16:19:45,684 [WARN] ModelIntegratedComponent:63 - No mode defined for component null
2025-04-30 16:19:45,684 [WARN] ModelIntegratedComponent:63 - No mode defined for component null
2025-04-30 16:19:45,684 [WARN] ModelIntegratedComponent:63 - No mode defined for component null
2025-04-30 16:19:45,684 [WARN] ModelIntegratedComponent:63 - No mode defined for component null
2025-04-30 16:19:45,684 [WARN] ModelIntegratedComponent:63 - No mode defined for component null
2025-04-30 16:19:45,685 [WARN] ModelIntegratedComponent:63 - No mode defined for component null
2025-04-30 16:19:45,685 [WARN] ModelIntegratedComponent:63 - No mode defined for component null
2025-04-30 16:19:45,685 [WARN] ModelIntegratedComponent:63 - No mode defined for component null
2025-04-30 16:19:45,685 [WARN] ModelIntegratedComponent:63 - No mode defined for component null
2025-04-30 16:19:45,685 [WARN] ModelIntegratedComponent:63 - No mode defined for component null
2025-04-30 16:19:45,685 [WARN] ModelIntegratedComponent:63 - No mode defined for component null
2025-04-30 16:19:45,685 [WARN] ModelIntegratedComponent:63 - No mode defined for component null
2025-04-30 16:19:45,686 [WARN] ModelIntegratedComponent:63 - No mode defined for component null
2025-04-30 16:19:45,686 [WARN] ModelIntegratedComponent:63 - No mode defined for component null
2025-04-30 16:19:45,686 [WARN] ModelIntegratedComponent:63 - No mode defined for component null
2025-04-30 16:19:45,686 [WARN] ModelIntegratedComponent:63 - No mode defined for component null
2025-04-30 16:19:45,686 [WARN] ModelIntegratedComponent:63 - No mode defined for component null
2025-04-30 16:19:45,686 [WARN] ModelIntegratedComponent:63 - No mode defined for component null
2025-04-30 16:19:46,026 [INFO] ThirdPartyModel:298 - Start build external matchings
2025-04-30 16:19:48,358 [INFO] ThirdPartyModel:316 - End build external matchings
2025-04-30 16:19:48,744 [INFO] UtilMem:75 - End LoadConfig() Used Memory: 641257536 Bytes (1073741824)
2025-04-30 16:19:48,807 [INFO] MicroXplorer:468 - Change Database Path : 
2025-04-30 16:19:48,807 [INFO] MicroXplorer:498 - Change Database Version : DB.6.0.100
2025-04-30 16:19:48,812 [WARN] ThirdParty:833 - waiting for thirdparty lock release [change project]
2025-04-30 16:19:48,813 [INFO] ThirdParty:835 - entering critical section [change project]
2025-04-30 16:19:48,813 [INFO] ThirdParty:1030 - CMSIS Pack Vendor :STMicroelectronics USBPD 4.1
2025-04-30 16:19:48,814 [INFO] ThirdParty:1030 - CMSIS Pack Vendor :STMicroelectronics X-CUBE-AZRTOS-H7 3.3.0
2025-04-30 16:19:48,814 [INFO] ThirdParty:1030 - CMSIS Pack Vendor :STMicroelectronics X-CUBE-NFC9 1.0.0
2025-04-30 16:19:48,814 [INFO] ThirdParty:1030 - CMSIS Pack Vendor :STMicroelectronics USB_HOST 2.0.0
2025-04-30 16:19:48,814 [INFO] ThirdParty:1030 - CMSIS Pack Vendor :STMicroelectronics FP-SNS-MOTENVWB1 1.4.0
2025-04-30 16:19:48,814 [INFO] ThirdParty:1030 - CMSIS Pack Vendor :STMicroelectronics X-CUBE-AZRTOS-F4 1.1.0
2025-04-30 16:19:48,814 [INFO] ThirdParty:1030 - CMSIS Pack Vendor :STMicroelectronics LIBJPEG 8.0.0
2025-04-30 16:19:48,815 [INFO] ThirdParty:1030 - CMSIS Pack Vendor :STMicroelectronics FP-ATR-ASTRA1 2.0.2
2025-04-30 16:19:48,815 [INFO] ThirdParty:1030 - CMSIS Pack Vendor :STMicroelectronics FP-ATR-ASTRA1 2.0.1
2025-04-30 16:19:48,815 [INFO] ThirdParty:1030 - CMSIS Pack Vendor :STMicroelectronics X-CUBE-BLE1 7.1.0
2025-04-30 16:19:48,815 [INFO] ThirdParty:1030 - CMSIS Pack Vendor :STMicroelectronics X-CUBE-SMBUS 2.1.0
2025-04-30 16:19:48,815 [INFO] ThirdParty:1030 - CMSIS Pack Vendor :STMicroelectronics X-CUBE-WB05N 1.1.0
2025-04-30 16:19:48,816 [INFO] ThirdParty:1030 - CMSIS Pack Vendor :STMicroelectronics USB_DEVICE 3.0.0
2025-04-30 16:19:48,816 [INFO] ThirdParty:1030 - CMSIS Pack Vendor :STMicroelectronics X-CUBE-ISPU 2.1.0
2025-04-30 16:19:48,817 [INFO] ThirdParty:1030 - CMSIS Pack Vendor :STMicroelectronics X-CUBE-AZRTOS-WB 2.0.0
2025-04-30 16:19:48,817 [INFO] ThirdParty:1030 - CMSIS Pack Vendor :STMicroelectronics X-CUBE-GNSS1 7.0.1
2025-04-30 16:19:48,818 [INFO] ThirdParty:1030 - CMSIS Pack Vendor :STMicroelectronics X-CUBE-AZRTOS-F7 1.1.0
2025-04-30 16:19:48,818 [INFO] ThirdParty:1030 - CMSIS Pack Vendor :STMicroelectronics X-CUBE-AZRTOS-L5 2.0.0
2025-04-30 16:19:48,818 [INFO] ThirdParty:1030 - CMSIS Pack Vendor :STMicroelectronics X-CUBE-TOUCHGFX 4.25.0
2025-04-30 16:19:48,818 [INFO] ThirdParty:1030 - CMSIS Pack Vendor :STMicroelectronics USB_DEVICE 2.0.0
2025-04-30 16:19:48,818 [INFO] ThirdParty:1030 - CMSIS Pack Vendor :STMicroelectronics X-CUBE-NFC6 3.1.0
2025-04-30 16:19:48,818 [INFO] ThirdParty:1030 - CMSIS Pack Vendor :STMicroelectronics FP-SNS-STBOX1 2.0.0
2025-04-30 16:19:48,818 [INFO] ThirdParty:1030 - CMSIS Pack Vendor :STMicroelectronics X-CUBE-MEMS1 11.2.0
2025-04-30 16:19:48,819 [INFO] ThirdParty:1030 - CMSIS Pack Vendor :STMicroelectronics FreeRTOS 0.0.1
2025-04-30 16:19:48,819 [INFO] ThirdParty:1030 - CMSIS Pack Vendor :STMicroelectronics X-CUBE-AZRTOS-G0 1.1.0
2025-04-30 16:19:48,819 [INFO] ThirdParty:1030 - CMSIS Pack Vendor :STMicroelectronics X-CUBE-SAFEA1 1.2.2
2025-04-30 16:19:48,819 [INFO] ThirdParty:1030 - CMSIS Pack Vendor :STMicroelectronics X-CUBE-NFC4 3.0.0
2025-04-30 16:19:48,819 [INFO] ThirdParty:1030 - CMSIS Pack Vendor :STMicroelectronics X-CUBE-DPower 1.2.0
2025-04-30 16:19:48,819 [INFO] ThirdParty:1030 - CMSIS Pack Vendor :STMicroelectronics X-CUBE-SUBG2 5.0.0
2025-04-30 16:19:48,819 [INFO] ThirdParty:1030 - CMSIS Pack Vendor :STMicroelectronics X-CUBE-AZRTOS-H7RS 1.1.0
2025-04-30 16:19:48,819 [INFO] ThirdParty:1030 - CMSIS Pack Vendor :STMicroelectronics STM32_WPAN 1.0.0
2025-04-30 16:19:48,820 [INFO] ThirdParty:1030 - CMSIS Pack Vendor :EmbeddedOffice I-CUBE-FS-RTOS 1.0.1
2025-04-30 16:19:48,820 [INFO] ThirdParty:1030 - CMSIS Pack Vendor :STMicroelectronics lwIP 2.0.3
2025-04-30 16:19:48,820 [INFO] ThirdParty:1030 - CMSIS Pack Vendor :STMicroelectronics FP-SNS-FLIGHT1 5.0.2
2025-04-30 16:19:48,820 [INFO] ThirdParty:1030 - CMSIS Pack Vendor :Cesanta I-CUBE-Mongoose 7.13.0
2025-04-30 16:19:48,820 [INFO] ThirdParty:1030 - CMSIS Pack Vendor :STMicroelectronics USB_HOST 1.0.0
2025-04-30 16:19:48,820 [INFO] ThirdParty:1030 - CMSIS Pack Vendor :Infineon AIROC-Wi-Fi-Bluetooth-STM32 1.7.0
2025-04-30 16:19:48,820 [INFO] ThirdParty:1030 - CMSIS Pack Vendor :STMicroelectronics X-CUBE-AZRTOS-G4 2.0.0
2025-04-30 16:19:48,820 [INFO] ThirdParty:1030 - CMSIS Pack Vendor :STMicroelectronics X-CUBE-WB05N 2.0.0
2025-04-30 16:19:48,820 [INFO] ThirdParty:1030 - CMSIS Pack Vendor :STMicroelectronics PDM2PCM 3.1.0
2025-04-30 16:19:48,821 [INFO] ThirdParty:1030 - CMSIS Pack Vendor :STMicroelectronics PDM2PCM 3.3.0
2025-04-30 16:19:48,821 [INFO] ThirdParty:1030 - CMSIS Pack Vendor :STMicroelectronics X-CUBE-DISPLAY 3.0.0
2025-04-30 16:19:48,821 [INFO] ThirdParty:1030 - CMSIS Pack Vendor :RealThread X-CUBE-RT-Thread_Nano 4.1.1
2025-04-30 16:19:48,821 [INFO] ThirdParty:1030 - CMSIS Pack Vendor :STMicroelectronics X-CUBE-BLE1 7.0.0
2025-04-30 16:19:48,821 [INFO] ThirdParty:1030 - CMSIS Pack Vendor :STMicroelectronics FP-ATR-SIGFOX1 3.2.0
2025-04-30 16:19:48,821 [INFO] ThirdParty:1030 - CMSIS Pack Vendor :STMicroelectronics X-CUBE-NFC10 1.0.0
2025-04-30 16:19:48,821 [INFO] ThirdParty:1030 - CMSIS Pack Vendor :quantropi X-CUBE-qispace-sdk-base 1.9.3
2025-04-30 16:19:48,822 [INFO] ThirdParty:1030 - CMSIS Pack Vendor :STMicroelectronics X-CUBE-BLEMGR 4.0.0
2025-04-30 16:19:48,822 [INFO] ThirdParty:1030 - CMSIS Pack Vendor :STMicroelectronics X-CUBE-EEPRMA1 5.1.0
2025-04-30 16:19:48,822 [INFO] ThirdParty:1030 - CMSIS Pack Vendor :STMicroelectronics HAL Drivers 0.0.0
2025-04-30 16:19:48,822 [INFO] ThirdParty:1030 - CMSIS Pack Vendor :STMicroelectronics MBEDTLS 2.16.2
2025-04-30 16:19:48,822 [INFO] ThirdParty:1030 - CMSIS Pack Vendor :STMicroelectronics X-CUBE-ALS 1.0.2
2025-04-30 16:19:48,822 [INFO] ThirdParty:1030 - CMSIS Pack Vendor :emotas I-CUBE-CANOPEN 1.3.0
2025-04-30 16:19:48,822 [INFO] ThirdParty:1030 - CMSIS Pack Vendor :STMicroelectronics X-CUBE-FREERTOS 1.3.0
2025-04-30 16:19:48,823 [INFO] ThirdParty:1030 - CMSIS Pack Vendor :wolfSSL I-CUBE-wolfSSL 5.7.4
2025-04-30 16:19:48,823 [INFO] ThirdParty:1030 - CMSIS Pack Vendor :STMicroelectronics X-CUBE-NFC7 1.0.1
2025-04-30 16:19:48,823 [INFO] ThirdParty:1030 - CMSIS Pack Vendor :STMicroelectronics MBEDTLS 2.14.1
2025-04-30 16:19:48,823 [INFO] ThirdParty:1030 - CMSIS Pack Vendor :ITTIA_DB I-CUBE-ITTIADB 8.9.0
2025-04-30 16:19:48,823 [INFO] ThirdParty:1030 - CMSIS Pack Vendor :STMicroelectronics X-CUBE-TOUCHGFX 4.24.2
2025-04-30 16:19:48,823 [INFO] ThirdParty:1030 - CMSIS Pack Vendor :wolfSSL I-CUBE-wolfTPM 3.4.0
2025-04-30 16:19:48,823 [INFO] ThirdParty:1030 - CMSIS Pack Vendor :portGmbH I-Cube-SoM-uGOAL 1.1.0
2025-04-30 16:19:48,824 [INFO] ThirdParty:1030 - CMSIS Pack Vendor :STMicroelectronics X-CUBE-AI 10.0.0
2025-04-30 16:19:48,824 [INFO] ThirdParty:1030 - CMSIS Pack Vendor :STMicroelectronics ThreadX 1.0.0
2025-04-30 16:19:48,824 [INFO] ThirdParty:1030 - CMSIS Pack Vendor :STMicroelectronics FP-SNS-SMARTAG2 1.2.0
2025-04-30 16:19:48,824 [INFO] ThirdParty:1030 - CMSIS Pack Vendor :STMicroelectronics X-CUBE-MEMS1 11.1.0
2025-04-30 16:19:48,824 [INFO] ThirdParty:1030 - CMSIS Pack Vendor :STMicroelectronics X-CUBE-AZRTOS-WL 2.0.0
2025-04-30 16:19:48,824 [INFO] ThirdParty:1030 - CMSIS Pack Vendor :SEGGER I-CUBE-embOS 1.3.1
2025-04-30 16:19:48,824 [INFO] ThirdParty:1030 - CMSIS Pack Vendor :STMicroelectronics X-CUBE-ALGOBUILD 1.4.0
2025-04-30 16:19:48,825 [INFO] ThirdParty:1030 - CMSIS Pack Vendor :STMicroelectronics X-CUBE-DPower 1.3.0
2025-04-30 16:19:48,825 [INFO] ThirdParty:1030 - CMSIS Pack Vendor :STMicroelectronics FP-SNS-MOTENV1 5.0.0
2025-04-30 16:19:48,825 [INFO] ThirdParty:1030 - CMSIS Pack Vendor :STMicroelectronics USB_DEVICE 1.0.0
2025-04-30 16:19:48,825 [INFO] ThirdParty:1030 - CMSIS Pack Vendor :STMicroelectronics X-CUBE-AZRTOS-H7RS 1.0.0
2025-04-30 16:19:48,825 [INFO] ThirdParty:1030 - CMSIS Pack Vendor :wolfSSL I-CUBE-wolfMQTT 1.19.0
2025-04-30 16:19:48,825 [INFO] ThirdParty:1030 - CMSIS Pack Vendor :STMicroelectronics X-CUBE-AZRTOS-L4 2.0.0
2025-04-30 16:19:48,825 [INFO] ThirdParty:1030 - CMSIS Pack Vendor :STMicroelectronics ThreadX 0.0.2
2025-04-30 16:19:48,826 [INFO] ThirdParty:1030 - CMSIS Pack Vendor :WES I-CUBE-Cesium 1.3.0
2025-04-30 16:19:48,826 [INFO] ThirdParty:1030 - CMSIS Pack Vendor :STMicroelectronics lwIP 2.1.2
2025-04-30 16:19:48,826 [INFO] ThirdParty:1030 - CMSIS Pack Vendor :STMicroelectronics X-CUBE-SFXS2LP1 4.0.0
2025-04-30 16:19:48,826 [INFO] ThirdParty:1030 - CMSIS Pack Vendor :STMicroelectronics X-CUBE-BLE2 3.3.0
2025-04-30 16:19:48,826 [INFO] ThirdParty:1030 - CMSIS Pack Vendor :STMicroelectronics X-CUBE-TOF1 3.4.2
2025-04-30 16:19:48,826 [INFO] ThirdParty:1030 - CMSIS Pack Vendor :STMicroelectronics X-CUBE-AI 9.1.0
2025-04-30 16:19:48,826 [INFO] ThirdParty:1030 - CMSIS Pack Vendor :STMicroelectronics PDM2PCM 3.2.0
2025-04-30 16:19:48,827 [INFO] ThirdParty:1030 - CMSIS Pack Vendor :wolfSSL I-CUBE-wolfSSH 1.4.17
2025-04-30 16:19:48,827 [INFO] ThirdParty:841 - exiting critical section [change project]
2025-04-30 16:19:49,393 [INFO] PinOutPanel:1499 - setPackage(No Configuration,No Configuration)
2025-04-30 16:19:49,396 [INFO] PinOutPanel:1499 - setPackage(STM32F103C6Tx,LQFP48)
2025-04-30 16:19:50,501 [INFO] UtilMem:75 - Before build in PCC Used Memory: 741444200 Bytes (1073741824)
2025-04-30 16:19:52,185 [INFO] UtilMem:75 - After build in PCC Used Memory: 816419432 Bytes (1073741824)
2025-04-30 16:19:52,244 [INFO] IPUIPlugin:80 - create IPUIPlugin
2025-04-30 16:19:52,245 [INFO] IPUIPlugin:80 - create IPUIPlugin
2025-04-30 16:19:52,245 [INFO] IPUIPlugin:80 - create IPUIPlugin
2025-04-30 16:19:52,245 [INFO] IPUIPlugin:80 - create IPUIPlugin
2025-04-30 16:19:52,246 [INFO] IPUIPlugin:80 - create IPUIPlugin
2025-04-30 16:19:52,246 [INFO] IPUIPlugin:80 - create IPUIPlugin
2025-04-30 16:19:52,246 [INFO] IPUIPlugin:80 - create IPUIPlugin
2025-04-30 16:19:52,246 [INFO] IPUIPlugin:80 - create IPUIPlugin
2025-04-30 16:19:52,246 [INFO] IPUIPlugin:80 - create IPUIPlugin
2025-04-30 16:19:52,247 [INFO] IPUIPlugin:80 - create IPUIPlugin
2025-04-30 16:19:52,247 [INFO] IPUIPlugin:80 - create IPUIPlugin
2025-04-30 16:19:52,247 [INFO] IPUIPlugin:80 - create IPUIPlugin
2025-04-30 16:19:52,248 [INFO] IPUIPlugin:80 - create IPUIPlugin
2025-04-30 16:19:52,248 [INFO] IPUIPlugin:80 - create IPUIPlugin
2025-04-30 16:19:52,249 [INFO] IPUIPlugin:80 - create IPUIPlugin
2025-04-30 16:19:52,249 [INFO] IPUIPlugin:80 - create IPUIPlugin
2025-04-30 16:19:52,249 [INFO] IPUIPlugin:80 - create IPUIPlugin
2025-04-30 16:19:52,250 [INFO] IPUIPlugin:80 - create IPUIPlugin
2025-04-30 16:19:52,250 [INFO] IPUIPlugin:80 - create IPUIPlugin
2025-04-30 16:19:52,251 [INFO] IPUIPlugin:80 - create IPUIPlugin
2025-04-30 16:19:52,251 [INFO] IPUIPlugin:80 - create IPUIPlugin
2025-04-30 16:19:52,252 [INFO] IPUIPlugin:80 - create IPUIPlugin
2025-04-30 16:19:52,252 [INFO] IPUIPlugin:80 - create IPUIPlugin
2025-04-30 16:19:52,642 [INFO] CADModel:165 - CPN selected for project levelSTM32F103C6T6A
2025-04-30 16:19:52,643 [INFO] CADModel:114 - Register for checkConnection events
2025-04-30 16:19:52,702 [INFO] OpenFileManager:343 - Restore cursor
2025-04-30 16:19:57,963 [INFO] UtilMem:75 - End SaveConfig() Used Memory: 669503488 Bytes (1073741824)
2025-04-30 16:19:58,129 [INFO] UtilMem:75 - End SaveConfig() Used Memory: 682086400 Bytes (1073741824)
2025-04-30 16:19:59,073 [INFO] BlockDiagram:2759 - set Specific Code input for plugin: NVIC
2025-04-30 16:19:59,074 [INFO] BlockDiagram:2759 - set Specific Code input for plugin: RCC
2025-04-30 16:19:59,080 [INFO] CodeGenerator:807 - code generatio: config db path: D:\ST\STM32CubeIDE_1.14.1\STM32CubeIDE\plugins\com.st.stm32cube.common.mx_6.10.0.202311202037\\db\
2025-04-30 16:19:59,990 [INFO] CodeEngine:255 - oldGeneratedFile, C:\Users\TS\STM32CubeIDE\workspace_I2C\I2C_Slave_C6T6\MXTmpFiles\license.tmp_save
2025-04-30 16:20:00,800 [INFO] CodeEngine:279 - Generated code: C:\Users\TS\STM32CubeIDE\workspace_I2C\I2C_Slave_C6T6\MXTmpFiles\license.tmp
2025-04-30 16:20:00,861 [INFO] CodeEngine:255 - oldGeneratedFile, C:\Users\TS\STM32CubeIDE\workspace_I2C\I2C_Slave_C6T6\Core\Src\stm32f1xx_it.c_save
2025-04-30 16:20:01,386 [INFO] CodeEngine:279 - Generated code: C:\Users\TS\STM32CubeIDE\workspace_I2C\I2C_Slave_C6T6\Core\Src\stm32f1xx_it.c
2025-04-30 16:20:01,411 [INFO] CodeEngine:255 - oldGeneratedFile, C:\Users\TS\STM32CubeIDE\workspace_I2C\I2C_Slave_C6T6\Core\Inc\stm32f1xx_it.h_save
2025-04-30 16:20:01,654 [INFO] CodeEngine:279 - Generated code: C:\Users\TS\STM32CubeIDE\workspace_I2C\I2C_Slave_C6T6\Core\Inc\stm32f1xx_it.h
2025-04-30 16:20:01,984 [INFO] CodeEngine:255 - oldGeneratedFile, C:\Users\TS\STM32CubeIDE\workspace_I2C\I2C_Slave_C6T6\Core\Src\stm32f1xx_hal_msp.c_save
2025-04-30 16:20:02,315 [INFO] CodeEngine:279 - Generated code: C:\Users\TS\STM32CubeIDE\workspace_I2C\I2C_Slave_C6T6\Core\Src\stm32f1xx_hal_msp.c
2025-04-30 16:20:02,342 [INFO] CodeEngine:255 - oldGeneratedFile, C:\Users\TS\STM32CubeIDE\workspace_I2C\I2C_Slave_C6T6\MXTmpFiles\system.tmp_save
2025-04-30 16:20:02,513 [INFO] CodeEngine:279 - Generated code: C:\Users\TS\STM32CubeIDE\workspace_I2C\I2C_Slave_C6T6\MXTmpFiles\system.tmp
2025-04-30 16:20:02,559 [INFO] CodeEngine:311 - oldGeneratedFile, C:\Users\TS\STM32CubeIDE\workspace_I2C\I2C_Slave_C6T6\Core\Inc\stm32f1xx_hal_conf.h_save
2025-04-30 16:20:02,936 [INFO] CodeEngine:335 - Generated code: C:\Users\TS\STM32CubeIDE\workspace_I2C\I2C_Slave_C6T6\Core\Inc\stm32f1xx_hal_conf.h
2025-04-30 16:20:03,141 [INFO] CodeEngine:255 - oldGeneratedFile, C:\Users\TS\STM32CubeIDE\workspace_I2C\I2C_Slave_C6T6\Core\Inc\main.h_save
2025-04-30 16:20:03,437 [INFO] CodeEngine:279 - Generated code: C:\Users\TS\STM32CubeIDE\workspace_I2C\I2C_Slave_C6T6\Core\Inc\main.h
2025-04-30 16:20:03,464 [INFO] CodeEngine:255 - oldGeneratedFile, C:\Users\TS\STM32CubeIDE\workspace_I2C\I2C_Slave_C6T6\Core\Src\main.c_save
2025-04-30 16:20:03,841 [INFO] CodeEngine:279 - Generated code: C:\Users\TS\STM32CubeIDE\workspace_I2C\I2C_Slave_C6T6\Core\Src\main.c
2025-04-30 16:20:05,355 [INFO] ProjectBuilder:3076 - Time for Copy HAL[1] : 311mS.
2025-04-30 16:20:05,370 [INFO] ProjectBuilder:4485 - Project Generator version: 4.2.0-B44
2025-04-30 16:20:06,370 [INFO] ConfigFileManager:1495 - The Die is : DIE412
2025-04-30 16:20:06,424 [INFO] ApiDbMcu:508 - Load IP Config File for FATFS
2025-04-30 16:20:06,474 [INFO] ApiDbMcu:508 - Load IP Config File for FREERTOS
2025-04-30 16:20:06,524 [INFO] ApiDbMcu:508 - Load IP Config File for USB_DEVICE
2025-04-30 16:20:09,618 [INFO] LogOutputStream:77 - [STDOUT_REDIRECT] 
2025-04-30 16:20:17,854 [INFO] ProjectBuilder:4747 - Time for Generating toolchain IDE Files: 12484mS.
2025-04-30 16:20:17,856 [INFO] ProjectBuilder:2947 - Time for Copy CMSIS : 2mS.
2025-04-30 16:20:17,862 [INFO] ProjectBuilder:2947 - Time for Copy CMSIS : 0mS.
2025-04-30 16:20:19,983 [INFO] McuFinderGlobals:76 - Set McuFinderConnectedMode to true
2025-04-30 16:20:19,991 [INFO] ApiDb:448 - Save user favorites file C:\Users\TS/.stm32cubeide/favorites.mcus.txt: 0 item(s)
2025-04-30 16:20:19,991 [INFO] ApiDb:452 - User favorites MCUs=[]
2025-04-30 16:20:59,452 [WARN] IP:2119 - I2C_Coeff_DF not found: check if there is a RefParameter without a condition.
2025-04-30 16:20:59,453 [WARN] IP:2119 - Analog_Filter not found: check if there is a RefParameter without a condition.
2025-04-30 16:20:59,501 [WARN] IP:2119 - I2C_Coeff_DF not found: check if there is a RefParameter without a condition.
2025-04-30 16:20:59,501 [WARN] IP:2119 - Analog_Filter not found: check if there is a RefParameter without a condition.
2025-04-30 16:20:59,503 [WARN] IP:2119 - I2C_Coeff_DF not found: check if there is a RefParameter without a condition.
2025-04-30 16:20:59,503 [WARN] IP:2119 - Analog_Filter not found: check if there is a RefParameter without a condition.
2025-04-30 16:20:59,713 [WARN] IP:2119 - I2C_Coeff_DF not found: check if there is a RefParameter without a condition.
2025-04-30 16:20:59,713 [WARN] IP:2119 - Analog_Filter not found: check if there is a RefParameter without a condition.
2025-04-30 16:20:59,717 [WARN] IP:2119 - I2C_Coeff_DF not found: check if there is a RefParameter without a condition.
2025-04-30 16:20:59,717 [WARN] IP:2119 - Analog_Filter not found: check if there is a RefParameter without a condition.
2025-04-30 16:20:59,744 [INFO] NvicIntPanel:101 - NVIC parent = com.st.microxplorer.plugins.ip.nvic.MultiNvicIntPanel[,0,0,0x0,invalid,layout=javax.swing.BoxLayout,alignmentX=0.0,alignmentY=0.0,border=,flags=9,maximumSize=,minimumSize=,preferredSize=]
2025-04-30 16:21:04,459 [WARN] IP:2119 - I2C_Coeff_DF not found: check if there is a RefParameter without a condition.
2025-04-30 16:21:04,459 [WARN] IP:2119 - Analog_Filter not found: check if there is a RefParameter without a condition.
2025-04-30 16:21:04,501 [INFO] NvicIntPanel:101 - NVIC parent = com.st.microxplorer.plugins.ip.nvic.MultiNvicIntPanel[,0,0,0x0,invalid,layout=javax.swing.BoxLayout,alignmentX=0.0,alignmentY=0.0,border=,flags=9,maximumSize=,minimumSize=,preferredSize=]
2025-04-30 16:21:06,013 [INFO] NvicIntPanel:101 - NVIC parent = com.st.microxplorer.plugins.ip.nvic.MultiNvicIntPanel[,0,0,0x0,invalid,layout=javax.swing.BoxLayout,alignmentX=0.0,alignmentY=0.0,border=,flags=9,maximumSize=,minimumSize=,preferredSize=]
2025-04-30 16:21:09,814 [WARN] IP:2119 - I2C_Coeff_DF not found: check if there is a RefParameter without a condition.
2025-04-30 16:21:09,815 [WARN] IP:2119 - Analog_Filter not found: check if there is a RefParameter without a condition.
2025-04-30 16:21:09,824 [WARN] IP:2119 - I2C_Coeff_DF not found: check if there is a RefParameter without a condition.
2025-04-30 16:21:09,825 [WARN] IP:2119 - Analog_Filter not found: check if there is a RefParameter without a condition.
2025-04-30 16:21:22,359 [WARN] IP:2119 - I2C_Coeff_DF not found: check if there is a RefParameter without a condition.
2025-04-30 16:21:22,359 [WARN] IP:2119 - Analog_Filter not found: check if there is a RefParameter without a condition.
2025-04-30 16:21:22,360 [WARN] IP:2119 - I2C_Coeff_DF not found: check if there is a RefParameter without a condition.
2025-04-30 16:21:22,360 [WARN] IP:2119 - Analog_Filter not found: check if there is a RefParameter without a condition.
2025-04-30 16:21:22,390 [WARN] IP:2119 - I2C_Coeff_DF not found: check if there is a RefParameter without a condition.
2025-04-30 16:21:22,390 [WARN] IP:2119 - Analog_Filter not found: check if there is a RefParameter without a condition.
2025-04-30 16:21:22,417 [WARN] IP:2119 - I2C_Coeff_DF not found: check if there is a RefParameter without a condition.
2025-04-30 16:21:22,417 [WARN] IP:2119 - Analog_Filter not found: check if there is a RefParameter without a condition.
2025-04-30 16:21:24,603 [INFO] UtilMem:75 - End SaveConfig() Used Memory: 886270064 Bytes (1073741824)
2025-04-30 16:21:29,157 [INFO] UtilMem:75 - End SaveConfig() Used Memory: 777291032 Bytes (1073741824)
2025-04-30 16:21:29,798 [INFO] BlockDiagram:2759 - set Specific Code input for plugin: NVIC
2025-04-30 16:21:29,798 [INFO] BlockDiagram:2759 - set Specific Code input for plugin: SYS
2025-04-30 16:21:29,799 [INFO] BlockDiagram:2759 - set Specific Code input for plugin: GPIO
2025-04-30 16:21:29,799 [INFO] BlockDiagram:2759 - set Specific Code input for plugin: RCC
2025-04-30 16:21:29,799 [INFO] BlockDiagram:2759 - set Specific Code input for plugin: I2C
2025-04-30 16:21:29,801 [INFO] CodeGenerator:807 - code generatio: config db path: D:\ST\STM32CubeIDE_1.14.1\STM32CubeIDE\plugins\com.st.stm32cube.common.mx_6.10.0.202311202037\\db\
2025-04-30 16:21:29,803 [WARN] IP:2119 - I2C_Coeff_DF not found: check if there is a RefParameter without a condition.
2025-04-30 16:21:29,804 [WARN] IP:2119 - Analog_Filter not found: check if there is a RefParameter without a condition.
2025-04-30 16:21:30,260 [INFO] CodeEngine:255 - oldGeneratedFile, C:\Users\TS\STM32CubeIDE\workspace_I2C\I2C_Slave_C6T6\MXTmpFiles\license.tmp_save
2025-04-30 16:21:30,565 [INFO] CodeEngine:279 - Generated code: C:\Users\TS\STM32CubeIDE\workspace_I2C\I2C_Slave_C6T6\MXTmpFiles\license.tmp
2025-04-30 16:21:30,723 [INFO] CodeEngine:255 - oldGeneratedFile, C:\Users\TS\STM32CubeIDE\workspace_I2C\I2C_Slave_C6T6\MXTmpFiles\gpio.tmp_save
2025-04-30 16:21:31,088 [INFO] CodeEngine:279 - Generated code: C:\Users\TS\STM32CubeIDE\workspace_I2C\I2C_Slave_C6T6\MXTmpFiles\gpio.tmp
2025-04-30 16:21:31,300 [INFO] CodeEngine:255 - oldGeneratedFile, C:\Users\TS\STM32CubeIDE\workspace_I2C\I2C_Slave_C6T6\Core\Src\stm32f1xx_it.c_save
2025-04-30 16:21:31,669 [INFO] CodeEngine:279 - Generated code: C:\Users\TS\STM32CubeIDE\workspace_I2C\I2C_Slave_C6T6\Core\Src\stm32f1xx_it.c
2025-04-30 16:21:31,685 [INFO] CodeEngine:255 - oldGeneratedFile, C:\Users\TS\STM32CubeIDE\workspace_I2C\I2C_Slave_C6T6\Core\Inc\stm32f1xx_it.h_save
2025-04-30 16:21:31,913 [INFO] CodeEngine:279 - Generated code: C:\Users\TS\STM32CubeIDE\workspace_I2C\I2C_Slave_C6T6\Core\Inc\stm32f1xx_it.h
2025-04-30 16:21:31,956 [INFO] CodeEngine:255 - oldGeneratedFile, C:\Users\TS\STM32CubeIDE\workspace_I2C\I2C_Slave_C6T6\Core\Src\stm32f1xx_hal_msp.c_save
2025-04-30 16:21:32,302 [INFO] CodeEngine:279 - Generated code: C:\Users\TS\STM32CubeIDE\workspace_I2C\I2C_Slave_C6T6\Core\Src\stm32f1xx_hal_msp.c
2025-04-30 16:21:32,316 [INFO] CodeEngine:255 - oldGeneratedFile, C:\Users\TS\STM32CubeIDE\workspace_I2C\I2C_Slave_C6T6\MXTmpFiles\system.tmp_save
2025-04-30 16:21:32,499 [INFO] CodeEngine:279 - Generated code: C:\Users\TS\STM32CubeIDE\workspace_I2C\I2C_Slave_C6T6\MXTmpFiles\system.tmp
2025-04-30 16:21:32,572 [INFO] CodeEngine:311 - oldGeneratedFile, C:\Users\TS\STM32CubeIDE\workspace_I2C\I2C_Slave_C6T6\Core\Inc\stm32f1xx_hal_conf.h_save
2025-04-30 16:21:32,942 [INFO] CodeEngine:335 - Generated code: C:\Users\TS\STM32CubeIDE\workspace_I2C\I2C_Slave_C6T6\Core\Inc\stm32f1xx_hal_conf.h
2025-04-30 16:21:33,154 [INFO] CodeEngine:255 - oldGeneratedFile, C:\Users\TS\STM32CubeIDE\workspace_I2C\I2C_Slave_C6T6\Core\Inc\main.h_save
2025-04-30 16:21:33,557 [INFO] CodeEngine:279 - Generated code: C:\Users\TS\STM32CubeIDE\workspace_I2C\I2C_Slave_C6T6\Core\Inc\main.h
2025-04-30 16:21:33,627 [INFO] CodeEngine:255 - oldGeneratedFile, C:\Users\TS\STM32CubeIDE\workspace_I2C\I2C_Slave_C6T6\Core\Src\main.c_save
2025-04-30 16:21:34,133 [INFO] CodeEngine:279 - Generated code: C:\Users\TS\STM32CubeIDE\workspace_I2C\I2C_Slave_C6T6\Core\Src\main.c
2025-04-30 16:21:36,398 [INFO] ProjectBuilder:3076 - Time for Copy HAL[1] : 433mS.
2025-04-30 16:21:36,412 [INFO] ProjectBuilder:4485 - Project Generator version: 4.2.0-B44
2025-04-30 16:21:37,453 [INFO] ConfigFileManager:1495 - The Die is : DIE412
2025-04-30 16:21:45,040 [INFO] ProjectBuilder:4747 - Time for Generating toolchain IDE Files: 8628mS.
2025-04-30 16:21:45,041 [INFO] ProjectBuilder:2947 - Time for Copy CMSIS : 1mS.
2025-04-30 16:21:45,047 [INFO] ProjectBuilder:2947 - Time for Copy CMSIS : 0mS.
2025-04-30 16:21:52,696 [INFO] Gpio:277 - dependency for GPIO [I2C1, SYS]
2025-04-30 16:22:05,793 [INFO] UtilMem:75 - End SaveConfig() Used Memory: 741122464 Bytes (1073741824)
2025-04-30 16:22:07,377 [INFO] UtilMem:75 - End SaveConfig() Used Memory: 805146704 Bytes (1073741824)
2025-04-30 16:22:08,009 [INFO] BlockDiagram:2759 - set Specific Code input for plugin: NVIC
2025-04-30 16:22:08,009 [INFO] BlockDiagram:2759 - set Specific Code input for plugin: SYS
2025-04-30 16:22:08,010 [INFO] BlockDiagram:2759 - set Specific Code input for plugin: GPIO
2025-04-30 16:22:08,010 [INFO] BlockDiagram:2759 - set Specific Code input for plugin: RCC
2025-04-30 16:22:08,010 [INFO] BlockDiagram:2759 - set Specific Code input for plugin: I2C
2025-04-30 16:22:08,012 [INFO] CodeGenerator:807 - code generatio: config db path: D:\ST\STM32CubeIDE_1.14.1\STM32CubeIDE\plugins\com.st.stm32cube.common.mx_6.10.0.202311202037\\db\
2025-04-30 16:22:08,016 [WARN] IP:2119 - I2C_Coeff_DF not found: check if there is a RefParameter without a condition.
2025-04-30 16:22:08,016 [WARN] IP:2119 - Analog_Filter not found: check if there is a RefParameter without a condition.
2025-04-30 16:22:08,305 [INFO] CodeEngine:255 - oldGeneratedFile, C:\Users\TS\STM32CubeIDE\workspace_I2C\I2C_Slave_C6T6\MXTmpFiles\license.tmp_save
2025-04-30 16:22:08,568 [INFO] CodeEngine:279 - Generated code: C:\Users\TS\STM32CubeIDE\workspace_I2C\I2C_Slave_C6T6\MXTmpFiles\license.tmp
2025-04-30 16:22:08,608 [INFO] CodeEngine:255 - oldGeneratedFile, C:\Users\TS\STM32CubeIDE\workspace_I2C\I2C_Slave_C6T6\MXTmpFiles\gpio.tmp_save
2025-04-30 16:22:08,896 [INFO] CodeEngine:279 - Generated code: C:\Users\TS\STM32CubeIDE\workspace_I2C\I2C_Slave_C6T6\MXTmpFiles\gpio.tmp
2025-04-30 16:22:09,066 [INFO] CodeEngine:255 - oldGeneratedFile, C:\Users\TS\STM32CubeIDE\workspace_I2C\I2C_Slave_C6T6\Core\Src\stm32f1xx_it.c_save
2025-04-30 16:22:09,488 [INFO] CodeEngine:279 - Generated code: C:\Users\TS\STM32CubeIDE\workspace_I2C\I2C_Slave_C6T6\Core\Src\stm32f1xx_it.c
2025-04-30 16:22:09,502 [INFO] CodeEngine:255 - oldGeneratedFile, C:\Users\TS\STM32CubeIDE\workspace_I2C\I2C_Slave_C6T6\Core\Inc\stm32f1xx_it.h_save
2025-04-30 16:22:09,620 [INFO] CodeEngine:279 - Generated code: C:\Users\TS\STM32CubeIDE\workspace_I2C\I2C_Slave_C6T6\Core\Inc\stm32f1xx_it.h
2025-04-30 16:22:09,667 [INFO] CodeEngine:255 - oldGeneratedFile, C:\Users\TS\STM32CubeIDE\workspace_I2C\I2C_Slave_C6T6\Core\Src\stm32f1xx_hal_msp.c_save
2025-04-30 16:22:10,139 [INFO] CodeEngine:279 - Generated code: C:\Users\TS\STM32CubeIDE\workspace_I2C\I2C_Slave_C6T6\Core\Src\stm32f1xx_hal_msp.c
2025-04-30 16:22:10,162 [INFO] CodeEngine:255 - oldGeneratedFile, C:\Users\TS\STM32CubeIDE\workspace_I2C\I2C_Slave_C6T6\MXTmpFiles\system.tmp_save
2025-04-30 16:22:10,428 [INFO] CodeEngine:279 - Generated code: C:\Users\TS\STM32CubeIDE\workspace_I2C\I2C_Slave_C6T6\MXTmpFiles\system.tmp
2025-04-30 16:22:10,516 [INFO] CodeEngine:311 - oldGeneratedFile, C:\Users\TS\STM32CubeIDE\workspace_I2C\I2C_Slave_C6T6\Core\Inc\stm32f1xx_hal_conf.h_save
2025-04-30 16:22:11,037 [INFO] CodeEngine:335 - Generated code: C:\Users\TS\STM32CubeIDE\workspace_I2C\I2C_Slave_C6T6\Core\Inc\stm32f1xx_hal_conf.h
2025-04-30 16:22:11,222 [INFO] CodeEngine:255 - oldGeneratedFile, C:\Users\TS\STM32CubeIDE\workspace_I2C\I2C_Slave_C6T6\Core\Inc\main.h_save
2025-04-30 16:22:11,550 [INFO] CodeEngine:279 - Generated code: C:\Users\TS\STM32CubeIDE\workspace_I2C\I2C_Slave_C6T6\Core\Inc\main.h
2025-04-30 16:22:11,589 [INFO] CodeEngine:255 - oldGeneratedFile, C:\Users\TS\STM32CubeIDE\workspace_I2C\I2C_Slave_C6T6\Core\Src\main.c_save
2025-04-30 16:22:11,748 [INFO] CodeEngine:279 - Generated code: C:\Users\TS\STM32CubeIDE\workspace_I2C\I2C_Slave_C6T6\Core\Src\main.c
2025-04-30 16:22:12,928 [INFO] ProjectBuilder:3076 - Time for Copy HAL[1] : 293mS.
2025-04-30 16:22:12,933 [INFO] ProjectBuilder:4485 - Project Generator version: 4.2.0-B44
2025-04-30 16:22:13,591 [INFO] ConfigFileManager:1495 - The Die is : DIE412
2025-04-30 16:22:17,233 [INFO] ProjectBuilder:4747 - Time for Generating toolchain IDE Files: 4300mS.
2025-04-30 16:22:17,235 [INFO] ProjectBuilder:2947 - Time for Copy CMSIS : 1mS.
2025-04-30 16:22:17,243 [INFO] ProjectBuilder:2947 - Time for Copy CMSIS : 0mS.
2025-04-30 16:48:17,783 [INFO] Gpio:277 - dependency for GPIO [I2C1, SYS]
2025-04-30 16:48:18,035 [WARN] IP:2119 - I2C_Coeff_DF not found: check if there is a RefParameter without a condition.
2025-04-30 16:48:18,035 [WARN] IP:2119 - Analog_Filter not found: check if there is a RefParameter without a condition.
2025-04-30 16:48:33,749 [WARN] IP:2119 - I2C_Coeff_DF not found: check if there is a RefParameter without a condition.
2025-04-30 16:48:33,749 [WARN] IP:2119 - Analog_Filter not found: check if there is a RefParameter without a condition.
2025-04-30 16:48:33,752 [WARN] IP:2119 - I2C_Coeff_DF not found: check if there is a RefParameter without a condition.
2025-04-30 16:48:33,752 [WARN] IP:2119 - Analog_Filter not found: check if there is a RefParameter without a condition.
2025-04-30 16:48:37,539 [WARN] IP:2119 - I2C_Coeff_DF not found: check if there is a RefParameter without a condition.
2025-04-30 16:48:37,539 [WARN] IP:2119 - Analog_Filter not found: check if there is a RefParameter without a condition.
2025-04-30 16:48:37,541 [WARN] IP:2119 - I2C_Coeff_DF not found: check if there is a RefParameter without a condition.
2025-04-30 16:48:37,541 [WARN] IP:2119 - Analog_Filter not found: check if there is a RefParameter without a condition.
2025-04-30 16:48:40,253 [WARN] IP:2119 - I2C_Coeff_DF not found: check if there is a RefParameter without a condition.
2025-04-30 16:48:40,253 [WARN] IP:2119 - Analog_Filter not found: check if there is a RefParameter without a condition.
2025-04-30 16:48:40,254 [WARN] IP:2119 - I2C_Coeff_DF not found: check if there is a RefParameter without a condition.
2025-04-30 16:48:40,254 [WARN] IP:2119 - Analog_Filter not found: check if there is a RefParameter without a condition.
2025-04-30 16:48:43,849 [WARN] IP:2119 - I2C_Coeff_DF not found: check if there is a RefParameter without a condition.
2025-04-30 16:48:43,849 [WARN] IP:2119 - Analog_Filter not found: check if there is a RefParameter without a condition.
2025-04-30 16:48:43,850 [WARN] IP:2119 - I2C_Coeff_DF not found: check if there is a RefParameter without a condition.
2025-04-30 16:48:43,850 [WARN] IP:2119 - Analog_Filter not found: check if there is a RefParameter without a condition.
2025-04-30 16:48:52,520 [INFO] UtilMem:75 - End SaveConfig() Used Memory: 983154744 Bytes (1073741824)
2025-04-30 16:48:55,098 [INFO] UtilMem:75 - End SaveConfig() Used Memory: 1041836944 Bytes (1073741824)
2025-04-30 16:48:55,646 [INFO] BlockDiagram:2759 - set Specific Code input for plugin: NVIC
2025-04-30 16:48:55,646 [INFO] BlockDiagram:2759 - set Specific Code input for plugin: SYS
2025-04-30 16:48:55,646 [INFO] BlockDiagram:2759 - set Specific Code input for plugin: GPIO
2025-04-30 16:48:55,647 [INFO] BlockDiagram:2759 - set Specific Code input for plugin: RCC
2025-04-30 16:48:55,647 [INFO] BlockDiagram:2759 - set Specific Code input for plugin: I2C
2025-04-30 16:48:55,649 [INFO] CodeGenerator:807 - code generatio: config db path: D:\ST\STM32CubeIDE_1.14.1\STM32CubeIDE\plugins\com.st.stm32cube.common.mx_6.10.0.202311202037\\db\
2025-04-30 16:48:55,652 [WARN] IP:2119 - I2C_Coeff_DF not found: check if there is a RefParameter without a condition.
2025-04-30 16:48:55,652 [WARN] IP:2119 - Analog_Filter not found: check if there is a RefParameter without a condition.
2025-04-30 16:48:55,956 [INFO] CodeEngine:255 - oldGeneratedFile, C:\Users\TS\STM32CubeIDE\workspace_I2C\I2C_Slave_C6T6\MXTmpFiles\license.tmp_save
2025-04-30 16:48:56,172 [INFO] CodeEngine:279 - Generated code: C:\Users\TS\STM32CubeIDE\workspace_I2C\I2C_Slave_C6T6\MXTmpFiles\license.tmp
2025-04-30 16:48:56,221 [INFO] CodeEngine:255 - oldGeneratedFile, C:\Users\TS\STM32CubeIDE\workspace_I2C\I2C_Slave_C6T6\MXTmpFiles\gpio.tmp_save
2025-04-30 16:48:56,443 [INFO] CodeEngine:279 - Generated code: C:\Users\TS\STM32CubeIDE\workspace_I2C\I2C_Slave_C6T6\MXTmpFiles\gpio.tmp
2025-04-30 16:48:56,553 [INFO] CodeEngine:255 - oldGeneratedFile, C:\Users\TS\STM32CubeIDE\workspace_I2C\I2C_Slave_C6T6\Core\Src\stm32f1xx_it.c_save
2025-04-30 16:48:57,004 [INFO] CodeEngine:279 - Generated code: C:\Users\TS\STM32CubeIDE\workspace_I2C\I2C_Slave_C6T6\Core\Src\stm32f1xx_it.c
2025-04-30 16:48:57,020 [INFO] CodeEngine:255 - oldGeneratedFile, C:\Users\TS\STM32CubeIDE\workspace_I2C\I2C_Slave_C6T6\Core\Inc\stm32f1xx_it.h_save
2025-04-30 16:48:57,158 [INFO] CodeEngine:279 - Generated code: C:\Users\TS\STM32CubeIDE\workspace_I2C\I2C_Slave_C6T6\Core\Inc\stm32f1xx_it.h
2025-04-30 16:48:57,207 [INFO] CodeEngine:255 - oldGeneratedFile, C:\Users\TS\STM32CubeIDE\workspace_I2C\I2C_Slave_C6T6\Core\Src\stm32f1xx_hal_msp.c_save
2025-04-30 16:48:57,416 [INFO] CodeEngine:279 - Generated code: C:\Users\TS\STM32CubeIDE\workspace_I2C\I2C_Slave_C6T6\Core\Src\stm32f1xx_hal_msp.c
2025-04-30 16:48:57,427 [INFO] CodeEngine:255 - oldGeneratedFile, C:\Users\TS\STM32CubeIDE\workspace_I2C\I2C_Slave_C6T6\MXTmpFiles\system.tmp_save
2025-04-30 16:48:57,715 [INFO] CodeEngine:279 - Generated code: C:\Users\TS\STM32CubeIDE\workspace_I2C\I2C_Slave_C6T6\MXTmpFiles\system.tmp
2025-04-30 16:48:57,805 [INFO] CodeEngine:311 - oldGeneratedFile, C:\Users\TS\STM32CubeIDE\workspace_I2C\I2C_Slave_C6T6\Core\Inc\stm32f1xx_hal_conf.h_save
2025-04-30 16:48:58,313 [INFO] CodeEngine:335 - Generated code: C:\Users\TS\STM32CubeIDE\workspace_I2C\I2C_Slave_C6T6\Core\Inc\stm32f1xx_hal_conf.h
2025-04-30 16:48:58,515 [INFO] CodeEngine:255 - oldGeneratedFile, C:\Users\TS\STM32CubeIDE\workspace_I2C\I2C_Slave_C6T6\Core\Inc\main.h_save
2025-04-30 16:48:58,779 [INFO] CodeEngine:279 - Generated code: C:\Users\TS\STM32CubeIDE\workspace_I2C\I2C_Slave_C6T6\Core\Inc\main.h
2025-04-30 16:48:58,855 [INFO] CodeEngine:255 - oldGeneratedFile, C:\Users\TS\STM32CubeIDE\workspace_I2C\I2C_Slave_C6T6\Core\Src\main.c_save
2025-04-30 16:48:59,283 [INFO] CodeEngine:279 - Generated code: C:\Users\TS\STM32CubeIDE\workspace_I2C\I2C_Slave_C6T6\Core\Src\main.c
2025-04-30 16:49:00,478 [INFO] ProjectBuilder:3076 - Time for Copy HAL[1] : 293mS.
2025-04-30 16:49:00,485 [INFO] ProjectBuilder:4485 - Project Generator version: 4.2.0-B44
2025-04-30 16:49:01,093 [INFO] ConfigFileManager:1495 - The Die is : DIE412
2025-04-30 16:49:04,808 [INFO] ProjectBuilder:4747 - Time for Generating toolchain IDE Files: 4323mS.
2025-04-30 16:49:04,811 [INFO] ProjectBuilder:2947 - Time for Copy CMSIS : 1mS.
2025-04-30 16:49:04,818 [INFO] ProjectBuilder:2947 - Time for Copy CMSIS : 1mS.
2025-04-30 17:11:12,713 [ERROR] LogOutputStream:75 - [STDERR_REDIRECT] 
