2025-05-06 00:05:01,818 [ERROR] LogOutputStream:75 - [STDERR_REDIRECT] 
2025-05-06 14:09:48,753 [INFO] Activator:176 - 


2025-05-06 14:09:48,755 [INFO] Activator:177 - !SESSION log4j initialized
2025-05-06 14:09:57,148 [INFO] LogOutputStream:77 - [STDOUT_REDIRECT] 
2025-05-06 14:10:01,101 [INFO] ApplicationProperties:184 - Using Application install path: D:\ST\STM32CubeIDE_1.14.1\STM32CubeIDE\plugins\com.st.stm32cube.common.mx_6.10.0.202311202037
2025-05-06 14:10:01,122 [INFO] DbMcusXml:78 - Set database path to: D:\ST\STM32CubeIDE_1.14.1\STM32CubeIDE\plugins\com.st.stm32cube.common.mx_6.10.0.202311202037\\db\/mcu/
2025-05-06 14:10:01,123 [INFO] ApiDb:274 - Set plugin database path to: D:\ST\STM32CubeIDE_1.14.1\STM32CubeIDE\plugins\com.st.stm32cube.common.mx_6.10.0.202311202037\\db\/plugins/boardmanager/
2025-05-06 14:10:01,123 [WARN] ApiDb:259 - Overriding images path with different value:  => D:\ST\STM32CubeIDE_1.14.1\STM32CubeIDE\plugins\com.st.stm32cube.common.mx_6.10.0.202311202037\\db\/plugins/mcufinder/images/
2025-05-06 14:10:01,134 [INFO] ApiDb:250 - Set database path to: C:\Users\TS\.stmcufinder\plugins\mcufinder//mcu/
2025-05-06 14:10:01,135 [INFO] DbMcusAds:125 - Set database path to: C:\Users\TS\.stmcufinder\plugins\mcufinder//mcu/
2025-05-06 14:10:01,137 [INFO] CrossReferenceDbSqlite:203 - Set database path to: C:\Users\TS\.stmcufinder\plugins\mcufinder//mcu/cs/
2025-05-06 14:10:01,285 [INFO] RulesReader:64 - Compatibility file has been processed (297 Rules)
2025-05-06 14:10:01,374 [INFO] DbMcusXml:78 - Set database path to: D:\ST\STM32CubeIDE_1.14.1\STM32CubeIDE\plugins\com.st.stm32cube.common.mx_6.10.0.202311202037\\db\/mcu/
2025-05-06 14:10:01,374 [INFO] ApiDb:274 - Set plugin database path to: D:\ST\STM32CubeIDE_1.14.1\STM32CubeIDE\plugins\com.st.stm32cube.common.mx_6.10.0.202311202037\\db\/plugins/boardmanager/
2025-05-06 14:10:01,374 [INFO] ApiDb:261 - Set plugin images path to: D:\ST\STM32CubeIDE_1.14.1\STM32CubeIDE\plugins\com.st.stm32cube.common.mx_6.10.0.202311202037\\db\/plugins/mcufinder/images/
2025-05-06 14:10:01,375 [WARN] DbFile:41 - Overriding database path with different value: C:\Users\TS\.stmcufinder\plugins\mcufinder/ => C:\Users\TS\.stmcufinder\plugins\mcufinder
2025-05-06 14:10:01,375 [INFO] ApiDb:250 - Set database path to: C:\Users\TS\.stmcufinder\plugins\mcufinder//mcu/
2025-05-06 14:10:01,375 [WARN] DbFile:41 - Overriding database path with different value: C:\Users\TS\.stmcufinder\plugins\mcufinder/ => C:\Users\TS\.stmcufinder\plugins\mcufinder
2025-05-06 14:10:01,375 [INFO] DbMcusAds:125 - Set database path to: C:\Users\TS\.stmcufinder\plugins\mcufinder//mcu/
2025-05-06 14:10:01,375 [WARN] DbFile:41 - Overriding database path with different value: C:\Users\TS\.stmcufinder\plugins\mcufinder/ => C:\Users\TS\.stmcufinder\plugins\mcufinder
2025-05-06 14:10:01,375 [WARN] DbFile:41 - Overriding database path with different value: C:\Users\TS\.stmcufinder\plugins\mcufinder/ => C:\Users\TS\.stmcufinder\plugins\mcufinder
2025-05-06 14:10:01,375 [INFO] CrossReferenceDbSqlite:203 - Set database path to: C:\Users\TS\.stmcufinder\plugins\mcufinder//mcu/cs/
2025-05-06 14:10:01,471 [INFO] MainPanel:264 - HeapMemory: 268435456
2025-05-06 14:10:01,620 [INFO] DbMcusXml:78 - Set database path to: D:\ST\STM32CubeIDE_1.14.1\STM32CubeIDE\plugins\com.st.stm32cube.common.mx_6.10.0.202311202037\\db\/mcu/
2025-05-06 14:10:01,620 [INFO] ApiDb:274 - Set plugin database path to: D:\ST\STM32CubeIDE_1.14.1\STM32CubeIDE\plugins\com.st.stm32cube.common.mx_6.10.0.202311202037\\db\/plugins/boardmanager/
2025-05-06 14:10:01,620 [INFO] ApiDb:261 - Set plugin images path to: D:\ST\STM32CubeIDE_1.14.1\STM32CubeIDE\plugins\com.st.stm32cube.common.mx_6.10.0.202311202037\\db\/plugins/mcufinder/images/
2025-05-06 14:10:01,621 [WARN] DbFile:41 - Overriding database path with different value: C:\Users\TS\.stmcufinder\plugins\mcufinder/ => C:\Users\TS\.stmcufinder\plugins\mcufinder
2025-05-06 14:10:01,621 [INFO] ApiDb:250 - Set database path to: C:\Users\TS\.stmcufinder\plugins\mcufinder//mcu/
2025-05-06 14:10:01,621 [WARN] DbFile:41 - Overriding database path with different value: C:\Users\TS\.stmcufinder\plugins\mcufinder/ => C:\Users\TS\.stmcufinder\plugins\mcufinder
2025-05-06 14:10:01,622 [INFO] DbMcusAds:125 - Set database path to: C:\Users\TS\.stmcufinder\plugins\mcufinder//mcu/
2025-05-06 14:10:01,622 [WARN] DbFile:41 - Overriding database path with different value: C:\Users\TS\.stmcufinder\plugins\mcufinder/ => C:\Users\TS\.stmcufinder\plugins\mcufinder
2025-05-06 14:10:01,622 [WARN] DbFile:41 - Overriding database path with different value: C:\Users\TS\.stmcufinder\plugins\mcufinder/ => C:\Users\TS\.stmcufinder\plugins\mcufinder
2025-05-06 14:10:01,622 [INFO] CrossReferenceDbSqlite:203 - Set database path to: C:\Users\TS\.stmcufinder\plugins\mcufinder//mcu/cs/
2025-05-06 14:10:01,665 [INFO] ApplicationProperties:184 - Using Application install path: D:\ST\STM32CubeIDE_1.14.1\STM32CubeIDE\plugins\com.st.stm32cube.common.mx_6.10.0.202311202037
2025-05-06 14:10:01,670 [INFO] PluginManage:196 - Search for loadable plugins [exclusion list=, ]
2025-05-06 14:10:01,673 [INFO] PluginManage:310 - Check plugin analytics
2025-05-06 14:10:01,896 [INFO] AnalyticsPlugin:253 - Accepted Software Licenses: 
2025-05-06 14:10:01,897 [INFO] AnalyticsPlugin:255 - Accepted CMSIS Pack Licenses: 
2025-05-06 14:10:01,897 [INFO] AnalyticsPlugin:257 - Accepted Firmware Licenses: FW.F4.1.28.0
2025-05-06 14:10:01,900 [INFO] PluginManage:359 - Loaded plugin analytics (category:tool,tabindex:-1)
2025-05-06 14:10:01,900 [INFO] PluginManage:310 - Check plugin cadmodel
2025-05-06 14:10:01,924 [INFO] CADModel:105 - Init CAD model plugin
2025-05-06 14:10:01,924 [INFO] PluginManage:359 - Loaded plugin cadmodel (category:power,tabindex:5)
2025-05-06 14:10:01,924 [INFO] PluginManage:310 - Check plugin clock
2025-05-06 14:10:01,954 [INFO] PluginManage:359 - Loaded plugin clock (category:base,tabindex:2)
2025-05-06 14:10:01,954 [INFO] PluginManage:310 - Check plugin ddr
2025-05-06 14:10:01,957 [INFO] PluginManage:359 - Loaded plugin ddr (category:tool,tabindex:6)
2025-05-06 14:10:01,957 [INFO] PluginManage:310 - Check plugin filemanager
2025-05-06 14:10:02,109 [INFO] PluginManage:359 - Loaded plugin filemanager (category:base,tabindex:10)
2025-05-06 14:10:02,109 [INFO] PluginManage:310 - Check plugin ipmanager
2025-05-06 14:10:02,116 [INFO] PluginManage:359 - Loaded plugin ipmanager (category:base,tabindex:5)
2025-05-06 14:10:02,117 [INFO] PluginManage:310 - Check plugin lpbam
2025-05-06 14:10:02,141 [INFO] PluginManage:359 - Loaded plugin lpbam (category:base,tabindex:0)
2025-05-06 14:10:02,142 [INFO] PluginManage:310 - Check plugin memorymap
2025-05-06 14:10:02,173 [INFO] PluginManage:359 - Loaded plugin memorymap (category:base,tabindex:4)
2025-05-06 14:10:02,173 [INFO] PluginManage:310 - Check plugin pinoutandconfiguration
2025-05-06 14:10:02,199 [INFO] PluginManage:359 - Loaded plugin pinoutandconfiguration (category:base,tabindex:1)
2025-05-06 14:10:02,199 [INFO] PluginManage:310 - Check plugin pinoutconfig
2025-05-06 14:10:02,321 [WARN] SupportedApi:132 - Cannot load RTOS API schema: s4s-elt-must-match.1: The content of 'definitions' must match (annotation?, (simpleType | complexType)?, (unique | key | keyref)*)). A problem was found starting at: attribute.
2025-05-06 14:10:02,473 [INFO] PluginManage:359 - Loaded plugin pinoutconfig (category:base,tabindex:0)
2025-05-06 14:10:02,473 [INFO] PluginManage:310 - Check plugin power
2025-05-06 14:10:02,502 [INFO] PluginManage:359 - Loaded plugin power (category:power,tabindex:4)
2025-05-06 14:10:02,502 [INFO] PluginManage:310 - Check plugin projectmanager
2025-05-06 14:10:02,518 [INFO] PluginManage:359 - Loaded plugin projectmanager (category:projectmanager,tabindex:3)
2025-05-06 14:10:02,518 [INFO] PluginManage:310 - Check plugin thirdparty
2025-05-06 14:10:02,912 [INFO] PluginManage:359 - Loaded plugin thirdparty (category:base,tabindex:-1)
2025-05-06 14:10:02,912 [WARN] IntegrityCheckThread:84 - waiting for thirdparty lock release [integrity check]
2025-05-06 14:10:02,912 [INFO] PluginManage:310 - Check plugin tools
2025-05-06 14:10:02,912 [INFO] IntegrityCheckThread:86 - entering critical section [integrity check]
2025-05-06 14:10:02,913 [INFO] ThirdPartyUpdaterWithRetryManager:70 - Updater plugin not ready yet. [1/15]
2025-05-06 14:10:02,971 [INFO] PluginManage:359 - Loaded plugin tools (category:base,tabindex:7)
2025-05-06 14:10:02,971 [INFO] PluginManage:310 - Check plugin tutovideos
2025-05-06 14:10:03,257 [INFO] PluginManage:359 - Loaded plugin tutovideos (category:base,tabindex:-1)
2025-05-06 14:10:03,257 [INFO] PluginManage:310 - Check plugin updater
2025-05-06 14:10:03,272 [INFO] PluginManage:359 - Loaded plugin updater (category:base,tabindex:12)
2025-05-06 14:10:03,272 [INFO] PluginManage:310 - Check plugin userauth
2025-05-06 14:10:03,278 [INFO] UserAuth:114 - Init User Auth plugin
2025-05-06 14:10:03,278 [INFO] PluginManage:359 - Loaded plugin userauth (category:base,tabindex:14)
2025-05-06 14:10:03,279 [INFO] PluginManage:283 - PluginManage : Loaded plugins [17]
2025-05-06 14:10:03,547 [INFO] PinOutPanel:1499 - setPackage(No Configuration,No Configuration)
2025-05-06 14:10:03,632 [INFO] CADModel:165 - CPN selected for project level
2025-05-06 14:10:03,632 [INFO] CADModel:114 - Register for checkConnection events
2025-05-06 14:10:03,664 [INFO] IPUIPlugin:80 - create IPUIPlugin
2025-05-06 14:10:03,664 [INFO] PluginManager:220 - loadIPPluginJar : add adc
2025-05-06 14:10:03,722 [INFO] IPUIPlugin:80 - create IPUIPlugin
2025-05-06 14:10:03,723 [INFO] PluginManager:220 - loadIPPluginJar : add aes
2025-05-06 14:10:03,788 [INFO] IPUIPlugin:80 - create IPUIPlugin
2025-05-06 14:10:03,788 [INFO] PluginManager:220 - loadIPPluginJar : add can
2025-05-06 14:10:03,828 [INFO] IPUIPlugin:80 - create IPUIPlugin
2025-05-06 14:10:03,829 [INFO] PluginManager:220 - loadIPPluginJar : add comp
2025-05-06 14:10:03,887 [INFO] IPUIPlugin:80 - create IPUIPlugin
2025-05-06 14:10:03,887 [INFO] PluginManager:220 - loadIPPluginJar : add cryp
2025-05-06 14:10:03,940 [INFO] IPUIPlugin:80 - create IPUIPlugin
2025-05-06 14:10:03,940 [INFO] PluginManager:220 - loadIPPluginJar : add dfsdm
2025-05-06 14:10:03,963 [INFO] IPUIPlugin:80 - create IPUIPlugin
2025-05-06 14:10:03,964 [INFO] PluginManager:220 - loadIPPluginJar : add dma
2025-05-06 14:10:04,034 [INFO] IPUIPlugin:80 - create IPUIPlugin
2025-05-06 14:10:04,034 [INFO] PluginManager:220 - loadIPPluginJar : add dma3
2025-05-06 14:10:04,069 [INFO] IPUIPlugin:80 - create IPUIPlugin
2025-05-06 14:10:04,070 [INFO] PluginManager:220 - loadIPPluginJar : add fatfs
2025-05-06 14:10:04,153 [INFO] IPUIPlugin:80 - create IPUIPlugin
2025-05-06 14:10:04,153 [INFO] PluginManager:220 - loadIPPluginJar : add fmc
2025-05-06 14:10:04,181 [INFO] IPUIPlugin:80 - create IPUIPlugin
2025-05-06 14:10:04,182 [INFO] PluginManager:220 - loadIPPluginJar : add freertos
2025-05-06 14:10:04,222 [INFO] IPUIPlugin:80 - create IPUIPlugin
2025-05-06 14:10:04,222 [INFO] PluginManager:220 - loadIPPluginJar : add genericplugin
2025-05-06 14:10:04,385 [INFO] IPUIPlugin:80 - create IPUIPlugin
2025-05-06 14:10:04,385 [INFO] PluginManager:220 - loadIPPluginJar : add gfxmmu
2025-05-06 14:10:04,609 [INFO] IPUIPlugin:80 - create IPUIPlugin
2025-05-06 14:10:04,609 [INFO] PluginManager:220 - loadIPPluginJar : add gic
2025-05-06 14:10:04,631 [INFO] IPUIPlugin:80 - create IPUIPlugin
2025-05-06 14:10:04,631 [INFO] PluginManager:220 - loadIPPluginJar : add gpio
2025-05-06 14:10:04,767 [INFO] IPUIPlugin:80 - create IPUIPlugin
2025-05-06 14:10:04,768 [INFO] PluginManager:220 - loadIPPluginJar : add gtzc
2025-05-06 14:10:04,823 [INFO] IPUIPlugin:80 - create IPUIPlugin
2025-05-06 14:10:04,824 [INFO] PluginManager:220 - loadIPPluginJar : add hash
2025-05-06 14:10:04,910 [INFO] IPUIPlugin:80 - create IPUIPlugin
2025-05-06 14:10:04,910 [INFO] PluginManager:220 - loadIPPluginJar : add i2c
2025-05-06 14:10:04,974 [INFO] IPUIPlugin:80 - create IPUIPlugin
2025-05-06 14:10:04,974 [INFO] PluginManager:220 - loadIPPluginJar : add i2s
2025-05-06 14:10:05,046 [INFO] IPUIPlugin:80 - create IPUIPlugin
2025-05-06 14:10:05,046 [INFO] PluginManager:220 - loadIPPluginJar : add i3c
2025-05-06 14:10:05,200 [INFO] IPUIPlugin:80 - create IPUIPlugin
2025-05-06 14:10:05,200 [INFO] PluginManager:220 - loadIPPluginJar : add ipddr
2025-05-06 14:10:05,346 [INFO] IPUIPlugin:80 - create IPUIPlugin
2025-05-06 14:10:05,346 [INFO] PluginManager:220 - loadIPPluginJar : add linkedlist
2025-05-06 14:10:05,421 [INFO] IPUIPlugin:80 - create IPUIPlugin
2025-05-06 14:10:05,421 [INFO] PluginManager:220 - loadIPPluginJar : add lorawan
2025-05-06 14:10:05,525 [INFO] IPUIPlugin:80 - create IPUIPlugin
2025-05-06 14:10:05,525 [INFO] PluginManager:220 - loadIPPluginJar : add ltdc
2025-05-06 14:10:05,554 [INFO] IPUIPlugin:80 - create IPUIPlugin
2025-05-06 14:10:05,554 [INFO] PluginManager:220 - loadIPPluginJar : add mdma
2025-05-06 14:10:05,572 [INFO] IPUIPlugin:80 - create IPUIPlugin
2025-05-06 14:10:05,573 [INFO] PluginManager:220 - loadIPPluginJar : add nvic
2025-05-06 14:10:05,634 [INFO] IPUIPlugin:80 - create IPUIPlugin
2025-05-06 14:10:05,634 [INFO] PluginManager:220 - loadIPPluginJar : add opamp
2025-05-06 14:10:05,741 [INFO] IPUIPlugin:80 - create IPUIPlugin
2025-05-06 14:10:05,742 [INFO] PluginManager:220 - loadIPPluginJar : add openamp
2025-05-06 14:10:05,836 [INFO] IPUIPlugin:80 - create IPUIPlugin
2025-05-06 14:10:05,837 [INFO] PluginManager:220 - loadIPPluginJar : add pdm2pcm
2025-05-06 14:10:05,870 [INFO] IPUIPlugin:80 - create IPUIPlugin
2025-05-06 14:10:05,877 [INFO] PluginManager:220 - loadIPPluginJar : add plateformsettings
2025-05-06 14:10:05,914 [INFO] ThirdPartyUpdaterWithRetryManager:70 - Updater plugin not ready yet. [2/15]
2025-05-06 14:10:05,952 [INFO] IPUIPlugin:80 - create IPUIPlugin
2025-05-06 14:10:05,952 [INFO] PluginManager:220 - loadIPPluginJar : add quadspi
2025-05-06 14:10:05,975 [INFO] IPUIPlugin:80 - create IPUIPlugin
2025-05-06 14:10:05,975 [INFO] PluginManager:220 - loadIPPluginJar : add resmgrutility
2025-05-06 14:10:06,099 [INFO] IPUIPlugin:80 - create IPUIPlugin
2025-05-06 14:10:06,099 [INFO] PluginManager:220 - loadIPPluginJar : add sai
2025-05-06 14:10:06,229 [INFO] IPUIPlugin:80 - create IPUIPlugin
2025-05-06 14:10:06,230 [INFO] PluginManager:220 - loadIPPluginJar : add spi
2025-05-06 14:10:06,390 [INFO] IPUIPlugin:80 - create IPUIPlugin
2025-05-06 14:10:06,391 [INFO] PluginManager:220 - loadIPPluginJar : add stm32_wpan
2025-05-06 14:10:06,448 [INFO] IPUIPlugin:80 - create IPUIPlugin
2025-05-06 14:10:06,448 [INFO] PluginManager:220 - loadIPPluginJar : add tim
2025-05-06 14:10:06,581 [INFO] IPUIPlugin:80 - create IPUIPlugin
2025-05-06 14:10:06,581 [INFO] PluginManager:220 - loadIPPluginJar : add touchsensing
2025-05-06 14:10:06,621 [INFO] IPUIPlugin:80 - create IPUIPlugin
2025-05-06 14:10:06,621 [INFO] PluginManager:220 - loadIPPluginJar : add tracer_emb
2025-05-06 14:10:06,662 [INFO] IPUIPlugin:80 - create IPUIPlugin
2025-05-06 14:10:06,662 [INFO] PluginManager:220 - loadIPPluginJar : add ts
2025-05-06 14:10:06,699 [INFO] IPUIPlugin:80 - create IPUIPlugin
2025-05-06 14:10:06,699 [INFO] PluginManager:220 - loadIPPluginJar : add tsc
2025-05-06 14:10:06,733 [INFO] IPUIPlugin:80 - create IPUIPlugin
2025-05-06 14:10:06,734 [INFO] PluginManager:220 - loadIPPluginJar : add ucpd
2025-05-06 14:10:06,801 [INFO] IPUIPlugin:80 - create IPUIPlugin
2025-05-06 14:10:06,801 [INFO] PluginManager:220 - loadIPPluginJar : add usart
2025-05-06 14:10:06,872 [INFO] IPUIPlugin:80 - create IPUIPlugin
2025-05-06 14:10:06,872 [INFO] PluginManager:220 - loadIPPluginJar : add usbx
2025-05-06 14:10:07,003 [INFO] CADModel:165 - CPN selected for project level
2025-05-06 14:10:07,004 [INFO] CADModel:114 - Register for checkConnection events
2025-05-06 14:10:07,004 [FATAL] Updater:308 - Updater called before beeing initialized
2025-05-06 14:10:07,004 [ERROR] CADModel:125 - Updater not yet initialized, retry later 
2025-05-06 14:10:07,167 [INFO] CADModel:165 - CPN selected for project level
2025-05-06 14:10:07,168 [INFO] CADModel:114 - Register for checkConnection events
2025-05-06 14:10:07,168 [FATAL] Updater:308 - Updater called before beeing initialized
2025-05-06 14:10:07,168 [ERROR] CADModel:125 - Updater not yet initialized, retry later 
2025-05-06 14:10:07,171 [FATAL] Updater:308 - Updater called before beeing initialized
2025-05-06 14:10:07,299 [FATAL] Updater:308 - Updater called before beeing initialized
2025-05-06 14:10:07,312 [INFO] DbMcusAds:53 - JSON generation date=Thu Mar 06 21:54:22 ICT 2025 (1741272862078)
2025-05-06 14:10:07,312 [FATAL] Updater:308 - Updater called before beeing initialized
2025-05-06 14:10:07,430 [WARN] DetailPanel:346 - Failed to get advertising image, set to default
2025-05-06 14:10:07,527 [FATAL] Updater:308 - Updater called before beeing initialized
2025-05-06 14:10:07,530 [FATAL] Updater:308 - Updater called before beeing initialized
2025-05-06 14:10:07,530 [FATAL] Updater:308 - Updater called before beeing initialized
2025-05-06 14:10:07,530 [WARN] DetailPanel:346 - Failed to get advertising image, set to default
2025-05-06 14:10:07,531 [FATAL] Updater:308 - Updater called before beeing initialized
2025-05-06 14:10:07,617 [ERROR] Updater:1120 - MainUpdater not yet initialized. External WinMGr cannot be set.
2025-05-06 14:10:07,634 [INFO] Updater:1056 - Updater Version found : 6.10.0
2025-05-06 14:10:07,659 [INFO] ApplicationProperties:184 - Using Application install path: D:\ST\STM32CubeIDE_1.14.1\STM32CubeIDE\plugins\com.st.stm32cube.common.mx_6.10.0.202311202037
2025-05-06 14:10:08,919 [INFO] ThirdPartyUpdaterWithRetryManager:70 - Updater plugin not ready yet. [3/15]
2025-05-06 14:10:09,243 [ERROR] LogOutputStream:75 - [STDERR_REDIRECT] May 06, 2025 2:10:09 PM java.util.prefs.WindowsPreferences <init>
2025-05-06 14:10:09,245 [ERROR] LogOutputStream:75 - [STDERR_REDIRECT] WARNING: Could not open/create prefs root node Software\JavaSoft\Prefs at root 0xffffffff80000002. Windows RegCreateKeyEx(...) returned error code 5.
2025-05-06 14:10:09,245 [ERROR] LogOutputStream:75 - [STDERR_REDIRECT] 
2025-05-06 14:10:09,851 [INFO] MainUpdater:2873 - connection check result : 10
2025-05-06 14:10:09,852 [INFO] MainUpdater:290 - Updater Check For Update Now.
2025-05-06 14:10:09,852 [INFO] MicroXplorer:498 - Change Database Version : DB.6.0.100
2025-05-06 14:10:09,880 [INFO] McuFinderGlobals:63 - Set McuFinder mode to 2 (CubeIDE integrated)
2025-05-06 14:10:10,138 [INFO] CheckServerUpdateThread:120 - End of CheckServer Thread
2025-05-06 14:10:11,620 [INFO] UserAuth:404 - Internet connection configuration mode: 1
2025-05-06 14:10:11,655 [INFO] JxBrowserEngine:152 - Initiate JxBrowser Engine with user profile folder
2025-05-06 14:10:12,213 [WARN] PackLoader:240 - Cannot read IP mode file for STMicroelectronics.FP-SNS-MOTENVWB1.1.4.0
2025-05-06 14:10:12,239 [WARN] PackLoader:240 - Cannot read IP mode file for STMicroelectronics.FP-ATR-ASTRA1.2.0.2
2025-05-06 14:10:12,256 [WARN] PackLoader:240 - Cannot read IP mode file for STMicroelectronics.FP-ATR-ASTRA1.2.0.1
2025-05-06 14:10:12,279 [WARN] PackLoader:240 - Cannot read IP mode file for STMicroelectronics.X-CUBE-SMBUS.2.1.0
2025-05-06 14:10:12,304 [WARN] PackLoader:240 - Cannot read IP mode file for STMicroelectronics.X-CUBE-WB05N.1.1.0
2025-05-06 14:10:12,363 [WARN] PackLoader:240 - Cannot read IP mode file for STMicroelectronics.X-CUBE-AZRTOS-F7.1.1.0
2025-05-06 14:10:12,396 [WARN] PackLoader:240 - Cannot read IP mode file for STMicroelectronics.FP-SNS-FLIGHT1.5.0.2
2025-05-06 14:10:12,453 [WARN] PackLoader:240 - Cannot read IP mode file for Infineon.AIROC-Wi-Fi-Bluetooth-STM32.1.7.0
2025-05-06 14:10:12,487 [WARN] PackLoader:240 - Cannot read IP mode file for STMicroelectronics.X-CUBE-DISPLAY.3.0.0
2025-05-06 14:10:12,517 [WARN] PackLoader:240 - Cannot read IP mode file for STMicroelectronics.X-CUBE-BLE1.7.0.0
2025-05-06 14:10:12,542 [WARN] PackLoader:240 - Cannot read IP mode file for STMicroelectronics.X-CUBE-NFC10.1.0.0
2025-05-06 14:10:12,567 [WARN] PackLoader:240 - Cannot read IP mode file for STMicroelectronics.X-CUBE-BLEMGR.4.0.0
2025-05-06 14:10:12,594 [WARN] PackLoader:240 - Cannot read IP mode file for emotas.I-CUBE-CANOPEN.1.3.0
2025-05-06 14:10:12,611 [WARN] PackLoader:240 - Cannot read IP mode file for STMicroelectronics.X-CUBE-AI.10.0.0
2025-05-06 14:10:12,630 [WARN] PackLoader:240 - Cannot read IP mode file for STMicroelectronics.FP-SNS-SMARTAG2.1.2.0
2025-05-06 14:10:12,647 [ERROR] Engine:466 - C:\Users\TS\.stm32cubemx\thirdparties\pdsc\STMicroelectronics.FP-SNS-FLIGHT1.5.1.0.pdsc: PDSC version is not supported
2025-05-06 14:10:12,740 [WARN] PackLoader:240 - Cannot read IP mode file for STMicroelectronics.X-CUBE-MEMS1.11.1.0
2025-05-06 14:10:12,937 [INFO] LogOutputStream:77 - [STDOUT_REDIRECT] 1 : Invalid condition id : UX_CORESTACK_Condition cause : null
2025-05-06 14:10:12,938 [INFO] LogOutputStream:77 - [STDOUT_REDIRECT] 1 : Invalid condition id : UX_CORESTACK_Condition cause : null
2025-05-06 14:10:12,939 [INFO] LogOutputStream:77 - [STDOUT_REDIRECT] 1 : Invalid condition id : UX_CORESTACK_Condition cause : null
2025-05-06 14:10:12,941 [INFO] LogOutputStream:77 - [STDOUT_REDIRECT] 1 : Invalid condition id : UX_CORESTACK_Condition cause : null
2025-05-06 14:10:12,943 [INFO] LogOutputStream:77 - [STDOUT_REDIRECT] 1 : Invalid condition id : UX_CORESTACK_Condition cause : null
2025-05-06 14:10:12,947 [WARN] PackLoader:240 - Cannot read IP mode file for STMicroelectronics.X-CUBE-AZRTOS-WL.2.0.0
2025-05-06 14:10:12,976 [WARN] PackLoader:240 - Cannot read IP mode file for STMicroelectronics.FP-SNS-MOTENV1.5.0.0
2025-05-06 14:10:13,008 [WARN] PackLoader:240 - Cannot read IP mode file for wolfSSL.I-CUBE-wolfMQTT.1.19.0
2025-05-06 14:10:13,042 [WARN] PackLoader:240 - Cannot read IP mode file for WES.I-CUBE-Cesium.1.3.0
2025-05-06 14:10:13,076 [WARN] PackLoader:240 - Cannot read IP mode file for STMicroelectronics.X-CUBE-BLE2.3.3.0
2025-05-06 14:10:13,110 [WARN] PackLoader:240 - Cannot read IP mode file for STMicroelectronics.X-CUBE-NFC9.1.0.0
2025-05-06 14:10:13,139 [WARN] PackLoader:240 - Cannot read IP mode file for STMicroelectronics.X-CUBE-BLE1.7.1.0
2025-05-06 14:10:13,255 [WARN] PackLoader:240 - Cannot read IP mode file for STMicroelectronics.X-CUBE-MEMS1.11.2.0
2025-05-06 14:10:13,478 [WARN] PackLoader:240 - Cannot read IP mode file for STMicroelectronics.X-CUBE-AZRTOS-G0.1.1.0
2025-05-06 14:10:13,515 [WARN] PackLoader:240 - Cannot read IP mode file for STMicroelectronics.X-CUBE-SAFEA1.1.2.2
2025-05-06 14:10:13,549 [WARN] PackLoader:240 - Cannot read IP mode file for STMicroelectronics.X-CUBE-NFC4.3.0.0
2025-05-06 14:10:13,590 [WARN] PackLoader:240 - Cannot read IP mode file for EmbeddedOffice.I-CUBE-FS-RTOS.1.0.1
2025-05-06 14:10:13,591 [ERROR] ConditionMgr:805 - Attr not supported : Dmpu
2025-05-06 14:10:13,591 [ERROR] ConditionMgr:805 - Attr not supported : Dmpu
2025-05-06 14:10:13,591 [ERROR] ConditionMgr:805 - Attr not supported : Dmpu
2025-05-06 14:10:13,591 [ERROR] ConditionMgr:805 - Attr not supported : Dmpu
2025-05-06 14:10:13,591 [ERROR] ConditionMgr:805 - Attr not supported : Dmpu
2025-05-06 14:10:13,591 [ERROR] ConditionMgr:805 - Attr not supported : Dmpu
2025-05-06 14:10:13,592 [ERROR] ConditionMgr:805 - Attr not supported : Dmpu
2025-05-06 14:10:13,592 [ERROR] ConditionMgr:805 - Attr not supported : Dmpu
2025-05-06 14:10:13,592 [ERROR] ConditionMgr:805 - Attr not supported : Dmpu
2025-05-06 14:10:13,592 [ERROR] ConditionMgr:805 - Attr not supported : Dmpu
2025-05-06 14:10:13,592 [ERROR] ConditionMgr:805 - Attr not supported : Dmpu
2025-05-06 14:10:13,592 [ERROR] ConditionMgr:805 - Attr not supported : Dmpu
2025-05-06 14:10:13,592 [ERROR] ConditionMgr:805 - Attr not supported : Dmpu
2025-05-06 14:10:13,592 [ERROR] ConditionMgr:805 - Attr not supported : Dmpu
2025-05-06 14:10:13,593 [ERROR] ConditionMgr:805 - Attr not supported : Dmpu
2025-05-06 14:10:13,593 [ERROR] ConditionMgr:805 - Attr not supported : Dmpu
2025-05-06 14:10:13,593 [ERROR] ConditionMgr:805 - Attr not supported : Dmpu
2025-05-06 14:10:13,593 [ERROR] ConditionMgr:805 - Attr not supported : Dmpu
2025-05-06 14:10:13,593 [ERROR] ConditionMgr:805 - Attr not supported : Dmpu
2025-05-06 14:10:13,593 [ERROR] ConditionMgr:805 - Attr not supported : Dmpu
2025-05-06 14:10:13,593 [ERROR] ConditionMgr:805 - Attr not supported : Dmpu
2025-05-06 14:10:13,593 [ERROR] ConditionMgr:805 - Attr not supported : Dmpu
2025-05-06 14:10:13,594 [ERROR] ConditionMgr:805 - Attr not supported : Dmpu
2025-05-06 14:10:13,594 [ERROR] ConditionMgr:805 - Attr not supported : Dmpu
2025-05-06 14:10:13,594 [ERROR] ConditionMgr:805 - Attr not supported : Dmpu
2025-05-06 14:10:13,594 [ERROR] ConditionMgr:805 - Attr not supported : Dmpu
2025-05-06 14:10:13,594 [ERROR] ConditionMgr:805 - Attr not supported : Dmpu
2025-05-06 14:10:13,594 [ERROR] ConditionMgr:805 - Attr not supported : Dmpu
2025-05-06 14:10:13,594 [ERROR] ConditionMgr:805 - Attr not supported : Dmpu
2025-05-06 14:10:13,594 [ERROR] ConditionMgr:805 - Attr not supported : Dmpu
2025-05-06 14:10:13,594 [ERROR] ConditionMgr:805 - Attr not supported : Dmpu
2025-05-06 14:10:13,594 [ERROR] ConditionMgr:805 - Attr not supported : Dmpu
2025-05-06 14:10:13,595 [ERROR] ConditionMgr:805 - Attr not supported : Dmpu
2025-05-06 14:10:13,595 [ERROR] ConditionMgr:805 - Attr not supported : Dmpu
2025-05-06 14:10:13,595 [ERROR] ConditionMgr:805 - Attr not supported : Dmpu
2025-05-06 14:10:13,595 [ERROR] ConditionMgr:805 - Attr not supported : Dmpu
2025-05-06 14:10:13,595 [ERROR] ConditionMgr:805 - Attr not supported : Dmpu
2025-05-06 14:10:13,595 [ERROR] ConditionMgr:805 - Attr not supported : Dmpu
2025-05-06 14:10:13,596 [ERROR] ConditionMgr:805 - Attr not supported : Dmpu
2025-05-06 14:10:13,596 [ERROR] ConditionMgr:805 - Attr not supported : Dmpu
2025-05-06 14:10:13,596 [ERROR] ConditionMgr:805 - Attr not supported : Dmpu
2025-05-06 14:10:13,596 [ERROR] ConditionMgr:805 - Attr not supported : Dmpu
2025-05-06 14:10:13,596 [ERROR] ConditionMgr:805 - Attr not supported : Dmpu
2025-05-06 14:10:13,596 [ERROR] ConditionMgr:805 - Attr not supported : Dmpu
2025-05-06 14:10:13,596 [ERROR] ConditionMgr:805 - Attr not supported : Dmpu
2025-05-06 14:10:13,596 [ERROR] ConditionMgr:805 - Attr not supported : Dmpu
2025-05-06 14:10:13,596 [ERROR] ConditionMgr:805 - Attr not supported : Dmpu
2025-05-06 14:10:13,596 [ERROR] ConditionMgr:805 - Attr not supported : Dmpu
2025-05-06 14:10:13,596 [ERROR] ConditionMgr:805 - Attr not supported : Dmpu
2025-05-06 14:10:13,597 [ERROR] ConditionMgr:805 - Attr not supported : Dmpu
2025-05-06 14:10:13,597 [ERROR] ConditionMgr:805 - Attr not supported : Dmpu
2025-05-06 14:10:13,597 [ERROR] ConditionMgr:805 - Attr not supported : Dmpu
2025-05-06 14:10:13,597 [ERROR] ConditionMgr:805 - Attr not supported : Dmpu
2025-05-06 14:10:13,597 [ERROR] ConditionMgr:805 - Attr not supported : Dmpu
2025-05-06 14:10:13,597 [ERROR] ConditionMgr:805 - Attr not supported : Dmpu
2025-05-06 14:10:13,597 [ERROR] ConditionMgr:805 - Attr not supported : Dmpu
2025-05-06 14:10:13,598 [ERROR] ConditionMgr:805 - Attr not supported : Dmpu
2025-05-06 14:10:13,598 [ERROR] ConditionMgr:805 - Attr not supported : Dmpu
2025-05-06 14:10:13,598 [ERROR] ConditionMgr:805 - Attr not supported : Dmpu
2025-05-06 14:10:13,598 [ERROR] ConditionMgr:805 - Attr not supported : Dmpu
2025-05-06 14:10:13,598 [ERROR] ConditionMgr:805 - Attr not supported : Dmpu
2025-05-06 14:10:13,598 [ERROR] ConditionMgr:805 - Attr not supported : Dmpu
2025-05-06 14:10:13,598 [ERROR] ConditionMgr:805 - Attr not supported : Dmpu
2025-05-06 14:10:13,598 [ERROR] ConditionMgr:805 - Attr not supported : Dmpu
2025-05-06 14:10:13,627 [WARN] PackLoader:240 - Cannot read IP mode file for STMicroelectronics.X-CUBE-WB05N.2.0.0
2025-05-06 14:10:13,659 [ERROR] Engine:466 - C:\Users\TS\.stm32cubemx\thirdparties\pdsc\STMicroelectronics.X-CUBE-TCPP.4.2.0.pdsc: PDSC version is not supported
2025-05-06 14:10:13,692 [WARN] PackLoader:240 - Cannot read IP mode file for RealThread.X-CUBE-RT-Thread_Nano.4.1.1
2025-05-06 14:10:13,718 [WARN] PackLoader:240 - Cannot read IP mode file for STMicroelectronics.FP-ATR-SIGFOX1.3.2.0
2025-05-06 14:10:13,746 [WARN] ConditionMgr:438 - getConditionDescription Invalid condition id : Cortex-A Device cause : null
2025-05-06 14:10:13,793 [WARN] ConditionMgr:1039 - genDependencies : Invalid condition id : Cortex-A Device cause : null
2025-05-06 14:10:13,793 [WARN] ConditionMgr:1039 - genDependencies : Invalid condition id : Cortex-A Device cause : null
2025-05-06 14:10:13,793 [WARN] ConditionMgr:1039 - genDependencies : Invalid condition id : Cortex-A Device cause : null
2025-05-06 14:10:13,823 [WARN] PackLoader:240 - Cannot read IP mode file for STMicroelectronics.X-CUBE-EEPRMA1.5.1.0
2025-05-06 14:10:13,851 [WARN] PackLoader:240 - Cannot read IP mode file for wolfSSL.I-CUBE-wolfSSL.5.7.4
2025-05-06 14:10:13,880 [WARN] PackLoader:240 - Cannot read IP mode file for ITTIA_DB.I-CUBE-ITTIADB.8.9.0
2025-05-06 14:10:13,933 [WARN] PackLoader:240 - Cannot read IP mode file for SEGGER.I-CUBE-embOS.1.3.1
2025-05-06 14:10:13,998 [WARN] PackLoader:240 - Cannot read IP mode file for STMicroelectronics.X-CUBE-ALGOBUILD.1.4.0
2025-05-06 14:10:14,024 [WARN] PackLoader:240 - Cannot read IP mode file for STMicroelectronics.X-CUBE-AI.9.1.0
2025-05-06 14:10:14,073 [WARN] PackLoader:240 - Cannot read IP mode file for STMicroelectronics.X-CUBE-AZRTOS-F4.1.1.0
2025-05-06 14:10:14,096 [ERROR] Engine:466 - C:\Users\TS\.stm32cubemx\thirdparties\pdsc\Avnet-IotConnect.X-CUBE-IoTC-DA16k-PMOD.1.0.0.pdsc: PDSC version is not supported
2025-05-06 14:10:14,121 [WARN] PackLoader:240 - Cannot read IP mode file for STMicroelectronics.X-CUBE-ISPU.2.1.0
2025-05-06 14:10:14,182 [WARN] PackLoader:240 - Cannot read IP mode file for STMicroelectronics.X-CUBE-AZRTOS-L5.2.0.0
2025-05-06 14:10:14,224 [WARN] PackLoader:240 - Cannot read IP mode file for STMicroelectronics.X-CUBE-NFC6.3.1.0
2025-05-06 14:10:14,263 [WARN] PackLoader:240 - Cannot read IP mode file for STMicroelectronics.X-CUBE-DPower.1.2.0
2025-05-06 14:10:14,286 [WARN] PackLoader:240 - Cannot read IP mode file for STMicroelectronics.X-CUBE-FREERTOS.1.3.0
2025-05-06 14:10:14,318 [WARN] PackLoader:240 - Cannot read IP mode file for STMicroelectronics.X-CUBE-NFC7.1.0.1
2025-05-06 14:10:14,346 [WARN] PackLoader:240 - Cannot read IP mode file for STMicroelectronics.X-CUBE-DPower.1.3.0
2025-05-06 14:10:14,399 [WARN] ConditionMgr:438 - getConditionDescription Invalid condition id : LAN8742 Phy interface Condition cause : null
2025-05-06 14:10:14,400 [WARN] PackLoader:240 - Cannot read IP mode file for STMicroelectronics.X-CUBE-AZRTOS-L4.2.0.0
2025-05-06 14:10:14,402 [WARN] ConditionMgr:1039 - genDependencies : Invalid condition id : LAN8742 Phy interface Condition cause : null
2025-05-06 14:10:14,402 [WARN] ConditionMgr:1039 - genDependencies : Invalid condition id : LAN8742 Phy interface Condition cause : null
2025-05-06 14:10:14,403 [WARN] ConditionMgr:1039 - genDependencies : Invalid condition id : LAN8742 Phy interface Condition cause : null
2025-05-06 14:10:14,435 [WARN] PackLoader:240 - Cannot read IP mode file for STMicroelectronics.X-CUBE-SFXS2LP1.4.0.0
2025-05-06 14:10:14,497 [WARN] PackLoader:240 - Cannot read IP mode file for STMicroelectronics.X-CUBE-AZRTOS-H7.3.3.0
2025-05-06 14:10:14,562 [WARN] ConditionMgr:438 - getConditionDescription Invalid condition id : UX DEVICE CLASS RTOS Condition cause : null
2025-05-06 14:10:14,562 [WARN] ConditionMgr:438 - getConditionDescription Invalid condition id : UX DEVICE CLASS RTOS Condition cause : null
2025-05-06 14:10:14,566 [WARN] PackLoader:240 - Cannot read IP mode file for STMicroelectronics.X-CUBE-AZRTOS-WB.2.0.0
2025-05-06 14:10:14,567 [WARN] ConditionMgr:1039 - genDependencies : Invalid condition id : UX DEVICE CLASS RTOS Condition cause : null
2025-05-06 14:10:14,568 [WARN] ConditionMgr:1039 - genDependencies : Invalid condition id : UX DEVICE CLASS RTOS Condition cause : null
2025-05-06 14:10:14,568 [WARN] ConditionMgr:1039 - genDependencies : Invalid condition id : UX DEVICE CLASS RTOS Condition cause : null
2025-05-06 14:10:14,569 [WARN] ConditionMgr:1039 - genDependencies : Invalid condition id : UX DEVICE CLASS RTOS Condition cause : null
2025-05-06 14:10:14,569 [WARN] ConditionMgr:1039 - genDependencies : Invalid condition id : UX DEVICE CLASS RTOS Condition cause : null
2025-05-06 14:10:14,601 [WARN] PackLoader:240 - Cannot read IP mode file for STMicroelectronics.X-CUBE-GNSS1.7.0.1
2025-05-06 14:10:14,652 [WARN] PackLoader:240 - Cannot read IP mode file for STMicroelectronics.X-CUBE-TOUCHGFX.4.25.0
2025-05-06 14:10:14,695 [WARN] PackLoader:240 - Cannot read IP mode file for STMicroelectronics.FP-SNS-STBOX1.2.0.0
2025-05-06 14:10:14,746 [WARN] PackLoader:240 - Cannot read IP mode file for STMicroelectronics.X-CUBE-SUBG2.5.0.0
2025-05-06 14:10:14,816 [WARN] PackLoader:240 - Cannot read IP mode file for STMicroelectronics.X-CUBE-AZRTOS-H7RS.1.1.0
2025-05-06 14:10:14,850 [WARN] PackLoader:240 - Cannot read IP mode file for Cesanta.I-CUBE-Mongoose.7.13.0
2025-05-06 14:10:14,900 [WARN] PackLoader:240 - Cannot read IP mode file for STMicroelectronics.X-CUBE-AZRTOS-G4.2.0.0
2025-05-06 14:10:14,933 [WARN] PackLoader:240 - Cannot read IP mode file for STMicroelectronics.X-CUBE-NFC7.2.0.0
2025-05-06 14:10:14,964 [ERROR] Engine:466 - C:\Users\TS\.stm32cubemx\thirdparties\pdsc\STMicroelectronics.X-CUBE-IPS.3.1.0.pdsc: PDSC version is not supported
2025-05-06 14:10:14,984 [WARN] PackLoader:240 - Cannot read IP mode file for STMicroelectronics.X-CUBE-ALS.1.0.2
2025-05-06 14:10:15,015 [WARN] PackLoader:240 - Cannot read IP mode file for STMicroelectronics.X-CUBE-TOUCHGFX.4.24.2
2025-05-06 14:10:15,044 [WARN] PackLoader:240 - Cannot read IP mode file for wolfSSL.I-CUBE-wolfTPM.3.4.0
2025-05-06 14:10:15,076 [WARN] PackLoader:240 - Cannot read IP mode file for portGmbH.I-Cube-SoM-uGOAL.1.1.0
2025-05-06 14:10:15,125 [WARN] PackLoader:240 - Cannot read IP mode file for STMicroelectronics.X-CUBE-AZRTOS-H7RS.1.0.0
2025-05-06 14:10:15,177 [WARN] PackLoader:240 - Cannot read IP mode file for STMicroelectronics.X-CUBE-TOF1.3.4.2
2025-05-06 14:10:15,211 [ERROR] Engine:466 - C:\Users\TS\.stm32cubemx\thirdparties\pdsc\STMicroelectronics.X-CUBE-TOF1.3.4.3.pdsc: PDSC version is not supported
2025-05-06 14:10:15,239 [WARN] PackLoader:240 - Cannot read IP mode file for wolfSSL.I-CUBE-wolfSSH.1.4.17
2025-05-06 14:10:15,240 [INFO] ThirdParty:978 - Integrity check success = true
2025-05-06 14:10:15,241 [INFO] IntegrityCheckThread:100 - exiting critical section [integrity check]
2025-05-06 14:10:15,241 [INFO] IntegrityCheckThread:103 - End integrity checks thread
2025-05-06 14:10:17,531 [INFO] WebApp:161 - Instantiating new browser for Auth
2025-05-06 14:10:18,565 [INFO] WebApp:780 - Register for checkConnection events
2025-05-06 14:10:18,565 [INFO] WebApp:414 - Apply proxy settings
2025-05-06 14:10:18,566 [INFO] WebApp:499 - Chromium requires no authentication
2025-05-06 14:10:18,574 [INFO] WebApp:442 - Direct internet connection detected
2025-05-06 14:10:18,753 [INFO] WebApp:192 - Starting web application
2025-05-06 14:10:18,753 [INFO] WebApp:544 - Web application path used D:\ST\STM32CubeIDE_1.14.1\STM32CubeIDE\plugins\com.st.stm32cube.common.mx_6.10.0.202311202037\db\plugins\mcufinder\reactClient1\index.html
2025-05-06 14:10:40,048 [ERROR] LogOutputStream:75 - [STDERR_REDIRECT] SLF4J: Failed to load class "org.slf4j.impl.StaticLoggerBinder".
2025-05-06 14:10:40,049 [ERROR] LogOutputStream:75 - [STDERR_REDIRECT] SLF4J: Defaulting to no-operation (NOP) logger implementation
2025-05-06 14:10:40,050 [ERROR] LogOutputStream:75 - [STDERR_REDIRECT] SLF4J: See http://www.slf4j.org/codes.html#StaticLoggerBinder for further details.
2025-05-06 15:45:29,038 [INFO] McuFinderGlobals:63 - Set McuFinder mode to 2 (CubeIDE integrated)
2025-05-06 15:45:29,089 [INFO] MainUpdater:2873 - connection check result : 10
2025-05-06 15:45:29,101 [INFO] MainUpdater:2873 - connection check result : 10
2025-05-06 15:45:29,489 [INFO] MicroXplorer:468 - Change Database Path : 
2025-05-06 15:45:29,489 [INFO] MicroXplorer:498 - Change Database Version : DB.6.0.100
2025-05-06 15:45:29,495 [WARN] ThirdParty:871 - waiting for thirdparty lock release [close project]
2025-05-06 15:45:29,495 [INFO] ThirdParty:873 - entering critical section [close project]
2025-05-06 15:45:29,534 [INFO] ThirdParty:883 - exiting critical section [close project]
2025-05-06 15:45:29,539 [INFO] PinOutPanel:1499 - setPackage(No Configuration,No Configuration)
2025-05-06 15:45:29,546 [INFO] UtilMem:75 - Begin LoadConfig() Used Memory: 598416088 Bytes (1073741824)
2025-05-06 15:45:29,549 [INFO] MicroXplorer:468 - Change Database Path : 
2025-05-06 15:45:29,549 [INFO] MicroXplorer:498 - Change Database Version : DB.6.0.100
2025-05-06 15:45:29,549 [INFO] OpenFileManager:312 - Change cursor
2025-05-06 15:45:29,663 [INFO] Mcu:2016 - Initializing MCU STM32F103C(8-B)Tx STM32F103C8Tx STM32F103C8T6
2025-05-06 15:45:30,811 [INFO] Context:659 - Trying to add GPIOservice into a context  which must be forbidden
2025-05-06 15:45:31,437 [INFO] RtosManager:555 - Registered RTOS mode: class=CMSIS, group=RTOS, mode=CMSIS_V1, owner=FREERTOS
2025-05-06 15:45:31,437 [INFO] RtosManager:555 - Registered RTOS mode: class=CMSIS, group=RTOS2, mode=CMSIS_V2, owner=FREERTOS
2025-05-06 15:45:31,438 [INFO] RtosManager:555 - Registered RTOS mode: class=RTOS, group=Core, mode=CMSIS_V1, owner=FREERTOS
2025-05-06 15:45:31,438 [INFO] RtosManager:555 - Registered RTOS mode: class=RTOS, group=Core, mode=CMSIS_V2, owner=FREERTOS
2025-05-06 15:45:31,438 [WARN] ModelIntegratedComponent:184 - Missing modes for component STMicroelectronics:FreeRTOS:0.0.1:STMicroelectronics:RTOS:FreeRTOS:Core:::10.2.0:
2025-05-06 15:45:31,478 [WARN] ModelIntegratedComponent:63 - No mode defined for component null
2025-05-06 15:45:31,478 [WARN] ModelIntegratedComponent:63 - No mode defined for component null
2025-05-06 15:45:31,478 [WARN] ModelIntegratedComponent:63 - No mode defined for component null
2025-05-06 15:45:31,478 [WARN] ModelIntegratedComponent:63 - No mode defined for component null
2025-05-06 15:45:31,478 [WARN] ModelIntegratedComponent:63 - No mode defined for component null
2025-05-06 15:45:31,478 [WARN] ModelIntegratedComponent:63 - No mode defined for component null
2025-05-06 15:45:31,478 [WARN] ModelIntegratedComponent:63 - No mode defined for component null
2025-05-06 15:45:31,479 [WARN] ModelIntegratedComponent:63 - No mode defined for component null
2025-05-06 15:45:31,479 [WARN] ModelIntegratedComponent:63 - No mode defined for component null
2025-05-06 15:45:31,479 [WARN] ModelIntegratedComponent:63 - No mode defined for component null
2025-05-06 15:45:31,479 [WARN] ModelIntegratedComponent:63 - No mode defined for component null
2025-05-06 15:45:31,479 [WARN] ModelIntegratedComponent:63 - No mode defined for component null
2025-05-06 15:45:31,479 [WARN] ModelIntegratedComponent:63 - No mode defined for component null
2025-05-06 15:45:31,479 [WARN] ModelIntegratedComponent:63 - No mode defined for component null
2025-05-06 15:45:31,479 [WARN] ModelIntegratedComponent:63 - No mode defined for component null
2025-05-06 15:45:31,479 [WARN] ModelIntegratedComponent:63 - No mode defined for component null
2025-05-06 15:45:31,479 [WARN] ModelIntegratedComponent:63 - No mode defined for component null
2025-05-06 15:45:31,479 [WARN] ModelIntegratedComponent:63 - No mode defined for component null
2025-05-06 15:45:31,480 [WARN] ModelIntegratedComponent:63 - No mode defined for component null
2025-05-06 15:45:31,480 [WARN] ModelIntegratedComponent:63 - No mode defined for component null
2025-05-06 15:45:31,480 [WARN] ModelIntegratedComponent:63 - No mode defined for component null
2025-05-06 15:45:31,480 [WARN] ModelIntegratedComponent:63 - No mode defined for component null
2025-05-06 15:45:31,480 [WARN] ModelIntegratedComponent:63 - No mode defined for component null
2025-05-06 15:45:31,480 [WARN] ModelIntegratedComponent:63 - No mode defined for component null
2025-05-06 15:45:31,480 [WARN] ModelIntegratedComponent:63 - No mode defined for component null
2025-05-06 15:45:31,480 [WARN] ModelIntegratedComponent:63 - No mode defined for component null
2025-05-06 15:45:31,480 [WARN] ModelIntegratedComponent:63 - No mode defined for component null
2025-05-06 15:45:31,480 [WARN] ModelIntegratedComponent:63 - No mode defined for component null
2025-05-06 15:45:31,481 [WARN] ModelIntegratedComponent:63 - No mode defined for component null
2025-05-06 15:45:31,481 [WARN] ModelIntegratedComponent:63 - No mode defined for component null
2025-05-06 15:45:31,481 [WARN] ModelIntegratedComponent:63 - No mode defined for component null
2025-05-06 15:45:31,481 [WARN] ModelIntegratedComponent:63 - No mode defined for component null
2025-05-06 15:45:31,481 [WARN] ModelIntegratedComponent:63 - No mode defined for component null
2025-05-06 15:45:31,632 [INFO] ThirdPartyModel:298 - Start build external matchings
2025-05-06 15:45:32,329 [INFO] ThirdPartyModel:316 - End build external matchings
2025-05-06 15:45:32,353 [INFO] ImportTextPane:194 - (OptionalMessage_ERROR) IP (RCC) : Invalid parameter (FamilyName)
2025-05-06 15:45:32,353 [INFO] ImportTextPane:194 - (OptionalMessage_ERROR) IP (RCC) : Parameter (MCOFreq_Value) has invalid value (72000000)
2025-05-06 15:45:32,353 [INFO] ImportTextPane:194 - (OptionalMessage_ERROR) IP (RCC) : Parameter (USBFreq_Value) has invalid value (72000000)
2025-05-06 15:45:32,638 [INFO] UtilMem:75 - End LoadConfig() Used Memory: 755308984 Bytes (1073741824)
2025-05-06 15:45:32,854 [INFO] ApiDb:581 - Connected to CubeFinder SQLite database (C:\Users\TS\.stmcufinder\plugins\mcufinder\mcu\cube-finder-db.db)
2025-05-06 15:45:32,979 [INFO] ApiDb:668 - CubeFinder database Data Model version=2.1
2025-05-06 15:45:32,980 [INFO] ApiDb:669 - CubeFinder database Configuration version=3.0.39
2025-05-06 15:45:32,982 [INFO] ApiDb:670 - CubeFinder database generation date=2025-04-23 (1745419778)
2025-05-06 15:45:32,983 [INFO] ApiDb:671 - CubeFinder database FW Pack versions=[FP-ATR-ASTRA1_V2.0.0, FP-SNS-FLIGHT1_V5.1.0, FP-SNS-MOTENV1_V5.0.0, FP-SNS-MOTENVWB1_V1.4.0, FP-SNS-SMARTAG2_V1.2.0, FP-SNS-STBOX1_V2.0.0, STM32Cube_FW_C0_V1.4.0, STM32Cube_FW_F4_V1.28.1, STM32Cube_FW_F7_V1.17.2, STM32Cube_FW_G0_V1.6.2, STM32Cube_FW_G4_V1.6.1, STM32Cube_FW_H5_V1.5.0, STM32Cube_FW_H7RS_V1.2.0, STM32Cube_FW_H7_V1.12.1, STM32Cube_FW_L0_V1.12.2, STM32Cube_FW_L4_V1.18.1, STM32Cube_FW_L5_V1.5.1, STM32Cube_FW_N6_V1.1.1, STM32Cube_FW_U0_V1.2.0, STM32Cube_FW_U3_V1.1.0, STM32Cube_FW_U5_V1.7.0, STM32Cube_FW_WB0_V1.2.0, STM32Cube_FW_WBA_V1.6.0, STM32Cube_FW_WB_V1.22.0, STM32Cube_FW_WL3_V1.1.0, STM32Cube_FW_WL_V1.3.1, X-CUBE-ALGOBUILD_V1.4.0, X-CUBE-ALS_V1.0.2, X-CUBE-AZRTOS-F4_V1.1.0, X-CUBE-AZRTOS-F7_V1.1.0, X-CUBE-AZRTOS-G0_V1.1.0, X-CUBE-AZRTOS-G4_V2.0.0, X-CUBE-AZRTOS-H7RS_V1.1.0, X-CUBE-AZRTOS-H7_V3.3.0, X-CUBE-AZRTOS-L4_V2.0.0, X-CUBE-AZRTOS-L5_V2.0.0, X-CUBE-AZRTOS-WB_V2.0.0, X-CUBE-AZRTOS-WL_V2.0.0, X-CUBE-BLE1_V7.1.0, X-CUBE-BLE2_V3.3.0, X-CUBE-BLEMGR_V4.0.0, X-CUBE-EEPRMA1_V5.1.0, X-CUBE-FREERTOS_V1.3.0, X-CUBE-GNSS1_V6.0.0, X-CUBE-MEMS1_V11.2.0, X-CUBE-NFC4_V3.0.0, X-CUBE-NFC7_V1.0.1, X-CUBE-SFXS2LP1_V4.0.0, X-CUBE-SUBG2_V5.0.0, X-CUBE-TOF1_V3.4.3]
2025-05-06 15:45:36,124 [INFO] ApiDb:240 - Found 371 in-development CPN: [B-G473E-ZEST1S, B-WB1M-WPAN1, B-WL5M-SUBG1, NUCLEO-C031C6, NUCLEO-H503RB, NUCLEO-H563ZI, NUCLEO-U545RE-Q, NUCLEO-U5A5ZJ-Q, NUCLEO-WBA52CG, NUCLEO-WBA55CG, STEVAL-MKBOXPRO, STEVAL-PROTEUS1, STEVAL-STWINBX1, STM320518-EVAL, STM32C0116-DK, STM32C011D6Y3TR, STM32C011D6Y6TR, STM32C011F4P3, STM32C011F4P6, STM32C011F4U3, STM32C011F4U6TR, STM32C011F6P3, STM32C011F6P6, STM32C011F6U3, STM32C011F6U6TR, STM32C011J4M3, STM32C011J4M6, STM32C011J6M3, STM32C011J6M6, STM32C0316-DK, STM32C031C4T3, STM32C031C4T6, STM32C031C4U3, STM32C031C4U6, STM32C031C6T3, STM32C031C6T6, STM32C031C6U3, STM32C031C6U6, STM32C031F4P3, STM32C031F4P6, STM32C031F6P3, STM32C031F6P6, STM32C031G4U3, STM32C031G4U6, STM32C031G6U3, STM32C031G6U6, STM32C031K4T3, STM32C031K4T6, STM32C031K4U3, STM32C031K4U6, STM32C031K6T3, STM32C031K6T6, STM32C031K6U3, STM32C031K6U6, STM32G071K8TXN, STM32G071K8UXN, STM32G081GBU6N, STM32G081KBT6N, STM32G081KBUXN, STM32G0B1CCT6N, STM32G0B1KCT6, STM32G0B1NEY6TR, STM32G0B1RCT6N, STM32G0C1CCT6, STM32G0C1CCT6N, STM32G0C1CCU6N, STM32G0C1CET6N, STM32G0C1CEU6N, STM32G0C1KCT6, STM32G0C1NEY6TR, STM32G0C1RCI6N, STM32G0C1RCT6N, STM32G0C1REI6N, STM32G0C1RET6N, STM32G0C1VCI6, STM32G0C1VEI6, STM32G471CCT6, STM32G471CCU6, STM32G471CET3, STM32G471CET6, STM32G471CEU3, STM32G471CEU6, STM32G471MCT6, STM32G471MET3, STM32G471MET6, STM32G471MEY6TR, STM32G471QCT6, STM32G471QET3, STM32G471RCT6, STM32G471RET3, STM32G471RET6, STM32G471VCH6, STM32G471VCI6, STM32G471VCT6, STM32G471VEH3, STM32G471VEH6, STM32G471VEI3, STM32G471VEI6, STM32G471VET3, STM32G471VET6, STM32G474CCT6, STM32H503CBT6, STM32H503CBU6, STM32H503EBY6TR, STM32H503KBU6, STM32H503RBT6, STM32H562AGI6, STM32H562AII6, STM32H562IGK6, STM32H562IGT6, STM32H562IIK6, STM32H562IIT6, STM32H562RGT6, STM32H562RGV6, STM32H562RIT6, STM32H562RIV6, STM32H562VGT6, STM32H562VIT6, STM32H562ZGT6, STM32H562ZIT6, STM32H563AGI6, STM32H563AII3Q, STM32H563AII6, STM32H563IGK6, STM32H563IGT6, STM32H563IIK3Q, STM32H563IIK6, STM32H563IIT3Q, STM32H563IIT6, STM32H563MIY3QTR, STM32H563RGT6, STM32H563RGV6, STM32H563RIT6, STM32H563RIV6, STM32H563VGT6, STM32H563VIT3Q, STM32H563VIT6, STM32H563ZGT6, STM32H563ZIT3Q, STM32H563ZIT6, STM32H573AII3Q, STM32H573AII6, STM32H573I-DK, STM32H573IIK3Q, STM32H573IIK6, STM32H573IIT3Q, STM32H573IIT6, STM32H573MIY3QTR, STM32H573RIT6, STM32H573RIV6, STM32H573VIT3Q, STM32H573VIT6, STM32H573ZIT3Q, STM32H573ZIT6, STM32L4R5QGI6STR, STM32MP131AAE3, STM32MP131AAF3, STM32MP131AAG3, STM32MP131CAE3, STM32MP131CAF3, STM32MP131CAG3, STM32MP131DAE7, STM32MP131DAF7, STM32MP131DAG7, STM32MP131FAE7, STM32MP131FAF7, STM32MP131FAG7, STM32MP133AAE3, STM32MP133AAF3, STM32MP133AAG3, STM32MP133CAE3, STM32MP133CAF3, STM32MP133CAG3, STM32MP133DAE7, STM32MP133DAF7, STM32MP133DAG7, STM32MP133FAE7, STM32MP133FAF7, STM32MP133FAG7, STM32MP135AAE3, STM32MP135AAF3, STM32MP135AAG3, STM32MP135CAE3, STM32MP135CAF3, STM32MP135CAG3, STM32MP135DAE7, STM32MP135DAF7, STM32MP135DAG7, STM32MP135F-DK, STM32MP135FAE7, STM32MP135FAF7, STM32MP135FAF7T, STM32MP135FAF7U, STM32MP135FAG7, STM32U535CBT6, STM32U535CBT6Q, STM32U535CBU6, STM32U535CBU6Q, STM32U535CCT6, STM32U535CCT6Q, STM32U535CCU6, STM32U535CCU6Q, STM32U535CET6, STM32U535CET6Q, STM32U535CEU6, STM32U535CEU6Q, STM32U535JEY6QTR, STM32U535NCY6QTR, STM32U535NEY6QTR, STM32U535RBI6, STM32U535RBI6Q, STM32U535RBT6, STM32U535RBT6Q, STM32U535RCI6, STM32U535RCI6Q, STM32U535RCT6, STM32U535RCT6Q, STM32U535REI6, STM32U535REI6Q, STM32U535RET6, STM32U535RET6Q, STM32U535VCI6, STM32U535VCI6Q, STM32U535VCT6, STM32U535VCT6Q, STM32U535VEI6, STM32U535VEI6Q, STM32U535VET6, STM32U535VET6Q, STM32U545CET6, STM32U545CET6Q, STM32U545CEU6, STM32U545CEU6Q, STM32U545JEY6QTR, STM32U545NEY6QTR, STM32U545REI6, STM32U545REI6Q, STM32U545RET6, STM32U545RET6Q, STM32U545VEI6, STM32U545VEI6Q, STM32U545VET6, STM32U545VET6Q, STM32U595AIH6, STM32U595AIH6Q, STM32U595AJH6, STM32U595AJH6Q, STM32U595QII6, STM32U595QII6Q, STM32U595QJI6, STM32U595QJI6Q, STM32U595RIT6, STM32U595RIT6Q, STM32U595RJT6, STM32U595RJT6Q, STM32U595VIT6, STM32U595VIT6Q, STM32U595VJT6, STM32U595VJT6Q, STM32U595ZIT6, STM32U595ZIT6Q, STM32U595ZIY6QTR, STM32U595ZJT6, STM32U595ZJT6Q, STM32U595ZJY6QTR, STM32U599BJY6QTR, STM32U599NIH6Q, STM32U599NJH6Q, STM32U599VIT6Q, STM32U599VJT6, STM32U599VJT6Q, STM32U599ZIT6Q, STM32U599ZIY6QTR, STM32U599ZJT6Q, STM32U599ZJY6QTR, STM32U5A5AJH6, STM32U5A5AJH6Q, STM32U5A5QJI6, STM32U5A5QJI6Q, STM32U5A5RJT6, STM32U5A5RJT6Q, STM32U5A5VJT6, STM32U5A5VJT6Q, STM32U5A5ZJT6, STM32U5A5ZJT6Q, STM32U5A5ZJY6QTR, STM32U5A9BJY6QTR, STM32U5A9J-DK, STM32U5A9NJH6Q, STM32U5A9VJT6Q, STM32U5A9ZJT6Q, STM32U5A9ZJY6QTR, STM32U5F7VIT6, STM32U5F7VIT6Q, STM32U5F7VJT6, STM32U5F7VJT6Q, STM32U5F9BJY6QTR, STM32U5F9NJH6Q, STM32U5F9VIT6Q, STM32U5F9VJT6Q, STM32U5F9ZIJ6QTR, STM32U5F9ZIT6Q, STM32U5F9ZJJ6QTR, STM32U5F9ZJT6Q, STM32U5G7VJT6, STM32U5G7VJT6Q, STM32U5G9BJY6QTR, STM32U5G9J-DK1, STM32U5G9J-DK2, STM32U5G9NJH6Q, STM32U5G9VJT6Q, STM32U5G9ZJJ6QTR, STM32U5G9ZJT6Q, STM32WB1MMCH6, STM32WBA50KEU6, STM32WBA50KEU6TR, STM32WBA50KGU6, STM32WBA50KGU6TR, STM32WBA52CEU6, STM32WBA52CEU6TR, STM32WBA52CEU7, STM32WBA52CEU7TR, STM32WBA52CGU6, STM32WBA52CGU6TR, STM32WBA52CGU6U, STM32WBA52CGU7, STM32WBA52CGU7TR, STM32WBA52KEU6, STM32WBA52KEU6TR, STM32WBA52KGU6, STM32WBA52KGU6TR, STM32WBA54CEU6, STM32WBA54CEU6TR, STM32WBA54CEU7, STM32WBA54CEU7TR, STM32WBA54CGU6, STM32WBA54CGU6TR, STM32WBA54CGU7, STM32WBA54CGU7TR, STM32WBA54KEU6, STM32WBA54KEU6TR, STM32WBA54KEU7, STM32WBA54KEU7TR, STM32WBA54KGU6, STM32WBA54KGU6TR, STM32WBA54KGU7, STM32WBA54KGU7TR, STM32WBA55CEU6, STM32WBA55CEU6TR, STM32WBA55CEU7, STM32WBA55CEU7TR, STM32WBA55CGU6, STM32WBA55CGU6TR, STM32WBA55CGU6U, STM32WBA55CGU7, STM32WBA55CGU7TR, STM32WBA55G-DK1, STM32WBA55HEF6, STM32WBA55HEF7, STM32WBA55HGF6, STM32WBA55HGF7, STM32WBA55UEI6, STM32WBA55UEI6TR, STM32WBA55UEI7, STM32WBA55UEI7TR, STM32WBA55UGI6, STM32WBA55UGI6TR, STM32WBA55UGI7, STM32WBA55UGI7TR, STM32WL5MOCH6, STM32WL5MOCH6TR]
2025-05-06 15:45:36,129 [INFO] DbMcus:218 - Found 4657 MCUs, 4657 are supported
2025-05-06 15:45:36,131 [INFO] ApiDb:423 - Load user favorites file C:\Users\TS/.stm32cubeide/favorites.mcus.txt: 0 item(s)
2025-05-06 15:45:36,131 [INFO] ApiDb:427 - User favorites MCUs=[]
2025-05-06 15:45:36,131 [INFO] DbMcus:224 - Set 0 / 0 favorites MCUs
2025-05-06 15:45:36,955 [INFO] MicroXplorer:468 - Change Database Path : 
2025-05-06 15:45:36,955 [INFO] MicroXplorer:498 - Change Database Version : DB.6.0.100
2025-05-06 15:45:36,955 [WARN] ThirdParty:833 - waiting for thirdparty lock release [change project]
2025-05-06 15:45:36,955 [INFO] ThirdParty:835 - entering critical section [change project]
2025-05-06 15:45:36,955 [INFO] ThirdParty:1030 - CMSIS Pack Vendor :STMicroelectronics USBPD 4.1
2025-05-06 15:45:36,955 [INFO] ThirdParty:1030 - CMSIS Pack Vendor :STMicroelectronics X-CUBE-AZRTOS-H7 3.3.0
2025-05-06 15:45:36,956 [INFO] ThirdParty:1030 - CMSIS Pack Vendor :STMicroelectronics X-CUBE-NFC9 1.0.0
2025-05-06 15:45:36,956 [INFO] ThirdParty:1030 - CMSIS Pack Vendor :STMicroelectronics USB_HOST 2.0.0
2025-05-06 15:45:36,956 [INFO] ThirdParty:1030 - CMSIS Pack Vendor :STMicroelectronics FP-SNS-MOTENVWB1 1.4.0
2025-05-06 15:45:36,956 [INFO] ThirdParty:1030 - CMSIS Pack Vendor :STMicroelectronics X-CUBE-AZRTOS-F4 1.1.0
2025-05-06 15:45:36,956 [INFO] ThirdParty:1030 - CMSIS Pack Vendor :STMicroelectronics LIBJPEG 8.0.0
2025-05-06 15:45:36,956 [INFO] ThirdParty:1030 - CMSIS Pack Vendor :STMicroelectronics FP-ATR-ASTRA1 2.0.2
2025-05-06 15:45:36,956 [INFO] ThirdParty:1030 - CMSIS Pack Vendor :STMicroelectronics FP-ATR-ASTRA1 2.0.1
2025-05-06 15:45:36,956 [INFO] ThirdParty:1030 - CMSIS Pack Vendor :STMicroelectronics X-CUBE-BLE1 7.1.0
2025-05-06 15:45:36,956 [INFO] ThirdParty:1030 - CMSIS Pack Vendor :STMicroelectronics X-CUBE-SMBUS 2.1.0
2025-05-06 15:45:36,956 [INFO] ThirdParty:1030 - CMSIS Pack Vendor :STMicroelectronics X-CUBE-WB05N 1.1.0
2025-05-06 15:45:36,956 [INFO] ThirdParty:1030 - CMSIS Pack Vendor :STMicroelectronics USB_DEVICE 3.0.0
2025-05-06 15:45:36,956 [INFO] ThirdParty:1030 - CMSIS Pack Vendor :STMicroelectronics X-CUBE-ISPU 2.1.0
2025-05-06 15:45:36,956 [INFO] ThirdParty:1030 - CMSIS Pack Vendor :STMicroelectronics X-CUBE-AZRTOS-WB 2.0.0
2025-05-06 15:45:36,956 [INFO] ThirdParty:1030 - CMSIS Pack Vendor :STMicroelectronics X-CUBE-GNSS1 7.0.1
2025-05-06 15:45:36,956 [INFO] ThirdParty:1030 - CMSIS Pack Vendor :STMicroelectronics X-CUBE-AZRTOS-F7 1.1.0
2025-05-06 15:45:36,956 [INFO] ThirdParty:1030 - CMSIS Pack Vendor :STMicroelectronics X-CUBE-AZRTOS-L5 2.0.0
2025-05-06 15:45:36,956 [INFO] ThirdParty:1030 - CMSIS Pack Vendor :STMicroelectronics X-CUBE-TOUCHGFX 4.25.0
2025-05-06 15:45:36,956 [INFO] ThirdParty:1030 - CMSIS Pack Vendor :STMicroelectronics USB_DEVICE 2.0.0
2025-05-06 15:45:36,956 [INFO] ThirdParty:1030 - CMSIS Pack Vendor :STMicroelectronics X-CUBE-NFC6 3.1.0
2025-05-06 15:45:36,956 [INFO] ThirdParty:1030 - CMSIS Pack Vendor :STMicroelectronics FP-SNS-STBOX1 2.0.0
2025-05-06 15:45:36,956 [INFO] ThirdParty:1030 - CMSIS Pack Vendor :STMicroelectronics X-CUBE-MEMS1 11.2.0
2025-05-06 15:45:36,956 [INFO] ThirdParty:1030 - CMSIS Pack Vendor :STMicroelectronics FreeRTOS 0.0.1
2025-05-06 15:45:36,956 [INFO] ThirdParty:1030 - CMSIS Pack Vendor :STMicroelectronics X-CUBE-AZRTOS-G0 1.1.0
2025-05-06 15:45:36,956 [INFO] ThirdParty:1030 - CMSIS Pack Vendor :STMicroelectronics X-CUBE-SAFEA1 1.2.2
2025-05-06 15:45:36,957 [INFO] ThirdParty:1030 - CMSIS Pack Vendor :STMicroelectronics X-CUBE-NFC4 3.0.0
2025-05-06 15:45:36,957 [INFO] ThirdParty:1030 - CMSIS Pack Vendor :STMicroelectronics X-CUBE-DPower 1.2.0
2025-05-06 15:45:36,957 [INFO] ThirdParty:1030 - CMSIS Pack Vendor :STMicroelectronics X-CUBE-SUBG2 5.0.0
2025-05-06 15:45:36,957 [INFO] ThirdParty:1030 - CMSIS Pack Vendor :STMicroelectronics X-CUBE-AZRTOS-H7RS 1.1.0
2025-05-06 15:45:36,957 [INFO] ThirdParty:1030 - CMSIS Pack Vendor :STMicroelectronics STM32_WPAN 1.0.0
2025-05-06 15:45:36,957 [INFO] ThirdParty:1030 - CMSIS Pack Vendor :EmbeddedOffice I-CUBE-FS-RTOS 1.0.1
2025-05-06 15:45:36,957 [INFO] ThirdParty:1030 - CMSIS Pack Vendor :STMicroelectronics lwIP 2.0.3
2025-05-06 15:45:36,957 [INFO] ThirdParty:1030 - CMSIS Pack Vendor :STMicroelectronics FP-SNS-FLIGHT1 5.0.2
2025-05-06 15:45:36,957 [INFO] ThirdParty:1030 - CMSIS Pack Vendor :Cesanta I-CUBE-Mongoose 7.13.0
2025-05-06 15:45:36,957 [INFO] ThirdParty:1030 - CMSIS Pack Vendor :STMicroelectronics USB_HOST 1.0.0
2025-05-06 15:45:36,957 [INFO] ThirdParty:1030 - CMSIS Pack Vendor :Infineon AIROC-Wi-Fi-Bluetooth-STM32 1.7.0
2025-05-06 15:45:36,957 [INFO] ThirdParty:1030 - CMSIS Pack Vendor :STMicroelectronics X-CUBE-AZRTOS-G4 2.0.0
2025-05-06 15:45:36,957 [INFO] ThirdParty:1030 - CMSIS Pack Vendor :STMicroelectronics X-CUBE-WB05N 2.0.0
2025-05-06 15:45:36,957 [INFO] ThirdParty:1030 - CMSIS Pack Vendor :STMicroelectronics PDM2PCM 3.1.0
2025-05-06 15:45:36,957 [INFO] ThirdParty:1030 - CMSIS Pack Vendor :STMicroelectronics PDM2PCM 3.3.0
2025-05-06 15:45:36,957 [INFO] ThirdParty:1030 - CMSIS Pack Vendor :STMicroelectronics X-CUBE-DISPLAY 3.0.0
2025-05-06 15:45:36,957 [INFO] ThirdParty:1030 - CMSIS Pack Vendor :STMicroelectronics X-CUBE-NFC7 2.0.0
2025-05-06 15:45:36,957 [INFO] ThirdParty:1030 - CMSIS Pack Vendor :RealThread X-CUBE-RT-Thread_Nano 4.1.1
2025-05-06 15:45:36,957 [INFO] ThirdParty:1030 - CMSIS Pack Vendor :STMicroelectronics X-CUBE-BLE1 7.0.0
2025-05-06 15:45:36,957 [INFO] ThirdParty:1030 - CMSIS Pack Vendor :STMicroelectronics FP-ATR-SIGFOX1 3.2.0
2025-05-06 15:45:36,957 [INFO] ThirdParty:1030 - CMSIS Pack Vendor :STMicroelectronics X-CUBE-NFC10 1.0.0
2025-05-06 15:45:36,957 [INFO] ThirdParty:1030 - CMSIS Pack Vendor :quantropi X-CUBE-qispace-sdk-base 1.9.3
2025-05-06 15:45:36,957 [INFO] ThirdParty:1030 - CMSIS Pack Vendor :STMicroelectronics X-CUBE-BLEMGR 4.0.0
2025-05-06 15:45:36,957 [INFO] ThirdParty:1030 - CMSIS Pack Vendor :STMicroelectronics X-CUBE-EEPRMA1 5.1.0
2025-05-06 15:45:36,958 [INFO] ThirdParty:1030 - CMSIS Pack Vendor :STMicroelectronics HAL Drivers 0.0.0
2025-05-06 15:45:36,958 [INFO] ThirdParty:1030 - CMSIS Pack Vendor :STMicroelectronics MBEDTLS 2.16.2
2025-05-06 15:45:36,958 [INFO] ThirdParty:1030 - CMSIS Pack Vendor :STMicroelectronics X-CUBE-ALS 1.0.2
2025-05-06 15:45:36,958 [INFO] ThirdParty:1030 - CMSIS Pack Vendor :emotas I-CUBE-CANOPEN 1.3.0
2025-05-06 15:45:36,958 [INFO] ThirdParty:1030 - CMSIS Pack Vendor :STMicroelectronics X-CUBE-FREERTOS 1.3.0
2025-05-06 15:45:36,958 [INFO] ThirdParty:1030 - CMSIS Pack Vendor :wolfSSL I-CUBE-wolfSSL 5.7.4
2025-05-06 15:45:36,958 [INFO] ThirdParty:1030 - CMSIS Pack Vendor :STMicroelectronics X-CUBE-NFC7 1.0.1
2025-05-06 15:45:36,958 [INFO] ThirdParty:1030 - CMSIS Pack Vendor :STMicroelectronics MBEDTLS 2.14.1
2025-05-06 15:45:36,958 [INFO] ThirdParty:1030 - CMSIS Pack Vendor :ITTIA_DB I-CUBE-ITTIADB 8.9.0
2025-05-06 15:45:36,958 [INFO] ThirdParty:1030 - CMSIS Pack Vendor :STMicroelectronics X-CUBE-TOUCHGFX 4.24.2
2025-05-06 15:45:36,958 [INFO] ThirdParty:1030 - CMSIS Pack Vendor :wolfSSL I-CUBE-wolfTPM 3.4.0
2025-05-06 15:45:36,958 [INFO] ThirdParty:1030 - CMSIS Pack Vendor :portGmbH I-Cube-SoM-uGOAL 1.1.0
2025-05-06 15:45:36,958 [INFO] ThirdParty:1030 - CMSIS Pack Vendor :STMicroelectronics X-CUBE-AI 10.0.0
2025-05-06 15:45:36,958 [INFO] ThirdParty:1030 - CMSIS Pack Vendor :STMicroelectronics ThreadX 1.0.0
2025-05-06 15:45:36,958 [INFO] ThirdParty:1030 - CMSIS Pack Vendor :STMicroelectronics FP-SNS-SMARTAG2 1.2.0
2025-05-06 15:45:36,958 [INFO] ThirdParty:1030 - CMSIS Pack Vendor :STMicroelectronics X-CUBE-MEMS1 11.1.0
2025-05-06 15:45:36,958 [INFO] ThirdParty:1030 - CMSIS Pack Vendor :STMicroelectronics X-CUBE-AZRTOS-WL 2.0.0
2025-05-06 15:45:36,958 [INFO] ThirdParty:1030 - CMSIS Pack Vendor :SEGGER I-CUBE-embOS 1.3.1
2025-05-06 15:45:36,958 [INFO] ThirdParty:1030 - CMSIS Pack Vendor :STMicroelectronics X-CUBE-ALGOBUILD 1.4.0
2025-05-06 15:45:36,958 [INFO] ThirdParty:1030 - CMSIS Pack Vendor :STMicroelectronics X-CUBE-DPower 1.3.0
2025-05-06 15:45:36,958 [INFO] ThirdParty:1030 - CMSIS Pack Vendor :STMicroelectronics FP-SNS-MOTENV1 5.0.0
2025-05-06 15:45:36,958 [INFO] ThirdParty:1030 - CMSIS Pack Vendor :STMicroelectronics USB_DEVICE 1.0.0
2025-05-06 15:45:36,958 [INFO] ThirdParty:1030 - CMSIS Pack Vendor :STMicroelectronics X-CUBE-AZRTOS-H7RS 1.0.0
2025-05-06 15:45:36,958 [INFO] ThirdParty:1030 - CMSIS Pack Vendor :wolfSSL I-CUBE-wolfMQTT 1.19.0
2025-05-06 15:45:36,959 [INFO] ThirdParty:1030 - CMSIS Pack Vendor :STMicroelectronics X-CUBE-AZRTOS-L4 2.0.0
2025-05-06 15:45:36,959 [INFO] ThirdParty:1030 - CMSIS Pack Vendor :STMicroelectronics ThreadX 0.0.2
2025-05-06 15:45:36,959 [INFO] ThirdParty:1030 - CMSIS Pack Vendor :WES I-CUBE-Cesium 1.3.0
2025-05-06 15:45:36,959 [INFO] ThirdParty:1030 - CMSIS Pack Vendor :STMicroelectronics lwIP 2.1.2
2025-05-06 15:45:36,959 [INFO] ThirdParty:1030 - CMSIS Pack Vendor :STMicroelectronics X-CUBE-SFXS2LP1 4.0.0
2025-05-06 15:45:36,959 [INFO] ThirdParty:1030 - CMSIS Pack Vendor :STMicroelectronics X-CUBE-BLE2 3.3.0
2025-05-06 15:45:36,959 [INFO] ThirdParty:1030 - CMSIS Pack Vendor :STMicroelectronics X-CUBE-TOF1 3.4.2
2025-05-06 15:45:36,959 [INFO] ThirdParty:1030 - CMSIS Pack Vendor :STMicroelectronics X-CUBE-AI 9.1.0
2025-05-06 15:45:36,959 [INFO] ThirdParty:1030 - CMSIS Pack Vendor :STMicroelectronics PDM2PCM 3.2.0
2025-05-06 15:45:36,959 [INFO] ThirdParty:1030 - CMSIS Pack Vendor :wolfSSL I-CUBE-wolfSSH 1.4.17
2025-05-06 15:45:36,959 [INFO] ThirdParty:841 - exiting critical section [change project]
2025-05-06 15:45:37,382 [INFO] PinOutPanel:1499 - setPackage(No Configuration,No Configuration)
2025-05-06 15:45:37,385 [INFO] PinOutPanel:1499 - setPackage(STM32F103C8Tx,LQFP48)
2025-05-06 15:45:38,086 [INFO] UtilMem:75 - Before build in PCC Used Memory: 657802928 Bytes (1073741824)
2025-05-06 15:45:39,281 [INFO] UtilMem:75 - After build in PCC Used Memory: 739750704 Bytes (1073741824)
2025-05-06 15:45:39,315 [INFO] IPUIPlugin:80 - create IPUIPlugin
2025-05-06 15:45:39,315 [INFO] IPUIPlugin:80 - create IPUIPlugin
2025-05-06 15:45:39,315 [INFO] IPUIPlugin:80 - create IPUIPlugin
2025-05-06 15:45:39,315 [INFO] IPUIPlugin:80 - create IPUIPlugin
2025-05-06 15:45:39,315 [INFO] IPUIPlugin:80 - create IPUIPlugin
2025-05-06 15:45:39,315 [INFO] IPUIPlugin:80 - create IPUIPlugin
2025-05-06 15:45:39,316 [INFO] IPUIPlugin:80 - create IPUIPlugin
2025-05-06 15:45:39,316 [INFO] IPUIPlugin:80 - create IPUIPlugin
2025-05-06 15:45:39,316 [INFO] IPUIPlugin:80 - create IPUIPlugin
2025-05-06 15:45:39,317 [INFO] IPUIPlugin:80 - create IPUIPlugin
2025-05-06 15:45:39,317 [INFO] IPUIPlugin:80 - create IPUIPlugin
2025-05-06 15:45:39,317 [INFO] IPUIPlugin:80 - create IPUIPlugin
2025-05-06 15:45:39,317 [INFO] IPUIPlugin:80 - create IPUIPlugin
2025-05-06 15:45:39,317 [INFO] IPUIPlugin:80 - create IPUIPlugin
2025-05-06 15:45:39,318 [INFO] IPUIPlugin:80 - create IPUIPlugin
2025-05-06 15:45:39,318 [INFO] IPUIPlugin:80 - create IPUIPlugin
2025-05-06 15:45:39,318 [INFO] IPUIPlugin:80 - create IPUIPlugin
2025-05-06 15:45:39,319 [INFO] IPUIPlugin:80 - create IPUIPlugin
2025-05-06 15:45:39,319 [INFO] IPUIPlugin:80 - create IPUIPlugin
2025-05-06 15:45:39,319 [INFO] IPUIPlugin:80 - create IPUIPlugin
2025-05-06 15:45:39,319 [INFO] IPUIPlugin:80 - create IPUIPlugin
2025-05-06 15:45:39,320 [INFO] IPUIPlugin:80 - create IPUIPlugin
2025-05-06 15:45:39,320 [INFO] IPUIPlugin:80 - create IPUIPlugin
2025-05-06 15:45:39,320 [INFO] IPUIPlugin:80 - create IPUIPlugin
2025-05-06 15:45:39,321 [INFO] IPUIPlugin:80 - create IPUIPlugin
2025-05-06 15:45:39,321 [INFO] IPUIPlugin:80 - create IPUIPlugin
2025-05-06 15:45:39,321 [INFO] IPUIPlugin:80 - create IPUIPlugin
2025-05-06 15:45:39,337 [WARN] IP:2119 - I2C_Coeff_DF not found: check if there is a RefParameter without a condition.
2025-05-06 15:45:39,337 [WARN] IP:2119 - Analog_Filter not found: check if there is a RefParameter without a condition.
2025-05-06 15:45:39,726 [INFO] CADModel:165 - CPN selected for project levelSTM32F103C8T6
2025-05-06 15:45:39,727 [INFO] CADModel:114 - Register for checkConnection events
2025-05-06 15:45:39,786 [INFO] OpenFileManager:343 - Restore cursor
2025-05-06 15:45:40,004 [WARN] IP:2119 - I2C_Coeff_DF not found: check if there is a RefParameter without a condition.
2025-05-06 15:45:40,004 [WARN] IP:2119 - Analog_Filter not found: check if there is a RefParameter without a condition.
2025-05-06 15:45:40,004 [WARN] IP:2119 - I2C_Coeff_DF not found: check if there is a RefParameter without a condition.
2025-05-06 15:45:40,004 [WARN] IP:2119 - Analog_Filter not found: check if there is a RefParameter without a condition.
2025-05-06 15:46:02,882 [WARN] IP:2119 - I2C_Coeff_DF not found: check if there is a RefParameter without a condition.
2025-05-06 15:46:02,883 [WARN] IP:2119 - Analog_Filter not found: check if there is a RefParameter without a condition.
2025-05-06 15:46:05,129 [INFO] NvicIntPanel:101 - NVIC parent = com.st.microxplorer.plugins.ip.nvic.MultiNvicIntPanel[,0,0,450x47,layout=javax.swing.BoxLayout,alignmentX=0.0,alignmentY=0.0,border=,flags=9,maximumSize=,minimumSize=,preferredSize=]
2025-05-06 16:09:44,037 [WARN] IP:2119 - I2C_Coeff_DF not found: check if there is a RefParameter without a condition.
2025-05-06 16:09:44,037 [WARN] IP:2119 - Analog_Filter not found: check if there is a RefParameter without a condition.
2025-05-06 16:09:44,054 [INFO] NvicIntPanel:101 - NVIC parent = com.st.microxplorer.plugins.ip.nvic.MultiNvicIntPanel[,0,0,0x0,invalid,layout=javax.swing.BoxLayout,alignmentX=0.0,alignmentY=0.0,border=,flags=9,maximumSize=,minimumSize=,preferredSize=]
2025-05-06 16:09:45,792 [WARN] IP:2119 - I2C_Coeff_DF not found: check if there is a RefParameter without a condition.
2025-05-06 16:09:45,792 [WARN] IP:2119 - Analog_Filter not found: check if there is a RefParameter without a condition.
2025-05-06 16:14:25,249 [INFO] UtilMem:75 - End SaveConfig() Used Memory: 787287328 Bytes (1073741824)
2025-05-06 16:14:25,897 [INFO] BlockDiagram:2759 - set Specific Code input for plugin: NVIC
2025-05-06 16:14:25,897 [INFO] BlockDiagram:2759 - set Specific Code input for plugin: SYS
2025-05-06 16:14:25,898 [INFO] BlockDiagram:2759 - set Specific Code input for plugin: GPIO
2025-05-06 16:14:25,898 [INFO] BlockDiagram:2759 - set Specific Code input for plugin: ADC
2025-05-06 16:14:25,898 [INFO] BlockDiagram:2759 - set Specific Code input for plugin: RCC
2025-05-06 16:14:25,898 [INFO] BlockDiagram:2759 - set Specific Code input for plugin: I2C
2025-05-06 16:14:25,901 [INFO] CodeGenerator:807 - code generatio: config db path: D:\ST\STM32CubeIDE_1.14.1\STM32CubeIDE\plugins\com.st.stm32cube.common.mx_6.10.0.202311202037\\db\
2025-05-06 16:14:25,910 [WARN] IP:2119 - I2C_Coeff_DF not found: check if there is a RefParameter without a condition.
2025-05-06 16:14:25,910 [WARN] IP:2119 - Analog_Filter not found: check if there is a RefParameter without a condition.
2025-05-06 16:14:26,346 [INFO] CodeEngine:255 - oldGeneratedFile, C:\Users\TS\STM32CubeIDE\workspace_I2C\I2C_Slave_C8T6\MXTmpFiles\license.tmp_save
2025-05-06 16:14:27,187 [INFO] CodeEngine:279 - Generated code: C:\Users\TS\STM32CubeIDE\workspace_I2C\I2C_Slave_C8T6\MXTmpFiles\license.tmp
2025-05-06 16:14:27,346 [INFO] CodeEngine:255 - oldGeneratedFile, C:\Users\TS\STM32CubeIDE\workspace_I2C\I2C_Slave_C8T6\MXTmpFiles\gpio.tmp_save
2025-05-06 16:14:27,559 [INFO] CodeEngine:279 - Generated code: C:\Users\TS\STM32CubeIDE\workspace_I2C\I2C_Slave_C8T6\MXTmpFiles\gpio.tmp
2025-05-06 16:14:27,783 [INFO] CodeEngine:255 - oldGeneratedFile, C:\Users\TS\STM32CubeIDE\workspace_I2C\I2C_Slave_C8T6\Core\Src\stm32f1xx_it.c_save
2025-05-06 16:14:27,970 [INFO] CodeEngine:279 - Generated code: C:\Users\TS\STM32CubeIDE\workspace_I2C\I2C_Slave_C8T6\Core\Src\stm32f1xx_it.c
2025-05-06 16:14:28,009 [INFO] CodeEngine:255 - oldGeneratedFile, C:\Users\TS\STM32CubeIDE\workspace_I2C\I2C_Slave_C8T6\Core\Inc\stm32f1xx_it.h_save
2025-05-06 16:14:28,152 [INFO] CodeEngine:279 - Generated code: C:\Users\TS\STM32CubeIDE\workspace_I2C\I2C_Slave_C8T6\Core\Inc\stm32f1xx_it.h
2025-05-06 16:14:28,213 [INFO] CodeEngine:255 - oldGeneratedFile, C:\Users\TS\STM32CubeIDE\workspace_I2C\I2C_Slave_C8T6\Core\Src\stm32f1xx_hal_msp.c_save
2025-05-06 16:14:28,387 [INFO] CodeEngine:279 - Generated code: C:\Users\TS\STM32CubeIDE\workspace_I2C\I2C_Slave_C8T6\Core\Src\stm32f1xx_hal_msp.c
2025-05-06 16:14:28,406 [INFO] CodeEngine:255 - oldGeneratedFile, C:\Users\TS\STM32CubeIDE\workspace_I2C\I2C_Slave_C8T6\MXTmpFiles\system.tmp_save
2025-05-06 16:14:28,509 [INFO] CodeEngine:279 - Generated code: C:\Users\TS\STM32CubeIDE\workspace_I2C\I2C_Slave_C8T6\MXTmpFiles\system.tmp
2025-05-06 16:14:28,559 [INFO] CodeEngine:311 - oldGeneratedFile, C:\Users\TS\STM32CubeIDE\workspace_I2C\I2C_Slave_C8T6\Core\Inc\stm32f1xx_hal_conf.h_save
2025-05-06 16:14:28,778 [INFO] CodeEngine:335 - Generated code: C:\Users\TS\STM32CubeIDE\workspace_I2C\I2C_Slave_C8T6\Core\Inc\stm32f1xx_hal_conf.h
2025-05-06 16:14:28,861 [INFO] CodeEngine:255 - oldGeneratedFile, C:\Users\TS\STM32CubeIDE\workspace_I2C\I2C_Slave_C8T6\Core\Inc\main.h_save
2025-05-06 16:14:29,021 [INFO] CodeEngine:279 - Generated code: C:\Users\TS\STM32CubeIDE\workspace_I2C\I2C_Slave_C8T6\Core\Inc\main.h
2025-05-06 16:14:29,057 [INFO] CodeEngine:255 - oldGeneratedFile, C:\Users\TS\STM32CubeIDE\workspace_I2C\I2C_Slave_C8T6\Core\Src\main.c_save
2025-05-06 16:14:29,288 [INFO] CodeEngine:279 - Generated code: C:\Users\TS\STM32CubeIDE\workspace_I2C\I2C_Slave_C8T6\Core\Src\main.c
2025-05-06 16:14:29,962 [INFO] ProjectBuilder:3076 - Time for Copy HAL[1] : 201mS.
2025-05-06 16:14:29,970 [INFO] ProjectBuilder:4485 - Project Generator version: 4.2.0-B44
2025-05-06 16:14:30,552 [INFO] ConfigFileManager:1495 - The Die is : DIE410
2025-05-06 16:14:30,580 [INFO] ApiDbMcu:508 - Load IP Config File for FATFS
2025-05-06 16:14:30,601 [INFO] ApiDbMcu:508 - Load IP Config File for FREERTOS
2025-05-06 16:14:30,627 [INFO] ApiDbMcu:508 - Load IP Config File for USB_DEVICE
2025-05-06 16:14:32,673 [INFO] LogOutputStream:77 - [STDOUT_REDIRECT] 
2025-05-06 16:14:36,097 [INFO] ProjectBuilder:4747 - Time for Generating toolchain IDE Files: 6126mS.
2025-05-06 16:14:36,098 [INFO] ProjectBuilder:2947 - Time for Copy CMSIS : 1mS.
2025-05-06 16:14:36,100 [INFO] ProjectBuilder:2947 - Time for Copy CMSIS : 0mS.
2025-05-06 16:14:48,500 [WARN] IP:2119 - I2C_Coeff_DF not found: check if there is a RefParameter without a condition.
2025-05-06 16:14:48,500 [WARN] IP:2119 - Analog_Filter not found: check if there is a RefParameter without a condition.
2025-05-06 16:14:48,500 [WARN] IP:2119 - I2C_Coeff_DF not found: check if there is a RefParameter without a condition.
2025-05-06 16:14:48,500 [WARN] IP:2119 - Analog_Filter not found: check if there is a RefParameter without a condition.
2025-05-06 16:14:48,553 [INFO] NvicIntPanel:101 - NVIC parent = com.st.microxplorer.plugins.ip.nvic.MultiNvicIntPanel[,0,0,0x0,invalid,layout=javax.swing.BoxLayout,alignmentX=0.0,alignmentY=0.0,border=,flags=9,maximumSize=,minimumSize=,preferredSize=]
2025-05-06 16:14:48,604 [WARN] IP:2119 - I2C_Coeff_DF not found: check if there is a RefParameter without a condition.
2025-05-06 16:14:48,604 [WARN] IP:2119 - Analog_Filter not found: check if there is a RefParameter without a condition.
2025-05-06 16:14:48,619 [WARN] IP:2119 - I2C_Coeff_DF not found: check if there is a RefParameter without a condition.
2025-05-06 16:14:48,620 [WARN] IP:2119 - Analog_Filter not found: check if there is a RefParameter without a condition.
2025-05-06 16:21:15,904 [INFO] UtilMem:75 - End SaveConfig() Used Memory: 852038656 Bytes (1073741824)
2025-05-06 16:21:20,144 [INFO] UtilMem:75 - End SaveConfig() Used Memory: 870116296 Bytes (1073741824)
2025-05-06 16:21:20,363 [INFO] UtilMem:75 - End SaveConfig() Used Memory: 679928736 Bytes (1073741824)
2025-05-06 16:21:20,691 [INFO] BlockDiagram:2759 - set Specific Code input for plugin: NVIC
2025-05-06 16:21:20,691 [INFO] BlockDiagram:2759 - set Specific Code input for plugin: SYS
2025-05-06 16:21:20,692 [INFO] BlockDiagram:2759 - set Specific Code input for plugin: GPIO
2025-05-06 16:21:20,693 [INFO] BlockDiagram:2759 - set Specific Code input for plugin: ADC
2025-05-06 16:21:20,693 [INFO] BlockDiagram:2759 - set Specific Code input for plugin: RCC
2025-05-06 16:21:20,693 [INFO] BlockDiagram:2759 - set Specific Code input for plugin: I2C
2025-05-06 16:21:20,695 [INFO] CodeGenerator:807 - code generatio: config db path: D:\ST\STM32CubeIDE_1.14.1\STM32CubeIDE\plugins\com.st.stm32cube.common.mx_6.10.0.202311202037\\db\
2025-05-06 16:21:20,700 [WARN] IP:2119 - I2C_Coeff_DF not found: check if there is a RefParameter without a condition.
2025-05-06 16:21:20,700 [WARN] IP:2119 - Analog_Filter not found: check if there is a RefParameter without a condition.
2025-05-06 16:21:20,897 [INFO] CodeEngine:255 - oldGeneratedFile, C:\Users\TS\STM32CubeIDE\workspace_I2C\I2C_Slave_C8T6\MXTmpFiles\license.tmp_save
2025-05-06 16:21:21,050 [INFO] CodeEngine:279 - Generated code: C:\Users\TS\STM32CubeIDE\workspace_I2C\I2C_Slave_C8T6\MXTmpFiles\license.tmp
2025-05-06 16:21:21,088 [INFO] CodeEngine:255 - oldGeneratedFile, C:\Users\TS\STM32CubeIDE\workspace_I2C\I2C_Slave_C8T6\MXTmpFiles\gpio.tmp_save
2025-05-06 16:21:21,263 [INFO] CodeEngine:279 - Generated code: C:\Users\TS\STM32CubeIDE\workspace_I2C\I2C_Slave_C8T6\MXTmpFiles\gpio.tmp
2025-05-06 16:21:21,479 [INFO] CodeEngine:255 - oldGeneratedFile, C:\Users\TS\STM32CubeIDE\workspace_I2C\I2C_Slave_C8T6\Core\Src\stm32f1xx_it.c_save
2025-05-06 16:21:21,859 [INFO] CodeEngine:279 - Generated code: C:\Users\TS\STM32CubeIDE\workspace_I2C\I2C_Slave_C8T6\Core\Src\stm32f1xx_it.c
2025-05-06 16:21:21,869 [INFO] CodeEngine:255 - oldGeneratedFile, C:\Users\TS\STM32CubeIDE\workspace_I2C\I2C_Slave_C8T6\Core\Inc\stm32f1xx_it.h_save
2025-05-06 16:21:21,952 [INFO] CodeEngine:279 - Generated code: C:\Users\TS\STM32CubeIDE\workspace_I2C\I2C_Slave_C8T6\Core\Inc\stm32f1xx_it.h
2025-05-06 16:21:22,000 [INFO] CodeEngine:255 - oldGeneratedFile, C:\Users\TS\STM32CubeIDE\workspace_I2C\I2C_Slave_C8T6\Core\Src\stm32f1xx_hal_msp.c_save
2025-05-06 16:21:22,126 [INFO] CodeEngine:279 - Generated code: C:\Users\TS\STM32CubeIDE\workspace_I2C\I2C_Slave_C8T6\Core\Src\stm32f1xx_hal_msp.c
2025-05-06 16:21:22,134 [INFO] CodeEngine:255 - oldGeneratedFile, C:\Users\TS\STM32CubeIDE\workspace_I2C\I2C_Slave_C8T6\MXTmpFiles\system.tmp_save
2025-05-06 16:21:22,195 [INFO] CodeEngine:279 - Generated code: C:\Users\TS\STM32CubeIDE\workspace_I2C\I2C_Slave_C8T6\MXTmpFiles\system.tmp
2025-05-06 16:21:22,226 [INFO] CodeEngine:311 - oldGeneratedFile, C:\Users\TS\STM32CubeIDE\workspace_I2C\I2C_Slave_C8T6\Core\Inc\stm32f1xx_hal_conf.h_save
2025-05-06 16:21:22,344 [INFO] CodeEngine:335 - Generated code: C:\Users\TS\STM32CubeIDE\workspace_I2C\I2C_Slave_C8T6\Core\Inc\stm32f1xx_hal_conf.h
2025-05-06 16:21:22,411 [INFO] CodeEngine:255 - oldGeneratedFile, C:\Users\TS\STM32CubeIDE\workspace_I2C\I2C_Slave_C8T6\Core\Inc\main.h_save
2025-05-06 16:21:22,520 [INFO] CodeEngine:279 - Generated code: C:\Users\TS\STM32CubeIDE\workspace_I2C\I2C_Slave_C8T6\Core\Inc\main.h
2025-05-06 16:21:22,557 [INFO] CodeEngine:255 - oldGeneratedFile, C:\Users\TS\STM32CubeIDE\workspace_I2C\I2C_Slave_C8T6\Core\Src\main.c_save
2025-05-06 16:21:22,792 [INFO] CodeEngine:279 - Generated code: C:\Users\TS\STM32CubeIDE\workspace_I2C\I2C_Slave_C8T6\Core\Src\main.c
2025-05-06 16:21:23,515 [INFO] ProjectBuilder:3076 - Time for Copy HAL[1] : 174mS.
2025-05-06 16:21:23,519 [INFO] ProjectBuilder:4485 - Project Generator version: 4.2.0-B44
2025-05-06 16:21:23,917 [INFO] ConfigFileManager:1495 - The Die is : DIE410
2025-05-06 16:21:26,566 [INFO] ProjectBuilder:4747 - Time for Generating toolchain IDE Files: 3046mS.
2025-05-06 16:21:26,567 [INFO] ProjectBuilder:2947 - Time for Copy CMSIS : 0mS.
2025-05-06 16:21:26,570 [INFO] ProjectBuilder:2947 - Time for Copy CMSIS : 0mS.
2025-05-06 16:21:32,036 [ERROR] LogOutputStream:75 - [STDERR_REDIRECT] 
2025-05-06 16:21:32,037 [ERROR] LogOutputStream:75 - [STDERR_REDIRECT] 
