2025-04-21 19:46:09,753 [INFO] Activator:176 - 


2025-04-21 19:46:09,764 [INFO] Activator:177 - !SESSION log4j initialized
2025-04-21 19:46:20,121 [INFO] LogOutputStream:77 - [STDOUT_REDIRECT] 
2025-04-21 19:46:26,882 [INFO] ApplicationProperties:184 - Using Application install path: D:\ST\STM32CubeIDE_1.14.1\STM32CubeIDE\plugins\com.st.stm32cube.common.mx_6.10.0.202311202037
2025-04-21 19:46:26,918 [INFO] DbMcusXml:78 - Set database path to: D:\ST\STM32CubeIDE_1.14.1\STM32CubeIDE\plugins\com.st.stm32cube.common.mx_6.10.0.202311202037\\db\/mcu/
2025-04-21 19:46:26,919 [INFO] ApiDb:274 - Set plugin database path to: D:\ST\STM32CubeIDE_1.14.1\STM32CubeIDE\plugins\com.st.stm32cube.common.mx_6.10.0.202311202037\\db\/plugins/boardmanager/
2025-04-21 19:46:26,921 [WARN] ApiDb:259 - Overriding images path with different value:  => D:\ST\STM32CubeIDE_1.14.1\STM32CubeIDE\plugins\com.st.stm32cube.common.mx_6.10.0.202311202037\\db\/plugins/mcufinder/images/
2025-04-21 19:46:26,938 [INFO] ApiDb:250 - Set database path to: C:\Users\TS\.stmcufinder\plugins\mcufinder//mcu/
2025-04-21 19:46:26,940 [INFO] DbMcusAds:125 - Set database path to: C:\Users\TS\.stmcufinder\plugins\mcufinder//mcu/
2025-04-21 19:46:27,723 [INFO] CrossReferenceDbSqlite:203 - Set database path to: C:\Users\TS\.stmcufinder\plugins\mcufinder//mcu/cs/
2025-04-21 19:46:27,941 [INFO] RulesReader:64 - Compatibility file has been processed (297 Rules)
2025-04-21 19:46:28,074 [INFO] DbMcusXml:78 - Set database path to: D:\ST\STM32CubeIDE_1.14.1\STM32CubeIDE\plugins\com.st.stm32cube.common.mx_6.10.0.202311202037\\db\/mcu/
2025-04-21 19:46:28,074 [INFO] ApiDb:274 - Set plugin database path to: D:\ST\STM32CubeIDE_1.14.1\STM32CubeIDE\plugins\com.st.stm32cube.common.mx_6.10.0.202311202037\\db\/plugins/boardmanager/
2025-04-21 19:46:28,074 [INFO] ApiDb:261 - Set plugin images path to: D:\ST\STM32CubeIDE_1.14.1\STM32CubeIDE\plugins\com.st.stm32cube.common.mx_6.10.0.202311202037\\db\/plugins/mcufinder/images/
2025-04-21 19:46:28,075 [WARN] DbFile:41 - Overriding database path with different value: C:\Users\TS\.stmcufinder\plugins\mcufinder/ => C:\Users\TS\.stmcufinder\plugins\mcufinder
2025-04-21 19:46:28,075 [INFO] ApiDb:250 - Set database path to: C:\Users\TS\.stmcufinder\plugins\mcufinder//mcu/
2025-04-21 19:46:28,075 [WARN] DbFile:41 - Overriding database path with different value: C:\Users\TS\.stmcufinder\plugins\mcufinder/ => C:\Users\TS\.stmcufinder\plugins\mcufinder
2025-04-21 19:46:28,075 [INFO] DbMcusAds:125 - Set database path to: C:\Users\TS\.stmcufinder\plugins\mcufinder//mcu/
2025-04-21 19:46:28,075 [WARN] DbFile:41 - Overriding database path with different value: C:\Users\TS\.stmcufinder\plugins\mcufinder/ => C:\Users\TS\.stmcufinder\plugins\mcufinder
2025-04-21 19:46:28,075 [WARN] DbFile:41 - Overriding database path with different value: C:\Users\TS\.stmcufinder\plugins\mcufinder/ => C:\Users\TS\.stmcufinder\plugins\mcufinder
2025-04-21 19:46:28,722 [INFO] CrossReferenceDbSqlite:203 - Set database path to: C:\Users\TS\.stmcufinder\plugins\mcufinder//mcu/cs/
2025-04-21 19:46:28,858 [INFO] MainPanel:264 - HeapMemory: 268435456
2025-04-21 19:46:28,990 [INFO] DbMcusXml:78 - Set database path to: D:\ST\STM32CubeIDE_1.14.1\STM32CubeIDE\plugins\com.st.stm32cube.common.mx_6.10.0.202311202037\\db\/mcu/
2025-04-21 19:46:28,990 [INFO] ApiDb:274 - Set plugin database path to: D:\ST\STM32CubeIDE_1.14.1\STM32CubeIDE\plugins\com.st.stm32cube.common.mx_6.10.0.202311202037\\db\/plugins/boardmanager/
2025-04-21 19:46:28,990 [INFO] ApiDb:261 - Set plugin images path to: D:\ST\STM32CubeIDE_1.14.1\STM32CubeIDE\plugins\com.st.stm32cube.common.mx_6.10.0.202311202037\\db\/plugins/mcufinder/images/
2025-04-21 19:46:28,990 [WARN] DbFile:41 - Overriding database path with different value: C:\Users\TS\.stmcufinder\plugins\mcufinder/ => C:\Users\TS\.stmcufinder\plugins\mcufinder
2025-04-21 19:46:28,990 [INFO] ApiDb:250 - Set database path to: C:\Users\TS\.stmcufinder\plugins\mcufinder//mcu/
2025-04-21 19:46:28,990 [WARN] DbFile:41 - Overriding database path with different value: C:\Users\TS\.stmcufinder\plugins\mcufinder/ => C:\Users\TS\.stmcufinder\plugins\mcufinder
2025-04-21 19:46:28,991 [INFO] DbMcusAds:125 - Set database path to: C:\Users\TS\.stmcufinder\plugins\mcufinder//mcu/
2025-04-21 19:46:28,991 [WARN] DbFile:41 - Overriding database path with different value: C:\Users\TS\.stmcufinder\plugins\mcufinder/ => C:\Users\TS\.stmcufinder\plugins\mcufinder
2025-04-21 19:46:28,991 [WARN] DbFile:41 - Overriding database path with different value: C:\Users\TS\.stmcufinder\plugins\mcufinder/ => C:\Users\TS\.stmcufinder\plugins\mcufinder
2025-04-21 19:46:29,722 [INFO] CrossReferenceDbSqlite:203 - Set database path to: C:\Users\TS\.stmcufinder\plugins\mcufinder//mcu/cs/
2025-04-21 19:46:29,757 [INFO] ApplicationProperties:184 - Using Application install path: D:\ST\STM32CubeIDE_1.14.1\STM32CubeIDE\plugins\com.st.stm32cube.common.mx_6.10.0.202311202037
2025-04-21 19:46:29,761 [INFO] PluginManage:196 - Search for loadable plugins [exclusion list=, ]
2025-04-21 19:46:29,763 [INFO] PluginManage:310 - Check plugin analytics
2025-04-21 19:46:30,846 [INFO] AnalyticsPlugin:253 - Accepted Software Licenses: 
2025-04-21 19:46:30,846 [INFO] AnalyticsPlugin:255 - Accepted CMSIS Pack Licenses: 
2025-04-21 19:46:30,847 [INFO] AnalyticsPlugin:257 - Accepted Firmware Licenses: FW.F4.1.28.0
2025-04-21 19:46:30,852 [INFO] PluginManage:359 - Loaded plugin analytics (category:tool,tabindex:-1)
2025-04-21 19:46:30,854 [INFO] PluginManage:310 - Check plugin cadmodel
2025-04-21 19:46:30,883 [INFO] CADModel:105 - Init CAD model plugin
2025-04-21 19:46:30,883 [INFO] PluginManage:359 - Loaded plugin cadmodel (category:power,tabindex:5)
2025-04-21 19:46:30,883 [INFO] PluginManage:310 - Check plugin clock
2025-04-21 19:46:30,913 [INFO] PluginManage:359 - Loaded plugin clock (category:base,tabindex:2)
2025-04-21 19:46:30,914 [INFO] PluginManage:310 - Check plugin ddr
2025-04-21 19:46:30,917 [INFO] PluginManage:359 - Loaded plugin ddr (category:tool,tabindex:6)
2025-04-21 19:46:30,917 [INFO] PluginManage:310 - Check plugin filemanager
2025-04-21 19:46:31,135 [INFO] PluginManage:359 - Loaded plugin filemanager (category:base,tabindex:10)
2025-04-21 19:46:31,135 [INFO] PluginManage:310 - Check plugin ipmanager
2025-04-21 19:46:31,146 [INFO] PluginManage:359 - Loaded plugin ipmanager (category:base,tabindex:5)
2025-04-21 19:46:31,147 [INFO] PluginManage:310 - Check plugin lpbam
2025-04-21 19:46:31,180 [INFO] PluginManage:359 - Loaded plugin lpbam (category:base,tabindex:0)
2025-04-21 19:46:31,181 [INFO] PluginManage:310 - Check plugin memorymap
2025-04-21 19:46:31,225 [INFO] PluginManage:359 - Loaded plugin memorymap (category:base,tabindex:4)
2025-04-21 19:46:31,225 [INFO] PluginManage:310 - Check plugin pinoutandconfiguration
2025-04-21 19:46:31,259 [INFO] PluginManage:359 - Loaded plugin pinoutandconfiguration (category:base,tabindex:1)
2025-04-21 19:46:31,259 [INFO] PluginManage:310 - Check plugin pinoutconfig
2025-04-21 19:46:31,414 [WARN] SupportedApi:132 - Cannot load RTOS API schema: s4s-elt-must-match.1: The content of 'definitions' must match (annotation?, (simpleType | complexType)?, (unique | key | keyref)*)). A problem was found starting at: attribute.
2025-04-21 19:46:31,631 [INFO] PluginManage:359 - Loaded plugin pinoutconfig (category:base,tabindex:0)
2025-04-21 19:46:31,632 [INFO] PluginManage:310 - Check plugin power
2025-04-21 19:46:31,668 [INFO] PluginManage:359 - Loaded plugin power (category:power,tabindex:4)
2025-04-21 19:46:31,668 [INFO] PluginManage:310 - Check plugin projectmanager
2025-04-21 19:46:31,696 [INFO] PluginManage:359 - Loaded plugin projectmanager (category:projectmanager,tabindex:3)
2025-04-21 19:46:31,696 [INFO] PluginManage:310 - Check plugin thirdparty
2025-04-21 19:46:32,205 [INFO] PluginManage:359 - Loaded plugin thirdparty (category:base,tabindex:-1)
2025-04-21 19:46:32,205 [WARN] IntegrityCheckThread:84 - waiting for thirdparty lock release [integrity check]
2025-04-21 19:46:32,206 [INFO] PluginManage:310 - Check plugin tools
2025-04-21 19:46:32,206 [INFO] IntegrityCheckThread:86 - entering critical section [integrity check]
2025-04-21 19:46:32,207 [INFO] ThirdPartyUpdaterWithRetryManager:70 - Updater plugin not ready yet. [1/15]
2025-04-21 19:46:32,287 [INFO] PluginManage:359 - Loaded plugin tools (category:base,tabindex:7)
2025-04-21 19:46:32,288 [INFO] PluginManage:310 - Check plugin tutovideos
2025-04-21 19:46:32,612 [INFO] PluginManage:359 - Loaded plugin tutovideos (category:base,tabindex:-1)
2025-04-21 19:46:32,612 [INFO] PluginManage:310 - Check plugin updater
2025-04-21 19:46:32,634 [INFO] PluginManage:359 - Loaded plugin updater (category:base,tabindex:12)
2025-04-21 19:46:32,634 [INFO] PluginManage:310 - Check plugin userauth
2025-04-21 19:46:32,643 [INFO] UserAuth:114 - Init User Auth plugin
2025-04-21 19:46:32,643 [INFO] PluginManage:359 - Loaded plugin userauth (category:base,tabindex:14)
2025-04-21 19:46:32,644 [INFO] PluginManage:283 - PluginManage : Loaded plugins [17]
2025-04-21 19:46:32,996 [INFO] PinOutPanel:1499 - setPackage(No Configuration,No Configuration)
2025-04-21 19:46:33,115 [INFO] CADModel:165 - CPN selected for project level
2025-04-21 19:46:33,115 [INFO] CADModel:114 - Register for checkConnection events
2025-04-21 19:46:33,164 [INFO] IPUIPlugin:80 - create IPUIPlugin
2025-04-21 19:46:33,164 [INFO] PluginManager:220 - loadIPPluginJar : add adc
2025-04-21 19:46:33,232 [INFO] IPUIPlugin:80 - create IPUIPlugin
2025-04-21 19:46:33,232 [INFO] PluginManager:220 - loadIPPluginJar : add aes
2025-04-21 19:46:33,313 [INFO] IPUIPlugin:80 - create IPUIPlugin
2025-04-21 19:46:33,313 [INFO] PluginManager:220 - loadIPPluginJar : add can
2025-04-21 19:46:33,358 [INFO] IPUIPlugin:80 - create IPUIPlugin
2025-04-21 19:46:33,358 [INFO] PluginManager:220 - loadIPPluginJar : add comp
2025-04-21 19:46:33,433 [INFO] IPUIPlugin:80 - create IPUIPlugin
2025-04-21 19:46:33,433 [INFO] PluginManager:220 - loadIPPluginJar : add cryp
2025-04-21 19:46:33,498 [INFO] IPUIPlugin:80 - create IPUIPlugin
2025-04-21 19:46:33,499 [INFO] PluginManager:220 - loadIPPluginJar : add dfsdm
2025-04-21 19:46:33,523 [INFO] IPUIPlugin:80 - create IPUIPlugin
2025-04-21 19:46:33,524 [INFO] PluginManager:220 - loadIPPluginJar : add dma
2025-04-21 19:46:33,682 [INFO] IPUIPlugin:80 - create IPUIPlugin
2025-04-21 19:46:33,682 [INFO] PluginManager:220 - loadIPPluginJar : add dma3
2025-04-21 19:46:33,733 [INFO] IPUIPlugin:80 - create IPUIPlugin
2025-04-21 19:46:33,733 [INFO] PluginManager:220 - loadIPPluginJar : add fatfs
2025-04-21 19:46:33,846 [INFO] IPUIPlugin:80 - create IPUIPlugin
2025-04-21 19:46:33,846 [INFO] PluginManager:220 - loadIPPluginJar : add fmc
2025-04-21 19:46:33,877 [INFO] IPUIPlugin:80 - create IPUIPlugin
2025-04-21 19:46:33,878 [INFO] PluginManager:220 - loadIPPluginJar : add freertos
2025-04-21 19:46:33,924 [INFO] IPUIPlugin:80 - create IPUIPlugin
2025-04-21 19:46:33,924 [INFO] PluginManager:220 - loadIPPluginJar : add genericplugin
2025-04-21 19:46:34,151 [INFO] IPUIPlugin:80 - create IPUIPlugin
2025-04-21 19:46:34,151 [INFO] PluginManager:220 - loadIPPluginJar : add gfxmmu
2025-04-21 19:46:34,465 [INFO] IPUIPlugin:80 - create IPUIPlugin
2025-04-21 19:46:34,466 [INFO] PluginManager:220 - loadIPPluginJar : add gic
2025-04-21 19:46:34,492 [INFO] IPUIPlugin:80 - create IPUIPlugin
2025-04-21 19:46:34,492 [INFO] PluginManager:220 - loadIPPluginJar : add gpio
2025-04-21 19:46:34,655 [INFO] IPUIPlugin:80 - create IPUIPlugin
2025-04-21 19:46:34,656 [INFO] PluginManager:220 - loadIPPluginJar : add gtzc
2025-04-21 19:46:34,736 [INFO] IPUIPlugin:80 - create IPUIPlugin
2025-04-21 19:46:34,736 [INFO] PluginManager:220 - loadIPPluginJar : add hash
2025-04-21 19:46:34,869 [INFO] IPUIPlugin:80 - create IPUIPlugin
2025-04-21 19:46:34,869 [INFO] PluginManager:220 - loadIPPluginJar : add i2c
2025-04-21 19:46:34,950 [INFO] IPUIPlugin:80 - create IPUIPlugin
2025-04-21 19:46:34,950 [INFO] PluginManager:220 - loadIPPluginJar : add i2s
2025-04-21 19:46:35,038 [INFO] IPUIPlugin:80 - create IPUIPlugin
2025-04-21 19:46:35,039 [INFO] PluginManager:220 - loadIPPluginJar : add i3c
2025-04-21 19:46:35,208 [INFO] ThirdPartyUpdaterWithRetryManager:70 - Updater plugin not ready yet. [2/15]
2025-04-21 19:46:35,260 [INFO] IPUIPlugin:80 - create IPUIPlugin
2025-04-21 19:46:35,260 [INFO] PluginManager:220 - loadIPPluginJar : add ipddr
2025-04-21 19:46:35,451 [INFO] IPUIPlugin:80 - create IPUIPlugin
2025-04-21 19:46:35,452 [INFO] PluginManager:220 - loadIPPluginJar : add linkedlist
2025-04-21 19:46:35,524 [INFO] IPUIPlugin:80 - create IPUIPlugin
2025-04-21 19:46:35,524 [INFO] PluginManager:220 - loadIPPluginJar : add lorawan
2025-04-21 19:46:35,613 [INFO] IPUIPlugin:80 - create IPUIPlugin
2025-04-21 19:46:35,614 [INFO] PluginManager:220 - loadIPPluginJar : add ltdc
2025-04-21 19:46:35,641 [INFO] IPUIPlugin:80 - create IPUIPlugin
2025-04-21 19:46:35,641 [INFO] PluginManager:220 - loadIPPluginJar : add mdma
2025-04-21 19:46:35,665 [INFO] IPUIPlugin:80 - create IPUIPlugin
2025-04-21 19:46:35,666 [INFO] PluginManager:220 - loadIPPluginJar : add nvic
2025-04-21 19:46:35,740 [INFO] IPUIPlugin:80 - create IPUIPlugin
2025-04-21 19:46:35,740 [INFO] PluginManager:220 - loadIPPluginJar : add opamp
2025-04-21 19:46:35,937 [INFO] IPUIPlugin:80 - create IPUIPlugin
2025-04-21 19:46:35,937 [INFO] PluginManager:220 - loadIPPluginJar : add openamp
2025-04-21 19:46:36,074 [INFO] IPUIPlugin:80 - create IPUIPlugin
2025-04-21 19:46:36,074 [INFO] PluginManager:220 - loadIPPluginJar : add pdm2pcm
2025-04-21 19:46:36,100 [INFO] IPUIPlugin:80 - create IPUIPlugin
2025-04-21 19:46:36,102 [INFO] PluginManager:220 - loadIPPluginJar : add plateformsettings
2025-04-21 19:46:36,147 [INFO] IPUIPlugin:80 - create IPUIPlugin
2025-04-21 19:46:36,147 [INFO] PluginManager:220 - loadIPPluginJar : add quadspi
2025-04-21 19:46:36,171 [INFO] IPUIPlugin:80 - create IPUIPlugin
2025-04-21 19:46:36,172 [INFO] PluginManager:220 - loadIPPluginJar : add resmgrutility
2025-04-21 19:46:36,286 [INFO] IPUIPlugin:80 - create IPUIPlugin
2025-04-21 19:46:36,286 [INFO] PluginManager:220 - loadIPPluginJar : add sai
2025-04-21 19:46:36,371 [INFO] IPUIPlugin:80 - create IPUIPlugin
2025-04-21 19:46:36,371 [INFO] PluginManager:220 - loadIPPluginJar : add spi
2025-04-21 19:46:36,500 [INFO] IPUIPlugin:80 - create IPUIPlugin
2025-04-21 19:46:36,501 [INFO] PluginManager:220 - loadIPPluginJar : add stm32_wpan
2025-04-21 19:46:36,559 [INFO] IPUIPlugin:80 - create IPUIPlugin
2025-04-21 19:46:36,559 [INFO] PluginManager:220 - loadIPPluginJar : add tim
2025-04-21 19:46:36,706 [INFO] IPUIPlugin:80 - create IPUIPlugin
2025-04-21 19:46:36,706 [INFO] PluginManager:220 - loadIPPluginJar : add touchsensing
2025-04-21 19:46:36,750 [INFO] IPUIPlugin:80 - create IPUIPlugin
2025-04-21 19:46:36,750 [INFO] PluginManager:220 - loadIPPluginJar : add tracer_emb
2025-04-21 19:46:36,794 [INFO] IPUIPlugin:80 - create IPUIPlugin
2025-04-21 19:46:36,794 [INFO] PluginManager:220 - loadIPPluginJar : add ts
2025-04-21 19:46:36,845 [INFO] IPUIPlugin:80 - create IPUIPlugin
2025-04-21 19:46:36,845 [INFO] PluginManager:220 - loadIPPluginJar : add tsc
2025-04-21 19:46:36,922 [INFO] IPUIPlugin:80 - create IPUIPlugin
2025-04-21 19:46:36,924 [INFO] PluginManager:220 - loadIPPluginJar : add ucpd
2025-04-21 19:46:37,027 [INFO] IPUIPlugin:80 - create IPUIPlugin
2025-04-21 19:46:37,027 [INFO] PluginManager:220 - loadIPPluginJar : add usart
2025-04-21 19:46:37,118 [INFO] IPUIPlugin:80 - create IPUIPlugin
2025-04-21 19:46:37,118 [INFO] PluginManager:220 - loadIPPluginJar : add usbx
2025-04-21 19:46:37,288 [INFO] CADModel:165 - CPN selected for project level
2025-04-21 19:46:37,289 [INFO] CADModel:114 - Register for checkConnection events
2025-04-21 19:46:37,289 [FATAL] Updater:308 - Updater called before beeing initialized
2025-04-21 19:46:37,290 [ERROR] CADModel:125 - Updater not yet initialized, retry later 
2025-04-21 19:46:37,510 [INFO] CADModel:165 - CPN selected for project level
2025-04-21 19:46:37,510 [INFO] CADModel:114 - Register for checkConnection events
2025-04-21 19:46:37,510 [FATAL] Updater:308 - Updater called before beeing initialized
2025-04-21 19:46:37,510 [ERROR] CADModel:125 - Updater not yet initialized, retry later 
2025-04-21 19:46:37,516 [FATAL] Updater:308 - Updater called before beeing initialized
2025-04-21 19:46:37,711 [FATAL] Updater:308 - Updater called before beeing initialized
2025-04-21 19:46:37,733 [INFO] DbMcusAds:53 - JSON generation date=Thu Mar 06 21:54:22 ICT 2025 (1741272862078)
2025-04-21 19:46:37,734 [FATAL] Updater:308 - Updater called before beeing initialized
2025-04-21 19:46:37,860 [WARN] DetailPanel:346 - Failed to get advertising image, set to default
2025-04-21 19:46:37,974 [FATAL] Updater:308 - Updater called before beeing initialized
2025-04-21 19:46:37,978 [FATAL] Updater:308 - Updater called before beeing initialized
2025-04-21 19:46:37,978 [FATAL] Updater:308 - Updater called before beeing initialized
2025-04-21 19:46:37,978 [WARN] DetailPanel:346 - Failed to get advertising image, set to default
2025-04-21 19:46:37,979 [FATAL] Updater:308 - Updater called before beeing initialized
2025-04-21 19:46:38,088 [ERROR] Updater:1120 - MainUpdater not yet initialized. External WinMGr cannot be set.
2025-04-21 19:46:38,109 [INFO] Updater:1056 - Updater Version found : 6.10.0
2025-04-21 19:46:38,139 [INFO] ApplicationProperties:184 - Using Application install path: D:\ST\STM32CubeIDE_1.14.1\STM32CubeIDE\plugins\com.st.stm32cube.common.mx_6.10.0.202311202037
2025-04-21 19:46:38,210 [INFO] ThirdPartyUpdaterWithRetryManager:70 - Updater plugin not ready yet. [3/15]
2025-04-21 19:46:39,740 [ERROR] LogOutputStream:75 - [STDERR_REDIRECT] Apr 21, 2025 7:46:39 PM java.util.prefs.WindowsPreferences <init>
2025-04-21 19:46:39,743 [ERROR] LogOutputStream:75 - [STDERR_REDIRECT] WARNING: Could not open/create prefs root node Software\JavaSoft\Prefs at root 0xffffffff80000002. Windows RegCreateKeyEx(...) returned error code 5.
2025-04-21 19:46:39,744 [ERROR] LogOutputStream:75 - [STDERR_REDIRECT] 
2025-04-21 19:46:41,212 [FATAL] Updater:308 - Updater called before beeing initialized
2025-04-21 19:46:41,212 [ERROR] IntegrityCheckThread:130 - Cannot retrieve database content from updater: error 21
2025-04-21 19:46:41,213 [INFO] ThirdParty:978 - Integrity check success = false
2025-04-21 19:46:41,213 [INFO] IntegrityCheckThread:100 - exiting critical section [integrity check]
2025-04-21 19:46:41,213 [INFO] IntegrityCheckThread:103 - End integrity checks thread
2025-04-21 19:46:43,453 [INFO] MainUpdater:2873 - connection check result : 10
2025-04-21 19:46:43,454 [INFO] MainUpdater:3567 - Updater definition file requires update
2025-04-21 19:46:43,455 [INFO] MainUpdater:290 - Updater Check For Update Now.
2025-04-21 19:46:43,455 [INFO] MicroXplorer:498 - Change Database Version : DB.6.0.100
2025-04-21 19:46:43,483 [INFO] McuFinderGlobals:63 - Set McuFinder mode to 2 (CubeIDE integrated)
2025-04-21 19:46:44,015 [INFO] UserAuth:404 - Internet connection configuration mode: 1
2025-04-21 19:46:44,060 [INFO] JxBrowserEngine:152 - Initiate JxBrowser Engine with user profile folder
2025-04-21 19:46:44,879 [INFO] ServerAccessManage:473 - Download File updaters.zip
2025-04-21 19:46:45,790 [INFO] FileExtend:240 - Unzip File : updaters.zip
2025-04-21 19:46:45,791 [INFO] FileExtend:255 - Standard Zip Deflate
2025-04-21 19:46:48,215 [INFO] ServerAccessManage:473 - Download File PacksControlFlags.xml
2025-04-21 19:46:49,099 [INFO] ServerAccessManage:473 - Download File cubemx.pidx
2025-04-21 19:46:52,137 [INFO] WebApp:161 - Instantiating new browser for Auth
2025-04-21 19:46:52,968 [INFO] ServerAccessManage:473 - Download File STMicroelectronics.X-CUBE-MEMS1.pdsc
2025-04-21 19:46:53,311 [INFO] WebApp:780 - Register for checkConnection events
2025-04-21 19:46:53,311 [INFO] WebApp:414 - Apply proxy settings
2025-04-21 19:46:53,312 [INFO] WebApp:499 - Chromium requires no authentication
2025-04-21 19:46:53,328 [INFO] WebApp:442 - Direct internet connection detected
2025-04-21 19:46:53,691 [INFO] WebApp:192 - Starting web application
2025-04-21 19:46:53,691 [INFO] WebApp:544 - Web application path used D:\ST\STM32CubeIDE_1.14.1\STM32CubeIDE\plugins\com.st.stm32cube.common.mx_6.10.0.202311202037\db\plugins\mcufinder\reactClient1\index.html
2025-04-21 19:47:13,375 [INFO] ServerAccessManage:473 - Download File STMicroelectronics.X-CUBE-TOF1.pdsc
2025-04-21 19:47:15,784 [ERROR] LogOutputStream:75 - [STDERR_REDIRECT] SLF4J: Failed to load class "org.slf4j.impl.StaticLoggerBinder".
2025-04-21 19:47:15,787 [ERROR] LogOutputStream:75 - [STDERR_REDIRECT] SLF4J: Defaulting to no-operation (NOP) logger implementation
2025-04-21 19:47:15,790 [ERROR] LogOutputStream:75 - [STDERR_REDIRECT] SLF4J: See http://www.slf4j.org/codes.html#StaticLoggerBinder for further details.
2025-04-21 19:47:23,840 [ERROR] ServerAccessManage:1089 - Problem, file not found on Server
2025-04-21 19:47:26,433 [INFO] ServerAccessManage:473 - Download File STMicroelectronics.X-CUBE-WB05N.pdsc
2025-04-21 19:47:28,060 [INFO] ServerAccessManage:473 - Download File Avnet-IotConnect.X-CUBE-IoTC-DA16k-PMOD.pdsc
2025-04-21 19:47:28,422 [WARN] PackLoader:240 - Cannot read IP mode file for STMicroelectronics.X-CUBE-MEMS1.11.2.0
2025-04-21 19:47:28,454 [INFO] CheckServerUpdateThread:120 - End of CheckServer Thread
2025-04-21 19:47:28,724 [WARN] PopulateThirdPartyThread:106 - Error when creating pack: C:/Users/TS/.stm32cubemx/thirdparties/pdsc/STMicroelectronics.X-CUBE-TOF1.pdsc
2025-04-21 19:47:28,740 [WARN] PackLoader:240 - Cannot read IP mode file for STMicroelectronics.X-CUBE-WB05N.2.0.0
2025-04-21 19:47:28,744 [WARN] PopulateThirdPartyThread:106 - Error when creating pack: C:/Users/TS/.stm32cubemx/thirdparties/pdsc/Avnet-IotConnect.X-CUBE-IoTC-DA16k-PMOD.pdsc
2025-04-21 19:47:28,744 [INFO] PopulateThirdPartyThread:66 - Ending populate Thread
2025-04-21 19:47:28,748 [INFO] ThirdParty:1030 - CMSIS Pack Vendor :STMicroelectronics X-CUBE-MEMS1 11.2.0
2025-04-21 19:47:28,748 [INFO] ThirdParty:1030 - CMSIS Pack Vendor :STMicroelectronics X-CUBE-WB05N 2.0.0
2025-04-21 19:47:28,750 [INFO] LoadServerUpdatesThread:375 - End of LoadServerUpdate Thread
2025-04-21 20:07:40,905 [INFO] McuFinderGlobals:63 - Set McuFinder mode to 2 (CubeIDE integrated)
2025-04-21 20:07:40,954 [INFO] MainUpdater:2873 - connection check result : 10
2025-04-21 20:07:40,967 [INFO] MainUpdater:2873 - connection check result : 10
2025-04-21 20:07:41,454 [INFO] MicroXplorer:468 - Change Database Path : 
2025-04-21 20:07:41,454 [INFO] MicroXplorer:498 - Change Database Version : DB.6.0.100
2025-04-21 20:07:41,460 [WARN] ThirdParty:871 - waiting for thirdparty lock release [close project]
2025-04-21 20:07:41,460 [INFO] ThirdParty:873 - entering critical section [close project]
2025-04-21 20:07:41,461 [INFO] ThirdParty:883 - exiting critical section [close project]
2025-04-21 20:07:41,463 [INFO] PinOutPanel:1499 - setPackage(No Configuration,No Configuration)
2025-04-21 20:07:41,466 [INFO] UtilMem:75 - Begin LoadConfig() Used Memory: 632593432 Bytes (1073741824)
2025-04-21 20:07:41,470 [INFO] MicroXplorer:468 - Change Database Path : 
2025-04-21 20:07:41,470 [INFO] MicroXplorer:498 - Change Database Version : DB.6.0.100
2025-04-21 20:07:41,471 [INFO] OpenFileManager:312 - Change cursor
2025-04-21 20:07:41,492 [WARN] IntegrityCheckThread:84 - waiting for thirdparty lock release [integrity check]
2025-04-21 20:07:41,492 [INFO] IntegrityCheckThread:86 - entering critical section [integrity check]
2025-04-21 20:07:41,798 [WARN] PackLoader:240 - Cannot read IP mode file for STMicroelectronics.FP-SNS-MOTENVWB1.1.4.0
2025-04-21 20:07:41,807 [WARN] PackLoader:240 - Cannot read IP mode file for STMicroelectronics.FP-ATR-ASTRA1.2.0.2
2025-04-21 20:07:41,833 [WARN] PackLoader:240 - Cannot read IP mode file for STMicroelectronics.FP-ATR-ASTRA1.2.0.1
2025-04-21 20:07:41,869 [WARN] PackLoader:240 - Cannot read IP mode file for STMicroelectronics.X-CUBE-SMBUS.2.1.0
2025-04-21 20:07:41,900 [WARN] PackLoader:240 - Cannot read IP mode file for STMicroelectronics.X-CUBE-WB05N.1.1.0
2025-04-21 20:07:41,966 [WARN] PackLoader:240 - Cannot read IP mode file for STMicroelectronics.X-CUBE-AZRTOS-F7.1.1.0
2025-04-21 20:07:42,006 [WARN] PackLoader:240 - Cannot read IP mode file for STMicroelectronics.FP-SNS-FLIGHT1.5.0.2
2025-04-21 20:07:42,080 [WARN] PackLoader:240 - Cannot read IP mode file for Infineon.AIROC-Wi-Fi-Bluetooth-STM32.1.7.0
2025-04-21 20:07:42,132 [WARN] PackLoader:240 - Cannot read IP mode file for STMicroelectronics.X-CUBE-DISPLAY.3.0.0
2025-04-21 20:07:42,170 [WARN] PackLoader:240 - Cannot read IP mode file for STMicroelectronics.X-CUBE-BLE1.7.0.0
2025-04-21 20:07:42,202 [WARN] PackLoader:240 - Cannot read IP mode file for STMicroelectronics.X-CUBE-NFC10.1.0.0
2025-04-21 20:07:42,250 [WARN] PackLoader:240 - Cannot read IP mode file for STMicroelectronics.X-CUBE-BLEMGR.4.0.0
2025-04-21 20:07:42,288 [WARN] PackLoader:240 - Cannot read IP mode file for emotas.I-CUBE-CANOPEN.1.3.0
2025-04-21 20:07:42,319 [WARN] PackLoader:240 - Cannot read IP mode file for STMicroelectronics.X-CUBE-AI.10.0.0
2025-04-21 20:07:42,351 [WARN] PackLoader:240 - Cannot read IP mode file for STMicroelectronics.FP-SNS-SMARTAG2.1.2.0
2025-04-21 20:07:42,383 [ERROR] Engine:466 - C:\Users\TS\.stm32cubemx\thirdparties\pdsc\STMicroelectronics.FP-SNS-FLIGHT1.5.1.0.pdsc: PDSC version is not supported
2025-04-21 20:07:42,497 [WARN] PackLoader:240 - Cannot read IP mode file for STMicroelectronics.X-CUBE-MEMS1.11.1.0
2025-04-21 20:07:42,649 [INFO] LogOutputStream:77 - [STDOUT_REDIRECT] 1 : Invalid condition id : UX_CORESTACK_Condition cause : null
2025-04-21 20:07:42,650 [INFO] LogOutputStream:77 - [STDOUT_REDIRECT] 1 : Invalid condition id : UX_CORESTACK_Condition cause : null
2025-04-21 20:07:42,653 [INFO] LogOutputStream:77 - [STDOUT_REDIRECT] 1 : Invalid condition id : UX_CORESTACK_Condition cause : null
2025-04-21 20:07:42,654 [INFO] LogOutputStream:77 - [STDOUT_REDIRECT] 1 : Invalid condition id : UX_CORESTACK_Condition cause : null
2025-04-21 20:07:42,655 [INFO] LogOutputStream:77 - [STDOUT_REDIRECT] 1 : Invalid condition id : UX_CORESTACK_Condition cause : null
2025-04-21 20:07:42,658 [WARN] PackLoader:240 - Cannot read IP mode file for STMicroelectronics.X-CUBE-AZRTOS-WL.2.0.0
2025-04-21 20:07:42,681 [WARN] PackLoader:240 - Cannot read IP mode file for STMicroelectronics.FP-SNS-MOTENV1.5.0.0
2025-04-21 20:07:42,691 [WARN] PackLoader:240 - Cannot read IP mode file for wolfSSL.I-CUBE-wolfMQTT.1.19.0
2025-04-21 20:07:42,721 [WARN] PackLoader:240 - Cannot read IP mode file for WES.I-CUBE-Cesium.1.3.0
2025-04-21 20:07:42,742 [WARN] PackLoader:240 - Cannot read IP mode file for STMicroelectronics.X-CUBE-BLE2.3.3.0
2025-04-21 20:07:42,767 [WARN] PackLoader:240 - Cannot read IP mode file for STMicroelectronics.X-CUBE-NFC9.1.0.0
2025-04-21 20:07:42,789 [WARN] PackLoader:240 - Cannot read IP mode file for STMicroelectronics.X-CUBE-BLE1.7.1.0
2025-04-21 20:07:42,834 [WARN] PackLoader:240 - Cannot read IP mode file for STMicroelectronics.X-CUBE-MEMS1.11.2.0
2025-04-21 20:07:43,024 [WARN] PackLoader:240 - Cannot read IP mode file for STMicroelectronics.X-CUBE-AZRTOS-G0.1.1.0
2025-04-21 20:07:43,054 [WARN] PackLoader:240 - Cannot read IP mode file for STMicroelectronics.X-CUBE-SAFEA1.1.2.2
2025-04-21 20:07:43,085 [WARN] PackLoader:240 - Cannot read IP mode file for STMicroelectronics.X-CUBE-NFC4.3.0.0
2025-04-21 20:07:43,115 [WARN] PackLoader:240 - Cannot read IP mode file for EmbeddedOffice.I-CUBE-FS-RTOS.1.0.1
2025-04-21 20:07:43,117 [ERROR] ConditionMgr:805 - Attr not supported : Dmpu
2025-04-21 20:07:43,117 [ERROR] ConditionMgr:805 - Attr not supported : Dmpu
2025-04-21 20:07:43,117 [ERROR] ConditionMgr:805 - Attr not supported : Dmpu
2025-04-21 20:07:43,117 [ERROR] ConditionMgr:805 - Attr not supported : Dmpu
2025-04-21 20:07:43,118 [ERROR] ConditionMgr:805 - Attr not supported : Dmpu
2025-04-21 20:07:43,118 [ERROR] ConditionMgr:805 - Attr not supported : Dmpu
2025-04-21 20:07:43,118 [ERROR] ConditionMgr:805 - Attr not supported : Dmpu
2025-04-21 20:07:43,118 [ERROR] ConditionMgr:805 - Attr not supported : Dmpu
2025-04-21 20:07:43,118 [ERROR] ConditionMgr:805 - Attr not supported : Dmpu
2025-04-21 20:07:43,118 [ERROR] ConditionMgr:805 - Attr not supported : Dmpu
2025-04-21 20:07:43,118 [ERROR] ConditionMgr:805 - Attr not supported : Dmpu
2025-04-21 20:07:43,118 [ERROR] ConditionMgr:805 - Attr not supported : Dmpu
2025-04-21 20:07:43,118 [ERROR] ConditionMgr:805 - Attr not supported : Dmpu
2025-04-21 20:07:43,118 [ERROR] ConditionMgr:805 - Attr not supported : Dmpu
2025-04-21 20:07:43,118 [ERROR] ConditionMgr:805 - Attr not supported : Dmpu
2025-04-21 20:07:43,118 [ERROR] ConditionMgr:805 - Attr not supported : Dmpu
2025-04-21 20:07:43,118 [ERROR] ConditionMgr:805 - Attr not supported : Dmpu
2025-04-21 20:07:43,118 [ERROR] ConditionMgr:805 - Attr not supported : Dmpu
2025-04-21 20:07:43,119 [ERROR] ConditionMgr:805 - Attr not supported : Dmpu
2025-04-21 20:07:43,119 [ERROR] ConditionMgr:805 - Attr not supported : Dmpu
2025-04-21 20:07:43,119 [ERROR] ConditionMgr:805 - Attr not supported : Dmpu
2025-04-21 20:07:43,119 [ERROR] ConditionMgr:805 - Attr not supported : Dmpu
2025-04-21 20:07:43,119 [ERROR] ConditionMgr:805 - Attr not supported : Dmpu
2025-04-21 20:07:43,119 [ERROR] ConditionMgr:805 - Attr not supported : Dmpu
2025-04-21 20:07:43,119 [ERROR] ConditionMgr:805 - Attr not supported : Dmpu
2025-04-21 20:07:43,119 [ERROR] ConditionMgr:805 - Attr not supported : Dmpu
2025-04-21 20:07:43,119 [ERROR] ConditionMgr:805 - Attr not supported : Dmpu
2025-04-21 20:07:43,119 [ERROR] ConditionMgr:805 - Attr not supported : Dmpu
2025-04-21 20:07:43,119 [ERROR] ConditionMgr:805 - Attr not supported : Dmpu
2025-04-21 20:07:43,119 [ERROR] ConditionMgr:805 - Attr not supported : Dmpu
2025-04-21 20:07:43,119 [ERROR] ConditionMgr:805 - Attr not supported : Dmpu
2025-04-21 20:07:43,119 [ERROR] ConditionMgr:805 - Attr not supported : Dmpu
2025-04-21 20:07:43,119 [ERROR] ConditionMgr:805 - Attr not supported : Dmpu
2025-04-21 20:07:43,119 [ERROR] ConditionMgr:805 - Attr not supported : Dmpu
2025-04-21 20:07:43,120 [ERROR] ConditionMgr:805 - Attr not supported : Dmpu
2025-04-21 20:07:43,120 [ERROR] ConditionMgr:805 - Attr not supported : Dmpu
2025-04-21 20:07:43,120 [ERROR] ConditionMgr:805 - Attr not supported : Dmpu
2025-04-21 20:07:43,120 [ERROR] ConditionMgr:805 - Attr not supported : Dmpu
2025-04-21 20:07:43,120 [ERROR] ConditionMgr:805 - Attr not supported : Dmpu
2025-04-21 20:07:43,120 [ERROR] ConditionMgr:805 - Attr not supported : Dmpu
2025-04-21 20:07:43,120 [ERROR] ConditionMgr:805 - Attr not supported : Dmpu
2025-04-21 20:07:43,120 [ERROR] ConditionMgr:805 - Attr not supported : Dmpu
2025-04-21 20:07:43,120 [ERROR] ConditionMgr:805 - Attr not supported : Dmpu
2025-04-21 20:07:43,121 [ERROR] ConditionMgr:805 - Attr not supported : Dmpu
2025-04-21 20:07:43,121 [ERROR] ConditionMgr:805 - Attr not supported : Dmpu
2025-04-21 20:07:43,121 [ERROR] ConditionMgr:805 - Attr not supported : Dmpu
2025-04-21 20:07:43,121 [ERROR] ConditionMgr:805 - Attr not supported : Dmpu
2025-04-21 20:07:43,121 [ERROR] ConditionMgr:805 - Attr not supported : Dmpu
2025-04-21 20:07:43,121 [ERROR] ConditionMgr:805 - Attr not supported : Dmpu
2025-04-21 20:07:43,121 [ERROR] ConditionMgr:805 - Attr not supported : Dmpu
2025-04-21 20:07:43,121 [ERROR] ConditionMgr:805 - Attr not supported : Dmpu
2025-04-21 20:07:43,121 [ERROR] ConditionMgr:805 - Attr not supported : Dmpu
2025-04-21 20:07:43,121 [ERROR] ConditionMgr:805 - Attr not supported : Dmpu
2025-04-21 20:07:43,121 [ERROR] ConditionMgr:805 - Attr not supported : Dmpu
2025-04-21 20:07:43,122 [ERROR] ConditionMgr:805 - Attr not supported : Dmpu
2025-04-21 20:07:43,122 [ERROR] ConditionMgr:805 - Attr not supported : Dmpu
2025-04-21 20:07:43,122 [ERROR] ConditionMgr:805 - Attr not supported : Dmpu
2025-04-21 20:07:43,122 [ERROR] ConditionMgr:805 - Attr not supported : Dmpu
2025-04-21 20:07:43,122 [ERROR] ConditionMgr:805 - Attr not supported : Dmpu
2025-04-21 20:07:43,122 [ERROR] ConditionMgr:805 - Attr not supported : Dmpu
2025-04-21 20:07:43,122 [ERROR] ConditionMgr:805 - Attr not supported : Dmpu
2025-04-21 20:07:43,122 [ERROR] ConditionMgr:805 - Attr not supported : Dmpu
2025-04-21 20:07:43,122 [ERROR] ConditionMgr:805 - Attr not supported : Dmpu
2025-04-21 20:07:43,122 [ERROR] ConditionMgr:805 - Attr not supported : Dmpu
2025-04-21 20:07:43,129 [WARN] PackLoader:240 - Cannot read IP mode file for STMicroelectronics.X-CUBE-WB05N.2.0.0
2025-04-21 20:07:43,157 [ERROR] Engine:466 - C:\Users\TS\.stm32cubemx\thirdparties\pdsc\STMicroelectronics.X-CUBE-TCPP.4.2.0.pdsc: PDSC version is not supported
2025-04-21 20:07:43,183 [WARN] PackLoader:240 - Cannot read IP mode file for RealThread.X-CUBE-RT-Thread_Nano.4.1.1
2025-04-21 20:07:43,190 [WARN] PackLoader:240 - Cannot read IP mode file for STMicroelectronics.FP-ATR-SIGFOX1.3.2.0
2025-04-21 20:07:43,196 [WARN] ConditionMgr:438 - getConditionDescription Invalid condition id : Cortex-A Device cause : null
2025-04-21 20:07:43,237 [WARN] ConditionMgr:1039 - genDependencies : Invalid condition id : Cortex-A Device cause : null
2025-04-21 20:07:43,237 [WARN] ConditionMgr:1039 - genDependencies : Invalid condition id : Cortex-A Device cause : null
2025-04-21 20:07:43,238 [WARN] ConditionMgr:1039 - genDependencies : Invalid condition id : Cortex-A Device cause : null
2025-04-21 20:07:43,263 [WARN] PackLoader:240 - Cannot read IP mode file for STMicroelectronics.X-CUBE-EEPRMA1.5.1.0
2025-04-21 20:07:43,289 [WARN] PackLoader:240 - Cannot read IP mode file for wolfSSL.I-CUBE-wolfSSL.5.7.4
2025-04-21 20:07:43,317 [WARN] PackLoader:240 - Cannot read IP mode file for ITTIA_DB.I-CUBE-ITTIADB.8.9.0
2025-04-21 20:07:43,375 [WARN] PackLoader:240 - Cannot read IP mode file for SEGGER.I-CUBE-embOS.1.3.1
2025-04-21 20:07:43,447 [WARN] PackLoader:240 - Cannot read IP mode file for STMicroelectronics.X-CUBE-ALGOBUILD.1.4.0
2025-04-21 20:07:43,475 [WARN] PackLoader:240 - Cannot read IP mode file for STMicroelectronics.X-CUBE-AI.9.1.0
2025-04-21 20:07:43,527 [WARN] PackLoader:240 - Cannot read IP mode file for STMicroelectronics.X-CUBE-AZRTOS-F4.1.1.0
2025-04-21 20:07:43,536 [ERROR] Engine:466 - C:\Users\TS\.stm32cubemx\thirdparties\pdsc\Avnet-IotConnect.X-CUBE-IoTC-DA16k-PMOD.1.0.0.pdsc: PDSC version is not supported
2025-04-21 20:07:43,560 [WARN] PackLoader:240 - Cannot read IP mode file for STMicroelectronics.X-CUBE-ISPU.2.1.0
2025-04-21 20:07:43,612 [WARN] PackLoader:240 - Cannot read IP mode file for STMicroelectronics.X-CUBE-AZRTOS-L5.2.0.0
2025-04-21 20:07:43,646 [WARN] PackLoader:240 - Cannot read IP mode file for STMicroelectronics.X-CUBE-NFC6.3.1.0
2025-04-21 20:07:43,677 [WARN] PackLoader:240 - Cannot read IP mode file for STMicroelectronics.X-CUBE-DPower.1.2.0
2025-04-21 20:07:43,706 [WARN] PackLoader:240 - Cannot read IP mode file for STMicroelectronics.X-CUBE-FREERTOS.1.3.0
2025-04-21 20:07:43,760 [WARN] PackLoader:240 - Cannot read IP mode file for STMicroelectronics.X-CUBE-NFC7.1.0.1
2025-04-21 20:07:43,800 [WARN] PackLoader:240 - Cannot read IP mode file for STMicroelectronics.X-CUBE-DPower.1.3.0
2025-04-21 20:07:43,863 [WARN] ConditionMgr:438 - getConditionDescription Invalid condition id : LAN8742 Phy interface Condition cause : null
2025-04-21 20:07:43,864 [WARN] PackLoader:240 - Cannot read IP mode file for STMicroelectronics.X-CUBE-AZRTOS-L4.2.0.0
2025-04-21 20:07:43,865 [WARN] ConditionMgr:1039 - genDependencies : Invalid condition id : LAN8742 Phy interface Condition cause : null
2025-04-21 20:07:43,866 [WARN] ConditionMgr:1039 - genDependencies : Invalid condition id : LAN8742 Phy interface Condition cause : null
2025-04-21 20:07:43,867 [WARN] ConditionMgr:1039 - genDependencies : Invalid condition id : LAN8742 Phy interface Condition cause : null
2025-04-21 20:07:43,894 [WARN] PackLoader:240 - Cannot read IP mode file for STMicroelectronics.X-CUBE-SFXS2LP1.4.0.0
2025-04-21 20:07:43,952 [WARN] PackLoader:240 - Cannot read IP mode file for STMicroelectronics.X-CUBE-AZRTOS-H7.3.3.0
2025-04-21 20:07:43,997 [WARN] ConditionMgr:438 - getConditionDescription Invalid condition id : UX DEVICE CLASS RTOS Condition cause : null
2025-04-21 20:07:43,998 [WARN] ConditionMgr:438 - getConditionDescription Invalid condition id : UX DEVICE CLASS RTOS Condition cause : null
2025-04-21 20:07:44,001 [WARN] PackLoader:240 - Cannot read IP mode file for STMicroelectronics.X-CUBE-AZRTOS-WB.2.0.0
2025-04-21 20:07:44,002 [WARN] ConditionMgr:1039 - genDependencies : Invalid condition id : UX DEVICE CLASS RTOS Condition cause : null
2025-04-21 20:07:44,003 [WARN] ConditionMgr:1039 - genDependencies : Invalid condition id : UX DEVICE CLASS RTOS Condition cause : null
2025-04-21 20:07:44,003 [WARN] ConditionMgr:1039 - genDependencies : Invalid condition id : UX DEVICE CLASS RTOS Condition cause : null
2025-04-21 20:07:44,004 [WARN] ConditionMgr:1039 - genDependencies : Invalid condition id : UX DEVICE CLASS RTOS Condition cause : null
2025-04-21 20:07:44,004 [WARN] ConditionMgr:1039 - genDependencies : Invalid condition id : UX DEVICE CLASS RTOS Condition cause : null
2025-04-21 20:07:44,036 [WARN] PackLoader:240 - Cannot read IP mode file for STMicroelectronics.X-CUBE-GNSS1.7.0.1
2025-04-21 20:07:44,064 [WARN] PackLoader:240 - Cannot read IP mode file for STMicroelectronics.X-CUBE-TOUCHGFX.4.25.0
2025-04-21 20:07:44,094 [WARN] PackLoader:240 - Cannot read IP mode file for STMicroelectronics.FP-SNS-STBOX1.2.0.0
2025-04-21 20:07:44,142 [WARN] PackLoader:240 - Cannot read IP mode file for STMicroelectronics.X-CUBE-SUBG2.5.0.0
2025-04-21 20:07:44,212 [WARN] PackLoader:240 - Cannot read IP mode file for STMicroelectronics.X-CUBE-AZRTOS-H7RS.1.1.0
2025-04-21 20:07:44,222 [WARN] PackLoader:240 - Cannot read IP mode file for Cesanta.I-CUBE-Mongoose.7.13.0
2025-04-21 20:07:44,266 [WARN] PackLoader:240 - Cannot read IP mode file for STMicroelectronics.X-CUBE-AZRTOS-G4.2.0.0
2025-04-21 20:07:44,295 [ERROR] Engine:466 - C:\Users\TS\.stm32cubemx\thirdparties\pdsc\STMicroelectronics.X-CUBE-IPS.3.1.0.pdsc: PDSC version is not supported
2025-04-21 20:07:44,320 [WARN] PackLoader:240 - Cannot read IP mode file for STMicroelectronics.X-CUBE-ALS.1.0.2
2025-04-21 20:07:44,343 [WARN] PackLoader:240 - Cannot read IP mode file for STMicroelectronics.X-CUBE-TOUCHGFX.4.24.2
2025-04-21 20:07:44,351 [WARN] PackLoader:240 - Cannot read IP mode file for wolfSSL.I-CUBE-wolfTPM.3.4.0
2025-04-21 20:07:44,378 [WARN] PackLoader:240 - Cannot read IP mode file for portGmbH.I-Cube-SoM-uGOAL.1.1.0
2025-04-21 20:07:44,424 [WARN] PackLoader:240 - Cannot read IP mode file for STMicroelectronics.X-CUBE-AZRTOS-H7RS.1.0.0
2025-04-21 20:07:44,456 [WARN] PackLoader:240 - Cannot read IP mode file for STMicroelectronics.X-CUBE-TOF1.3.4.2
2025-04-21 20:07:44,471 [ERROR] Engine:466 - C:\Users\TS\.stm32cubemx\thirdparties\pdsc\STMicroelectronics.X-CUBE-TOF1.3.4.3.pdsc: PDSC version is not supported
2025-04-21 20:07:44,476 [WARN] PackLoader:240 - Cannot read IP mode file for wolfSSL.I-CUBE-wolfSSH.1.4.17
2025-04-21 20:07:44,477 [INFO] ThirdParty:978 - Integrity check success = true
2025-04-21 20:07:44,477 [INFO] IntegrityCheckThread:100 - exiting critical section [integrity check]
2025-04-21 20:07:44,477 [INFO] IntegrityCheckThread:103 - End integrity checks thread
2025-04-21 20:07:44,547 [INFO] Mcu:2016 - Initializing MCU STM32F103C(8-B)Tx STM32F103C8Tx STM32F103C8T6
2025-04-21 20:07:45,778 [INFO] Context:659 - Trying to add GPIOservice into a context  which must be forbidden
2025-04-21 20:07:46,276 [INFO] RtosManager:555 - Registered RTOS mode: class=CMSIS, group=RTOS, mode=CMSIS_V1, owner=FREERTOS
2025-04-21 20:07:46,277 [INFO] RtosManager:555 - Registered RTOS mode: class=CMSIS, group=RTOS2, mode=CMSIS_V2, owner=FREERTOS
2025-04-21 20:07:46,277 [INFO] RtosManager:555 - Registered RTOS mode: class=RTOS, group=Core, mode=CMSIS_V1, owner=FREERTOS
2025-04-21 20:07:46,277 [INFO] RtosManager:555 - Registered RTOS mode: class=RTOS, group=Core, mode=CMSIS_V2, owner=FREERTOS
2025-04-21 20:07:46,277 [WARN] ModelIntegratedComponent:184 - Missing modes for component STMicroelectronics:FreeRTOS:0.0.1:STMicroelectronics:RTOS:FreeRTOS:Core:::10.2.0:
2025-04-21 20:07:46,295 [WARN] ModelIntegratedComponent:63 - No mode defined for component null
2025-04-21 20:07:46,295 [WARN] ModelIntegratedComponent:63 - No mode defined for component null
2025-04-21 20:07:46,295 [WARN] ModelIntegratedComponent:63 - No mode defined for component null
2025-04-21 20:07:46,295 [WARN] ModelIntegratedComponent:63 - No mode defined for component null
2025-04-21 20:07:46,295 [WARN] ModelIntegratedComponent:63 - No mode defined for component null
2025-04-21 20:07:46,295 [WARN] ModelIntegratedComponent:63 - No mode defined for component null
2025-04-21 20:07:46,295 [WARN] ModelIntegratedComponent:63 - No mode defined for component null
2025-04-21 20:07:46,295 [WARN] ModelIntegratedComponent:63 - No mode defined for component null
2025-04-21 20:07:46,295 [WARN] ModelIntegratedComponent:63 - No mode defined for component null
2025-04-21 20:07:46,295 [WARN] ModelIntegratedComponent:63 - No mode defined for component null
2025-04-21 20:07:46,295 [WARN] ModelIntegratedComponent:63 - No mode defined for component null
2025-04-21 20:07:46,296 [WARN] ModelIntegratedComponent:63 - No mode defined for component null
2025-04-21 20:07:46,296 [WARN] ModelIntegratedComponent:63 - No mode defined for component null
2025-04-21 20:07:46,296 [WARN] ModelIntegratedComponent:63 - No mode defined for component null
2025-04-21 20:07:46,296 [WARN] ModelIntegratedComponent:63 - No mode defined for component null
2025-04-21 20:07:46,296 [WARN] ModelIntegratedComponent:63 - No mode defined for component null
2025-04-21 20:07:46,296 [WARN] ModelIntegratedComponent:63 - No mode defined for component null
2025-04-21 20:07:46,296 [WARN] ModelIntegratedComponent:63 - No mode defined for component null
2025-04-21 20:07:46,296 [WARN] ModelIntegratedComponent:63 - No mode defined for component null
2025-04-21 20:07:46,296 [WARN] ModelIntegratedComponent:63 - No mode defined for component null
2025-04-21 20:07:46,296 [WARN] ModelIntegratedComponent:63 - No mode defined for component null
2025-04-21 20:07:46,296 [WARN] ModelIntegratedComponent:63 - No mode defined for component null
2025-04-21 20:07:46,297 [WARN] ModelIntegratedComponent:63 - No mode defined for component null
2025-04-21 20:07:46,297 [WARN] ModelIntegratedComponent:63 - No mode defined for component null
2025-04-21 20:07:46,297 [WARN] ModelIntegratedComponent:63 - No mode defined for component null
2025-04-21 20:07:46,297 [WARN] ModelIntegratedComponent:63 - No mode defined for component null
2025-04-21 20:07:46,297 [WARN] ModelIntegratedComponent:63 - No mode defined for component null
2025-04-21 20:07:46,297 [WARN] ModelIntegratedComponent:63 - No mode defined for component null
2025-04-21 20:07:46,297 [WARN] ModelIntegratedComponent:63 - No mode defined for component null
2025-04-21 20:07:46,297 [WARN] ModelIntegratedComponent:63 - No mode defined for component null
2025-04-21 20:07:46,297 [WARN] ModelIntegratedComponent:63 - No mode defined for component null
2025-04-21 20:07:46,297 [WARN] ModelIntegratedComponent:63 - No mode defined for component null
2025-04-21 20:07:46,297 [WARN] ModelIntegratedComponent:63 - No mode defined for component null
2025-04-21 20:07:46,394 [INFO] ThirdPartyModel:298 - Start build external matchings
2025-04-21 20:07:47,035 [INFO] ThirdPartyModel:316 - End build external matchings
2025-04-21 20:07:47,055 [INFO] ImportTextPane:194 - (OptionalMessage_ERROR) IP (RCC) : Parameter (ADCFreqValue) has invalid value (36000000)
2025-04-21 20:07:47,055 [INFO] ImportTextPane:194 - (OptionalMessage_ERROR) IP (RCC) : Invalid parameter (FamilyName)
2025-04-21 20:07:47,055 [INFO] ImportTextPane:194 - (OptionalMessage_ERROR) IP (RCC) : Parameter (MCOFreq_Value) has invalid value (72000000)
2025-04-21 20:07:47,056 [INFO] ImportTextPane:194 - (OptionalMessage_ERROR) IP (RCC) : Parameter (USBFreq_Value) has invalid value (72000000)
2025-04-21 20:07:47,313 [INFO] UtilMem:75 - End LoadConfig() Used Memory: 672001600 Bytes (1073741824)
2025-04-21 20:07:47,555 [INFO] ApiDb:581 - Connected to CubeFinder SQLite database (C:\Users\TS\.stmcufinder\plugins\mcufinder\mcu\cube-finder-db.db)
2025-04-21 20:07:47,658 [INFO] ApiDb:668 - CubeFinder database Data Model version=2.1
2025-04-21 20:07:47,658 [INFO] ApiDb:669 - CubeFinder database Configuration version=3.0.39
2025-04-21 20:07:47,659 [INFO] ApiDb:670 - CubeFinder database generation date=2025-03-24 (1742811287)
2025-04-21 20:07:47,659 [INFO] ApiDb:671 - CubeFinder database FW Pack versions=[FP-ATR-ASTRA1_V2.0.0, FP-SNS-FLIGHT1_V5.0.2, FP-SNS-MOTENV1_V5.0.0, FP-SNS-MOTENVWB1_V1.4.0, FP-SNS-SMARTAG2_V1.2.0, FP-SNS-STBOX1_V2.0.0, STM32Cube_FW_C0_V1.4.0, STM32Cube_FW_F4_V1.28.1, STM32Cube_FW_F7_V1.17.2, STM32Cube_FW_G0_V1.6.2, STM32Cube_FW_G4_V1.6.1, STM32Cube_FW_H5_V1.5.0, STM32Cube_FW_H7RS_V1.2.0, STM32Cube_FW_H7_V1.12.1, STM32Cube_FW_L0_V1.12.2, STM32Cube_FW_L4_V1.18.1, STM32Cube_FW_L5_V1.5.1, STM32Cube_FW_N6_V1.1.0, STM32Cube_FW_U0_V1.2.0, STM32Cube_FW_U3_V1.1.0, STM32Cube_FW_U5_V1.7.0, STM32Cube_FW_WB0_V1.2.0, STM32Cube_FW_WBA_V1.6.0, STM32Cube_FW_WB_V1.22.0, STM32Cube_FW_WL3_V1.1.0, STM32Cube_FW_WL_V1.3.1, X-CUBE-ALGOBUILD_V1.4.0, X-CUBE-ALS_V1.0.2, X-CUBE-AZRTOS-F4_V1.1.0, X-CUBE-AZRTOS-F7_V1.1.0, X-CUBE-AZRTOS-G0_V1.1.0, X-CUBE-AZRTOS-G4_V2.0.0, X-CUBE-AZRTOS-H7RS_V1.0.0, X-CUBE-AZRTOS-H7_V3.3.0, X-CUBE-AZRTOS-L4_V2.0.0, X-CUBE-AZRTOS-L5_V2.0.0, X-CUBE-AZRTOS-WB_V2.0.0, X-CUBE-AZRTOS-WL_V2.0.0, X-CUBE-BLE1_V7.1.0, X-CUBE-BLE2_V3.3.0, X-CUBE-BLEMGR_V4.0.0, X-CUBE-EEPRMA1_V5.1.0, X-CUBE-FREERTOS_V1.3.0, X-CUBE-GNSS1_V6.0.0, X-CUBE-MEMS1_V11.1.0, X-CUBE-NFC4_V3.0.0, X-CUBE-NFC7_V1.0.1, X-CUBE-SFXS2LP1_V4.0.0, X-CUBE-SUBG2_V5.0.0, X-CUBE-TOF1_V3.4.2]
2025-04-21 20:07:51,169 [INFO] ApiDb:240 - Found 371 in-development CPN: [B-G473E-ZEST1S, B-WB1M-WPAN1, B-WL5M-SUBG1, NUCLEO-C031C6, NUCLEO-H503RB, NUCLEO-H563ZI, NUCLEO-U545RE-Q, NUCLEO-U5A5ZJ-Q, NUCLEO-WBA52CG, NUCLEO-WBA55CG, STEVAL-MKBOXPRO, STEVAL-PROTEUS1, STEVAL-STWINBX1, STM320518-EVAL, STM32C0116-DK, STM32C011D6Y3TR, STM32C011D6Y6TR, STM32C011F4P3, STM32C011F4P6, STM32C011F4U3, STM32C011F4U6TR, STM32C011F6P3, STM32C011F6P6, STM32C011F6U3, STM32C011F6U6TR, STM32C011J4M3, STM32C011J4M6, STM32C011J6M3, STM32C011J6M6, STM32C0316-DK, STM32C031C4T3, STM32C031C4T6, STM32C031C4U3, STM32C031C4U6, STM32C031C6T3, STM32C031C6T6, STM32C031C6U3, STM32C031C6U6, STM32C031F4P3, STM32C031F4P6, STM32C031F6P3, STM32C031F6P6, STM32C031G4U3, STM32C031G4U6, STM32C031G6U3, STM32C031G6U6, STM32C031K4T3, STM32C031K4T6, STM32C031K4U3, STM32C031K4U6, STM32C031K6T3, STM32C031K6T6, STM32C031K6U3, STM32C031K6U6, STM32G071K8TXN, STM32G071K8UXN, STM32G081GBU6N, STM32G081KBT6N, STM32G081KBUXN, STM32G0B1CCT6N, STM32G0B1KCT6, STM32G0B1NEY6TR, STM32G0B1RCT6N, STM32G0C1CCT6, STM32G0C1CCT6N, STM32G0C1CCU6N, STM32G0C1CET6N, STM32G0C1CEU6N, STM32G0C1KCT6, STM32G0C1NEY6TR, STM32G0C1RCI6N, STM32G0C1RCT6N, STM32G0C1REI6N, STM32G0C1RET6N, STM32G0C1VCI6, STM32G0C1VEI6, STM32G471CCT6, STM32G471CCU6, STM32G471CET3, STM32G471CET6, STM32G471CEU3, STM32G471CEU6, STM32G471MCT6, STM32G471MET3, STM32G471MET6, STM32G471MEY6TR, STM32G471QCT6, STM32G471QET3, STM32G471RCT6, STM32G471RET3, STM32G471RET6, STM32G471VCH6, STM32G471VCI6, STM32G471VCT6, STM32G471VEH3, STM32G471VEH6, STM32G471VEI3, STM32G471VEI6, STM32G471VET3, STM32G471VET6, STM32G474CCT6, STM32H503CBT6, STM32H503CBU6, STM32H503EBY6TR, STM32H503KBU6, STM32H503RBT6, STM32H562AGI6, STM32H562AII6, STM32H562IGK6, STM32H562IGT6, STM32H562IIK6, STM32H562IIT6, STM32H562RGT6, STM32H562RGV6, STM32H562RIT6, STM32H562RIV6, STM32H562VGT6, STM32H562VIT6, STM32H562ZGT6, STM32H562ZIT6, STM32H563AGI6, STM32H563AII3Q, STM32H563AII6, STM32H563IGK6, STM32H563IGT6, STM32H563IIK3Q, STM32H563IIK6, STM32H563IIT3Q, STM32H563IIT6, STM32H563MIY3QTR, STM32H563RGT6, STM32H563RGV6, STM32H563RIT6, STM32H563RIV6, STM32H563VGT6, STM32H563VIT3Q, STM32H563VIT6, STM32H563ZGT6, STM32H563ZIT3Q, STM32H563ZIT6, STM32H573AII3Q, STM32H573AII6, STM32H573I-DK, STM32H573IIK3Q, STM32H573IIK6, STM32H573IIT3Q, STM32H573IIT6, STM32H573MIY3QTR, STM32H573RIT6, STM32H573RIV6, STM32H573VIT3Q, STM32H573VIT6, STM32H573ZIT3Q, STM32H573ZIT6, STM32L4R5QGI6STR, STM32MP131AAE3, STM32MP131AAF3, STM32MP131AAG3, STM32MP131CAE3, STM32MP131CAF3, STM32MP131CAG3, STM32MP131DAE7, STM32MP131DAF7, STM32MP131DAG7, STM32MP131FAE7, STM32MP131FAF7, STM32MP131FAG7, STM32MP133AAE3, STM32MP133AAF3, STM32MP133AAG3, STM32MP133CAE3, STM32MP133CAF3, STM32MP133CAG3, STM32MP133DAE7, STM32MP133DAF7, STM32MP133DAG7, STM32MP133FAE7, STM32MP133FAF7, STM32MP133FAG7, STM32MP135AAE3, STM32MP135AAF3, STM32MP135AAG3, STM32MP135CAE3, STM32MP135CAF3, STM32MP135CAG3, STM32MP135DAE7, STM32MP135DAF7, STM32MP135DAG7, STM32MP135F-DK, STM32MP135FAE7, STM32MP135FAF7, STM32MP135FAF7T, STM32MP135FAF7U, STM32MP135FAG7, STM32U535CBT6, STM32U535CBT6Q, STM32U535CBU6, STM32U535CBU6Q, STM32U535CCT6, STM32U535CCT6Q, STM32U535CCU6, STM32U535CCU6Q, STM32U535CET6, STM32U535CET6Q, STM32U535CEU6, STM32U535CEU6Q, STM32U535JEY6QTR, STM32U535NCY6QTR, STM32U535NEY6QTR, STM32U535RBI6, STM32U535RBI6Q, STM32U535RBT6, STM32U535RBT6Q, STM32U535RCI6, STM32U535RCI6Q, STM32U535RCT6, STM32U535RCT6Q, STM32U535REI6, STM32U535REI6Q, STM32U535RET6, STM32U535RET6Q, STM32U535VCI6, STM32U535VCI6Q, STM32U535VCT6, STM32U535VCT6Q, STM32U535VEI6, STM32U535VEI6Q, STM32U535VET6, STM32U535VET6Q, STM32U545CET6, STM32U545CET6Q, STM32U545CEU6, STM32U545CEU6Q, STM32U545JEY6QTR, STM32U545NEY6QTR, STM32U545REI6, STM32U545REI6Q, STM32U545RET6, STM32U545RET6Q, STM32U545VEI6, STM32U545VEI6Q, STM32U545VET6, STM32U545VET6Q, STM32U595AIH6, STM32U595AIH6Q, STM32U595AJH6, STM32U595AJH6Q, STM32U595QII6, STM32U595QII6Q, STM32U595QJI6, STM32U595QJI6Q, STM32U595RIT6, STM32U595RIT6Q, STM32U595RJT6, STM32U595RJT6Q, STM32U595VIT6, STM32U595VIT6Q, STM32U595VJT6, STM32U595VJT6Q, STM32U595ZIT6, STM32U595ZIT6Q, STM32U595ZIY6QTR, STM32U595ZJT6, STM32U595ZJT6Q, STM32U595ZJY6QTR, STM32U599BJY6QTR, STM32U599NIH6Q, STM32U599NJH6Q, STM32U599VIT6Q, STM32U599VJT6, STM32U599VJT6Q, STM32U599ZIT6Q, STM32U599ZIY6QTR, STM32U599ZJT6Q, STM32U599ZJY6QTR, STM32U5A5AJH6, STM32U5A5AJH6Q, STM32U5A5QJI6, STM32U5A5QJI6Q, STM32U5A5RJT6, STM32U5A5RJT6Q, STM32U5A5VJT6, STM32U5A5VJT6Q, STM32U5A5ZJT6, STM32U5A5ZJT6Q, STM32U5A5ZJY6QTR, STM32U5A9BJY6QTR, STM32U5A9J-DK, STM32U5A9NJH6Q, STM32U5A9VJT6Q, STM32U5A9ZJT6Q, STM32U5A9ZJY6QTR, STM32U5F7VIT6, STM32U5F7VIT6Q, STM32U5F7VJT6, STM32U5F7VJT6Q, STM32U5F9BJY6QTR, STM32U5F9NJH6Q, STM32U5F9VIT6Q, STM32U5F9VJT6Q, STM32U5F9ZIJ6QTR, STM32U5F9ZIT6Q, STM32U5F9ZJJ6QTR, STM32U5F9ZJT6Q, STM32U5G7VJT6, STM32U5G7VJT6Q, STM32U5G9BJY6QTR, STM32U5G9J-DK1, STM32U5G9J-DK2, STM32U5G9NJH6Q, STM32U5G9VJT6Q, STM32U5G9ZJJ6QTR, STM32U5G9ZJT6Q, STM32WB1MMCH6, STM32WBA50KEU6, STM32WBA50KEU6TR, STM32WBA50KGU6, STM32WBA50KGU6TR, STM32WBA52CEU6, STM32WBA52CEU6TR, STM32WBA52CEU7, STM32WBA52CEU7TR, STM32WBA52CGU6, STM32WBA52CGU6TR, STM32WBA52CGU6U, STM32WBA52CGU7, STM32WBA52CGU7TR, STM32WBA52KEU6, STM32WBA52KEU6TR, STM32WBA52KGU6, STM32WBA52KGU6TR, STM32WBA54CEU6, STM32WBA54CEU6TR, STM32WBA54CEU7, STM32WBA54CEU7TR, STM32WBA54CGU6, STM32WBA54CGU6TR, STM32WBA54CGU7, STM32WBA54CGU7TR, STM32WBA54KEU6, STM32WBA54KEU6TR, STM32WBA54KEU7, STM32WBA54KEU7TR, STM32WBA54KGU6, STM32WBA54KGU6TR, STM32WBA54KGU7, STM32WBA54KGU7TR, STM32WBA55CEU6, STM32WBA55CEU6TR, STM32WBA55CEU7, STM32WBA55CEU7TR, STM32WBA55CGU6, STM32WBA55CGU6TR, STM32WBA55CGU6U, STM32WBA55CGU7, STM32WBA55CGU7TR, STM32WBA55G-DK1, STM32WBA55HEF6, STM32WBA55HEF7, STM32WBA55HGF6, STM32WBA55HGF7, STM32WBA55UEI6, STM32WBA55UEI6TR, STM32WBA55UEI7, STM32WBA55UEI7TR, STM32WBA55UGI6, STM32WBA55UGI6TR, STM32WBA55UGI7, STM32WBA55UGI7TR, STM32WL5MOCH6, STM32WL5MOCH6TR]
2025-04-21 20:07:51,173 [INFO] DbMcus:218 - Found 4657 MCUs, 4657 are supported
2025-04-21 20:07:51,175 [INFO] ApiDb:423 - Load user favorites file C:\Users\TS/.stm32cubeide/favorites.mcus.txt: 0 item(s)
2025-04-21 20:07:51,176 [INFO] ApiDb:427 - User favorites MCUs=[]
2025-04-21 20:07:51,176 [INFO] DbMcus:224 - Set 0 / 0 favorites MCUs
2025-04-21 20:07:51,855 [INFO] MicroXplorer:468 - Change Database Path : 
2025-04-21 20:07:51,855 [INFO] MicroXplorer:498 - Change Database Version : DB.6.0.100
2025-04-21 20:07:51,856 [WARN] ThirdParty:833 - waiting for thirdparty lock release [change project]
2025-04-21 20:07:51,856 [INFO] ThirdParty:835 - entering critical section [change project]
2025-04-21 20:07:51,856 [INFO] ThirdParty:1030 - CMSIS Pack Vendor :STMicroelectronics USBPD 4.1
2025-04-21 20:07:51,856 [INFO] ThirdParty:1030 - CMSIS Pack Vendor :STMicroelectronics X-CUBE-AZRTOS-H7 3.3.0
2025-04-21 20:07:51,856 [INFO] ThirdParty:1030 - CMSIS Pack Vendor :STMicroelectronics X-CUBE-NFC9 1.0.0
2025-04-21 20:07:51,856 [INFO] ThirdParty:1030 - CMSIS Pack Vendor :STMicroelectronics USB_HOST 2.0.0
2025-04-21 20:07:51,856 [INFO] ThirdParty:1030 - CMSIS Pack Vendor :STMicroelectronics FP-SNS-MOTENVWB1 1.4.0
2025-04-21 20:07:51,856 [INFO] ThirdParty:1030 - CMSIS Pack Vendor :STMicroelectronics X-CUBE-AZRTOS-F4 1.1.0
2025-04-21 20:07:51,856 [INFO] ThirdParty:1030 - CMSIS Pack Vendor :STMicroelectronics LIBJPEG 8.0.0
2025-04-21 20:07:51,856 [INFO] ThirdParty:1030 - CMSIS Pack Vendor :STMicroelectronics FP-ATR-ASTRA1 2.0.2
2025-04-21 20:07:51,856 [INFO] ThirdParty:1030 - CMSIS Pack Vendor :STMicroelectronics FP-ATR-ASTRA1 2.0.1
2025-04-21 20:07:51,856 [INFO] ThirdParty:1030 - CMSIS Pack Vendor :STMicroelectronics X-CUBE-BLE1 7.1.0
2025-04-21 20:07:51,856 [INFO] ThirdParty:1030 - CMSIS Pack Vendor :STMicroelectronics X-CUBE-SMBUS 2.1.0
2025-04-21 20:07:51,856 [INFO] ThirdParty:1030 - CMSIS Pack Vendor :STMicroelectronics X-CUBE-WB05N 1.1.0
2025-04-21 20:07:51,856 [INFO] ThirdParty:1030 - CMSIS Pack Vendor :STMicroelectronics USB_DEVICE 3.0.0
2025-04-21 20:07:51,856 [INFO] ThirdParty:1030 - CMSIS Pack Vendor :STMicroelectronics X-CUBE-ISPU 2.1.0
2025-04-21 20:07:51,856 [INFO] ThirdParty:1030 - CMSIS Pack Vendor :STMicroelectronics X-CUBE-AZRTOS-WB 2.0.0
2025-04-21 20:07:51,856 [INFO] ThirdParty:1030 - CMSIS Pack Vendor :STMicroelectronics X-CUBE-GNSS1 7.0.1
2025-04-21 20:07:51,856 [INFO] ThirdParty:1030 - CMSIS Pack Vendor :STMicroelectronics X-CUBE-AZRTOS-F7 1.1.0
2025-04-21 20:07:51,857 [INFO] ThirdParty:1030 - CMSIS Pack Vendor :STMicroelectronics X-CUBE-AZRTOS-L5 2.0.0
2025-04-21 20:07:51,857 [INFO] ThirdParty:1030 - CMSIS Pack Vendor :STMicroelectronics X-CUBE-TOUCHGFX 4.25.0
2025-04-21 20:07:51,857 [INFO] ThirdParty:1030 - CMSIS Pack Vendor :STMicroelectronics USB_DEVICE 2.0.0
2025-04-21 20:07:51,857 [INFO] ThirdParty:1030 - CMSIS Pack Vendor :STMicroelectronics X-CUBE-NFC6 3.1.0
2025-04-21 20:07:51,857 [INFO] ThirdParty:1030 - CMSIS Pack Vendor :STMicroelectronics FP-SNS-STBOX1 2.0.0
2025-04-21 20:07:51,857 [INFO] ThirdParty:1030 - CMSIS Pack Vendor :STMicroelectronics X-CUBE-MEMS1 11.2.0
2025-04-21 20:07:51,857 [INFO] ThirdParty:1030 - CMSIS Pack Vendor :STMicroelectronics FreeRTOS 0.0.1
2025-04-21 20:07:51,857 [INFO] ThirdParty:1030 - CMSIS Pack Vendor :STMicroelectronics X-CUBE-AZRTOS-G0 1.1.0
2025-04-21 20:07:51,857 [INFO] ThirdParty:1030 - CMSIS Pack Vendor :STMicroelectronics X-CUBE-SAFEA1 1.2.2
2025-04-21 20:07:51,857 [INFO] ThirdParty:1030 - CMSIS Pack Vendor :STMicroelectronics X-CUBE-NFC4 3.0.0
2025-04-21 20:07:51,857 [INFO] ThirdParty:1030 - CMSIS Pack Vendor :STMicroelectronics X-CUBE-DPower 1.2.0
2025-04-21 20:07:51,857 [INFO] ThirdParty:1030 - CMSIS Pack Vendor :STMicroelectronics X-CUBE-SUBG2 5.0.0
2025-04-21 20:07:51,857 [INFO] ThirdParty:1030 - CMSIS Pack Vendor :STMicroelectronics X-CUBE-AZRTOS-H7RS 1.1.0
2025-04-21 20:07:51,857 [INFO] ThirdParty:1030 - CMSIS Pack Vendor :STMicroelectronics STM32_WPAN 1.0.0
2025-04-21 20:07:51,857 [INFO] ThirdParty:1030 - CMSIS Pack Vendor :EmbeddedOffice I-CUBE-FS-RTOS 1.0.1
2025-04-21 20:07:51,857 [INFO] ThirdParty:1030 - CMSIS Pack Vendor :STMicroelectronics lwIP 2.0.3
2025-04-21 20:07:51,857 [INFO] ThirdParty:1030 - CMSIS Pack Vendor :STMicroelectronics FP-SNS-FLIGHT1 5.0.2
2025-04-21 20:07:51,857 [INFO] ThirdParty:1030 - CMSIS Pack Vendor :Cesanta I-CUBE-Mongoose 7.13.0
2025-04-21 20:07:51,857 [INFO] ThirdParty:1030 - CMSIS Pack Vendor :STMicroelectronics USB_HOST 1.0.0
2025-04-21 20:07:51,857 [INFO] ThirdParty:1030 - CMSIS Pack Vendor :Infineon AIROC-Wi-Fi-Bluetooth-STM32 1.7.0
2025-04-21 20:07:51,857 [INFO] ThirdParty:1030 - CMSIS Pack Vendor :STMicroelectronics X-CUBE-AZRTOS-G4 2.0.0
2025-04-21 20:07:51,858 [INFO] ThirdParty:1030 - CMSIS Pack Vendor :STMicroelectronics X-CUBE-WB05N 2.0.0
2025-04-21 20:07:51,858 [INFO] ThirdParty:1030 - CMSIS Pack Vendor :STMicroelectronics PDM2PCM 3.1.0
2025-04-21 20:07:51,858 [INFO] ThirdParty:1030 - CMSIS Pack Vendor :STMicroelectronics PDM2PCM 3.3.0
2025-04-21 20:07:51,858 [INFO] ThirdParty:1030 - CMSIS Pack Vendor :STMicroelectronics X-CUBE-DISPLAY 3.0.0
2025-04-21 20:07:51,858 [INFO] ThirdParty:1030 - CMSIS Pack Vendor :RealThread X-CUBE-RT-Thread_Nano 4.1.1
2025-04-21 20:07:51,858 [INFO] ThirdParty:1030 - CMSIS Pack Vendor :STMicroelectronics X-CUBE-BLE1 7.0.0
2025-04-21 20:07:51,858 [INFO] ThirdParty:1030 - CMSIS Pack Vendor :STMicroelectronics FP-ATR-SIGFOX1 3.2.0
2025-04-21 20:07:51,858 [INFO] ThirdParty:1030 - CMSIS Pack Vendor :STMicroelectronics X-CUBE-NFC10 1.0.0
2025-04-21 20:07:51,858 [INFO] ThirdParty:1030 - CMSIS Pack Vendor :quantropi X-CUBE-qispace-sdk-base 1.9.3
2025-04-21 20:07:51,858 [INFO] ThirdParty:1030 - CMSIS Pack Vendor :STMicroelectronics X-CUBE-BLEMGR 4.0.0
2025-04-21 20:07:51,858 [INFO] ThirdParty:1030 - CMSIS Pack Vendor :STMicroelectronics X-CUBE-EEPRMA1 5.1.0
2025-04-21 20:07:51,858 [INFO] ThirdParty:1030 - CMSIS Pack Vendor :STMicroelectronics HAL Drivers 0.0.0
2025-04-21 20:07:51,858 [INFO] ThirdParty:1030 - CMSIS Pack Vendor :STMicroelectronics MBEDTLS 2.16.2
2025-04-21 20:07:51,858 [INFO] ThirdParty:1030 - CMSIS Pack Vendor :STMicroelectronics X-CUBE-ALS 1.0.2
2025-04-21 20:07:51,858 [INFO] ThirdParty:1030 - CMSIS Pack Vendor :emotas I-CUBE-CANOPEN 1.3.0
2025-04-21 20:07:51,858 [INFO] ThirdParty:1030 - CMSIS Pack Vendor :STMicroelectronics X-CUBE-FREERTOS 1.3.0
2025-04-21 20:07:51,859 [INFO] ThirdParty:1030 - CMSIS Pack Vendor :wolfSSL I-CUBE-wolfSSL 5.7.4
2025-04-21 20:07:51,859 [INFO] ThirdParty:1030 - CMSIS Pack Vendor :STMicroelectronics X-CUBE-NFC7 1.0.1
2025-04-21 20:07:51,859 [INFO] ThirdParty:1030 - CMSIS Pack Vendor :STMicroelectronics MBEDTLS 2.14.1
2025-04-21 20:07:51,859 [INFO] ThirdParty:1030 - CMSIS Pack Vendor :ITTIA_DB I-CUBE-ITTIADB 8.9.0
2025-04-21 20:07:51,859 [INFO] ThirdParty:1030 - CMSIS Pack Vendor :STMicroelectronics X-CUBE-TOUCHGFX 4.24.2
2025-04-21 20:07:51,859 [INFO] ThirdParty:1030 - CMSIS Pack Vendor :wolfSSL I-CUBE-wolfTPM 3.4.0
2025-04-21 20:07:51,859 [INFO] ThirdParty:1030 - CMSIS Pack Vendor :portGmbH I-Cube-SoM-uGOAL 1.1.0
2025-04-21 20:07:51,860 [INFO] ThirdParty:1030 - CMSIS Pack Vendor :STMicroelectronics X-CUBE-AI 10.0.0
2025-04-21 20:07:51,860 [INFO] ThirdParty:1030 - CMSIS Pack Vendor :STMicroelectronics ThreadX 1.0.0
2025-04-21 20:07:51,860 [INFO] ThirdParty:1030 - CMSIS Pack Vendor :STMicroelectronics FP-SNS-SMARTAG2 1.2.0
2025-04-21 20:07:51,860 [INFO] ThirdParty:1030 - CMSIS Pack Vendor :STMicroelectronics X-CUBE-MEMS1 11.1.0
2025-04-21 20:07:51,860 [INFO] ThirdParty:1030 - CMSIS Pack Vendor :STMicroelectronics X-CUBE-AZRTOS-WL 2.0.0
2025-04-21 20:07:51,860 [INFO] ThirdParty:1030 - CMSIS Pack Vendor :SEGGER I-CUBE-embOS 1.3.1
2025-04-21 20:07:51,860 [INFO] ThirdParty:1030 - CMSIS Pack Vendor :STMicroelectronics X-CUBE-ALGOBUILD 1.4.0
2025-04-21 20:07:51,860 [INFO] ThirdParty:1030 - CMSIS Pack Vendor :STMicroelectronics X-CUBE-DPower 1.3.0
2025-04-21 20:07:51,860 [INFO] ThirdParty:1030 - CMSIS Pack Vendor :STMicroelectronics FP-SNS-MOTENV1 5.0.0
2025-04-21 20:07:51,860 [INFO] ThirdParty:1030 - CMSIS Pack Vendor :STMicroelectronics USB_DEVICE 1.0.0
2025-04-21 20:07:51,860 [INFO] ThirdParty:1030 - CMSIS Pack Vendor :STMicroelectronics X-CUBE-AZRTOS-H7RS 1.0.0
2025-04-21 20:07:51,860 [INFO] ThirdParty:1030 - CMSIS Pack Vendor :wolfSSL I-CUBE-wolfMQTT 1.19.0
2025-04-21 20:07:51,861 [INFO] ThirdParty:1030 - CMSIS Pack Vendor :STMicroelectronics X-CUBE-AZRTOS-L4 2.0.0
2025-04-21 20:07:51,861 [INFO] ThirdParty:1030 - CMSIS Pack Vendor :STMicroelectronics ThreadX 0.0.2
2025-04-21 20:07:51,861 [INFO] ThirdParty:1030 - CMSIS Pack Vendor :WES I-CUBE-Cesium 1.3.0
2025-04-21 20:07:51,861 [INFO] ThirdParty:1030 - CMSIS Pack Vendor :STMicroelectronics lwIP 2.1.2
2025-04-21 20:07:51,861 [INFO] ThirdParty:1030 - CMSIS Pack Vendor :STMicroelectronics X-CUBE-SFXS2LP1 4.0.0
2025-04-21 20:07:51,861 [INFO] ThirdParty:1030 - CMSIS Pack Vendor :STMicroelectronics X-CUBE-BLE2 3.3.0
2025-04-21 20:07:51,861 [INFO] ThirdParty:1030 - CMSIS Pack Vendor :STMicroelectronics X-CUBE-TOF1 3.4.2
2025-04-21 20:07:51,861 [INFO] ThirdParty:1030 - CMSIS Pack Vendor :STMicroelectronics X-CUBE-AI 9.1.0
2025-04-21 20:07:51,861 [INFO] ThirdParty:1030 - CMSIS Pack Vendor :STMicroelectronics PDM2PCM 3.2.0
2025-04-21 20:07:51,861 [INFO] ThirdParty:1030 - CMSIS Pack Vendor :wolfSSL I-CUBE-wolfSSH 1.4.17
2025-04-21 20:07:51,861 [INFO] ThirdParty:841 - exiting critical section [change project]
2025-04-21 20:07:52,235 [INFO] PinOutPanel:1499 - setPackage(No Configuration,No Configuration)
2025-04-21 20:07:52,236 [INFO] PinOutPanel:1499 - setPackage(STM32F103C8Tx,LQFP48)
2025-04-21 20:07:53,052 [INFO] UtilMem:75 - Before build in PCC Used Memory: 673638904 Bytes (1073741824)
2025-04-21 20:07:54,383 [INFO] UtilMem:75 - After build in PCC Used Memory: 756476408 Bytes (1073741824)
2025-04-21 20:07:54,421 [INFO] IPUIPlugin:80 - create IPUIPlugin
2025-04-21 20:07:54,421 [INFO] IPUIPlugin:80 - create IPUIPlugin
2025-04-21 20:07:54,421 [INFO] IPUIPlugin:80 - create IPUIPlugin
2025-04-21 20:07:54,422 [INFO] IPUIPlugin:80 - create IPUIPlugin
2025-04-21 20:07:54,422 [INFO] IPUIPlugin:80 - create IPUIPlugin
2025-04-21 20:07:54,422 [INFO] IPUIPlugin:80 - create IPUIPlugin
2025-04-21 20:07:54,422 [INFO] IPUIPlugin:80 - create IPUIPlugin
2025-04-21 20:07:54,422 [INFO] IPUIPlugin:80 - create IPUIPlugin
2025-04-21 20:07:54,422 [INFO] IPUIPlugin:80 - create IPUIPlugin
2025-04-21 20:07:54,423 [INFO] IPUIPlugin:80 - create IPUIPlugin
2025-04-21 20:07:54,424 [INFO] IPUIPlugin:80 - create IPUIPlugin
2025-04-21 20:07:54,424 [INFO] IPUIPlugin:80 - create IPUIPlugin
2025-04-21 20:07:54,424 [INFO] IPUIPlugin:80 - create IPUIPlugin
2025-04-21 20:07:54,425 [INFO] IPUIPlugin:80 - create IPUIPlugin
2025-04-21 20:07:54,425 [INFO] IPUIPlugin:80 - create IPUIPlugin
2025-04-21 20:07:54,425 [INFO] IPUIPlugin:80 - create IPUIPlugin
2025-04-21 20:07:54,425 [INFO] IPUIPlugin:80 - create IPUIPlugin
2025-04-21 20:07:54,425 [INFO] IPUIPlugin:80 - create IPUIPlugin
2025-04-21 20:07:54,426 [INFO] IPUIPlugin:80 - create IPUIPlugin
2025-04-21 20:07:54,426 [INFO] IPUIPlugin:80 - create IPUIPlugin
2025-04-21 20:07:54,426 [INFO] IPUIPlugin:80 - create IPUIPlugin
2025-04-21 20:07:54,427 [INFO] IPUIPlugin:80 - create IPUIPlugin
2025-04-21 20:07:54,427 [INFO] IPUIPlugin:80 - create IPUIPlugin
2025-04-21 20:07:54,427 [INFO] IPUIPlugin:80 - create IPUIPlugin
2025-04-21 20:07:54,427 [INFO] IPUIPlugin:80 - create IPUIPlugin
2025-04-21 20:07:54,428 [INFO] IPUIPlugin:80 - create IPUIPlugin
2025-04-21 20:07:54,428 [INFO] IPUIPlugin:80 - create IPUIPlugin
2025-04-21 20:07:54,447 [INFO] Can:71 - Can Add PropertyChangeListener com.st.microxplorer.plugins.ip.can.Can@24094691
2025-04-21 20:07:54,755 [INFO] CADModel:165 - CPN selected for project levelSTM32F103C8T6
2025-04-21 20:07:54,755 [INFO] CADModel:114 - Register for checkConnection events
2025-04-21 20:07:54,795 [INFO] OpenFileManager:343 - Restore cursor
2025-04-21 20:10:52,862 [INFO] NvicIntPanel:101 - NVIC parent = com.st.microxplorer.plugins.ip.nvic.MultiNvicIntPanel[,0,0,0x0,invalid,layout=javax.swing.BoxLayout,alignmentX=0.0,alignmentY=0.0,border=,flags=9,maximumSize=,minimumSize=,preferredSize=]
2025-04-21 20:10:52,973 [INFO] NvicIntPanel:101 - NVIC parent = com.st.microxplorer.plugins.ip.nvic.MultiNvicIntPanel[,0,0,0x0,invalid,layout=javax.swing.BoxLayout,alignmentX=0.0,alignmentY=0.0,border=,flags=9,maximumSize=,minimumSize=,preferredSize=]
2025-04-21 20:10:59,969 [INFO] NvicIntPanel:101 - NVIC parent = com.st.microxplorer.plugins.ip.nvic.MultiNvicIntPanel[,0,0,0x0,invalid,layout=javax.swing.BoxLayout,alignmentX=0.0,alignmentY=0.0,border=,flags=9,maximumSize=,minimumSize=,preferredSize=]
2025-04-21 20:11:00,067 [INFO] NvicIntPanel:101 - NVIC parent = com.st.microxplorer.plugins.ip.nvic.MultiNvicIntPanel[,0,0,0x0,invalid,layout=javax.swing.BoxLayout,alignmentX=0.0,alignmentY=0.0,border=,flags=9,maximumSize=,minimumSize=,preferredSize=]
2025-04-21 20:11:06,758 [INFO] UtilMem:75 - End SaveConfig() Used Memory: 948589072 Bytes (1073741824)
2025-04-21 20:11:10,001 [INFO] UtilMem:75 - End SaveConfig() Used Memory: 658388480 Bytes (1073741824)
2025-04-21 20:11:10,750 [INFO] BlockDiagram:2759 - set Specific Code input for plugin: NVIC
2025-04-21 20:11:10,751 [INFO] BlockDiagram:2759 - set Specific Code input for plugin: SYS
2025-04-21 20:11:10,752 [INFO] BlockDiagram:2759 - set Specific Code input for plugin: GPIO
2025-04-21 20:11:10,752 [INFO] BlockDiagram:2759 - set Specific Code input for plugin: CAN
2025-04-21 20:11:10,752 [INFO] BlockDiagram:2759 - set Specific Code input for plugin: RCC
2025-04-21 20:11:10,754 [INFO] CodeGenerator:807 - code generatio: config db path: D:\ST\STM32CubeIDE_1.14.1\STM32CubeIDE\plugins\com.st.stm32cube.common.mx_6.10.0.202311202037\\db\
2025-04-21 20:11:11,192 [INFO] CodeEngine:255 - oldGeneratedFile, C:\Users\TS\STM32CubeIDE\workspace_CAN\CAN_RX_NIZAR\MXTmpFiles\license.tmp_save
2025-04-21 20:11:11,735 [INFO] CodeEngine:279 - Generated code: C:\Users\TS\STM32CubeIDE\workspace_CAN\CAN_RX_NIZAR\MXTmpFiles\license.tmp
2025-04-21 20:11:11,959 [INFO] CodeEngine:255 - oldGeneratedFile, C:\Users\TS\STM32CubeIDE\workspace_CAN\CAN_RX_NIZAR\MXTmpFiles\gpio.tmp_save
2025-04-21 20:11:12,237 [INFO] CodeEngine:279 - Generated code: C:\Users\TS\STM32CubeIDE\workspace_CAN\CAN_RX_NIZAR\MXTmpFiles\gpio.tmp
2025-04-21 20:11:12,414 [INFO] CodeEngine:255 - oldGeneratedFile, C:\Users\TS\STM32CubeIDE\workspace_CAN\CAN_RX_NIZAR\Core\Src\stm32f1xx_it.c_save
2025-04-21 20:11:12,706 [INFO] CodeEngine:279 - Generated code: C:\Users\TS\STM32CubeIDE\workspace_CAN\CAN_RX_NIZAR\Core\Src\stm32f1xx_it.c
2025-04-21 20:11:12,830 [INFO] CodeEngine:255 - oldGeneratedFile, C:\Users\TS\STM32CubeIDE\workspace_CAN\CAN_RX_NIZAR\Core\Inc\stm32f1xx_it.h_save
2025-04-21 20:11:13,056 [INFO] CodeEngine:279 - Generated code: C:\Users\TS\STM32CubeIDE\workspace_CAN\CAN_RX_NIZAR\Core\Inc\stm32f1xx_it.h
2025-04-21 20:11:13,121 [INFO] CodeEngine:255 - oldGeneratedFile, C:\Users\TS\STM32CubeIDE\workspace_CAN\CAN_RX_NIZAR\Core\Src\stm32f1xx_hal_msp.c_save
2025-04-21 20:11:13,372 [INFO] CodeEngine:279 - Generated code: C:\Users\TS\STM32CubeIDE\workspace_CAN\CAN_RX_NIZAR\Core\Src\stm32f1xx_hal_msp.c
2025-04-21 20:11:13,399 [INFO] CodeEngine:255 - oldGeneratedFile, C:\Users\TS\STM32CubeIDE\workspace_CAN\CAN_RX_NIZAR\MXTmpFiles\system.tmp_save
2025-04-21 20:11:13,527 [INFO] CodeEngine:279 - Generated code: C:\Users\TS\STM32CubeIDE\workspace_CAN\CAN_RX_NIZAR\MXTmpFiles\system.tmp
2025-04-21 20:11:13,584 [INFO] CodeEngine:311 - oldGeneratedFile, C:\Users\TS\STM32CubeIDE\workspace_CAN\CAN_RX_NIZAR\Core\Inc\stm32f1xx_hal_conf.h_save
2025-04-21 20:11:13,777 [INFO] CodeEngine:335 - Generated code: C:\Users\TS\STM32CubeIDE\workspace_CAN\CAN_RX_NIZAR\Core\Inc\stm32f1xx_hal_conf.h
2025-04-21 20:11:14,036 [INFO] CodeEngine:255 - oldGeneratedFile, C:\Users\TS\STM32CubeIDE\workspace_CAN\CAN_RX_NIZAR\Core\Inc\main.h_save
2025-04-21 20:11:14,277 [INFO] CodeEngine:279 - Generated code: C:\Users\TS\STM32CubeIDE\workspace_CAN\CAN_RX_NIZAR\Core\Inc\main.h
2025-04-21 20:11:14,314 [INFO] CodeEngine:255 - oldGeneratedFile, C:\Users\TS\STM32CubeIDE\workspace_CAN\CAN_RX_NIZAR\Core\Src\main.c_save
2025-04-21 20:11:14,898 [INFO] CodeEngine:279 - Generated code: C:\Users\TS\STM32CubeIDE\workspace_CAN\CAN_RX_NIZAR\Core\Src\main.c
2025-04-21 20:11:16,535 [INFO] ProjectBuilder:3076 - Time for Copy HAL[1] : 472mS.
2025-04-21 20:11:16,564 [INFO] ProjectBuilder:4485 - Project Generator version: 4.2.0-B44
2025-04-21 20:11:17,291 [INFO] ConfigFileManager:1495 - The Die is : DIE410
2025-04-21 20:11:17,320 [INFO] ApiDbMcu:508 - Load IP Config File for FATFS
2025-04-21 20:11:17,343 [INFO] ApiDbMcu:508 - Load IP Config File for FREERTOS
2025-04-21 20:11:17,365 [INFO] ApiDbMcu:508 - Load IP Config File for USB_DEVICE
2025-04-21 20:11:19,425 [INFO] LogOutputStream:77 - [STDOUT_REDIRECT] 
2025-04-21 20:11:23,038 [INFO] ProjectBuilder:4747 - Time for Generating toolchain IDE Files: 6474mS.
2025-04-21 20:11:23,040 [INFO] ProjectBuilder:2947 - Time for Copy CMSIS : 1mS.
2025-04-21 20:11:23,044 [INFO] ProjectBuilder:2947 - Time for Copy CMSIS : 0mS.
2025-04-21 20:16:38,154 [INFO] UtilMem:75 - End SaveConfig() Used Memory: 776430032 Bytes (1073741824)
2025-04-21 20:16:38,497 [INFO] BlockDiagram:2759 - set Specific Code input for plugin: NVIC
2025-04-21 20:16:38,497 [INFO] BlockDiagram:2759 - set Specific Code input for plugin: SYS
2025-04-21 20:16:38,497 [INFO] BlockDiagram:2759 - set Specific Code input for plugin: GPIO
2025-04-21 20:16:38,497 [INFO] BlockDiagram:2759 - set Specific Code input for plugin: CAN
2025-04-21 20:16:38,497 [INFO] BlockDiagram:2759 - set Specific Code input for plugin: RCC
2025-04-21 20:16:38,498 [INFO] CodeGenerator:807 - code generatio: config db path: D:\ST\STM32CubeIDE_1.14.1\STM32CubeIDE\plugins\com.st.stm32cube.common.mx_6.10.0.202311202037\\db\
2025-04-21 20:16:38,713 [INFO] CodeEngine:255 - oldGeneratedFile, C:\Users\TS\STM32CubeIDE\workspace_CAN\CAN_RX_NIZAR\MXTmpFiles\license.tmp_save
2025-04-21 20:16:38,875 [INFO] CodeEngine:279 - Generated code: C:\Users\TS\STM32CubeIDE\workspace_CAN\CAN_RX_NIZAR\MXTmpFiles\license.tmp
2025-04-21 20:16:38,917 [INFO] CodeEngine:255 - oldGeneratedFile, C:\Users\TS\STM32CubeIDE\workspace_CAN\CAN_RX_NIZAR\MXTmpFiles\gpio.tmp_save
2025-04-21 20:16:39,103 [INFO] CodeEngine:279 - Generated code: C:\Users\TS\STM32CubeIDE\workspace_CAN\CAN_RX_NIZAR\MXTmpFiles\gpio.tmp
2025-04-21 20:16:39,268 [INFO] CodeEngine:255 - oldGeneratedFile, C:\Users\TS\STM32CubeIDE\workspace_CAN\CAN_RX_NIZAR\Core\Src\stm32f1xx_it.c_save
2025-04-21 20:16:39,671 [INFO] CodeEngine:279 - Generated code: C:\Users\TS\STM32CubeIDE\workspace_CAN\CAN_RX_NIZAR\Core\Src\stm32f1xx_it.c
2025-04-21 20:16:39,685 [INFO] CodeEngine:255 - oldGeneratedFile, C:\Users\TS\STM32CubeIDE\workspace_CAN\CAN_RX_NIZAR\Core\Inc\stm32f1xx_it.h_save
2025-04-21 20:16:39,771 [INFO] CodeEngine:279 - Generated code: C:\Users\TS\STM32CubeIDE\workspace_CAN\CAN_RX_NIZAR\Core\Inc\stm32f1xx_it.h
2025-04-21 20:16:39,811 [INFO] CodeEngine:255 - oldGeneratedFile, C:\Users\TS\STM32CubeIDE\workspace_CAN\CAN_RX_NIZAR\Core\Src\stm32f1xx_hal_msp.c_save
2025-04-21 20:16:39,940 [INFO] CodeEngine:279 - Generated code: C:\Users\TS\STM32CubeIDE\workspace_CAN\CAN_RX_NIZAR\Core\Src\stm32f1xx_hal_msp.c
2025-04-21 20:16:39,945 [INFO] CodeEngine:255 - oldGeneratedFile, C:\Users\TS\STM32CubeIDE\workspace_CAN\CAN_RX_NIZAR\MXTmpFiles\system.tmp_save
2025-04-21 20:16:40,012 [INFO] CodeEngine:279 - Generated code: C:\Users\TS\STM32CubeIDE\workspace_CAN\CAN_RX_NIZAR\MXTmpFiles\system.tmp
2025-04-21 20:16:40,034 [INFO] CodeEngine:311 - oldGeneratedFile, C:\Users\TS\STM32CubeIDE\workspace_CAN\CAN_RX_NIZAR\Core\Inc\stm32f1xx_hal_conf.h_save
2025-04-21 20:16:40,152 [INFO] CodeEngine:335 - Generated code: C:\Users\TS\STM32CubeIDE\workspace_CAN\CAN_RX_NIZAR\Core\Inc\stm32f1xx_hal_conf.h
2025-04-21 20:16:40,199 [INFO] CodeEngine:255 - oldGeneratedFile, C:\Users\TS\STM32CubeIDE\workspace_CAN\CAN_RX_NIZAR\Core\Inc\main.h_save
2025-04-21 20:16:40,330 [INFO] CodeEngine:279 - Generated code: C:\Users\TS\STM32CubeIDE\workspace_CAN\CAN_RX_NIZAR\Core\Inc\main.h
2025-04-21 20:16:40,350 [INFO] CodeEngine:255 - oldGeneratedFile, C:\Users\TS\STM32CubeIDE\workspace_CAN\CAN_RX_NIZAR\Core\Src\main.c_save
2025-04-21 20:16:40,441 [INFO] CodeEngine:279 - Generated code: C:\Users\TS\STM32CubeIDE\workspace_CAN\CAN_RX_NIZAR\Core\Src\main.c
2025-04-21 20:16:41,181 [INFO] ProjectBuilder:3076 - Time for Copy HAL[1] : 143mS.
2025-04-21 20:16:41,184 [INFO] ProjectBuilder:4485 - Project Generator version: 4.2.0-B44
2025-04-21 20:16:41,583 [INFO] ConfigFileManager:1495 - The Die is : DIE410
2025-04-21 20:16:44,097 [INFO] ProjectBuilder:4747 - Time for Generating toolchain IDE Files: 2913mS.
2025-04-21 20:16:44,098 [INFO] ProjectBuilder:2947 - Time for Copy CMSIS : 0mS.
2025-04-21 20:16:44,105 [INFO] ProjectBuilder:2947 - Time for Copy CMSIS : 0mS.
2025-04-21 20:49:33,050 [ERROR] LogOutputStream:75 - [STDERR_REDIRECT] 
2025-04-21 20:49:33,052 [ERROR] LogOutputStream:75 - [STDERR_REDIRECT] 
