2025-04-17 00:53:27,073 [INFO] McuFinderGlobals:63 - Set McuFinder mode to 2 (CubeIDE integrated)
2025-04-17 00:53:27,107 [INFO] MainUpdater:2873 - connection check result : 10
2025-04-17 00:53:27,743 [INFO] ApiDb:581 - Connected to CubeFinder SQLite database (C:\Users\TS\.stmcufinder\plugins\mcufinder\mcu\cube-finder-db.db)
2025-04-17 00:53:27,855 [INFO] ApiDb:668 - CubeFinder database Data Model version=2.1
2025-04-17 00:53:27,855 [INFO] ApiDb:669 - CubeFinder database Configuration version=3.0.39
2025-04-17 00:53:27,856 [INFO] ApiDb:670 - CubeFinder database generation date=2025-03-24 (1742811287)
2025-04-17 00:53:27,856 [INFO] ApiDb:671 - CubeFinder database FW Pack versions=[FP-ATR-ASTRA1_V2.0.0, FP-SNS-FLIGHT1_V5.0.2, FP-SNS-MOTENV1_V5.0.0, FP-SNS-MOTENVWB1_V1.4.0, FP-SNS-SMARTAG2_V1.2.0, FP-SNS-STBOX1_V2.0.0, STM32Cube_FW_C0_V1.4.0, STM32Cube_FW_F4_V1.28.1, STM32Cube_FW_F7_V1.17.2, STM32Cube_FW_G0_V1.6.2, STM32Cube_FW_G4_V1.6.1, STM32Cube_FW_H5_V1.5.0, STM32Cube_FW_H7RS_V1.2.0, STM32Cube_FW_H7_V1.12.1, STM32Cube_FW_L0_V1.12.2, STM32Cube_FW_L4_V1.18.1, STM32Cube_FW_L5_V1.5.1, STM32Cube_FW_N6_V1.1.0, STM32Cube_FW_U0_V1.2.0, STM32Cube_FW_U3_V1.1.0, STM32Cube_FW_U5_V1.7.0, STM32Cube_FW_WB0_V1.2.0, STM32Cube_FW_WBA_V1.6.0, STM32Cube_FW_WB_V1.22.0, STM32Cube_FW_WL3_V1.1.0, STM32Cube_FW_WL_V1.3.1, X-CUBE-ALGOBUILD_V1.4.0, X-CUBE-ALS_V1.0.2, X-CUBE-AZRTOS-F4_V1.1.0, X-CUBE-AZRTOS-F7_V1.1.0, X-CUBE-AZRTOS-G0_V1.1.0, X-CUBE-AZRTOS-G4_V2.0.0, X-CUBE-AZRTOS-H7RS_V1.0.0, X-CUBE-AZRTOS-H7_V3.3.0, X-CUBE-AZRTOS-L4_V2.0.0, X-CUBE-AZRTOS-L5_V2.0.0, X-CUBE-AZRTOS-WB_V2.0.0, X-CUBE-AZRTOS-WL_V2.0.0, X-CUBE-BLE1_V7.1.0, X-CUBE-BLE2_V3.3.0, X-CUBE-BLEMGR_V4.0.0, X-CUBE-EEPRMA1_V5.1.0, X-CUBE-FREERTOS_V1.3.0, X-CUBE-GNSS1_V6.0.0, X-CUBE-MEMS1_V11.1.0, X-CUBE-NFC4_V3.0.0, X-CUBE-NFC7_V1.0.1, X-CUBE-SFXS2LP1_V4.0.0, X-CUBE-SUBG2_V5.0.0, X-CUBE-TOF1_V3.4.2]
2025-04-17 00:53:28,013 [INFO] DbBoardsSqlite:226 - include board P-NUCLEO-WB55-NUCLEO as a kit item of type 'Nucleo-64'
2025-04-17 00:53:28,013 [INFO] DbBoardsSqlite:226 - include board P-NUCLEO-WB55-USBDONGLE as a kit item of type 'Nucleo USB Dongle'
2025-04-17 00:53:28,015 [INFO] DbBoardsSqlite:226 - include board STEVAL-IDP005V1 as a kit item of type 'Evaluation Board'
2025-04-17 00:53:28,015 [INFO] DbBoardsSqlite:226 - include board STEVAL-IDP005V2 as a kit item of type 'Evaluation Board'
2025-04-17 00:53:28,453 [INFO] ApiDb:240 - Found 371 in-development CPN: [B-G473E-ZEST1S, B-WB1M-WPAN1, B-WL5M-SUBG1, NUCLEO-C031C6, NUCLEO-H503RB, NUCLEO-H563ZI, NUCLEO-U545RE-Q, NUCLEO-U5A5ZJ-Q, NUCLEO-WBA52CG, NUCLEO-WBA55CG, STEVAL-MKBOXPRO, STEVAL-PROTEUS1, STEVAL-STWINBX1, STM320518-EVAL, STM32C0116-DK, STM32C011D6Y3TR, STM32C011D6Y6TR, STM32C011F4P3, STM32C011F4P6, STM32C011F4U3, STM32C011F4U6TR, STM32C011F6P3, STM32C011F6P6, STM32C011F6U3, STM32C011F6U6TR, STM32C011J4M3, STM32C011J4M6, STM32C011J6M3, STM32C011J6M6, STM32C0316-DK, STM32C031C4T3, STM32C031C4T6, STM32C031C4U3, STM32C031C4U6, STM32C031C6T3, STM32C031C6T6, STM32C031C6U3, STM32C031C6U6, STM32C031F4P3, STM32C031F4P6, STM32C031F6P3, STM32C031F6P6, STM32C031G4U3, STM32C031G4U6, STM32C031G6U3, STM32C031G6U6, STM32C031K4T3, STM32C031K4T6, STM32C031K4U3, STM32C031K4U6, STM32C031K6T3, STM32C031K6T6, STM32C031K6U3, STM32C031K6U6, STM32G071K8TXN, STM32G071K8UXN, STM32G081GBU6N, STM32G081KBT6N, STM32G081KBUXN, STM32G0B1CCT6N, STM32G0B1KCT6, STM32G0B1NEY6TR, STM32G0B1RCT6N, STM32G0C1CCT6, STM32G0C1CCT6N, STM32G0C1CCU6N, STM32G0C1CET6N, STM32G0C1CEU6N, STM32G0C1KCT6, STM32G0C1NEY6TR, STM32G0C1RCI6N, STM32G0C1RCT6N, STM32G0C1REI6N, STM32G0C1RET6N, STM32G0C1VCI6, STM32G0C1VEI6, STM32G471CCT6, STM32G471CCU6, STM32G471CET3, STM32G471CET6, STM32G471CEU3, STM32G471CEU6, STM32G471MCT6, STM32G471MET3, STM32G471MET6, STM32G471MEY6TR, STM32G471QCT6, STM32G471QET3, STM32G471RCT6, STM32G471RET3, STM32G471RET6, STM32G471VCH6, STM32G471VCI6, STM32G471VCT6, STM32G471VEH3, STM32G471VEH6, STM32G471VEI3, STM32G471VEI6, STM32G471VET3, STM32G471VET6, STM32G474CCT6, STM32H503CBT6, STM32H503CBU6, STM32H503EBY6TR, STM32H503KBU6, STM32H503RBT6, STM32H562AGI6, STM32H562AII6, STM32H562IGK6, STM32H562IGT6, STM32H562IIK6, STM32H562IIT6, STM32H562RGT6, STM32H562RGV6, STM32H562RIT6, STM32H562RIV6, STM32H562VGT6, STM32H562VIT6, STM32H562ZGT6, STM32H562ZIT6, STM32H563AGI6, STM32H563AII3Q, STM32H563AII6, STM32H563IGK6, STM32H563IGT6, STM32H563IIK3Q, STM32H563IIK6, STM32H563IIT3Q, STM32H563IIT6, STM32H563MIY3QTR, STM32H563RGT6, STM32H563RGV6, STM32H563RIT6, STM32H563RIV6, STM32H563VGT6, STM32H563VIT3Q, STM32H563VIT6, STM32H563ZGT6, STM32H563ZIT3Q, STM32H563ZIT6, STM32H573AII3Q, STM32H573AII6, STM32H573I-DK, STM32H573IIK3Q, STM32H573IIK6, STM32H573IIT3Q, STM32H573IIT6, STM32H573MIY3QTR, STM32H573RIT6, STM32H573RIV6, STM32H573VIT3Q, STM32H573VIT6, STM32H573ZIT3Q, STM32H573ZIT6, STM32L4R5QGI6STR, STM32MP131AAE3, STM32MP131AAF3, STM32MP131AAG3, STM32MP131CAE3, STM32MP131CAF3, STM32MP131CAG3, STM32MP131DAE7, STM32MP131DAF7, STM32MP131DAG7, STM32MP131FAE7, STM32MP131FAF7, STM32MP131FAG7, STM32MP133AAE3, STM32MP133AAF3, STM32MP133AAG3, STM32MP133CAE3, STM32MP133CAF3, STM32MP133CAG3, STM32MP133DAE7, STM32MP133DAF7, STM32MP133DAG7, STM32MP133FAE7, STM32MP133FAF7, STM32MP133FAG7, STM32MP135AAE3, STM32MP135AAF3, STM32MP135AAG3, STM32MP135CAE3, STM32MP135CAF3, STM32MP135CAG3, STM32MP135DAE7, STM32MP135DAF7, STM32MP135DAG7, STM32MP135F-DK, STM32MP135FAE7, STM32MP135FAF7, STM32MP135FAF7T, STM32MP135FAF7U, STM32MP135FAG7, STM32U535CBT6, STM32U535CBT6Q, STM32U535CBU6, STM32U535CBU6Q, STM32U535CCT6, STM32U535CCT6Q, STM32U535CCU6, STM32U535CCU6Q, STM32U535CET6, STM32U535CET6Q, STM32U535CEU6, STM32U535CEU6Q, STM32U535JEY6QTR, STM32U535NCY6QTR, STM32U535NEY6QTR, STM32U535RBI6, STM32U535RBI6Q, STM32U535RBT6, STM32U535RBT6Q, STM32U535RCI6, STM32U535RCI6Q, STM32U535RCT6, STM32U535RCT6Q, STM32U535REI6, STM32U535REI6Q, STM32U535RET6, STM32U535RET6Q, STM32U535VCI6, STM32U535VCI6Q, STM32U535VCT6, STM32U535VCT6Q, STM32U535VEI6, STM32U535VEI6Q, STM32U535VET6, STM32U535VET6Q, STM32U545CET6, STM32U545CET6Q, STM32U545CEU6, STM32U545CEU6Q, STM32U545JEY6QTR, STM32U545NEY6QTR, STM32U545REI6, STM32U545REI6Q, STM32U545RET6, STM32U545RET6Q, STM32U545VEI6, STM32U545VEI6Q, STM32U545VET6, STM32U545VET6Q, STM32U595AIH6, STM32U595AIH6Q, STM32U595AJH6, STM32U595AJH6Q, STM32U595QII6, STM32U595QII6Q, STM32U595QJI6, STM32U595QJI6Q, STM32U595RIT6, STM32U595RIT6Q, STM32U595RJT6, STM32U595RJT6Q, STM32U595VIT6, STM32U595VIT6Q, STM32U595VJT6, STM32U595VJT6Q, STM32U595ZIT6, STM32U595ZIT6Q, STM32U595ZIY6QTR, STM32U595ZJT6, STM32U595ZJT6Q, STM32U595ZJY6QTR, STM32U599BJY6QTR, STM32U599NIH6Q, STM32U599NJH6Q, STM32U599VIT6Q, STM32U599VJT6, STM32U599VJT6Q, STM32U599ZIT6Q, STM32U599ZIY6QTR, STM32U599ZJT6Q, STM32U599ZJY6QTR, STM32U5A5AJH6, STM32U5A5AJH6Q, STM32U5A5QJI6, STM32U5A5QJI6Q, STM32U5A5RJT6, STM32U5A5RJT6Q, STM32U5A5VJT6, STM32U5A5VJT6Q, STM32U5A5ZJT6, STM32U5A5ZJT6Q, STM32U5A5ZJY6QTR, STM32U5A9BJY6QTR, STM32U5A9J-DK, STM32U5A9NJH6Q, STM32U5A9VJT6Q, STM32U5A9ZJT6Q, STM32U5A9ZJY6QTR, STM32U5F7VIT6, STM32U5F7VIT6Q, STM32U5F7VJT6, STM32U5F7VJT6Q, STM32U5F9BJY6QTR, STM32U5F9NJH6Q, STM32U5F9VIT6Q, STM32U5F9VJT6Q, STM32U5F9ZIJ6QTR, STM32U5F9ZIT6Q, STM32U5F9ZJJ6QTR, STM32U5F9ZJT6Q, STM32U5G7VJT6, STM32U5G7VJT6Q, STM32U5G9BJY6QTR, STM32U5G9J-DK1, STM32U5G9J-DK2, STM32U5G9NJH6Q, STM32U5G9VJT6Q, STM32U5G9ZJJ6QTR, STM32U5G9ZJT6Q, STM32WB1MMCH6, STM32WBA50KEU6, STM32WBA50KEU6TR, STM32WBA50KGU6, STM32WBA50KGU6TR, STM32WBA52CEU6, STM32WBA52CEU6TR, STM32WBA52CEU7, STM32WBA52CEU7TR, STM32WBA52CGU6, STM32WBA52CGU6TR, STM32WBA52CGU6U, STM32WBA52CGU7, STM32WBA52CGU7TR, STM32WBA52KEU6, STM32WBA52KEU6TR, STM32WBA52KGU6, STM32WBA52KGU6TR, STM32WBA54CEU6, STM32WBA54CEU6TR, STM32WBA54CEU7, STM32WBA54CEU7TR, STM32WBA54CGU6, STM32WBA54CGU6TR, STM32WBA54CGU7, STM32WBA54CGU7TR, STM32WBA54KEU6, STM32WBA54KEU6TR, STM32WBA54KEU7, STM32WBA54KEU7TR, STM32WBA54KGU6, STM32WBA54KGU6TR, STM32WBA54KGU7, STM32WBA54KGU7TR, STM32WBA55CEU6, STM32WBA55CEU6TR, STM32WBA55CEU7, STM32WBA55CEU7TR, STM32WBA55CGU6, STM32WBA55CGU6TR, STM32WBA55CGU6U, STM32WBA55CGU7, STM32WBA55CGU7TR, STM32WBA55G-DK1, STM32WBA55HEF6, STM32WBA55HEF7, STM32WBA55HGF6, STM32WBA55HGF7, STM32WBA55UEI6, STM32WBA55UEI6TR, STM32WBA55UEI7, STM32WBA55UEI7TR, STM32WBA55UGI6, STM32WBA55UGI6TR, STM32WBA55UGI7, STM32WBA55UGI7TR, STM32WL5MOCH6, STM32WL5MOCH6TR]
2025-04-17 00:53:28,457 [INFO] ApiDb:668 - CubeFinder database Data Model version=2.1
2025-04-17 00:53:28,457 [INFO] ApiDb:669 - CubeFinder database Configuration version=3.0.39
2025-04-17 00:53:28,457 [INFO] ApiDb:670 - CubeFinder database generation date=2025-03-24 (1742811287)
2025-04-17 00:53:28,457 [INFO] ApiDb:671 - CubeFinder database FW Pack versions=[FP-ATR-ASTRA1_V2.0.0, FP-SNS-FLIGHT1_V5.0.2, FP-SNS-MOTENV1_V5.0.0, FP-SNS-MOTENVWB1_V1.4.0, FP-SNS-SMARTAG2_V1.2.0, FP-SNS-STBOX1_V2.0.0, STM32Cube_FW_C0_V1.4.0, STM32Cube_FW_F4_V1.28.1, STM32Cube_FW_F7_V1.17.2, STM32Cube_FW_G0_V1.6.2, STM32Cube_FW_G4_V1.6.1, STM32Cube_FW_H5_V1.5.0, STM32Cube_FW_H7RS_V1.2.0, STM32Cube_FW_H7_V1.12.1, STM32Cube_FW_L0_V1.12.2, STM32Cube_FW_L4_V1.18.1, STM32Cube_FW_L5_V1.5.1, STM32Cube_FW_N6_V1.1.0, STM32Cube_FW_U0_V1.2.0, STM32Cube_FW_U3_V1.1.0, STM32Cube_FW_U5_V1.7.0, STM32Cube_FW_WB0_V1.2.0, STM32Cube_FW_WBA_V1.6.0, STM32Cube_FW_WB_V1.22.0, STM32Cube_FW_WL3_V1.1.0, STM32Cube_FW_WL_V1.3.1, X-CUBE-ALGOBUILD_V1.4.0, X-CUBE-ALS_V1.0.2, X-CUBE-AZRTOS-F4_V1.1.0, X-CUBE-AZRTOS-F7_V1.1.0, X-CUBE-AZRTOS-G0_V1.1.0, X-CUBE-AZRTOS-G4_V2.0.0, X-CUBE-AZRTOS-H7RS_V1.0.0, X-CUBE-AZRTOS-H7_V3.3.0, X-CUBE-AZRTOS-L4_V2.0.0, X-CUBE-AZRTOS-L5_V2.0.0, X-CUBE-AZRTOS-WB_V2.0.0, X-CUBE-AZRTOS-WL_V2.0.0, X-CUBE-BLE1_V7.1.0, X-CUBE-BLE2_V3.3.0, X-CUBE-BLEMGR_V4.0.0, X-CUBE-EEPRMA1_V5.1.0, X-CUBE-FREERTOS_V1.3.0, X-CUBE-GNSS1_V6.0.0, X-CUBE-MEMS1_V11.1.0, X-CUBE-NFC4_V3.0.0, X-CUBE-NFC7_V1.0.1, X-CUBE-SFXS2LP1_V4.0.0, X-CUBE-SUBG2_V5.0.0, X-CUBE-TOF1_V3.4.2]
2025-04-17 00:53:31,159 [INFO] ApiDb:240 - Found 371 in-development CPN: [B-G473E-ZEST1S, B-WB1M-WPAN1, B-WL5M-SUBG1, NUCLEO-C031C6, NUCLEO-H503RB, NUCLEO-H563ZI, NUCLEO-U545RE-Q, NUCLEO-U5A5ZJ-Q, NUCLEO-WBA52CG, NUCLEO-WBA55CG, STEVAL-MKBOXPRO, STEVAL-PROTEUS1, STEVAL-STWINBX1, STM320518-EVAL, STM32C0116-DK, STM32C011D6Y3TR, STM32C011D6Y6TR, STM32C011F4P3, STM32C011F4P6, STM32C011F4U3, STM32C011F4U6TR, STM32C011F6P3, STM32C011F6P6, STM32C011F6U3, STM32C011F6U6TR, STM32C011J4M3, STM32C011J4M6, STM32C011J6M3, STM32C011J6M6, STM32C0316-DK, STM32C031C4T3, STM32C031C4T6, STM32C031C4U3, STM32C031C4U6, STM32C031C6T3, STM32C031C6T6, STM32C031C6U3, STM32C031C6U6, STM32C031F4P3, STM32C031F4P6, STM32C031F6P3, STM32C031F6P6, STM32C031G4U3, STM32C031G4U6, STM32C031G6U3, STM32C031G6U6, STM32C031K4T3, STM32C031K4T6, STM32C031K4U3, STM32C031K4U6, STM32C031K6T3, STM32C031K6T6, STM32C031K6U3, STM32C031K6U6, STM32G071K8TXN, STM32G071K8UXN, STM32G081GBU6N, STM32G081KBT6N, STM32G081KBUXN, STM32G0B1CCT6N, STM32G0B1KCT6, STM32G0B1NEY6TR, STM32G0B1RCT6N, STM32G0C1CCT6, STM32G0C1CCT6N, STM32G0C1CCU6N, STM32G0C1CET6N, STM32G0C1CEU6N, STM32G0C1KCT6, STM32G0C1NEY6TR, STM32G0C1RCI6N, STM32G0C1RCT6N, STM32G0C1REI6N, STM32G0C1RET6N, STM32G0C1VCI6, STM32G0C1VEI6, STM32G471CCT6, STM32G471CCU6, STM32G471CET3, STM32G471CET6, STM32G471CEU3, STM32G471CEU6, STM32G471MCT6, STM32G471MET3, STM32G471MET6, STM32G471MEY6TR, STM32G471QCT6, STM32G471QET3, STM32G471RCT6, STM32G471RET3, STM32G471RET6, STM32G471VCH6, STM32G471VCI6, STM32G471VCT6, STM32G471VEH3, STM32G471VEH6, STM32G471VEI3, STM32G471VEI6, STM32G471VET3, STM32G471VET6, STM32G474CCT6, STM32H503CBT6, STM32H503CBU6, STM32H503EBY6TR, STM32H503KBU6, STM32H503RBT6, STM32H562AGI6, STM32H562AII6, STM32H562IGK6, STM32H562IGT6, STM32H562IIK6, STM32H562IIT6, STM32H562RGT6, STM32H562RGV6, STM32H562RIT6, STM32H562RIV6, STM32H562VGT6, STM32H562VIT6, STM32H562ZGT6, STM32H562ZIT6, STM32H563AGI6, STM32H563AII3Q, STM32H563AII6, STM32H563IGK6, STM32H563IGT6, STM32H563IIK3Q, STM32H563IIK6, STM32H563IIT3Q, STM32H563IIT6, STM32H563MIY3QTR, STM32H563RGT6, STM32H563RGV6, STM32H563RIT6, STM32H563RIV6, STM32H563VGT6, STM32H563VIT3Q, STM32H563VIT6, STM32H563ZGT6, STM32H563ZIT3Q, STM32H563ZIT6, STM32H573AII3Q, STM32H573AII6, STM32H573I-DK, STM32H573IIK3Q, STM32H573IIK6, STM32H573IIT3Q, STM32H573IIT6, STM32H573MIY3QTR, STM32H573RIT6, STM32H573RIV6, STM32H573VIT3Q, STM32H573VIT6, STM32H573ZIT3Q, STM32H573ZIT6, STM32L4R5QGI6STR, STM32MP131AAE3, STM32MP131AAF3, STM32MP131AAG3, STM32MP131CAE3, STM32MP131CAF3, STM32MP131CAG3, STM32MP131DAE7, STM32MP131DAF7, STM32MP131DAG7, STM32MP131FAE7, STM32MP131FAF7, STM32MP131FAG7, STM32MP133AAE3, STM32MP133AAF3, STM32MP133AAG3, STM32MP133CAE3, STM32MP133CAF3, STM32MP133CAG3, STM32MP133DAE7, STM32MP133DAF7, STM32MP133DAG7, STM32MP133FAE7, STM32MP133FAF7, STM32MP133FAG7, STM32MP135AAE3, STM32MP135AAF3, STM32MP135AAG3, STM32MP135CAE3, STM32MP135CAF3, STM32MP135CAG3, STM32MP135DAE7, STM32MP135DAF7, STM32MP135DAG7, STM32MP135F-DK, STM32MP135FAE7, STM32MP135FAF7, STM32MP135FAF7T, STM32MP135FAF7U, STM32MP135FAG7, STM32U535CBT6, STM32U535CBT6Q, STM32U535CBU6, STM32U535CBU6Q, STM32U535CCT6, STM32U535CCT6Q, STM32U535CCU6, STM32U535CCU6Q, STM32U535CET6, STM32U535CET6Q, STM32U535CEU6, STM32U535CEU6Q, STM32U535JEY6QTR, STM32U535NCY6QTR, STM32U535NEY6QTR, STM32U535RBI6, STM32U535RBI6Q, STM32U535RBT6, STM32U535RBT6Q, STM32U535RCI6, STM32U535RCI6Q, STM32U535RCT6, STM32U535RCT6Q, STM32U535REI6, STM32U535REI6Q, STM32U535RET6, STM32U535RET6Q, STM32U535VCI6, STM32U535VCI6Q, STM32U535VCT6, STM32U535VCT6Q, STM32U535VEI6, STM32U535VEI6Q, STM32U535VET6, STM32U535VET6Q, STM32U545CET6, STM32U545CET6Q, STM32U545CEU6, STM32U545CEU6Q, STM32U545JEY6QTR, STM32U545NEY6QTR, STM32U545REI6, STM32U545REI6Q, STM32U545RET6, STM32U545RET6Q, STM32U545VEI6, STM32U545VEI6Q, STM32U545VET6, STM32U545VET6Q, STM32U595AIH6, STM32U595AIH6Q, STM32U595AJH6, STM32U595AJH6Q, STM32U595QII6, STM32U595QII6Q, STM32U595QJI6, STM32U595QJI6Q, STM32U595RIT6, STM32U595RIT6Q, STM32U595RJT6, STM32U595RJT6Q, STM32U595VIT6, STM32U595VIT6Q, STM32U595VJT6, STM32U595VJT6Q, STM32U595ZIT6, STM32U595ZIT6Q, STM32U595ZIY6QTR, STM32U595ZJT6, STM32U595ZJT6Q, STM32U595ZJY6QTR, STM32U599BJY6QTR, STM32U599NIH6Q, STM32U599NJH6Q, STM32U599VIT6Q, STM32U599VJT6, STM32U599VJT6Q, STM32U599ZIT6Q, STM32U599ZIY6QTR, STM32U599ZJT6Q, STM32U599ZJY6QTR, STM32U5A5AJH6, STM32U5A5AJH6Q, STM32U5A5QJI6, STM32U5A5QJI6Q, STM32U5A5RJT6, STM32U5A5RJT6Q, STM32U5A5VJT6, STM32U5A5VJT6Q, STM32U5A5ZJT6, STM32U5A5ZJT6Q, STM32U5A5ZJY6QTR, STM32U5A9BJY6QTR, STM32U5A9J-DK, STM32U5A9NJH6Q, STM32U5A9VJT6Q, STM32U5A9ZJT6Q, STM32U5A9ZJY6QTR, STM32U5F7VIT6, STM32U5F7VIT6Q, STM32U5F7VJT6, STM32U5F7VJT6Q, STM32U5F9BJY6QTR, STM32U5F9NJH6Q, STM32U5F9VIT6Q, STM32U5F9VJT6Q, STM32U5F9ZIJ6QTR, STM32U5F9ZIT6Q, STM32U5F9ZJJ6QTR, STM32U5F9ZJT6Q, STM32U5G7VJT6, STM32U5G7VJT6Q, STM32U5G9BJY6QTR, STM32U5G9J-DK1, STM32U5G9J-DK2, STM32U5G9NJH6Q, STM32U5G9VJT6Q, STM32U5G9ZJJ6QTR, STM32U5G9ZJT6Q, STM32WB1MMCH6, STM32WBA50KEU6, STM32WBA50KEU6TR, STM32WBA50KGU6, STM32WBA50KGU6TR, STM32WBA52CEU6, STM32WBA52CEU6TR, STM32WBA52CEU7, STM32WBA52CEU7TR, STM32WBA52CGU6, STM32WBA52CGU6TR, STM32WBA52CGU6U, STM32WBA52CGU7, STM32WBA52CGU7TR, STM32WBA52KEU6, STM32WBA52KEU6TR, STM32WBA52KGU6, STM32WBA52KGU6TR, STM32WBA54CEU6, STM32WBA54CEU6TR, STM32WBA54CEU7, STM32WBA54CEU7TR, STM32WBA54CGU6, STM32WBA54CGU6TR, STM32WBA54CGU7, STM32WBA54CGU7TR, STM32WBA54KEU6, STM32WBA54KEU6TR, STM32WBA54KEU7, STM32WBA54KEU7TR, STM32WBA54KGU6, STM32WBA54KGU6TR, STM32WBA54KGU7, STM32WBA54KGU7TR, STM32WBA55CEU6, STM32WBA55CEU6TR, STM32WBA55CEU7, STM32WBA55CEU7TR, STM32WBA55CGU6, STM32WBA55CGU6TR, STM32WBA55CGU6U, STM32WBA55CGU7, STM32WBA55CGU7TR, STM32WBA55G-DK1, STM32WBA55HEF6, STM32WBA55HEF7, STM32WBA55HGF6, STM32WBA55HGF7, STM32WBA55UEI6, STM32WBA55UEI6TR, STM32WBA55UEI7, STM32WBA55UEI7TR, STM32WBA55UGI6, STM32WBA55UGI6TR, STM32WBA55UGI7, STM32WBA55UGI7TR, STM32WL5MOCH6, STM32WL5MOCH6TR]
2025-04-17 00:53:31,167 [INFO] DbMcus:218 - Found 4657 MCUs, 4657 are supported
2025-04-17 00:53:31,168 [INFO] ApiDb:423 - Load user favorites file C:\Users\TS/.stm32cubeide/favorites.mcus.txt: 0 item(s)
2025-04-17 00:53:31,168 [INFO] ApiDb:427 - User favorites MCUs=[]
2025-04-17 00:53:31,168 [INFO] DbMcus:224 - Set 0 / 0 favorites MCUs
2025-04-17 00:53:31,708 [INFO] BoardInfo:889 - No configuration file found for board NUCLEO-C051C8
2025-04-17 00:53:31,708 [INFO] DbBoards:161 - Board is not supported: NUCLEO-C051C8
2025-04-17 00:53:31,709 [INFO] BoardInfo:889 - No configuration file found for board NUCLEO-C071RB
2025-04-17 00:53:31,710 [INFO] DbBoards:161 - Board is not supported: NUCLEO-C071RB
2025-04-17 00:53:31,712 [INFO] BoardInfo:889 - No configuration file found for board NUCLEO-C092RC
2025-04-17 00:53:31,712 [INFO] DbBoards:161 - Board is not supported: NUCLEO-C092RC
2025-04-17 00:53:31,751 [INFO] BoardInfo:889 - No configuration file found for board NUCLEO-H533RE
2025-04-17 00:53:31,751 [INFO] DbBoards:161 - Board is not supported: NUCLEO-H533RE
2025-04-17 00:53:31,760 [INFO] BoardInfo:889 - No configuration file found for board NUCLEO-H7S3L8
2025-04-17 00:53:31,762 [INFO] DbBoards:161 - Board is not supported: NUCLEO-H7S3L8
2025-04-17 00:53:31,783 [INFO] BoardInfo:889 - No configuration file found for board NUCLEO-N657X0-Q
2025-04-17 00:53:31,783 [INFO] DbBoards:161 - Board is not supported: NUCLEO-N657X0-Q
2025-04-17 00:53:31,784 [INFO] BoardInfo:889 - No configuration file found for board NUCLEO-U031R8
2025-04-17 00:53:31,784 [INFO] DbBoards:161 - Board is not supported: NUCLEO-U031R8
2025-04-17 00:53:31,785 [INFO] BoardInfo:889 - No configuration file found for board NUCLEO-U083RC
2025-04-17 00:53:31,786 [INFO] DbBoards:161 - Board is not supported: NUCLEO-U083RC
2025-04-17 00:53:31,787 [INFO] BoardInfo:889 - No configuration file found for board NUCLEO-U385RG-Q
2025-04-17 00:53:31,787 [INFO] DbBoards:161 - Board is not supported: NUCLEO-U385RG-Q
2025-04-17 00:53:31,790 [INFO] BoardInfo:889 - No configuration file found for board NUCLEO-WB05KZ
2025-04-17 00:53:31,791 [INFO] DbBoards:161 - Board is not supported: NUCLEO-WB05KZ
2025-04-17 00:53:31,792 [INFO] BoardInfo:889 - No configuration file found for board NUCLEO-WB07CC
2025-04-17 00:53:31,792 [INFO] DbBoards:161 - Board is not supported: NUCLEO-WB07CC
2025-04-17 00:53:31,793 [INFO] BoardInfo:889 - No configuration file found for board NUCLEO-WB09KE
2025-04-17 00:53:31,793 [INFO] DbBoards:161 - Board is not supported: NUCLEO-WB09KE
2025-04-17 00:53:31,798 [INFO] BoardInfo:889 - No configuration file found for board NUCLEO-WBA65RI
2025-04-17 00:53:31,799 [INFO] DbBoards:161 - Board is not supported: NUCLEO-WBA65RI
2025-04-17 00:53:31,799 [INFO] BoardInfo:889 - No configuration file found for board NUCLEO-WL33CC1
2025-04-17 00:53:31,800 [INFO] DbBoards:161 - Board is not supported: NUCLEO-WL33CC1
2025-04-17 00:53:31,800 [INFO] BoardInfo:889 - No configuration file found for board NUCLEO-WL33CC2
2025-04-17 00:53:31,801 [INFO] DbBoards:161 - Board is not supported: NUCLEO-WL33CC2
2025-04-17 00:53:31,805 [INFO] BoardInfo:889 - No configuration file found for board P-NUCLEO-WB55
2025-04-17 00:53:31,805 [INFO] DbBoards:161 - Kit is not supported: P-NUCLEO-WB55
2025-04-17 00:53:31,809 [INFO] BoardInfo:889 - No configuration file found for board STEVAL-BFA001V1B
2025-04-17 00:53:31,809 [INFO] DbBoards:161 - Kit is not supported: STEVAL-BFA001V1B
2025-04-17 00:53:31,810 [INFO] BoardInfo:889 - No configuration file found for board STEVAL-BFA001V2B
2025-04-17 00:53:31,811 [INFO] DbBoards:161 - Kit is not supported: STEVAL-BFA001V2B
2025-04-17 00:53:31,884 [INFO] BoardInfo:889 - No configuration file found for board STM32H7S78-DK
2025-04-17 00:53:31,884 [INFO] DbBoards:161 - Board is not supported: STM32H7S78-DK
2025-04-17 00:53:31,911 [INFO] BoardInfo:889 - No configuration file found for board STM32MP257F-DK
2025-04-17 00:53:31,912 [INFO] DbBoards:161 - Board is not supported: STM32MP257F-DK
2025-04-17 00:53:31,913 [INFO] BoardInfo:889 - No configuration file found for board STM32MP257F-EV1
2025-04-17 00:53:31,914 [INFO] DbBoards:161 - Board is not supported: STM32MP257F-EV1
2025-04-17 00:53:31,915 [INFO] BoardInfo:889 - No configuration file found for board STM32N6570-DK
2025-04-17 00:53:31,916 [INFO] DbBoards:161 - Board is not supported: STM32N6570-DK
2025-04-17 00:53:31,917 [INFO] BoardInfo:889 - No configuration file found for board STM32U083C-DK
2025-04-17 00:53:31,917 [INFO] DbBoards:161 - Board is not supported: STM32U083C-DK
2025-04-17 00:53:31,931 [INFO] BoardInfo:889 - No configuration file found for board STM32WBA65I-DK1
2025-04-17 00:53:31,931 [INFO] DbBoards:161 - Board is not supported: STM32WBA65I-DK1
2025-04-17 00:53:31,931 [INFO] DbBoards:168 - Found 210 boards, 186 are supported
2025-04-17 00:53:31,932 [INFO] DbBoards:169 - Found 210 boards, 3 of them is supported for  Bsp
2025-04-17 00:53:31,938 [INFO] ApiDb:423 - Load user favorites file C:\Users\TS/.stm32cubeide/favorites.boards.txt: 0 item(s)
2025-04-17 00:53:31,938 [INFO] ApiDb:427 - User favorites Boards=[]
2025-04-17 00:53:31,938 [INFO] DbBoards:198 - Set 0 / 0 favorites Boards
2025-04-17 00:53:31,938 [INFO] McuFinderGlobals:76 - Set McuFinderConnectedMode to true
2025-04-17 00:53:31,949 [INFO] MultiScanPanel:200 - Auto-refresh data requested => check proxy status ongoing
2025-04-17 00:53:31,954 [INFO] FinderPluginLoader:95 - Searching for filters in installed packs
2025-04-17 00:53:33,610 [INFO] LoadUrlFilesThread:185 - End of LoadServerUrlFiles without Thread
2025-04-17 00:53:33,773 [INFO] DetailPanel:341 - Set advertising image to C:/Users/TS/STM32Cube/Repository/\en.prom-stm32u3-mcu-finder.jpg
2025-04-17 00:54:04,973 [INFO] MainUpdater:2873 - connection check result : 10
2025-04-17 00:54:04,973 [INFO] MainUpdater:2873 - connection check result : 10
2025-04-17 00:54:04,995 [INFO] MicroXplorer:468 - Change Database Path : 
2025-04-17 00:54:04,995 [INFO] MicroXplorer:498 - Change Database Version : DB.6.0.100
2025-04-17 00:54:05,002 [WARN] ThirdParty:871 - waiting for thirdparty lock release [close project]
2025-04-17 00:54:05,002 [INFO] ThirdParty:873 - entering critical section [close project]
2025-04-17 00:54:05,006 [INFO] ThirdParty:883 - exiting critical section [close project]
2025-04-17 00:54:05,012 [INFO] PinOutPanel:1499 - setPackage(No Configuration,No Configuration)
2025-04-17 00:54:05,017 [INFO] UtilMem:75 - Begin LoadConfig() Used Memory: 717623032 Bytes (1073741824)
2025-04-17 00:54:05,020 [INFO] MicroXplorer:468 - Change Database Path : 
2025-04-17 00:54:05,020 [INFO] MicroXplorer:498 - Change Database Version : DB.6.0.100
2025-04-17 00:54:05,020 [INFO] OpenFileManager:312 - Change cursor
2025-04-17 00:54:05,082 [INFO] Mcu:2016 - Initializing MCU STM32F103C8Tx STM32F103C8Tx STM32F103C8T6
2025-04-17 00:54:06,051 [INFO] Context:659 - Trying to add GPIOservice into a context  which must be forbidden
2025-04-17 00:54:06,257 [INFO] ImportTextPane:194 - (OptionalMessage_ERROR) Unable to find key (Mcu.ThirdPartyNb) in loaded IOC file
2025-04-17 00:54:06,258 [INFO] ImportTextPane:194 - (OptionalMessage_ERROR) Unable to find key (Mcu.PinsNb) in loaded IOC file
2025-04-17 00:54:06,258 [INFO] ImportTextPane:194 - (OptionalMessage_ERROR) Unable to find key (Mcu.IPNb) in loaded IOC file
2025-04-17 00:54:06,342 [INFO] RtosManager:555 - Registered RTOS mode: class=CMSIS, group=RTOS, mode=CMSIS_V1, owner=FREERTOS
2025-04-17 00:54:06,342 [INFO] RtosManager:555 - Registered RTOS mode: class=CMSIS, group=RTOS2, mode=CMSIS_V2, owner=FREERTOS
2025-04-17 00:54:06,342 [INFO] RtosManager:555 - Registered RTOS mode: class=RTOS, group=Core, mode=CMSIS_V1, owner=FREERTOS
2025-04-17 00:54:06,342 [INFO] RtosManager:555 - Registered RTOS mode: class=RTOS, group=Core, mode=CMSIS_V2, owner=FREERTOS
2025-04-17 00:54:06,342 [WARN] ModelIntegratedComponent:184 - Missing modes for component STMicroelectronics:FreeRTOS:0.0.1:STMicroelectronics:RTOS:FreeRTOS:Core:::10.2.0:
2025-04-17 00:54:06,366 [WARN] ModelIntegratedComponent:63 - No mode defined for component null
2025-04-17 00:54:06,366 [WARN] ModelIntegratedComponent:63 - No mode defined for component null
2025-04-17 00:54:06,366 [WARN] ModelIntegratedComponent:63 - No mode defined for component null
2025-04-17 00:54:06,366 [WARN] ModelIntegratedComponent:63 - No mode defined for component null
2025-04-17 00:54:06,366 [WARN] ModelIntegratedComponent:63 - No mode defined for component null
2025-04-17 00:54:06,366 [WARN] ModelIntegratedComponent:63 - No mode defined for component null
2025-04-17 00:54:06,367 [WARN] ModelIntegratedComponent:63 - No mode defined for component null
2025-04-17 00:54:06,367 [WARN] ModelIntegratedComponent:63 - No mode defined for component null
2025-04-17 00:54:06,367 [WARN] ModelIntegratedComponent:63 - No mode defined for component null
2025-04-17 00:54:06,367 [WARN] ModelIntegratedComponent:63 - No mode defined for component null
2025-04-17 00:54:06,367 [WARN] ModelIntegratedComponent:63 - No mode defined for component null
2025-04-17 00:54:06,367 [WARN] ModelIntegratedComponent:63 - No mode defined for component null
2025-04-17 00:54:06,367 [WARN] ModelIntegratedComponent:63 - No mode defined for component null
2025-04-17 00:54:06,367 [WARN] ModelIntegratedComponent:63 - No mode defined for component null
2025-04-17 00:54:06,367 [WARN] ModelIntegratedComponent:63 - No mode defined for component null
2025-04-17 00:54:06,367 [WARN] ModelIntegratedComponent:63 - No mode defined for component null
2025-04-17 00:54:06,367 [WARN] ModelIntegratedComponent:63 - No mode defined for component null
2025-04-17 00:54:06,367 [WARN] ModelIntegratedComponent:63 - No mode defined for component null
2025-04-17 00:54:06,368 [WARN] ModelIntegratedComponent:63 - No mode defined for component null
2025-04-17 00:54:06,368 [WARN] ModelIntegratedComponent:63 - No mode defined for component null
2025-04-17 00:54:06,368 [WARN] ModelIntegratedComponent:63 - No mode defined for component null
2025-04-17 00:54:06,368 [WARN] ModelIntegratedComponent:63 - No mode defined for component null
2025-04-17 00:54:06,368 [WARN] ModelIntegratedComponent:63 - No mode defined for component null
2025-04-17 00:54:06,368 [WARN] ModelIntegratedComponent:63 - No mode defined for component null
2025-04-17 00:54:06,368 [WARN] ModelIntegratedComponent:63 - No mode defined for component null
2025-04-17 00:54:06,368 [WARN] ModelIntegratedComponent:63 - No mode defined for component null
2025-04-17 00:54:06,368 [WARN] ModelIntegratedComponent:63 - No mode defined for component null
2025-04-17 00:54:06,368 [WARN] ModelIntegratedComponent:63 - No mode defined for component null
2025-04-17 00:54:06,368 [WARN] ModelIntegratedComponent:63 - No mode defined for component null
2025-04-17 00:54:06,368 [WARN] ModelIntegratedComponent:63 - No mode defined for component null
2025-04-17 00:54:06,368 [WARN] ModelIntegratedComponent:63 - No mode defined for component null
2025-04-17 00:54:06,368 [WARN] ModelIntegratedComponent:63 - No mode defined for component null
2025-04-17 00:54:06,369 [WARN] ModelIntegratedComponent:63 - No mode defined for component null
2025-04-17 00:54:06,497 [INFO] ThirdPartyModel:298 - Start build external matchings
2025-04-17 00:54:07,168 [INFO] ThirdPartyModel:316 - End build external matchings
2025-04-17 00:54:07,442 [INFO] UtilMem:75 - End LoadConfig() Used Memory: 911009272 Bytes (1073741824)
2025-04-17 00:54:07,472 [INFO] MicroXplorer:468 - Change Database Path : 
2025-04-17 00:54:07,473 [INFO] MicroXplorer:498 - Change Database Version : DB.6.0.100
2025-04-17 00:54:07,474 [WARN] ThirdParty:833 - waiting for thirdparty lock release [change project]
2025-04-17 00:54:07,474 [INFO] ThirdParty:835 - entering critical section [change project]
2025-04-17 00:54:07,475 [INFO] ThirdParty:1030 - CMSIS Pack Vendor :STMicroelectronics USBPD 4.1
2025-04-17 00:54:07,475 [INFO] ThirdParty:1030 - CMSIS Pack Vendor :STMicroelectronics X-CUBE-AZRTOS-H7 3.3.0
2025-04-17 00:54:07,475 [INFO] ThirdParty:1030 - CMSIS Pack Vendor :STMicroelectronics X-CUBE-NFC9 1.0.0
2025-04-17 00:54:07,475 [INFO] ThirdParty:1030 - CMSIS Pack Vendor :STMicroelectronics USB_HOST 2.0.0
2025-04-17 00:54:07,475 [INFO] ThirdParty:1030 - CMSIS Pack Vendor :STMicroelectronics FP-SNS-MOTENVWB1 1.4.0
2025-04-17 00:54:07,475 [INFO] ThirdParty:1030 - CMSIS Pack Vendor :STMicroelectronics X-CUBE-AZRTOS-F4 1.1.0
2025-04-17 00:54:07,475 [INFO] ThirdParty:1030 - CMSIS Pack Vendor :STMicroelectronics LIBJPEG 8.0.0
2025-04-17 00:54:07,475 [INFO] ThirdParty:1030 - CMSIS Pack Vendor :STMicroelectronics FP-ATR-ASTRA1 2.0.2
2025-04-17 00:54:07,475 [INFO] ThirdParty:1030 - CMSIS Pack Vendor :STMicroelectronics FP-ATR-ASTRA1 2.0.1
2025-04-17 00:54:07,475 [INFO] ThirdParty:1030 - CMSIS Pack Vendor :STMicroelectronics X-CUBE-BLE1 7.1.0
2025-04-17 00:54:07,475 [INFO] ThirdParty:1030 - CMSIS Pack Vendor :STMicroelectronics X-CUBE-SMBUS 2.1.0
2025-04-17 00:54:07,475 [INFO] ThirdParty:1030 - CMSIS Pack Vendor :STMicroelectronics X-CUBE-WB05N 1.1.0
2025-04-17 00:54:07,475 [INFO] ThirdParty:1030 - CMSIS Pack Vendor :STMicroelectronics USB_DEVICE 3.0.0
2025-04-17 00:54:07,475 [INFO] ThirdParty:1030 - CMSIS Pack Vendor :STMicroelectronics X-CUBE-ISPU 2.1.0
2025-04-17 00:54:07,476 [INFO] ThirdParty:1030 - CMSIS Pack Vendor :STMicroelectronics X-CUBE-AZRTOS-WB 2.0.0
2025-04-17 00:54:07,476 [INFO] ThirdParty:1030 - CMSIS Pack Vendor :STMicroelectronics X-CUBE-GNSS1 7.0.1
2025-04-17 00:54:07,476 [INFO] ThirdParty:1030 - CMSIS Pack Vendor :STMicroelectronics X-CUBE-AZRTOS-F7 1.1.0
2025-04-17 00:54:07,476 [INFO] ThirdParty:1030 - CMSIS Pack Vendor :STMicroelectronics X-CUBE-AZRTOS-L5 2.0.0
2025-04-17 00:54:07,476 [INFO] ThirdParty:1030 - CMSIS Pack Vendor :STMicroelectronics X-CUBE-TOUCHGFX 4.25.0
2025-04-17 00:54:07,476 [INFO] ThirdParty:1030 - CMSIS Pack Vendor :STMicroelectronics USB_DEVICE 2.0.0
2025-04-17 00:54:07,476 [INFO] ThirdParty:1030 - CMSIS Pack Vendor :STMicroelectronics X-CUBE-NFC6 3.1.0
2025-04-17 00:54:07,476 [INFO] ThirdParty:1030 - CMSIS Pack Vendor :STMicroelectronics FP-SNS-STBOX1 2.0.0
2025-04-17 00:54:07,476 [INFO] ThirdParty:1030 - CMSIS Pack Vendor :STMicroelectronics FreeRTOS 0.0.1
2025-04-17 00:54:07,476 [INFO] ThirdParty:1030 - CMSIS Pack Vendor :STMicroelectronics X-CUBE-AZRTOS-G0 1.1.0
2025-04-17 00:54:07,476 [INFO] ThirdParty:1030 - CMSIS Pack Vendor :STMicroelectronics X-CUBE-SAFEA1 1.2.2
2025-04-17 00:54:07,477 [INFO] ThirdParty:1030 - CMSIS Pack Vendor :STMicroelectronics X-CUBE-NFC4 3.0.0
2025-04-17 00:54:07,477 [INFO] ThirdParty:1030 - CMSIS Pack Vendor :STMicroelectronics X-CUBE-DPower 1.2.0
2025-04-17 00:54:07,478 [INFO] ThirdParty:1030 - CMSIS Pack Vendor :STMicroelectronics X-CUBE-SUBG2 5.0.0
2025-04-17 00:54:07,478 [INFO] ThirdParty:1030 - CMSIS Pack Vendor :STMicroelectronics X-CUBE-AZRTOS-H7RS 1.1.0
2025-04-17 00:54:07,478 [INFO] ThirdParty:1030 - CMSIS Pack Vendor :STMicroelectronics STM32_WPAN 1.0.0
2025-04-17 00:54:07,478 [INFO] ThirdParty:1030 - CMSIS Pack Vendor :EmbeddedOffice I-CUBE-FS-RTOS 1.0.1
2025-04-17 00:54:07,478 [INFO] ThirdParty:1030 - CMSIS Pack Vendor :STMicroelectronics lwIP 2.0.3
2025-04-17 00:54:07,478 [INFO] ThirdParty:1030 - CMSIS Pack Vendor :STMicroelectronics FP-SNS-FLIGHT1 5.0.2
2025-04-17 00:54:07,478 [INFO] ThirdParty:1030 - CMSIS Pack Vendor :Cesanta I-CUBE-Mongoose 7.13.0
2025-04-17 00:54:07,478 [INFO] ThirdParty:1030 - CMSIS Pack Vendor :STMicroelectronics USB_HOST 1.0.0
2025-04-17 00:54:07,478 [INFO] ThirdParty:1030 - CMSIS Pack Vendor :Infineon AIROC-Wi-Fi-Bluetooth-STM32 1.7.0
2025-04-17 00:54:07,478 [INFO] ThirdParty:1030 - CMSIS Pack Vendor :STMicroelectronics X-CUBE-AZRTOS-G4 2.0.0
2025-04-17 00:54:07,478 [INFO] ThirdParty:1030 - CMSIS Pack Vendor :STMicroelectronics PDM2PCM 3.1.0
2025-04-17 00:54:07,478 [INFO] ThirdParty:1030 - CMSIS Pack Vendor :STMicroelectronics PDM2PCM 3.3.0
2025-04-17 00:54:07,478 [INFO] ThirdParty:1030 - CMSIS Pack Vendor :STMicroelectronics X-CUBE-DISPLAY 3.0.0
2025-04-17 00:54:07,478 [INFO] ThirdParty:1030 - CMSIS Pack Vendor :RealThread X-CUBE-RT-Thread_Nano 4.1.1
2025-04-17 00:54:07,478 [INFO] ThirdParty:1030 - CMSIS Pack Vendor :STMicroelectronics X-CUBE-BLE1 7.0.0
2025-04-17 00:54:07,478 [INFO] ThirdParty:1030 - CMSIS Pack Vendor :STMicroelectronics FP-ATR-SIGFOX1 3.2.0
2025-04-17 00:54:07,478 [INFO] ThirdParty:1030 - CMSIS Pack Vendor :STMicroelectronics X-CUBE-NFC10 1.0.0
2025-04-17 00:54:07,478 [INFO] ThirdParty:1030 - CMSIS Pack Vendor :quantropi X-CUBE-qispace-sdk-base 1.9.3
2025-04-17 00:54:07,479 [INFO] ThirdParty:1030 - CMSIS Pack Vendor :STMicroelectronics X-CUBE-BLEMGR 4.0.0
2025-04-17 00:54:07,479 [INFO] ThirdParty:1030 - CMSIS Pack Vendor :STMicroelectronics X-CUBE-EEPRMA1 5.1.0
2025-04-17 00:54:07,479 [INFO] ThirdParty:1030 - CMSIS Pack Vendor :STMicroelectronics HAL Drivers 0.0.0
2025-04-17 00:54:07,479 [INFO] ThirdParty:1030 - CMSIS Pack Vendor :STMicroelectronics MBEDTLS 2.16.2
2025-04-17 00:54:07,479 [INFO] ThirdParty:1030 - CMSIS Pack Vendor :STMicroelectronics X-CUBE-ALS 1.0.2
2025-04-17 00:54:07,479 [INFO] ThirdParty:1030 - CMSIS Pack Vendor :emotas I-CUBE-CANOPEN 1.3.0
2025-04-17 00:54:07,479 [INFO] ThirdParty:1030 - CMSIS Pack Vendor :STMicroelectronics X-CUBE-FREERTOS 1.3.0
2025-04-17 00:54:07,479 [INFO] ThirdParty:1030 - CMSIS Pack Vendor :wolfSSL I-CUBE-wolfSSL 5.7.4
2025-04-17 00:54:07,479 [INFO] ThirdParty:1030 - CMSIS Pack Vendor :STMicroelectronics X-CUBE-NFC7 1.0.1
2025-04-17 00:54:07,479 [INFO] ThirdParty:1030 - CMSIS Pack Vendor :STMicroelectronics MBEDTLS 2.14.1
2025-04-17 00:54:07,480 [INFO] ThirdParty:1030 - CMSIS Pack Vendor :ITTIA_DB I-CUBE-ITTIADB 8.9.0
2025-04-17 00:54:07,480 [INFO] ThirdParty:1030 - CMSIS Pack Vendor :STMicroelectronics X-CUBE-TOUCHGFX 4.24.2
2025-04-17 00:54:07,480 [INFO] ThirdParty:1030 - CMSIS Pack Vendor :wolfSSL I-CUBE-wolfTPM 3.4.0
2025-04-17 00:54:07,480 [INFO] ThirdParty:1030 - CMSIS Pack Vendor :portGmbH I-Cube-SoM-uGOAL 1.1.0
2025-04-17 00:54:07,480 [INFO] ThirdParty:1030 - CMSIS Pack Vendor :STMicroelectronics X-CUBE-AI 10.0.0
2025-04-17 00:54:07,480 [INFO] ThirdParty:1030 - CMSIS Pack Vendor :STMicroelectronics ThreadX 1.0.0
2025-04-17 00:54:07,480 [INFO] ThirdParty:1030 - CMSIS Pack Vendor :STMicroelectronics FP-SNS-SMARTAG2 1.2.0
2025-04-17 00:54:07,481 [INFO] ThirdParty:1030 - CMSIS Pack Vendor :STMicroelectronics X-CUBE-MEMS1 11.1.0
2025-04-17 00:54:07,482 [INFO] ThirdParty:1030 - CMSIS Pack Vendor :STMicroelectronics X-CUBE-AZRTOS-WL 2.0.0
2025-04-17 00:54:07,482 [INFO] ThirdParty:1030 - CMSIS Pack Vendor :SEGGER I-CUBE-embOS 1.3.1
2025-04-17 00:54:07,483 [INFO] ThirdParty:1030 - CMSIS Pack Vendor :STMicroelectronics X-CUBE-ALGOBUILD 1.4.0
2025-04-17 00:54:07,483 [INFO] ThirdParty:1030 - CMSIS Pack Vendor :STMicroelectronics X-CUBE-DPower 1.3.0
2025-04-17 00:54:07,483 [INFO] ThirdParty:1030 - CMSIS Pack Vendor :STMicroelectronics FP-SNS-MOTENV1 5.0.0
2025-04-17 00:54:07,483 [INFO] ThirdParty:1030 - CMSIS Pack Vendor :STMicroelectronics USB_DEVICE 1.0.0
2025-04-17 00:54:07,483 [INFO] ThirdParty:1030 - CMSIS Pack Vendor :STMicroelectronics X-CUBE-AZRTOS-H7RS 1.0.0
2025-04-17 00:54:07,483 [INFO] ThirdParty:1030 - CMSIS Pack Vendor :wolfSSL I-CUBE-wolfMQTT 1.19.0
2025-04-17 00:54:07,483 [INFO] ThirdParty:1030 - CMSIS Pack Vendor :STMicroelectronics X-CUBE-AZRTOS-L4 2.0.0
2025-04-17 00:54:07,483 [INFO] ThirdParty:1030 - CMSIS Pack Vendor :STMicroelectronics ThreadX 0.0.2
2025-04-17 00:54:07,483 [INFO] ThirdParty:1030 - CMSIS Pack Vendor :WES I-CUBE-Cesium 1.3.0
2025-04-17 00:54:07,483 [INFO] ThirdParty:1030 - CMSIS Pack Vendor :STMicroelectronics lwIP 2.1.2
2025-04-17 00:54:07,483 [INFO] ThirdParty:1030 - CMSIS Pack Vendor :STMicroelectronics X-CUBE-SFXS2LP1 4.0.0
2025-04-17 00:54:07,483 [INFO] ThirdParty:1030 - CMSIS Pack Vendor :STMicroelectronics X-CUBE-BLE2 3.3.0
2025-04-17 00:54:07,483 [INFO] ThirdParty:1030 - CMSIS Pack Vendor :STMicroelectronics X-CUBE-TOF1 3.4.2
2025-04-17 00:54:07,483 [INFO] ThirdParty:1030 - CMSIS Pack Vendor :STMicroelectronics X-CUBE-AI 9.1.0
2025-04-17 00:54:07,484 [INFO] ThirdParty:1030 - CMSIS Pack Vendor :STMicroelectronics PDM2PCM 3.2.0
2025-04-17 00:54:07,484 [INFO] ThirdParty:1030 - CMSIS Pack Vendor :wolfSSL I-CUBE-wolfSSH 1.4.17
2025-04-17 00:54:07,484 [INFO] ThirdParty:841 - exiting critical section [change project]
2025-04-17 00:54:07,869 [INFO] PinOutPanel:1499 - setPackage(No Configuration,No Configuration)
2025-04-17 00:54:07,871 [INFO] PinOutPanel:1499 - setPackage(STM32F103C8Tx,LQFP48)
2025-04-17 00:54:08,471 [INFO] UtilMem:75 - Before build in PCC Used Memory: 658617136 Bytes (1073741824)
2025-04-17 00:54:09,557 [INFO] UtilMem:75 - After build in PCC Used Memory: 737260336 Bytes (1073741824)
2025-04-17 00:54:09,604 [INFO] IPUIPlugin:80 - create IPUIPlugin
2025-04-17 00:54:09,604 [INFO] IPUIPlugin:80 - create IPUIPlugin
2025-04-17 00:54:09,606 [INFO] IPUIPlugin:80 - create IPUIPlugin
2025-04-17 00:54:09,607 [INFO] IPUIPlugin:80 - create IPUIPlugin
2025-04-17 00:54:09,607 [INFO] IPUIPlugin:80 - create IPUIPlugin
2025-04-17 00:54:09,607 [INFO] IPUIPlugin:80 - create IPUIPlugin
2025-04-17 00:54:09,607 [INFO] IPUIPlugin:80 - create IPUIPlugin
2025-04-17 00:54:09,608 [INFO] IPUIPlugin:80 - create IPUIPlugin
2025-04-17 00:54:09,608 [INFO] IPUIPlugin:80 - create IPUIPlugin
2025-04-17 00:54:09,608 [INFO] IPUIPlugin:80 - create IPUIPlugin
2025-04-17 00:54:09,608 [INFO] IPUIPlugin:80 - create IPUIPlugin
2025-04-17 00:54:09,609 [INFO] IPUIPlugin:80 - create IPUIPlugin
2025-04-17 00:54:09,609 [INFO] IPUIPlugin:80 - create IPUIPlugin
2025-04-17 00:54:09,609 [INFO] IPUIPlugin:80 - create IPUIPlugin
2025-04-17 00:54:09,609 [INFO] IPUIPlugin:80 - create IPUIPlugin
2025-04-17 00:54:09,610 [INFO] IPUIPlugin:80 - create IPUIPlugin
2025-04-17 00:54:09,610 [INFO] IPUIPlugin:80 - create IPUIPlugin
2025-04-17 00:54:09,610 [INFO] IPUIPlugin:80 - create IPUIPlugin
2025-04-17 00:54:09,611 [INFO] IPUIPlugin:80 - create IPUIPlugin
2025-04-17 00:54:09,611 [INFO] IPUIPlugin:80 - create IPUIPlugin
2025-04-17 00:54:09,612 [INFO] IPUIPlugin:80 - create IPUIPlugin
2025-04-17 00:54:09,613 [INFO] IPUIPlugin:80 - create IPUIPlugin
2025-04-17 00:54:09,614 [INFO] IPUIPlugin:80 - create IPUIPlugin
2025-04-17 00:54:09,615 [INFO] IPUIPlugin:80 - create IPUIPlugin
2025-04-17 00:54:09,615 [INFO] IPUIPlugin:80 - create IPUIPlugin
2025-04-17 00:54:09,615 [INFO] IPUIPlugin:80 - create IPUIPlugin
2025-04-17 00:54:09,615 [INFO] IPUIPlugin:80 - create IPUIPlugin
2025-04-17 00:54:09,882 [INFO] CADModel:165 - CPN selected for project levelSTM32F103C8T6
2025-04-17 00:54:09,882 [INFO] CADModel:114 - Register for checkConnection events
2025-04-17 00:54:09,936 [INFO] OpenFileManager:343 - Restore cursor
2025-04-17 00:54:10,903 [INFO] UtilMem:75 - End SaveConfig() Used Memory: 819571504 Bytes (1073741824)
2025-04-17 00:54:11,025 [INFO] UtilMem:75 - End SaveConfig() Used Memory: 832907720 Bytes (1073741824)
2025-04-17 00:54:11,575 [INFO] BlockDiagram:2759 - set Specific Code input for plugin: NVIC
2025-04-17 00:54:11,576 [INFO] BlockDiagram:2759 - set Specific Code input for plugin: RCC
2025-04-17 00:54:11,578 [INFO] CodeGenerator:807 - code generatio: config db path: D:\ST\STM32CubeIDE_1.14.1\STM32CubeIDE\plugins\com.st.stm32cube.common.mx_6.10.0.202311202037\\db\
2025-04-17 00:54:12,340 [INFO] CodeEngine:255 - oldGeneratedFile, C:\Users\TS\STM32CubeIDE\workspace_CAN\CAN_RX_NIZAR\MXTmpFiles\license.tmp_save
2025-04-17 00:54:13,937 [INFO] CodeEngine:279 - Generated code: C:\Users\TS\STM32CubeIDE\workspace_CAN\CAN_RX_NIZAR\MXTmpFiles\license.tmp
2025-04-17 00:54:13,967 [INFO] CodeEngine:255 - oldGeneratedFile, C:\Users\TS\STM32CubeIDE\workspace_CAN\CAN_RX_NIZAR\Core\Src\stm32f1xx_it.c_save
2025-04-17 00:54:14,354 [INFO] CodeEngine:279 - Generated code: C:\Users\TS\STM32CubeIDE\workspace_CAN\CAN_RX_NIZAR\Core\Src\stm32f1xx_it.c
2025-04-17 00:54:14,366 [INFO] CodeEngine:255 - oldGeneratedFile, C:\Users\TS\STM32CubeIDE\workspace_CAN\CAN_RX_NIZAR\Core\Inc\stm32f1xx_it.h_save
2025-04-17 00:54:14,567 [INFO] CodeEngine:279 - Generated code: C:\Users\TS\STM32CubeIDE\workspace_CAN\CAN_RX_NIZAR\Core\Inc\stm32f1xx_it.h
2025-04-17 00:54:14,849 [INFO] CodeEngine:255 - oldGeneratedFile, C:\Users\TS\STM32CubeIDE\workspace_CAN\CAN_RX_NIZAR\Core\Src\stm32f1xx_hal_msp.c_save
2025-04-17 00:54:15,123 [INFO] CodeEngine:279 - Generated code: C:\Users\TS\STM32CubeIDE\workspace_CAN\CAN_RX_NIZAR\Core\Src\stm32f1xx_hal_msp.c
2025-04-17 00:54:15,132 [INFO] CodeEngine:255 - oldGeneratedFile, C:\Users\TS\STM32CubeIDE\workspace_CAN\CAN_RX_NIZAR\MXTmpFiles\system.tmp_save
2025-04-17 00:54:15,267 [INFO] CodeEngine:279 - Generated code: C:\Users\TS\STM32CubeIDE\workspace_CAN\CAN_RX_NIZAR\MXTmpFiles\system.tmp
2025-04-17 00:54:15,286 [INFO] CodeEngine:311 - oldGeneratedFile, C:\Users\TS\STM32CubeIDE\workspace_CAN\CAN_RX_NIZAR\Core\Inc\stm32f1xx_hal_conf.h_save
2025-04-17 00:54:15,493 [INFO] CodeEngine:335 - Generated code: C:\Users\TS\STM32CubeIDE\workspace_CAN\CAN_RX_NIZAR\Core\Inc\stm32f1xx_hal_conf.h
2025-04-17 00:54:15,547 [INFO] CodeEngine:255 - oldGeneratedFile, C:\Users\TS\STM32CubeIDE\workspace_CAN\CAN_RX_NIZAR\Core\Inc\main.h_save
2025-04-17 00:54:15,739 [INFO] CodeEngine:279 - Generated code: C:\Users\TS\STM32CubeIDE\workspace_CAN\CAN_RX_NIZAR\Core\Inc\main.h
2025-04-17 00:54:15,748 [INFO] CodeEngine:255 - oldGeneratedFile, C:\Users\TS\STM32CubeIDE\workspace_CAN\CAN_RX_NIZAR\Core\Src\main.c_save
2025-04-17 00:54:15,970 [INFO] CodeEngine:279 - Generated code: C:\Users\TS\STM32CubeIDE\workspace_CAN\CAN_RX_NIZAR\Core\Src\main.c
2025-04-17 00:54:16,903 [INFO] ProjectBuilder:3076 - Time for Copy HAL[1] : 171mS.
2025-04-17 00:54:16,911 [INFO] ProjectBuilder:4485 - Project Generator version: 4.2.0-B44
2025-04-17 00:54:17,310 [INFO] ConfigFileManager:1495 - The Die is : DIE410
2025-04-17 00:54:17,322 [INFO] ApiDbMcu:508 - Load IP Config File for FATFS
2025-04-17 00:54:17,333 [INFO] ApiDbMcu:508 - Load IP Config File for FREERTOS
2025-04-17 00:54:17,342 [INFO] ApiDbMcu:508 - Load IP Config File for USB_DEVICE
