2025-04-28 23:46:05,542 [INFO] Activator:176 - 


2025-04-28 23:46:05,549 [INFO] Activator:177 - !SESSION log4j initialized
2025-04-28 23:46:11,262 [INFO] LogOutputStream:77 - [STDOUT_REDIRECT] 
2025-04-28 23:46:14,614 [INFO] ApplicationProperties:184 - Using Application install path: D:\ST\STM32CubeIDE_1.14.1\STM32CubeIDE\plugins\com.st.stm32cube.common.mx_6.10.0.202311202037
2025-04-28 23:46:14,636 [INFO] DbMcusXml:78 - Set database path to: D:\ST\STM32CubeIDE_1.14.1\STM32CubeIDE\plugins\com.st.stm32cube.common.mx_6.10.0.202311202037\\db\/mcu/
2025-04-28 23:46:14,637 [INFO] ApiDb:274 - Set plugin database path to: D:\ST\STM32CubeIDE_1.14.1\STM32CubeIDE\plugins\com.st.stm32cube.common.mx_6.10.0.202311202037\\db\/plugins/boardmanager/
2025-04-28 23:46:14,638 [WARN] ApiDb:259 - Overriding images path with different value:  => D:\ST\STM32CubeIDE_1.14.1\STM32CubeIDE\plugins\com.st.stm32cube.common.mx_6.10.0.202311202037\\db\/plugins/mcufinder/images/
2025-04-28 23:46:14,645 [INFO] ApiDb:250 - Set database path to: C:\Users\TS\.stmcufinder\plugins\mcufinder//mcu/
2025-04-28 23:46:14,646 [INFO] DbMcusAds:125 - Set database path to: C:\Users\TS\.stmcufinder\plugins\mcufinder//mcu/
2025-04-28 23:46:15,453 [INFO] CrossReferenceDbSqlite:203 - Set database path to: C:\Users\TS\.stmcufinder\plugins\mcufinder//mcu/cs/
2025-04-28 23:46:15,610 [INFO] RulesReader:64 - Compatibility file has been processed (297 Rules)
2025-04-28 23:46:15,701 [INFO] DbMcusXml:78 - Set database path to: D:\ST\STM32CubeIDE_1.14.1\STM32CubeIDE\plugins\com.st.stm32cube.common.mx_6.10.0.202311202037\\db\/mcu/
2025-04-28 23:46:15,701 [INFO] ApiDb:274 - Set plugin database path to: D:\ST\STM32CubeIDE_1.14.1\STM32CubeIDE\plugins\com.st.stm32cube.common.mx_6.10.0.202311202037\\db\/plugins/boardmanager/
2025-04-28 23:46:15,701 [INFO] ApiDb:261 - Set plugin images path to: D:\ST\STM32CubeIDE_1.14.1\STM32CubeIDE\plugins\com.st.stm32cube.common.mx_6.10.0.202311202037\\db\/plugins/mcufinder/images/
2025-04-28 23:46:15,702 [WARN] DbFile:41 - Overriding database path with different value: C:\Users\TS\.stmcufinder\plugins\mcufinder/ => C:\Users\TS\.stmcufinder\plugins\mcufinder
2025-04-28 23:46:15,702 [INFO] ApiDb:250 - Set database path to: C:\Users\TS\.stmcufinder\plugins\mcufinder//mcu/
2025-04-28 23:46:15,702 [WARN] DbFile:41 - Overriding database path with different value: C:\Users\TS\.stmcufinder\plugins\mcufinder/ => C:\Users\TS\.stmcufinder\plugins\mcufinder
2025-04-28 23:46:15,702 [INFO] DbMcusAds:125 - Set database path to: C:\Users\TS\.stmcufinder\plugins\mcufinder//mcu/
2025-04-28 23:46:15,702 [WARN] DbFile:41 - Overriding database path with different value: C:\Users\TS\.stmcufinder\plugins\mcufinder/ => C:\Users\TS\.stmcufinder\plugins\mcufinder
2025-04-28 23:46:15,702 [WARN] DbFile:41 - Overriding database path with different value: C:\Users\TS\.stmcufinder\plugins\mcufinder/ => C:\Users\TS\.stmcufinder\plugins\mcufinder
2025-04-28 23:46:16,452 [INFO] CrossReferenceDbSqlite:203 - Set database path to: C:\Users\TS\.stmcufinder\plugins\mcufinder//mcu/cs/
2025-04-28 23:46:16,584 [INFO] MainPanel:264 - HeapMemory: 268435456
2025-04-28 23:46:16,693 [INFO] DbMcusXml:78 - Set database path to: D:\ST\STM32CubeIDE_1.14.1\STM32CubeIDE\plugins\com.st.stm32cube.common.mx_6.10.0.202311202037\\db\/mcu/
2025-04-28 23:46:16,694 [INFO] ApiDb:274 - Set plugin database path to: D:\ST\STM32CubeIDE_1.14.1\STM32CubeIDE\plugins\com.st.stm32cube.common.mx_6.10.0.202311202037\\db\/plugins/boardmanager/
2025-04-28 23:46:16,694 [INFO] ApiDb:261 - Set plugin images path to: D:\ST\STM32CubeIDE_1.14.1\STM32CubeIDE\plugins\com.st.stm32cube.common.mx_6.10.0.202311202037\\db\/plugins/mcufinder/images/
2025-04-28 23:46:16,694 [WARN] DbFile:41 - Overriding database path with different value: C:\Users\TS\.stmcufinder\plugins\mcufinder/ => C:\Users\TS\.stmcufinder\plugins\mcufinder
2025-04-28 23:46:16,694 [INFO] ApiDb:250 - Set database path to: C:\Users\TS\.stmcufinder\plugins\mcufinder//mcu/
2025-04-28 23:46:16,694 [WARN] DbFile:41 - Overriding database path with different value: C:\Users\TS\.stmcufinder\plugins\mcufinder/ => C:\Users\TS\.stmcufinder\plugins\mcufinder
2025-04-28 23:46:16,694 [INFO] DbMcusAds:125 - Set database path to: C:\Users\TS\.stmcufinder\plugins\mcufinder//mcu/
2025-04-28 23:46:16,695 [WARN] DbFile:41 - Overriding database path with different value: C:\Users\TS\.stmcufinder\plugins\mcufinder/ => C:\Users\TS\.stmcufinder\plugins\mcufinder
2025-04-28 23:46:16,695 [WARN] DbFile:41 - Overriding database path with different value: C:\Users\TS\.stmcufinder\plugins\mcufinder/ => C:\Users\TS\.stmcufinder\plugins\mcufinder
2025-04-28 23:46:17,451 [INFO] CrossReferenceDbSqlite:203 - Set database path to: C:\Users\TS\.stmcufinder\plugins\mcufinder//mcu/cs/
2025-04-28 23:46:17,500 [INFO] ApplicationProperties:184 - Using Application install path: D:\ST\STM32CubeIDE_1.14.1\STM32CubeIDE\plugins\com.st.stm32cube.common.mx_6.10.0.202311202037
2025-04-28 23:46:17,503 [INFO] PluginManage:196 - Search for loadable plugins [exclusion list=, ]
2025-04-28 23:46:17,505 [INFO] PluginManage:310 - Check plugin analytics
2025-04-28 23:46:18,582 [INFO] AnalyticsPlugin:253 - Accepted Software Licenses: 
2025-04-28 23:46:18,582 [INFO] AnalyticsPlugin:255 - Accepted CMSIS Pack Licenses: 
2025-04-28 23:46:18,582 [INFO] AnalyticsPlugin:257 - Accepted Firmware Licenses: FW.F4.1.28.0
2025-04-28 23:46:18,586 [INFO] PluginManage:359 - Loaded plugin analytics (category:tool,tabindex:-1)
2025-04-28 23:46:18,587 [INFO] PluginManage:310 - Check plugin cadmodel
2025-04-28 23:46:18,593 [INFO] CADModel:105 - Init CAD model plugin
2025-04-28 23:46:18,593 [INFO] PluginManage:359 - Loaded plugin cadmodel (category:power,tabindex:5)
2025-04-28 23:46:18,593 [INFO] PluginManage:310 - Check plugin clock
2025-04-28 23:46:18,606 [INFO] PluginManage:359 - Loaded plugin clock (category:base,tabindex:2)
2025-04-28 23:46:18,606 [INFO] PluginManage:310 - Check plugin ddr
2025-04-28 23:46:18,609 [INFO] PluginManage:359 - Loaded plugin ddr (category:tool,tabindex:6)
2025-04-28 23:46:18,609 [INFO] PluginManage:310 - Check plugin filemanager
2025-04-28 23:46:18,763 [INFO] PluginManage:359 - Loaded plugin filemanager (category:base,tabindex:10)
2025-04-28 23:46:18,763 [INFO] PluginManage:310 - Check plugin ipmanager
2025-04-28 23:46:18,771 [INFO] PluginManage:359 - Loaded plugin ipmanager (category:base,tabindex:5)
2025-04-28 23:46:18,772 [INFO] PluginManage:310 - Check plugin lpbam
2025-04-28 23:46:18,780 [INFO] PluginManage:359 - Loaded plugin lpbam (category:base,tabindex:0)
2025-04-28 23:46:18,780 [INFO] PluginManage:310 - Check plugin memorymap
2025-04-28 23:46:18,798 [INFO] PluginManage:359 - Loaded plugin memorymap (category:base,tabindex:4)
2025-04-28 23:46:18,798 [INFO] PluginManage:310 - Check plugin pinoutandconfiguration
2025-04-28 23:46:18,809 [INFO] PluginManage:359 - Loaded plugin pinoutandconfiguration (category:base,tabindex:1)
2025-04-28 23:46:18,809 [INFO] PluginManage:310 - Check plugin pinoutconfig
2025-04-28 23:46:18,907 [WARN] SupportedApi:132 - Cannot load RTOS API schema: s4s-elt-must-match.1: The content of 'definitions' must match (annotation?, (simpleType | complexType)?, (unique | key | keyref)*)). A problem was found starting at: attribute.
2025-04-28 23:46:19,064 [INFO] PluginManage:359 - Loaded plugin pinoutconfig (category:base,tabindex:0)
2025-04-28 23:46:19,064 [INFO] PluginManage:310 - Check plugin power
2025-04-28 23:46:19,075 [INFO] PluginManage:359 - Loaded plugin power (category:power,tabindex:4)
2025-04-28 23:46:19,075 [INFO] PluginManage:310 - Check plugin projectmanager
2025-04-28 23:46:19,092 [INFO] PluginManage:359 - Loaded plugin projectmanager (category:projectmanager,tabindex:3)
2025-04-28 23:46:19,092 [INFO] PluginManage:310 - Check plugin thirdparty
2025-04-28 23:46:19,232 [INFO] PluginManage:359 - Loaded plugin thirdparty (category:base,tabindex:-1)
2025-04-28 23:46:19,232 [WARN] IntegrityCheckThread:84 - waiting for thirdparty lock release [integrity check]
2025-04-28 23:46:19,232 [INFO] PluginManage:310 - Check plugin tools
2025-04-28 23:46:19,232 [INFO] IntegrityCheckThread:86 - entering critical section [integrity check]
2025-04-28 23:46:19,233 [INFO] ThirdPartyUpdaterWithRetryManager:70 - Updater plugin not ready yet. [1/15]
2025-04-28 23:46:19,236 [INFO] PluginManage:359 - Loaded plugin tools (category:base,tabindex:7)
2025-04-28 23:46:19,236 [INFO] PluginManage:310 - Check plugin tutovideos
2025-04-28 23:46:19,459 [INFO] PluginManage:359 - Loaded plugin tutovideos (category:base,tabindex:-1)
2025-04-28 23:46:19,459 [INFO] PluginManage:310 - Check plugin updater
2025-04-28 23:46:19,472 [INFO] PluginManage:359 - Loaded plugin updater (category:base,tabindex:12)
2025-04-28 23:46:19,472 [INFO] PluginManage:310 - Check plugin userauth
2025-04-28 23:46:19,477 [INFO] UserAuth:114 - Init User Auth plugin
2025-04-28 23:46:19,477 [INFO] PluginManage:359 - Loaded plugin userauth (category:base,tabindex:14)
2025-04-28 23:46:19,477 [INFO] PluginManage:283 - PluginManage : Loaded plugins [17]
2025-04-28 23:46:19,763 [INFO] PinOutPanel:1499 - setPackage(No Configuration,No Configuration)
2025-04-28 23:46:19,863 [INFO] CADModel:165 - CPN selected for project level
2025-04-28 23:46:19,863 [INFO] CADModel:114 - Register for checkConnection events
2025-04-28 23:46:19,882 [INFO] IPUIPlugin:80 - create IPUIPlugin
2025-04-28 23:46:19,883 [INFO] PluginManager:220 - loadIPPluginJar : add adc
2025-04-28 23:46:19,887 [INFO] IPUIPlugin:80 - create IPUIPlugin
2025-04-28 23:46:19,887 [INFO] PluginManager:220 - loadIPPluginJar : add aes
2025-04-28 23:46:19,890 [INFO] IPUIPlugin:80 - create IPUIPlugin
2025-04-28 23:46:19,890 [INFO] PluginManager:220 - loadIPPluginJar : add can
2025-04-28 23:46:19,891 [INFO] IPUIPlugin:80 - create IPUIPlugin
2025-04-28 23:46:19,892 [INFO] PluginManager:220 - loadIPPluginJar : add comp
2025-04-28 23:46:19,893 [INFO] IPUIPlugin:80 - create IPUIPlugin
2025-04-28 23:46:19,893 [INFO] PluginManager:220 - loadIPPluginJar : add cryp
2025-04-28 23:46:19,895 [INFO] IPUIPlugin:80 - create IPUIPlugin
2025-04-28 23:46:19,895 [INFO] PluginManager:220 - loadIPPluginJar : add dfsdm
2025-04-28 23:46:19,903 [INFO] IPUIPlugin:80 - create IPUIPlugin
2025-04-28 23:46:19,904 [INFO] PluginManager:220 - loadIPPluginJar : add dma
2025-04-28 23:46:19,906 [INFO] IPUIPlugin:80 - create IPUIPlugin
2025-04-28 23:46:19,906 [INFO] PluginManager:220 - loadIPPluginJar : add dma3
2025-04-28 23:46:19,907 [INFO] IPUIPlugin:80 - create IPUIPlugin
2025-04-28 23:46:19,907 [INFO] PluginManager:220 - loadIPPluginJar : add fatfs
2025-04-28 23:46:19,912 [INFO] IPUIPlugin:80 - create IPUIPlugin
2025-04-28 23:46:19,912 [INFO] PluginManager:220 - loadIPPluginJar : add fmc
2025-04-28 23:46:19,919 [INFO] IPUIPlugin:80 - create IPUIPlugin
2025-04-28 23:46:19,920 [INFO] PluginManager:220 - loadIPPluginJar : add freertos
2025-04-28 23:46:19,922 [INFO] IPUIPlugin:80 - create IPUIPlugin
2025-04-28 23:46:19,922 [INFO] PluginManager:220 - loadIPPluginJar : add genericplugin
2025-04-28 23:46:19,924 [INFO] IPUIPlugin:80 - create IPUIPlugin
2025-04-28 23:46:19,924 [INFO] PluginManager:220 - loadIPPluginJar : add gfxmmu
2025-04-28 23:46:19,929 [INFO] IPUIPlugin:80 - create IPUIPlugin
2025-04-28 23:46:19,929 [INFO] PluginManager:220 - loadIPPluginJar : add gic
2025-04-28 23:46:19,933 [INFO] IPUIPlugin:80 - create IPUIPlugin
2025-04-28 23:46:19,933 [INFO] PluginManager:220 - loadIPPluginJar : add gpio
2025-04-28 23:46:19,938 [INFO] IPUIPlugin:80 - create IPUIPlugin
2025-04-28 23:46:19,939 [INFO] PluginManager:220 - loadIPPluginJar : add gtzc
2025-04-28 23:46:19,941 [INFO] IPUIPlugin:80 - create IPUIPlugin
2025-04-28 23:46:19,942 [INFO] PluginManager:220 - loadIPPluginJar : add hash
2025-04-28 23:46:19,945 [INFO] IPUIPlugin:80 - create IPUIPlugin
2025-04-28 23:46:19,945 [INFO] PluginManager:220 - loadIPPluginJar : add i2c
2025-04-28 23:46:19,947 [INFO] IPUIPlugin:80 - create IPUIPlugin
2025-04-28 23:46:19,948 [INFO] PluginManager:220 - loadIPPluginJar : add i2s
2025-04-28 23:46:19,951 [INFO] IPUIPlugin:80 - create IPUIPlugin
2025-04-28 23:46:19,951 [INFO] PluginManager:220 - loadIPPluginJar : add i3c
2025-04-28 23:46:19,957 [INFO] IPUIPlugin:80 - create IPUIPlugin
2025-04-28 23:46:19,957 [INFO] PluginManager:220 - loadIPPluginJar : add ipddr
2025-04-28 23:46:19,965 [INFO] IPUIPlugin:80 - create IPUIPlugin
2025-04-28 23:46:19,965 [INFO] PluginManager:220 - loadIPPluginJar : add linkedlist
2025-04-28 23:46:19,967 [INFO] IPUIPlugin:80 - create IPUIPlugin
2025-04-28 23:46:19,967 [INFO] PluginManager:220 - loadIPPluginJar : add lorawan
2025-04-28 23:46:19,969 [INFO] IPUIPlugin:80 - create IPUIPlugin
2025-04-28 23:46:19,969 [INFO] PluginManager:220 - loadIPPluginJar : add ltdc
2025-04-28 23:46:19,975 [INFO] IPUIPlugin:80 - create IPUIPlugin
2025-04-28 23:46:19,976 [INFO] PluginManager:220 - loadIPPluginJar : add mdma
2025-04-28 23:46:19,979 [INFO] IPUIPlugin:80 - create IPUIPlugin
2025-04-28 23:46:19,980 [INFO] PluginManager:220 - loadIPPluginJar : add nvic
2025-04-28 23:46:19,983 [INFO] IPUIPlugin:80 - create IPUIPlugin
2025-04-28 23:46:19,983 [INFO] PluginManager:220 - loadIPPluginJar : add opamp
2025-04-28 23:46:19,986 [INFO] IPUIPlugin:80 - create IPUIPlugin
2025-04-28 23:46:19,986 [INFO] PluginManager:220 - loadIPPluginJar : add openamp
2025-04-28 23:46:19,989 [INFO] IPUIPlugin:80 - create IPUIPlugin
2025-04-28 23:46:19,989 [INFO] PluginManager:220 - loadIPPluginJar : add pdm2pcm
2025-04-28 23:46:19,994 [INFO] IPUIPlugin:80 - create IPUIPlugin
2025-04-28 23:46:19,997 [INFO] PluginManager:220 - loadIPPluginJar : add plateformsettings
2025-04-28 23:46:19,998 [INFO] IPUIPlugin:80 - create IPUIPlugin
2025-04-28 23:46:19,998 [INFO] PluginManager:220 - loadIPPluginJar : add quadspi
2025-04-28 23:46:20,002 [INFO] IPUIPlugin:80 - create IPUIPlugin
2025-04-28 23:46:20,002 [INFO] PluginManager:220 - loadIPPluginJar : add resmgrutility
2025-04-28 23:46:20,004 [INFO] IPUIPlugin:80 - create IPUIPlugin
2025-04-28 23:46:20,005 [INFO] PluginManager:220 - loadIPPluginJar : add sai
2025-04-28 23:46:20,006 [INFO] IPUIPlugin:80 - create IPUIPlugin
2025-04-28 23:46:20,007 [INFO] PluginManager:220 - loadIPPluginJar : add spi
2025-04-28 23:46:20,013 [INFO] IPUIPlugin:80 - create IPUIPlugin
2025-04-28 23:46:20,013 [INFO] PluginManager:220 - loadIPPluginJar : add stm32_wpan
2025-04-28 23:46:20,014 [INFO] IPUIPlugin:80 - create IPUIPlugin
2025-04-28 23:46:20,015 [INFO] PluginManager:220 - loadIPPluginJar : add tim
2025-04-28 23:46:20,017 [INFO] IPUIPlugin:80 - create IPUIPlugin
2025-04-28 23:46:20,017 [INFO] PluginManager:220 - loadIPPluginJar : add touchsensing
2025-04-28 23:46:20,019 [INFO] IPUIPlugin:80 - create IPUIPlugin
2025-04-28 23:46:20,019 [INFO] PluginManager:220 - loadIPPluginJar : add tracer_emb
2025-04-28 23:46:20,021 [INFO] IPUIPlugin:80 - create IPUIPlugin
2025-04-28 23:46:20,021 [INFO] PluginManager:220 - loadIPPluginJar : add ts
2025-04-28 23:46:20,022 [INFO] IPUIPlugin:80 - create IPUIPlugin
2025-04-28 23:46:20,022 [INFO] PluginManager:220 - loadIPPluginJar : add tsc
2025-04-28 23:46:20,024 [INFO] IPUIPlugin:80 - create IPUIPlugin
2025-04-28 23:46:20,024 [INFO] PluginManager:220 - loadIPPluginJar : add ucpd
2025-04-28 23:46:20,027 [INFO] IPUIPlugin:80 - create IPUIPlugin
2025-04-28 23:46:20,027 [INFO] PluginManager:220 - loadIPPluginJar : add usart
2025-04-28 23:46:20,029 [INFO] IPUIPlugin:80 - create IPUIPlugin
2025-04-28 23:46:20,029 [INFO] PluginManager:220 - loadIPPluginJar : add usbx
2025-04-28 23:46:20,163 [INFO] CADModel:165 - CPN selected for project level
2025-04-28 23:46:20,163 [INFO] CADModel:114 - Register for checkConnection events
2025-04-28 23:46:20,164 [FATAL] Updater:308 - Updater called before beeing initialized
2025-04-28 23:46:20,164 [ERROR] CADModel:125 - Updater not yet initialized, retry later 
2025-04-28 23:46:20,395 [INFO] CADModel:165 - CPN selected for project level
2025-04-28 23:46:20,396 [INFO] CADModel:114 - Register for checkConnection events
2025-04-28 23:46:20,396 [FATAL] Updater:308 - Updater called before beeing initialized
2025-04-28 23:46:20,396 [ERROR] CADModel:125 - Updater not yet initialized, retry later 
2025-04-28 23:46:20,400 [FATAL] Updater:308 - Updater called before beeing initialized
2025-04-28 23:46:20,525 [FATAL] Updater:308 - Updater called before beeing initialized
2025-04-28 23:46:20,529 [INFO] DbMcusAds:53 - JSON generation date=Thu Mar 06 21:54:22 ICT 2025 (1741272862078)
2025-04-28 23:46:20,529 [FATAL] Updater:308 - Updater called before beeing initialized
2025-04-28 23:46:20,572 [WARN] DetailPanel:346 - Failed to get advertising image, set to default
2025-04-28 23:46:20,663 [FATAL] Updater:308 - Updater called before beeing initialized
2025-04-28 23:46:20,665 [FATAL] Updater:308 - Updater called before beeing initialized
2025-04-28 23:46:20,665 [FATAL] Updater:308 - Updater called before beeing initialized
2025-04-28 23:46:20,665 [WARN] DetailPanel:346 - Failed to get advertising image, set to default
2025-04-28 23:46:20,666 [FATAL] Updater:308 - Updater called before beeing initialized
2025-04-28 23:46:20,723 [ERROR] Updater:1120 - MainUpdater not yet initialized. External WinMGr cannot be set.
2025-04-28 23:46:20,725 [INFO] Updater:1056 - Updater Version found : 6.10.0
2025-04-28 23:46:20,746 [INFO] ApplicationProperties:184 - Using Application install path: D:\ST\STM32CubeIDE_1.14.1\STM32CubeIDE\plugins\com.st.stm32cube.common.mx_6.10.0.202311202037
2025-04-28 23:46:22,234 [INFO] ThirdPartyUpdaterWithRetryManager:70 - Updater plugin not ready yet. [2/15]
2025-04-28 23:46:22,327 [ERROR] LogOutputStream:75 - [STDERR_REDIRECT] Apr 28, 2025 11:46:22 PM java.util.prefs.WindowsPreferences <init>
2025-04-28 23:46:22,330 [ERROR] LogOutputStream:75 - [STDERR_REDIRECT] WARNING: Could not open/create prefs root node Software\JavaSoft\Prefs at root 0xffffffff80000002. Windows RegCreateKeyEx(...) returned error code 5.
2025-04-28 23:46:22,331 [ERROR] LogOutputStream:75 - [STDERR_REDIRECT] 
2025-04-28 23:46:22,782 [INFO] MainUpdater:2873 - connection check result : 10
2025-04-28 23:46:22,783 [INFO] MainUpdater:290 - Updater Check For Update Now.
2025-04-28 23:46:22,783 [INFO] MicroXplorer:498 - Change Database Version : DB.6.0.100
2025-04-28 23:46:22,794 [INFO] McuFinderGlobals:63 - Set McuFinder mode to 2 (CubeIDE integrated)
2025-04-28 23:46:23,011 [INFO] CheckServerUpdateThread:120 - End of CheckServer Thread
2025-04-28 23:46:23,563 [INFO] UserAuth:404 - Internet connection configuration mode: 1
2025-04-28 23:46:23,606 [INFO] JxBrowserEngine:152 - Initiate JxBrowser Engine with user profile folder
2025-04-28 23:46:24,294 [INFO] WebApp:161 - Instantiating new browser for Auth
2025-04-28 23:46:24,933 [INFO] WebApp:780 - Register for checkConnection events
2025-04-28 23:46:24,933 [INFO] WebApp:414 - Apply proxy settings
2025-04-28 23:46:24,934 [INFO] WebApp:499 - Chromium requires no authentication
2025-04-28 23:46:24,943 [INFO] WebApp:442 - Direct internet connection detected
2025-04-28 23:46:25,153 [INFO] WebApp:192 - Starting web application
2025-04-28 23:46:25,153 [INFO] WebApp:544 - Web application path used D:\ST\STM32CubeIDE_1.14.1\STM32CubeIDE\plugins\com.st.stm32cube.common.mx_6.10.0.202311202037\db\plugins\mcufinder\reactClient1\index.html
2025-04-28 23:46:25,552 [WARN] PackLoader:240 - Cannot read IP mode file for STMicroelectronics.FP-SNS-MOTENVWB1.1.4.0
2025-04-28 23:46:25,565 [WARN] PackLoader:240 - Cannot read IP mode file for STMicroelectronics.FP-ATR-ASTRA1.2.0.2
2025-04-28 23:46:25,569 [WARN] PackLoader:240 - Cannot read IP mode file for STMicroelectronics.FP-ATR-ASTRA1.2.0.1
2025-04-28 23:46:25,585 [WARN] PackLoader:240 - Cannot read IP mode file for STMicroelectronics.X-CUBE-SMBUS.2.1.0
2025-04-28 23:46:25,600 [WARN] PackLoader:240 - Cannot read IP mode file for STMicroelectronics.X-CUBE-WB05N.1.1.0
2025-04-28 23:46:25,646 [WARN] PackLoader:240 - Cannot read IP mode file for STMicroelectronics.X-CUBE-AZRTOS-F7.1.1.0
2025-04-28 23:46:25,659 [WARN] PackLoader:240 - Cannot read IP mode file for STMicroelectronics.FP-SNS-FLIGHT1.5.0.2
2025-04-28 23:46:25,698 [WARN] PackLoader:240 - Cannot read IP mode file for Infineon.AIROC-Wi-Fi-Bluetooth-STM32.1.7.0
2025-04-28 23:46:25,716 [WARN] PackLoader:240 - Cannot read IP mode file for STMicroelectronics.X-CUBE-DISPLAY.3.0.0
2025-04-28 23:46:25,730 [WARN] PackLoader:240 - Cannot read IP mode file for STMicroelectronics.X-CUBE-BLE1.7.0.0
2025-04-28 23:46:25,740 [WARN] PackLoader:240 - Cannot read IP mode file for STMicroelectronics.X-CUBE-NFC10.1.0.0
2025-04-28 23:46:25,760 [WARN] PackLoader:240 - Cannot read IP mode file for STMicroelectronics.X-CUBE-BLEMGR.4.0.0
2025-04-28 23:46:25,773 [WARN] PackLoader:240 - Cannot read IP mode file for emotas.I-CUBE-CANOPEN.1.3.0
2025-04-28 23:46:25,781 [WARN] PackLoader:240 - Cannot read IP mode file for STMicroelectronics.X-CUBE-AI.10.0.0
2025-04-28 23:46:25,788 [WARN] PackLoader:240 - Cannot read IP mode file for STMicroelectronics.FP-SNS-SMARTAG2.1.2.0
2025-04-28 23:46:25,794 [ERROR] Engine:466 - C:\Users\TS\.stm32cubemx\thirdparties\pdsc\STMicroelectronics.FP-SNS-FLIGHT1.5.1.0.pdsc: PDSC version is not supported
2025-04-28 23:46:25,862 [WARN] PackLoader:240 - Cannot read IP mode file for STMicroelectronics.X-CUBE-MEMS1.11.1.0
2025-04-28 23:46:26,065 [INFO] LogOutputStream:77 - [STDOUT_REDIRECT] 1 : Invalid condition id : UX_CORESTACK_Condition cause : null
2025-04-28 23:46:26,066 [INFO] LogOutputStream:77 - [STDOUT_REDIRECT] 1 : Invalid condition id : UX_CORESTACK_Condition cause : null
2025-04-28 23:46:26,069 [INFO] LogOutputStream:77 - [STDOUT_REDIRECT] 1 : Invalid condition id : UX_CORESTACK_Condition cause : null
2025-04-28 23:46:26,071 [INFO] LogOutputStream:77 - [STDOUT_REDIRECT] 1 : Invalid condition id : UX_CORESTACK_Condition cause : null
2025-04-28 23:46:26,072 [INFO] LogOutputStream:77 - [STDOUT_REDIRECT] 1 : Invalid condition id : UX_CORESTACK_Condition cause : null
2025-04-28 23:46:26,077 [WARN] PackLoader:240 - Cannot read IP mode file for STMicroelectronics.X-CUBE-AZRTOS-WL.2.0.0
2025-04-28 23:46:26,084 [WARN] PackLoader:240 - Cannot read IP mode file for STMicroelectronics.FP-SNS-MOTENV1.5.0.0
2025-04-28 23:46:26,091 [WARN] PackLoader:240 - Cannot read IP mode file for wolfSSL.I-CUBE-wolfMQTT.1.19.0
2025-04-28 23:46:26,100 [WARN] PackLoader:240 - Cannot read IP mode file for WES.I-CUBE-Cesium.1.3.0
2025-04-28 23:46:26,105 [WARN] PackLoader:240 - Cannot read IP mode file for STMicroelectronics.X-CUBE-BLE2.3.3.0
2025-04-28 23:46:26,113 [WARN] PackLoader:240 - Cannot read IP mode file for STMicroelectronics.X-CUBE-NFC9.1.0.0
2025-04-28 23:46:26,119 [WARN] PackLoader:240 - Cannot read IP mode file for STMicroelectronics.X-CUBE-BLE1.7.1.0
2025-04-28 23:46:26,183 [WARN] PackLoader:240 - Cannot read IP mode file for STMicroelectronics.X-CUBE-MEMS1.11.2.0
2025-04-28 23:46:26,440 [WARN] PackLoader:240 - Cannot read IP mode file for STMicroelectronics.X-CUBE-AZRTOS-G0.1.1.0
2025-04-28 23:46:26,453 [WARN] PackLoader:240 - Cannot read IP mode file for STMicroelectronics.X-CUBE-SAFEA1.1.2.2
2025-04-28 23:46:26,460 [WARN] PackLoader:240 - Cannot read IP mode file for STMicroelectronics.X-CUBE-NFC4.3.0.0
2025-04-28 23:46:26,470 [WARN] PackLoader:240 - Cannot read IP mode file for EmbeddedOffice.I-CUBE-FS-RTOS.1.0.1
2025-04-28 23:46:26,471 [ERROR] ConditionMgr:805 - Attr not supported : Dmpu
2025-04-28 23:46:26,471 [ERROR] ConditionMgr:805 - Attr not supported : Dmpu
2025-04-28 23:46:26,471 [ERROR] ConditionMgr:805 - Attr not supported : Dmpu
2025-04-28 23:46:26,471 [ERROR] ConditionMgr:805 - Attr not supported : Dmpu
2025-04-28 23:46:26,471 [ERROR] ConditionMgr:805 - Attr not supported : Dmpu
2025-04-28 23:46:26,471 [ERROR] ConditionMgr:805 - Attr not supported : Dmpu
2025-04-28 23:46:26,471 [ERROR] ConditionMgr:805 - Attr not supported : Dmpu
2025-04-28 23:46:26,471 [ERROR] ConditionMgr:805 - Attr not supported : Dmpu
2025-04-28 23:46:26,471 [ERROR] ConditionMgr:805 - Attr not supported : Dmpu
2025-04-28 23:46:26,471 [ERROR] ConditionMgr:805 - Attr not supported : Dmpu
2025-04-28 23:46:26,471 [ERROR] ConditionMgr:805 - Attr not supported : Dmpu
2025-04-28 23:46:26,471 [ERROR] ConditionMgr:805 - Attr not supported : Dmpu
2025-04-28 23:46:26,471 [ERROR] ConditionMgr:805 - Attr not supported : Dmpu
2025-04-28 23:46:26,472 [ERROR] ConditionMgr:805 - Attr not supported : Dmpu
2025-04-28 23:46:26,472 [ERROR] ConditionMgr:805 - Attr not supported : Dmpu
2025-04-28 23:46:26,472 [ERROR] ConditionMgr:805 - Attr not supported : Dmpu
2025-04-28 23:46:26,472 [ERROR] ConditionMgr:805 - Attr not supported : Dmpu
2025-04-28 23:46:26,472 [ERROR] ConditionMgr:805 - Attr not supported : Dmpu
2025-04-28 23:46:26,472 [ERROR] ConditionMgr:805 - Attr not supported : Dmpu
2025-04-28 23:46:26,472 [ERROR] ConditionMgr:805 - Attr not supported : Dmpu
2025-04-28 23:46:26,472 [ERROR] ConditionMgr:805 - Attr not supported : Dmpu
2025-04-28 23:46:26,472 [ERROR] ConditionMgr:805 - Attr not supported : Dmpu
2025-04-28 23:46:26,472 [ERROR] ConditionMgr:805 - Attr not supported : Dmpu
2025-04-28 23:46:26,472 [ERROR] ConditionMgr:805 - Attr not supported : Dmpu
2025-04-28 23:46:26,472 [ERROR] ConditionMgr:805 - Attr not supported : Dmpu
2025-04-28 23:46:26,472 [ERROR] ConditionMgr:805 - Attr not supported : Dmpu
2025-04-28 23:46:26,472 [ERROR] ConditionMgr:805 - Attr not supported : Dmpu
2025-04-28 23:46:26,472 [ERROR] ConditionMgr:805 - Attr not supported : Dmpu
2025-04-28 23:46:26,473 [ERROR] ConditionMgr:805 - Attr not supported : Dmpu
2025-04-28 23:46:26,473 [ERROR] ConditionMgr:805 - Attr not supported : Dmpu
2025-04-28 23:46:26,473 [ERROR] ConditionMgr:805 - Attr not supported : Dmpu
2025-04-28 23:46:26,473 [ERROR] ConditionMgr:805 - Attr not supported : Dmpu
2025-04-28 23:46:26,473 [ERROR] ConditionMgr:805 - Attr not supported : Dmpu
2025-04-28 23:46:26,473 [ERROR] ConditionMgr:805 - Attr not supported : Dmpu
2025-04-28 23:46:26,473 [ERROR] ConditionMgr:805 - Attr not supported : Dmpu
2025-04-28 23:46:26,473 [ERROR] ConditionMgr:805 - Attr not supported : Dmpu
2025-04-28 23:46:26,473 [ERROR] ConditionMgr:805 - Attr not supported : Dmpu
2025-04-28 23:46:26,473 [ERROR] ConditionMgr:805 - Attr not supported : Dmpu
2025-04-28 23:46:26,473 [ERROR] ConditionMgr:805 - Attr not supported : Dmpu
2025-04-28 23:46:26,473 [ERROR] ConditionMgr:805 - Attr not supported : Dmpu
2025-04-28 23:46:26,473 [ERROR] ConditionMgr:805 - Attr not supported : Dmpu
2025-04-28 23:46:26,474 [ERROR] ConditionMgr:805 - Attr not supported : Dmpu
2025-04-28 23:46:26,474 [ERROR] ConditionMgr:805 - Attr not supported : Dmpu
2025-04-28 23:46:26,474 [ERROR] ConditionMgr:805 - Attr not supported : Dmpu
2025-04-28 23:46:26,474 [ERROR] ConditionMgr:805 - Attr not supported : Dmpu
2025-04-28 23:46:26,474 [ERROR] ConditionMgr:805 - Attr not supported : Dmpu
2025-04-28 23:46:26,474 [ERROR] ConditionMgr:805 - Attr not supported : Dmpu
2025-04-28 23:46:26,474 [ERROR] ConditionMgr:805 - Attr not supported : Dmpu
2025-04-28 23:46:26,474 [ERROR] ConditionMgr:805 - Attr not supported : Dmpu
2025-04-28 23:46:26,474 [ERROR] ConditionMgr:805 - Attr not supported : Dmpu
2025-04-28 23:46:26,474 [ERROR] ConditionMgr:805 - Attr not supported : Dmpu
2025-04-28 23:46:26,474 [ERROR] ConditionMgr:805 - Attr not supported : Dmpu
2025-04-28 23:46:26,474 [ERROR] ConditionMgr:805 - Attr not supported : Dmpu
2025-04-28 23:46:26,474 [ERROR] ConditionMgr:805 - Attr not supported : Dmpu
2025-04-28 23:46:26,474 [ERROR] ConditionMgr:805 - Attr not supported : Dmpu
2025-04-28 23:46:26,474 [ERROR] ConditionMgr:805 - Attr not supported : Dmpu
2025-04-28 23:46:26,475 [ERROR] ConditionMgr:805 - Attr not supported : Dmpu
2025-04-28 23:46:26,475 [ERROR] ConditionMgr:805 - Attr not supported : Dmpu
2025-04-28 23:46:26,475 [ERROR] ConditionMgr:805 - Attr not supported : Dmpu
2025-04-28 23:46:26,475 [ERROR] ConditionMgr:805 - Attr not supported : Dmpu
2025-04-28 23:46:26,475 [ERROR] ConditionMgr:805 - Attr not supported : Dmpu
2025-04-28 23:46:26,476 [ERROR] ConditionMgr:805 - Attr not supported : Dmpu
2025-04-28 23:46:26,476 [ERROR] ConditionMgr:805 - Attr not supported : Dmpu
2025-04-28 23:46:26,476 [ERROR] ConditionMgr:805 - Attr not supported : Dmpu
2025-04-28 23:46:26,482 [WARN] PackLoader:240 - Cannot read IP mode file for STMicroelectronics.X-CUBE-WB05N.2.0.0
2025-04-28 23:46:26,489 [ERROR] Engine:466 - C:\Users\TS\.stm32cubemx\thirdparties\pdsc\STMicroelectronics.X-CUBE-TCPP.4.2.0.pdsc: PDSC version is not supported
2025-04-28 23:46:26,496 [WARN] PackLoader:240 - Cannot read IP mode file for RealThread.X-CUBE-RT-Thread_Nano.4.1.1
2025-04-28 23:46:26,510 [WARN] PackLoader:240 - Cannot read IP mode file for STMicroelectronics.FP-ATR-SIGFOX1.3.2.0
2025-04-28 23:46:26,518 [WARN] ConditionMgr:438 - getConditionDescription Invalid condition id : Cortex-A Device cause : null
2025-04-28 23:46:26,538 [WARN] ConditionMgr:1039 - genDependencies : Invalid condition id : Cortex-A Device cause : null
2025-04-28 23:46:26,539 [WARN] ConditionMgr:1039 - genDependencies : Invalid condition id : Cortex-A Device cause : null
2025-04-28 23:46:26,539 [WARN] ConditionMgr:1039 - genDependencies : Invalid condition id : Cortex-A Device cause : null
2025-04-28 23:46:26,549 [WARN] PackLoader:240 - Cannot read IP mode file for STMicroelectronics.X-CUBE-EEPRMA1.5.1.0
2025-04-28 23:46:26,556 [WARN] PackLoader:240 - Cannot read IP mode file for wolfSSL.I-CUBE-wolfSSL.5.7.4
2025-04-28 23:46:26,564 [WARN] PackLoader:240 - Cannot read IP mode file for ITTIA_DB.I-CUBE-ITTIADB.8.9.0
2025-04-28 23:46:26,607 [WARN] PackLoader:240 - Cannot read IP mode file for SEGGER.I-CUBE-embOS.1.3.1
2025-04-28 23:46:26,663 [WARN] PackLoader:240 - Cannot read IP mode file for STMicroelectronics.X-CUBE-ALGOBUILD.1.4.0
2025-04-28 23:46:26,670 [WARN] PackLoader:240 - Cannot read IP mode file for STMicroelectronics.X-CUBE-AI.9.1.0
2025-04-28 23:46:26,687 [WARN] PackLoader:240 - Cannot read IP mode file for STMicroelectronics.X-CUBE-AZRTOS-F4.1.1.0
2025-04-28 23:46:26,695 [ERROR] Engine:466 - C:\Users\TS\.stm32cubemx\thirdparties\pdsc\Avnet-IotConnect.X-CUBE-IoTC-DA16k-PMOD.1.0.0.pdsc: PDSC version is not supported
2025-04-28 23:46:26,700 [WARN] PackLoader:240 - Cannot read IP mode file for STMicroelectronics.X-CUBE-ISPU.2.1.0
2025-04-28 23:46:26,720 [WARN] PackLoader:240 - Cannot read IP mode file for STMicroelectronics.X-CUBE-AZRTOS-L5.2.0.0
2025-04-28 23:46:26,732 [WARN] PackLoader:240 - Cannot read IP mode file for STMicroelectronics.X-CUBE-NFC6.3.1.0
2025-04-28 23:46:26,740 [WARN] PackLoader:240 - Cannot read IP mode file for STMicroelectronics.X-CUBE-DPower.1.2.0
2025-04-28 23:46:26,747 [WARN] PackLoader:240 - Cannot read IP mode file for STMicroelectronics.X-CUBE-FREERTOS.1.3.0
2025-04-28 23:46:26,753 [WARN] PackLoader:240 - Cannot read IP mode file for STMicroelectronics.X-CUBE-NFC7.1.0.1
2025-04-28 23:46:26,759 [WARN] PackLoader:240 - Cannot read IP mode file for STMicroelectronics.X-CUBE-DPower.1.3.0
2025-04-28 23:46:26,778 [WARN] ConditionMgr:438 - getConditionDescription Invalid condition id : LAN8742 Phy interface Condition cause : null
2025-04-28 23:46:26,779 [WARN] PackLoader:240 - Cannot read IP mode file for STMicroelectronics.X-CUBE-AZRTOS-L4.2.0.0
2025-04-28 23:46:26,780 [WARN] ConditionMgr:1039 - genDependencies : Invalid condition id : LAN8742 Phy interface Condition cause : null
2025-04-28 23:46:26,781 [WARN] ConditionMgr:1039 - genDependencies : Invalid condition id : LAN8742 Phy interface Condition cause : null
2025-04-28 23:46:26,783 [WARN] ConditionMgr:1039 - genDependencies : Invalid condition id : LAN8742 Phy interface Condition cause : null
2025-04-28 23:46:26,792 [WARN] PackLoader:240 - Cannot read IP mode file for STMicroelectronics.X-CUBE-SFXS2LP1.4.0.0
2025-04-28 23:46:26,817 [WARN] PackLoader:240 - Cannot read IP mode file for STMicroelectronics.X-CUBE-AZRTOS-H7.3.3.0
2025-04-28 23:46:26,833 [WARN] ConditionMgr:438 - getConditionDescription Invalid condition id : UX DEVICE CLASS RTOS Condition cause : null
2025-04-28 23:46:26,833 [WARN] ConditionMgr:438 - getConditionDescription Invalid condition id : UX DEVICE CLASS RTOS Condition cause : null
2025-04-28 23:46:26,836 [WARN] PackLoader:240 - Cannot read IP mode file for STMicroelectronics.X-CUBE-AZRTOS-WB.2.0.0
2025-04-28 23:46:26,838 [WARN] ConditionMgr:1039 - genDependencies : Invalid condition id : UX DEVICE CLASS RTOS Condition cause : null
2025-04-28 23:46:26,838 [WARN] ConditionMgr:1039 - genDependencies : Invalid condition id : UX DEVICE CLASS RTOS Condition cause : null
2025-04-28 23:46:26,839 [WARN] ConditionMgr:1039 - genDependencies : Invalid condition id : UX DEVICE CLASS RTOS Condition cause : null
2025-04-28 23:46:26,839 [WARN] ConditionMgr:1039 - genDependencies : Invalid condition id : UX DEVICE CLASS RTOS Condition cause : null
2025-04-28 23:46:26,839 [WARN] ConditionMgr:1039 - genDependencies : Invalid condition id : UX DEVICE CLASS RTOS Condition cause : null
2025-04-28 23:46:26,849 [WARN] PackLoader:240 - Cannot read IP mode file for STMicroelectronics.X-CUBE-GNSS1.7.0.1
2025-04-28 23:46:26,858 [WARN] PackLoader:240 - Cannot read IP mode file for STMicroelectronics.X-CUBE-TOUCHGFX.4.25.0
2025-04-28 23:46:26,866 [WARN] PackLoader:240 - Cannot read IP mode file for STMicroelectronics.FP-SNS-STBOX1.2.0.0
2025-04-28 23:46:26,887 [WARN] PackLoader:240 - Cannot read IP mode file for STMicroelectronics.X-CUBE-SUBG2.5.0.0
2025-04-28 23:46:26,924 [WARN] PackLoader:240 - Cannot read IP mode file for STMicroelectronics.X-CUBE-AZRTOS-H7RS.1.1.0
2025-04-28 23:46:26,936 [WARN] PackLoader:240 - Cannot read IP mode file for Cesanta.I-CUBE-Mongoose.7.13.0
2025-04-28 23:46:26,961 [WARN] PackLoader:240 - Cannot read IP mode file for STMicroelectronics.X-CUBE-AZRTOS-G4.2.0.0
2025-04-28 23:46:26,972 [ERROR] Engine:466 - C:\Users\TS\.stm32cubemx\thirdparties\pdsc\STMicroelectronics.X-CUBE-IPS.3.1.0.pdsc: PDSC version is not supported
2025-04-28 23:46:26,979 [WARN] PackLoader:240 - Cannot read IP mode file for STMicroelectronics.X-CUBE-ALS.1.0.2
2025-04-28 23:46:26,986 [WARN] PackLoader:240 - Cannot read IP mode file for STMicroelectronics.X-CUBE-TOUCHGFX.4.24.2
2025-04-28 23:46:26,990 [WARN] PackLoader:240 - Cannot read IP mode file for wolfSSL.I-CUBE-wolfTPM.3.4.0
2025-04-28 23:46:26,999 [WARN] PackLoader:240 - Cannot read IP mode file for portGmbH.I-Cube-SoM-uGOAL.1.1.0
2025-04-28 23:46:27,031 [WARN] PackLoader:240 - Cannot read IP mode file for STMicroelectronics.X-CUBE-AZRTOS-H7RS.1.0.0
2025-04-28 23:46:27,048 [WARN] PackLoader:240 - Cannot read IP mode file for STMicroelectronics.X-CUBE-TOF1.3.4.2
2025-04-28 23:46:27,070 [ERROR] Engine:466 - C:\Users\TS\.stm32cubemx\thirdparties\pdsc\STMicroelectronics.X-CUBE-TOF1.3.4.3.pdsc: PDSC version is not supported
2025-04-28 23:46:27,075 [WARN] PackLoader:240 - Cannot read IP mode file for wolfSSL.I-CUBE-wolfSSH.1.4.17
2025-04-28 23:46:27,075 [INFO] ThirdParty:978 - Integrity check success = true
2025-04-28 23:46:27,076 [INFO] IntegrityCheckThread:100 - exiting critical section [integrity check]
2025-04-28 23:46:27,076 [INFO] IntegrityCheckThread:103 - End integrity checks thread
2025-04-28 23:46:45,906 [ERROR] LogOutputStream:75 - [STDERR_REDIRECT] SLF4J: Failed to load class "org.slf4j.impl.StaticLoggerBinder".
2025-04-28 23:46:45,908 [ERROR] LogOutputStream:75 - [STDERR_REDIRECT] SLF4J: Defaulting to no-operation (NOP) logger implementation
2025-04-28 23:46:45,909 [ERROR] LogOutputStream:75 - [STDERR_REDIRECT] SLF4J: See http://www.slf4j.org/codes.html#StaticLoggerBinder for further details.
2025-04-28 23:48:58,777 [ERROR] LogOutputStream:75 - [STDERR_REDIRECT] 
2025-04-28 23:48:58,777 [ERROR] LogOutputStream:75 - [STDERR_REDIRECT] 
