2025-04-27 16:36:47,453 [INFO] Activator:176 - 


2025-04-27 16:36:47,458 [INFO] Activator:177 - !SESSION log4j initialized
2025-04-27 16:36:56,548 [INFO] LogOutputStream:77 - [STDOUT_REDIRECT] 
2025-04-27 16:37:00,224 [INFO] ApplicationProperties:184 - Using Application install path: D:\ST\STM32CubeIDE_1.14.1\STM32CubeIDE\plugins\com.st.stm32cube.common.mx_6.10.0.202311202037
2025-04-27 16:37:00,248 [INFO] DbMcusXml:78 - Set database path to: D:\ST\STM32CubeIDE_1.14.1\STM32CubeIDE\plugins\com.st.stm32cube.common.mx_6.10.0.202311202037\\db\/mcu/
2025-04-27 16:37:00,248 [INFO] ApiDb:274 - Set plugin database path to: D:\ST\STM32CubeIDE_1.14.1\STM32CubeIDE\plugins\com.st.stm32cube.common.mx_6.10.0.202311202037\\db\/plugins/boardmanager/
2025-04-27 16:37:00,249 [WARN] ApiDb:259 - Overriding images path with different value:  => D:\ST\STM32CubeIDE_1.14.1\STM32CubeIDE\plugins\com.st.stm32cube.common.mx_6.10.0.202311202037\\db\/plugins/mcufinder/images/
2025-04-27 16:37:00,260 [INFO] ApiDb:250 - Set database path to: C:\Users\TS\.stmcufinder\plugins\mcufinder//mcu/
2025-04-27 16:37:00,262 [INFO] DbMcusAds:125 - Set database path to: C:\Users\TS\.stmcufinder\plugins\mcufinder//mcu/
2025-04-27 16:37:01,207 [INFO] CrossReferenceDbSqlite:203 - Set database path to: C:\Users\TS\.stmcufinder\plugins\mcufinder//mcu/cs/
2025-04-27 16:37:01,351 [INFO] RulesReader:64 - Compatibility file has been processed (297 Rules)
2025-04-27 16:37:01,453 [INFO] DbMcusXml:78 - Set database path to: D:\ST\STM32CubeIDE_1.14.1\STM32CubeIDE\plugins\com.st.stm32cube.common.mx_6.10.0.202311202037\\db\/mcu/
2025-04-27 16:37:01,453 [INFO] ApiDb:274 - Set plugin database path to: D:\ST\STM32CubeIDE_1.14.1\STM32CubeIDE\plugins\com.st.stm32cube.common.mx_6.10.0.202311202037\\db\/plugins/boardmanager/
2025-04-27 16:37:01,454 [INFO] ApiDb:261 - Set plugin images path to: D:\ST\STM32CubeIDE_1.14.1\STM32CubeIDE\plugins\com.st.stm32cube.common.mx_6.10.0.202311202037\\db\/plugins/mcufinder/images/
2025-04-27 16:37:01,454 [WARN] DbFile:41 - Overriding database path with different value: C:\Users\TS\.stmcufinder\plugins\mcufinder/ => C:\Users\TS\.stmcufinder\plugins\mcufinder
2025-04-27 16:37:01,454 [INFO] ApiDb:250 - Set database path to: C:\Users\TS\.stmcufinder\plugins\mcufinder//mcu/
2025-04-27 16:37:01,454 [WARN] DbFile:41 - Overriding database path with different value: C:\Users\TS\.stmcufinder\plugins\mcufinder/ => C:\Users\TS\.stmcufinder\plugins\mcufinder
2025-04-27 16:37:01,454 [INFO] DbMcusAds:125 - Set database path to: C:\Users\TS\.stmcufinder\plugins\mcufinder//mcu/
2025-04-27 16:37:01,454 [WARN] DbFile:41 - Overriding database path with different value: C:\Users\TS\.stmcufinder\plugins\mcufinder/ => C:\Users\TS\.stmcufinder\plugins\mcufinder
2025-04-27 16:37:01,454 [WARN] DbFile:41 - Overriding database path with different value: C:\Users\TS\.stmcufinder\plugins\mcufinder/ => C:\Users\TS\.stmcufinder\plugins\mcufinder
2025-04-27 16:37:02,208 [INFO] CrossReferenceDbSqlite:203 - Set database path to: C:\Users\TS\.stmcufinder\plugins\mcufinder//mcu/cs/
2025-04-27 16:37:02,306 [INFO] MainPanel:264 - HeapMemory: 268435456
2025-04-27 16:37:02,443 [INFO] DbMcusXml:78 - Set database path to: D:\ST\STM32CubeIDE_1.14.1\STM32CubeIDE\plugins\com.st.stm32cube.common.mx_6.10.0.202311202037\\db\/mcu/
2025-04-27 16:37:02,444 [INFO] ApiDb:274 - Set plugin database path to: D:\ST\STM32CubeIDE_1.14.1\STM32CubeIDE\plugins\com.st.stm32cube.common.mx_6.10.0.202311202037\\db\/plugins/boardmanager/
2025-04-27 16:37:02,444 [INFO] ApiDb:261 - Set plugin images path to: D:\ST\STM32CubeIDE_1.14.1\STM32CubeIDE\plugins\com.st.stm32cube.common.mx_6.10.0.202311202037\\db\/plugins/mcufinder/images/
2025-04-27 16:37:02,444 [WARN] DbFile:41 - Overriding database path with different value: C:\Users\TS\.stmcufinder\plugins\mcufinder/ => C:\Users\TS\.stmcufinder\plugins\mcufinder
2025-04-27 16:37:02,444 [INFO] ApiDb:250 - Set database path to: C:\Users\TS\.stmcufinder\plugins\mcufinder//mcu/
2025-04-27 16:37:02,444 [WARN] DbFile:41 - Overriding database path with different value: C:\Users\TS\.stmcufinder\plugins\mcufinder/ => C:\Users\TS\.stmcufinder\plugins\mcufinder
2025-04-27 16:37:02,444 [INFO] DbMcusAds:125 - Set database path to: C:\Users\TS\.stmcufinder\plugins\mcufinder//mcu/
2025-04-27 16:37:02,444 [WARN] DbFile:41 - Overriding database path with different value: C:\Users\TS\.stmcufinder\plugins\mcufinder/ => C:\Users\TS\.stmcufinder\plugins\mcufinder
2025-04-27 16:37:02,445 [WARN] DbFile:41 - Overriding database path with different value: C:\Users\TS\.stmcufinder\plugins\mcufinder/ => C:\Users\TS\.stmcufinder\plugins\mcufinder
2025-04-27 16:37:03,208 [INFO] CrossReferenceDbSqlite:203 - Set database path to: C:\Users\TS\.stmcufinder\plugins\mcufinder//mcu/cs/
2025-04-27 16:37:03,236 [INFO] ApplicationProperties:184 - Using Application install path: D:\ST\STM32CubeIDE_1.14.1\STM32CubeIDE\plugins\com.st.stm32cube.common.mx_6.10.0.202311202037
2025-04-27 16:37:03,238 [INFO] PluginManage:196 - Search for loadable plugins [exclusion list=, ]
2025-04-27 16:37:03,240 [INFO] PluginManage:310 - Check plugin analytics
2025-04-27 16:37:04,297 [INFO] AnalyticsPlugin:253 - Accepted Software Licenses: 
2025-04-27 16:37:04,297 [INFO] AnalyticsPlugin:255 - Accepted CMSIS Pack Licenses: 
2025-04-27 16:37:04,297 [INFO] AnalyticsPlugin:257 - Accepted Firmware Licenses: FW.F4.1.28.0
2025-04-27 16:37:04,301 [INFO] PluginManage:359 - Loaded plugin analytics (category:tool,tabindex:-1)
2025-04-27 16:37:04,302 [INFO] PluginManage:310 - Check plugin cadmodel
2025-04-27 16:37:04,323 [INFO] CADModel:105 - Init CAD model plugin
2025-04-27 16:37:04,324 [INFO] PluginManage:359 - Loaded plugin cadmodel (category:power,tabindex:5)
2025-04-27 16:37:04,324 [INFO] PluginManage:310 - Check plugin clock
2025-04-27 16:37:04,351 [INFO] PluginManage:359 - Loaded plugin clock (category:base,tabindex:2)
2025-04-27 16:37:04,351 [INFO] PluginManage:310 - Check plugin ddr
2025-04-27 16:37:04,353 [INFO] PluginManage:359 - Loaded plugin ddr (category:tool,tabindex:6)
2025-04-27 16:37:04,354 [INFO] PluginManage:310 - Check plugin filemanager
2025-04-27 16:37:04,493 [INFO] PluginManage:359 - Loaded plugin filemanager (category:base,tabindex:10)
2025-04-27 16:37:04,493 [INFO] PluginManage:310 - Check plugin ipmanager
2025-04-27 16:37:04,503 [INFO] PluginManage:359 - Loaded plugin ipmanager (category:base,tabindex:5)
2025-04-27 16:37:04,503 [INFO] PluginManage:310 - Check plugin lpbam
2025-04-27 16:37:04,525 [INFO] PluginManage:359 - Loaded plugin lpbam (category:base,tabindex:0)
2025-04-27 16:37:04,525 [INFO] PluginManage:310 - Check plugin memorymap
2025-04-27 16:37:04,558 [INFO] PluginManage:359 - Loaded plugin memorymap (category:base,tabindex:4)
2025-04-27 16:37:04,559 [INFO] PluginManage:310 - Check plugin pinoutandconfiguration
2025-04-27 16:37:04,586 [INFO] PluginManage:359 - Loaded plugin pinoutandconfiguration (category:base,tabindex:1)
2025-04-27 16:37:04,586 [INFO] PluginManage:310 - Check plugin pinoutconfig
2025-04-27 16:37:04,704 [WARN] SupportedApi:132 - Cannot load RTOS API schema: s4s-elt-must-match.1: The content of 'definitions' must match (annotation?, (simpleType | complexType)?, (unique | key | keyref)*)). A problem was found starting at: attribute.
2025-04-27 16:37:04,860 [INFO] PluginManage:359 - Loaded plugin pinoutconfig (category:base,tabindex:0)
2025-04-27 16:37:04,861 [INFO] PluginManage:310 - Check plugin power
2025-04-27 16:37:04,888 [INFO] PluginManage:359 - Loaded plugin power (category:power,tabindex:4)
2025-04-27 16:37:04,889 [INFO] PluginManage:310 - Check plugin projectmanager
2025-04-27 16:37:04,905 [INFO] PluginManage:359 - Loaded plugin projectmanager (category:projectmanager,tabindex:3)
2025-04-27 16:37:04,905 [INFO] PluginManage:310 - Check plugin thirdparty
2025-04-27 16:37:05,250 [INFO] PluginManage:359 - Loaded plugin thirdparty (category:base,tabindex:-1)
2025-04-27 16:37:05,250 [WARN] IntegrityCheckThread:84 - waiting for thirdparty lock release [integrity check]
2025-04-27 16:37:05,251 [INFO] PluginManage:310 - Check plugin tools
2025-04-27 16:37:05,251 [INFO] IntegrityCheckThread:86 - entering critical section [integrity check]
2025-04-27 16:37:05,251 [INFO] ThirdPartyUpdaterWithRetryManager:70 - Updater plugin not ready yet. [1/15]
2025-04-27 16:37:05,301 [INFO] PluginManage:359 - Loaded plugin tools (category:base,tabindex:7)
2025-04-27 16:37:05,301 [INFO] PluginManage:310 - Check plugin tutovideos
2025-04-27 16:37:05,518 [INFO] PluginManage:359 - Loaded plugin tutovideos (category:base,tabindex:-1)
2025-04-27 16:37:05,518 [INFO] PluginManage:310 - Check plugin updater
2025-04-27 16:37:05,534 [INFO] PluginManage:359 - Loaded plugin updater (category:base,tabindex:12)
2025-04-27 16:37:05,534 [INFO] PluginManage:310 - Check plugin userauth
2025-04-27 16:37:05,540 [INFO] UserAuth:114 - Init User Auth plugin
2025-04-27 16:37:05,540 [INFO] PluginManage:359 - Loaded plugin userauth (category:base,tabindex:14)
2025-04-27 16:37:05,541 [INFO] PluginManage:283 - PluginManage : Loaded plugins [17]
2025-04-27 16:37:05,774 [INFO] PinOutPanel:1499 - setPackage(No Configuration,No Configuration)
2025-04-27 16:37:05,852 [INFO] CADModel:165 - CPN selected for project level
2025-04-27 16:37:05,852 [INFO] CADModel:114 - Register for checkConnection events
2025-04-27 16:37:05,884 [INFO] IPUIPlugin:80 - create IPUIPlugin
2025-04-27 16:37:05,885 [INFO] PluginManager:220 - loadIPPluginJar : add adc
2025-04-27 16:37:05,936 [INFO] IPUIPlugin:80 - create IPUIPlugin
2025-04-27 16:37:05,937 [INFO] PluginManager:220 - loadIPPluginJar : add aes
2025-04-27 16:37:05,996 [INFO] IPUIPlugin:80 - create IPUIPlugin
2025-04-27 16:37:05,996 [INFO] PluginManager:220 - loadIPPluginJar : add can
2025-04-27 16:37:06,031 [INFO] IPUIPlugin:80 - create IPUIPlugin
2025-04-27 16:37:06,032 [INFO] PluginManager:220 - loadIPPluginJar : add comp
2025-04-27 16:37:06,081 [INFO] IPUIPlugin:80 - create IPUIPlugin
2025-04-27 16:37:06,081 [INFO] PluginManager:220 - loadIPPluginJar : add cryp
2025-04-27 16:37:06,126 [INFO] IPUIPlugin:80 - create IPUIPlugin
2025-04-27 16:37:06,126 [INFO] PluginManager:220 - loadIPPluginJar : add dfsdm
2025-04-27 16:37:06,148 [INFO] IPUIPlugin:80 - create IPUIPlugin
2025-04-27 16:37:06,149 [INFO] PluginManager:220 - loadIPPluginJar : add dma
2025-04-27 16:37:06,212 [INFO] IPUIPlugin:80 - create IPUIPlugin
2025-04-27 16:37:06,212 [INFO] PluginManager:220 - loadIPPluginJar : add dma3
2025-04-27 16:37:06,245 [INFO] IPUIPlugin:80 - create IPUIPlugin
2025-04-27 16:37:06,245 [INFO] PluginManager:220 - loadIPPluginJar : add fatfs
2025-04-27 16:37:06,312 [INFO] IPUIPlugin:80 - create IPUIPlugin
2025-04-27 16:37:06,312 [INFO] PluginManager:220 - loadIPPluginJar : add fmc
2025-04-27 16:37:06,336 [INFO] IPUIPlugin:80 - create IPUIPlugin
2025-04-27 16:37:06,336 [INFO] PluginManager:220 - loadIPPluginJar : add freertos
2025-04-27 16:37:06,365 [INFO] IPUIPlugin:80 - create IPUIPlugin
2025-04-27 16:37:06,365 [INFO] PluginManager:220 - loadIPPluginJar : add genericplugin
2025-04-27 16:37:06,501 [INFO] IPUIPlugin:80 - create IPUIPlugin
2025-04-27 16:37:06,501 [INFO] PluginManager:220 - loadIPPluginJar : add gfxmmu
2025-04-27 16:37:06,692 [INFO] IPUIPlugin:80 - create IPUIPlugin
2025-04-27 16:37:06,693 [INFO] PluginManager:220 - loadIPPluginJar : add gic
2025-04-27 16:37:06,716 [INFO] IPUIPlugin:80 - create IPUIPlugin
2025-04-27 16:37:06,716 [INFO] PluginManager:220 - loadIPPluginJar : add gpio
2025-04-27 16:37:06,842 [INFO] IPUIPlugin:80 - create IPUIPlugin
2025-04-27 16:37:06,843 [INFO] PluginManager:220 - loadIPPluginJar : add gtzc
2025-04-27 16:37:06,898 [INFO] IPUIPlugin:80 - create IPUIPlugin
2025-04-27 16:37:06,898 [INFO] PluginManager:220 - loadIPPluginJar : add hash
2025-04-27 16:37:06,972 [INFO] IPUIPlugin:80 - create IPUIPlugin
2025-04-27 16:37:06,973 [INFO] PluginManager:220 - loadIPPluginJar : add i2c
2025-04-27 16:37:07,028 [INFO] IPUIPlugin:80 - create IPUIPlugin
2025-04-27 16:37:07,028 [INFO] PluginManager:220 - loadIPPluginJar : add i2s
2025-04-27 16:37:07,083 [INFO] IPUIPlugin:80 - create IPUIPlugin
2025-04-27 16:37:07,083 [INFO] PluginManager:220 - loadIPPluginJar : add i3c
2025-04-27 16:37:07,225 [INFO] IPUIPlugin:80 - create IPUIPlugin
2025-04-27 16:37:07,225 [INFO] PluginManager:220 - loadIPPluginJar : add ipddr
2025-04-27 16:37:07,355 [INFO] IPUIPlugin:80 - create IPUIPlugin
2025-04-27 16:37:07,355 [INFO] PluginManager:220 - loadIPPluginJar : add linkedlist
2025-04-27 16:37:07,406 [INFO] IPUIPlugin:80 - create IPUIPlugin
2025-04-27 16:37:07,406 [INFO] PluginManager:220 - loadIPPluginJar : add lorawan
2025-04-27 16:37:07,464 [INFO] IPUIPlugin:80 - create IPUIPlugin
2025-04-27 16:37:07,465 [INFO] PluginManager:220 - loadIPPluginJar : add ltdc
2025-04-27 16:37:07,482 [INFO] IPUIPlugin:80 - create IPUIPlugin
2025-04-27 16:37:07,483 [INFO] PluginManager:220 - loadIPPluginJar : add mdma
2025-04-27 16:37:07,498 [INFO] IPUIPlugin:80 - create IPUIPlugin
2025-04-27 16:37:07,498 [INFO] PluginManager:220 - loadIPPluginJar : add nvic
2025-04-27 16:37:07,555 [INFO] IPUIPlugin:80 - create IPUIPlugin
2025-04-27 16:37:07,555 [INFO] PluginManager:220 - loadIPPluginJar : add opamp
2025-04-27 16:37:07,647 [INFO] IPUIPlugin:80 - create IPUIPlugin
2025-04-27 16:37:07,647 [INFO] PluginManager:220 - loadIPPluginJar : add openamp
2025-04-27 16:37:07,709 [INFO] IPUIPlugin:80 - create IPUIPlugin
2025-04-27 16:37:07,709 [INFO] PluginManager:220 - loadIPPluginJar : add pdm2pcm
2025-04-27 16:37:07,726 [INFO] IPUIPlugin:80 - create IPUIPlugin
2025-04-27 16:37:07,729 [INFO] PluginManager:220 - loadIPPluginJar : add plateformsettings
2025-04-27 16:37:07,762 [INFO] IPUIPlugin:80 - create IPUIPlugin
2025-04-27 16:37:07,763 [INFO] PluginManager:220 - loadIPPluginJar : add quadspi
2025-04-27 16:37:07,781 [INFO] IPUIPlugin:80 - create IPUIPlugin
2025-04-27 16:37:07,781 [INFO] PluginManager:220 - loadIPPluginJar : add resmgrutility
2025-04-27 16:37:07,845 [INFO] IPUIPlugin:80 - create IPUIPlugin
2025-04-27 16:37:07,845 [INFO] PluginManager:220 - loadIPPluginJar : add sai
2025-04-27 16:37:07,896 [INFO] IPUIPlugin:80 - create IPUIPlugin
2025-04-27 16:37:07,896 [INFO] PluginManager:220 - loadIPPluginJar : add spi
2025-04-27 16:37:07,990 [INFO] IPUIPlugin:80 - create IPUIPlugin
2025-04-27 16:37:07,990 [INFO] PluginManager:220 - loadIPPluginJar : add stm32_wpan
2025-04-27 16:37:08,026 [INFO] IPUIPlugin:80 - create IPUIPlugin
2025-04-27 16:37:08,026 [INFO] PluginManager:220 - loadIPPluginJar : add tim
2025-04-27 16:37:08,102 [INFO] IPUIPlugin:80 - create IPUIPlugin
2025-04-27 16:37:08,102 [INFO] PluginManager:220 - loadIPPluginJar : add touchsensing
2025-04-27 16:37:08,137 [INFO] IPUIPlugin:80 - create IPUIPlugin
2025-04-27 16:37:08,138 [INFO] PluginManager:220 - loadIPPluginJar : add tracer_emb
2025-04-27 16:37:08,173 [INFO] IPUIPlugin:80 - create IPUIPlugin
2025-04-27 16:37:08,173 [INFO] PluginManager:220 - loadIPPluginJar : add ts
2025-04-27 16:37:08,205 [INFO] IPUIPlugin:80 - create IPUIPlugin
2025-04-27 16:37:08,205 [INFO] PluginManager:220 - loadIPPluginJar : add tsc
2025-04-27 16:37:08,238 [INFO] IPUIPlugin:80 - create IPUIPlugin
2025-04-27 16:37:08,238 [INFO] PluginManager:220 - loadIPPluginJar : add ucpd
2025-04-27 16:37:08,252 [INFO] ThirdPartyUpdaterWithRetryManager:70 - Updater plugin not ready yet. [2/15]
2025-04-27 16:37:08,296 [INFO] IPUIPlugin:80 - create IPUIPlugin
2025-04-27 16:37:08,297 [INFO] PluginManager:220 - loadIPPluginJar : add usart
2025-04-27 16:37:08,356 [INFO] IPUIPlugin:80 - create IPUIPlugin
2025-04-27 16:37:08,356 [INFO] PluginManager:220 - loadIPPluginJar : add usbx
2025-04-27 16:37:08,486 [INFO] CADModel:165 - CPN selected for project level
2025-04-27 16:37:08,486 [INFO] CADModel:114 - Register for checkConnection events
2025-04-27 16:37:08,486 [FATAL] Updater:308 - Updater called before beeing initialized
2025-04-27 16:37:08,486 [ERROR] CADModel:125 - Updater not yet initialized, retry later 
2025-04-27 16:37:08,657 [INFO] CADModel:165 - CPN selected for project level
2025-04-27 16:37:08,658 [INFO] CADModel:114 - Register for checkConnection events
2025-04-27 16:37:08,658 [FATAL] Updater:308 - Updater called before beeing initialized
2025-04-27 16:37:08,658 [ERROR] CADModel:125 - Updater not yet initialized, retry later 
2025-04-27 16:37:08,661 [FATAL] Updater:308 - Updater called before beeing initialized
2025-04-27 16:37:08,836 [FATAL] Updater:308 - Updater called before beeing initialized
2025-04-27 16:37:08,849 [INFO] DbMcusAds:53 - JSON generation date=Thu Mar 06 21:54:22 ICT 2025 (1741272862078)
2025-04-27 16:37:08,849 [FATAL] Updater:308 - Updater called before beeing initialized
2025-04-27 16:37:08,943 [WARN] DetailPanel:346 - Failed to get advertising image, set to default
2025-04-27 16:37:09,038 [FATAL] Updater:308 - Updater called before beeing initialized
2025-04-27 16:37:09,041 [FATAL] Updater:308 - Updater called before beeing initialized
2025-04-27 16:37:09,042 [FATAL] Updater:308 - Updater called before beeing initialized
2025-04-27 16:37:09,042 [WARN] DetailPanel:346 - Failed to get advertising image, set to default
2025-04-27 16:37:09,042 [FATAL] Updater:308 - Updater called before beeing initialized
2025-04-27 16:37:09,114 [ERROR] Updater:1120 - MainUpdater not yet initialized. External WinMGr cannot be set.
2025-04-27 16:37:09,127 [INFO] Updater:1056 - Updater Version found : 6.10.0
2025-04-27 16:37:09,149 [INFO] ApplicationProperties:184 - Using Application install path: D:\ST\STM32CubeIDE_1.14.1\STM32CubeIDE\plugins\com.st.stm32cube.common.mx_6.10.0.202311202037
2025-04-27 16:37:10,732 [ERROR] LogOutputStream:75 - [STDERR_REDIRECT] Apr 27, 2025 4:37:10 PM java.util.prefs.WindowsPreferences <init>
2025-04-27 16:37:10,733 [ERROR] LogOutputStream:75 - [STDERR_REDIRECT] WARNING: Could not open/create prefs root node Software\JavaSoft\Prefs at root 0xffffffff80000002. Windows RegCreateKeyEx(...) returned error code 5.
2025-04-27 16:37:10,733 [ERROR] LogOutputStream:75 - [STDERR_REDIRECT] 
2025-04-27 16:37:11,253 [INFO] ThirdPartyUpdaterWithRetryManager:70 - Updater plugin not ready yet. [3/15]
2025-04-27 16:37:11,344 [INFO] MainUpdater:2873 - connection check result : 10
2025-04-27 16:37:11,345 [INFO] MainUpdater:290 - Updater Check For Update Now.
2025-04-27 16:37:11,345 [INFO] MicroXplorer:498 - Change Database Version : DB.6.0.100
2025-04-27 16:37:11,374 [INFO] McuFinderGlobals:63 - Set McuFinder mode to 2 (CubeIDE integrated)
2025-04-27 16:37:11,614 [INFO] CheckServerUpdateThread:120 - End of CheckServer Thread
2025-04-27 16:37:11,998 [INFO] UserAuth:404 - Internet connection configuration mode: 1
2025-04-27 16:37:12,029 [INFO] JxBrowserEngine:152 - Initiate JxBrowser Engine with user profile folder
2025-04-27 16:37:14,505 [WARN] PackLoader:240 - Cannot read IP mode file for STMicroelectronics.FP-SNS-MOTENVWB1.1.4.0
2025-04-27 16:37:14,525 [WARN] PackLoader:240 - Cannot read IP mode file for STMicroelectronics.FP-ATR-ASTRA1.2.0.2
2025-04-27 16:37:14,540 [WARN] PackLoader:240 - Cannot read IP mode file for STMicroelectronics.FP-ATR-ASTRA1.2.0.1
2025-04-27 16:37:14,562 [WARN] PackLoader:240 - Cannot read IP mode file for STMicroelectronics.X-CUBE-SMBUS.2.1.0
2025-04-27 16:37:14,583 [WARN] PackLoader:240 - Cannot read IP mode file for STMicroelectronics.X-CUBE-WB05N.1.1.0
2025-04-27 16:37:14,631 [WARN] PackLoader:240 - Cannot read IP mode file for STMicroelectronics.X-CUBE-AZRTOS-F7.1.1.0
2025-04-27 16:37:14,661 [WARN] PackLoader:240 - Cannot read IP mode file for STMicroelectronics.FP-SNS-FLIGHT1.5.0.2
2025-04-27 16:37:14,711 [WARN] PackLoader:240 - Cannot read IP mode file for Infineon.AIROC-Wi-Fi-Bluetooth-STM32.1.7.0
2025-04-27 16:37:14,749 [WARN] PackLoader:240 - Cannot read IP mode file for STMicroelectronics.X-CUBE-DISPLAY.3.0.0
2025-04-27 16:37:14,779 [WARN] PackLoader:240 - Cannot read IP mode file for STMicroelectronics.X-CUBE-BLE1.7.0.0
2025-04-27 16:37:14,804 [WARN] PackLoader:240 - Cannot read IP mode file for STMicroelectronics.X-CUBE-NFC10.1.0.0
2025-04-27 16:37:14,837 [WARN] PackLoader:240 - Cannot read IP mode file for STMicroelectronics.X-CUBE-BLEMGR.4.0.0
2025-04-27 16:37:14,869 [WARN] PackLoader:240 - Cannot read IP mode file for emotas.I-CUBE-CANOPEN.1.3.0
2025-04-27 16:37:14,887 [WARN] PackLoader:240 - Cannot read IP mode file for STMicroelectronics.X-CUBE-AI.10.0.0
2025-04-27 16:37:14,904 [WARN] PackLoader:240 - Cannot read IP mode file for STMicroelectronics.FP-SNS-SMARTAG2.1.2.0
2025-04-27 16:37:14,919 [ERROR] Engine:466 - C:\Users\TS\.stm32cubemx\thirdparties\pdsc\STMicroelectronics.FP-SNS-FLIGHT1.5.1.0.pdsc: PDSC version is not supported
2025-04-27 16:37:14,982 [WARN] PackLoader:240 - Cannot read IP mode file for STMicroelectronics.X-CUBE-MEMS1.11.1.0
2025-04-27 16:37:15,205 [INFO] LogOutputStream:77 - [STDOUT_REDIRECT] 1 : Invalid condition id : UX_CORESTACK_Condition cause : null
2025-04-27 16:37:15,206 [INFO] LogOutputStream:77 - [STDOUT_REDIRECT] 1 : Invalid condition id : UX_CORESTACK_Condition cause : null
2025-04-27 16:37:15,208 [INFO] LogOutputStream:77 - [STDOUT_REDIRECT] 1 : Invalid condition id : UX_CORESTACK_Condition cause : null
2025-04-27 16:37:15,210 [INFO] LogOutputStream:77 - [STDOUT_REDIRECT] 1 : Invalid condition id : UX_CORESTACK_Condition cause : null
2025-04-27 16:37:15,212 [INFO] LogOutputStream:77 - [STDOUT_REDIRECT] 1 : Invalid condition id : UX_CORESTACK_Condition cause : null
2025-04-27 16:37:15,221 [WARN] PackLoader:240 - Cannot read IP mode file for STMicroelectronics.X-CUBE-AZRTOS-WL.2.0.0
2025-04-27 16:37:15,265 [WARN] PackLoader:240 - Cannot read IP mode file for STMicroelectronics.FP-SNS-MOTENV1.5.0.0
2025-04-27 16:37:15,333 [WARN] PackLoader:240 - Cannot read IP mode file for wolfSSL.I-CUBE-wolfMQTT.1.19.0
2025-04-27 16:37:15,365 [WARN] PackLoader:240 - Cannot read IP mode file for WES.I-CUBE-Cesium.1.3.0
2025-04-27 16:37:15,391 [WARN] PackLoader:240 - Cannot read IP mode file for STMicroelectronics.X-CUBE-BLE2.3.3.0
2025-04-27 16:37:15,422 [WARN] PackLoader:240 - Cannot read IP mode file for STMicroelectronics.X-CUBE-NFC9.1.0.0
2025-04-27 16:37:15,449 [WARN] PackLoader:240 - Cannot read IP mode file for STMicroelectronics.X-CUBE-BLE1.7.1.0
2025-04-27 16:37:15,587 [WARN] PackLoader:240 - Cannot read IP mode file for STMicroelectronics.X-CUBE-MEMS1.11.2.0
2025-04-27 16:37:15,886 [WARN] PackLoader:240 - Cannot read IP mode file for STMicroelectronics.X-CUBE-AZRTOS-G0.1.1.0
2025-04-27 16:37:15,926 [WARN] PackLoader:240 - Cannot read IP mode file for STMicroelectronics.X-CUBE-SAFEA1.1.2.2
2025-04-27 16:37:15,960 [WARN] PackLoader:240 - Cannot read IP mode file for STMicroelectronics.X-CUBE-NFC4.3.0.0
2025-04-27 16:37:15,994 [WARN] PackLoader:240 - Cannot read IP mode file for EmbeddedOffice.I-CUBE-FS-RTOS.1.0.1
2025-04-27 16:37:15,995 [ERROR] ConditionMgr:805 - Attr not supported : Dmpu
2025-04-27 16:37:15,995 [ERROR] ConditionMgr:805 - Attr not supported : Dmpu
2025-04-27 16:37:15,995 [ERROR] ConditionMgr:805 - Attr not supported : Dmpu
2025-04-27 16:37:15,995 [ERROR] ConditionMgr:805 - Attr not supported : Dmpu
2025-04-27 16:37:15,995 [ERROR] ConditionMgr:805 - Attr not supported : Dmpu
2025-04-27 16:37:15,995 [ERROR] ConditionMgr:805 - Attr not supported : Dmpu
2025-04-27 16:37:15,996 [ERROR] ConditionMgr:805 - Attr not supported : Dmpu
2025-04-27 16:37:15,996 [ERROR] ConditionMgr:805 - Attr not supported : Dmpu
2025-04-27 16:37:15,996 [ERROR] ConditionMgr:805 - Attr not supported : Dmpu
2025-04-27 16:37:15,996 [ERROR] ConditionMgr:805 - Attr not supported : Dmpu
2025-04-27 16:37:15,996 [ERROR] ConditionMgr:805 - Attr not supported : Dmpu
2025-04-27 16:37:15,996 [ERROR] ConditionMgr:805 - Attr not supported : Dmpu
2025-04-27 16:37:15,996 [ERROR] ConditionMgr:805 - Attr not supported : Dmpu
2025-04-27 16:37:15,996 [ERROR] ConditionMgr:805 - Attr not supported : Dmpu
2025-04-27 16:37:15,996 [ERROR] ConditionMgr:805 - Attr not supported : Dmpu
2025-04-27 16:37:15,996 [ERROR] ConditionMgr:805 - Attr not supported : Dmpu
2025-04-27 16:37:15,996 [ERROR] ConditionMgr:805 - Attr not supported : Dmpu
2025-04-27 16:37:15,997 [ERROR] ConditionMgr:805 - Attr not supported : Dmpu
2025-04-27 16:37:15,997 [ERROR] ConditionMgr:805 - Attr not supported : Dmpu
2025-04-27 16:37:15,997 [ERROR] ConditionMgr:805 - Attr not supported : Dmpu
2025-04-27 16:37:15,997 [ERROR] ConditionMgr:805 - Attr not supported : Dmpu
2025-04-27 16:37:15,997 [ERROR] ConditionMgr:805 - Attr not supported : Dmpu
2025-04-27 16:37:15,997 [ERROR] ConditionMgr:805 - Attr not supported : Dmpu
2025-04-27 16:37:15,997 [ERROR] ConditionMgr:805 - Attr not supported : Dmpu
2025-04-27 16:37:15,997 [ERROR] ConditionMgr:805 - Attr not supported : Dmpu
2025-04-27 16:37:15,997 [ERROR] ConditionMgr:805 - Attr not supported : Dmpu
2025-04-27 16:37:15,997 [ERROR] ConditionMgr:805 - Attr not supported : Dmpu
2025-04-27 16:37:15,998 [ERROR] ConditionMgr:805 - Attr not supported : Dmpu
2025-04-27 16:37:15,998 [ERROR] ConditionMgr:805 - Attr not supported : Dmpu
2025-04-27 16:37:15,998 [ERROR] ConditionMgr:805 - Attr not supported : Dmpu
2025-04-27 16:37:15,998 [ERROR] ConditionMgr:805 - Attr not supported : Dmpu
2025-04-27 16:37:15,998 [ERROR] ConditionMgr:805 - Attr not supported : Dmpu
2025-04-27 16:37:15,998 [ERROR] ConditionMgr:805 - Attr not supported : Dmpu
2025-04-27 16:37:15,998 [ERROR] ConditionMgr:805 - Attr not supported : Dmpu
2025-04-27 16:37:15,998 [ERROR] ConditionMgr:805 - Attr not supported : Dmpu
2025-04-27 16:37:15,998 [ERROR] ConditionMgr:805 - Attr not supported : Dmpu
2025-04-27 16:37:15,998 [ERROR] ConditionMgr:805 - Attr not supported : Dmpu
2025-04-27 16:37:15,998 [ERROR] ConditionMgr:805 - Attr not supported : Dmpu
2025-04-27 16:37:15,998 [ERROR] ConditionMgr:805 - Attr not supported : Dmpu
2025-04-27 16:37:15,998 [ERROR] ConditionMgr:805 - Attr not supported : Dmpu
2025-04-27 16:37:15,998 [ERROR] ConditionMgr:805 - Attr not supported : Dmpu
2025-04-27 16:37:15,999 [ERROR] ConditionMgr:805 - Attr not supported : Dmpu
2025-04-27 16:37:15,999 [ERROR] ConditionMgr:805 - Attr not supported : Dmpu
2025-04-27 16:37:15,999 [ERROR] ConditionMgr:805 - Attr not supported : Dmpu
2025-04-27 16:37:15,999 [ERROR] ConditionMgr:805 - Attr not supported : Dmpu
2025-04-27 16:37:15,999 [ERROR] ConditionMgr:805 - Attr not supported : Dmpu
2025-04-27 16:37:15,999 [ERROR] ConditionMgr:805 - Attr not supported : Dmpu
2025-04-27 16:37:15,999 [ERROR] ConditionMgr:805 - Attr not supported : Dmpu
2025-04-27 16:37:15,999 [ERROR] ConditionMgr:805 - Attr not supported : Dmpu
2025-04-27 16:37:15,999 [ERROR] ConditionMgr:805 - Attr not supported : Dmpu
2025-04-27 16:37:15,999 [ERROR] ConditionMgr:805 - Attr not supported : Dmpu
2025-04-27 16:37:15,999 [ERROR] ConditionMgr:805 - Attr not supported : Dmpu
2025-04-27 16:37:15,999 [ERROR] ConditionMgr:805 - Attr not supported : Dmpu
2025-04-27 16:37:15,999 [ERROR] ConditionMgr:805 - Attr not supported : Dmpu
2025-04-27 16:37:15,999 [ERROR] ConditionMgr:805 - Attr not supported : Dmpu
2025-04-27 16:37:15,999 [ERROR] ConditionMgr:805 - Attr not supported : Dmpu
2025-04-27 16:37:16,000 [ERROR] ConditionMgr:805 - Attr not supported : Dmpu
2025-04-27 16:37:16,000 [ERROR] ConditionMgr:805 - Attr not supported : Dmpu
2025-04-27 16:37:16,000 [ERROR] ConditionMgr:805 - Attr not supported : Dmpu
2025-04-27 16:37:16,000 [ERROR] ConditionMgr:805 - Attr not supported : Dmpu
2025-04-27 16:37:16,000 [ERROR] ConditionMgr:805 - Attr not supported : Dmpu
2025-04-27 16:37:16,000 [ERROR] ConditionMgr:805 - Attr not supported : Dmpu
2025-04-27 16:37:16,000 [ERROR] ConditionMgr:805 - Attr not supported : Dmpu
2025-04-27 16:37:16,000 [ERROR] ConditionMgr:805 - Attr not supported : Dmpu
2025-04-27 16:37:16,020 [WARN] PackLoader:240 - Cannot read IP mode file for STMicroelectronics.X-CUBE-WB05N.2.0.0
2025-04-27 16:37:16,028 [INFO] WebApp:161 - Instantiating new browser for Auth
2025-04-27 16:37:16,042 [ERROR] Engine:466 - C:\Users\TS\.stm32cubemx\thirdparties\pdsc\STMicroelectronics.X-CUBE-TCPP.4.2.0.pdsc: PDSC version is not supported
2025-04-27 16:37:16,082 [WARN] PackLoader:240 - Cannot read IP mode file for RealThread.X-CUBE-RT-Thread_Nano.4.1.1
2025-04-27 16:37:16,142 [WARN] PackLoader:240 - Cannot read IP mode file for STMicroelectronics.FP-ATR-SIGFOX1.3.2.0
2025-04-27 16:37:16,174 [WARN] ConditionMgr:438 - getConditionDescription Invalid condition id : Cortex-A Device cause : null
2025-04-27 16:37:16,234 [WARN] ConditionMgr:1039 - genDependencies : Invalid condition id : Cortex-A Device cause : null
2025-04-27 16:37:16,235 [WARN] ConditionMgr:1039 - genDependencies : Invalid condition id : Cortex-A Device cause : null
2025-04-27 16:37:16,235 [WARN] ConditionMgr:1039 - genDependencies : Invalid condition id : Cortex-A Device cause : null
2025-04-27 16:37:16,267 [WARN] PackLoader:240 - Cannot read IP mode file for STMicroelectronics.X-CUBE-EEPRMA1.5.1.0
2025-04-27 16:37:16,297 [WARN] PackLoader:240 - Cannot read IP mode file for wolfSSL.I-CUBE-wolfSSL.5.7.4
2025-04-27 16:37:16,335 [WARN] PackLoader:240 - Cannot read IP mode file for ITTIA_DB.I-CUBE-ITTIADB.8.9.0
2025-04-27 16:37:16,397 [WARN] PackLoader:240 - Cannot read IP mode file for SEGGER.I-CUBE-embOS.1.3.1
2025-04-27 16:37:16,480 [WARN] PackLoader:240 - Cannot read IP mode file for STMicroelectronics.X-CUBE-ALGOBUILD.1.4.0
2025-04-27 16:37:16,505 [WARN] PackLoader:240 - Cannot read IP mode file for STMicroelectronics.X-CUBE-AI.9.1.0
2025-04-27 16:37:16,572 [WARN] PackLoader:240 - Cannot read IP mode file for STMicroelectronics.X-CUBE-AZRTOS-F4.1.1.0
2025-04-27 16:37:16,609 [ERROR] Engine:466 - C:\Users\TS\.stm32cubemx\thirdparties\pdsc\Avnet-IotConnect.X-CUBE-IoTC-DA16k-PMOD.1.0.0.pdsc: PDSC version is not supported
2025-04-27 16:37:16,639 [WARN] PackLoader:240 - Cannot read IP mode file for STMicroelectronics.X-CUBE-ISPU.2.1.0
2025-04-27 16:37:16,690 [WARN] PackLoader:240 - Cannot read IP mode file for STMicroelectronics.X-CUBE-AZRTOS-L5.2.0.0
2025-04-27 16:37:16,726 [WARN] PackLoader:240 - Cannot read IP mode file for STMicroelectronics.X-CUBE-NFC6.3.1.0
2025-04-27 16:37:16,754 [WARN] PackLoader:240 - Cannot read IP mode file for STMicroelectronics.X-CUBE-DPower.1.2.0
2025-04-27 16:37:16,778 [WARN] PackLoader:240 - Cannot read IP mode file for STMicroelectronics.X-CUBE-FREERTOS.1.3.0
2025-04-27 16:37:16,809 [WARN] PackLoader:240 - Cannot read IP mode file for STMicroelectronics.X-CUBE-NFC7.1.0.1
2025-04-27 16:37:16,836 [WARN] PackLoader:240 - Cannot read IP mode file for STMicroelectronics.X-CUBE-DPower.1.3.0
2025-04-27 16:37:16,895 [WARN] ConditionMgr:438 - getConditionDescription Invalid condition id : LAN8742 Phy interface Condition cause : null
2025-04-27 16:37:16,896 [WARN] PackLoader:240 - Cannot read IP mode file for STMicroelectronics.X-CUBE-AZRTOS-L4.2.0.0
2025-04-27 16:37:16,897 [WARN] ConditionMgr:1039 - genDependencies : Invalid condition id : LAN8742 Phy interface Condition cause : null
2025-04-27 16:37:16,898 [WARN] ConditionMgr:1039 - genDependencies : Invalid condition id : LAN8742 Phy interface Condition cause : null
2025-04-27 16:37:16,899 [WARN] ConditionMgr:1039 - genDependencies : Invalid condition id : LAN8742 Phy interface Condition cause : null
2025-04-27 16:37:16,934 [WARN] PackLoader:240 - Cannot read IP mode file for STMicroelectronics.X-CUBE-SFXS2LP1.4.0.0
2025-04-27 16:37:16,996 [WARN] PackLoader:240 - Cannot read IP mode file for STMicroelectronics.X-CUBE-AZRTOS-H7.3.3.0
2025-04-27 16:37:17,040 [WARN] ConditionMgr:438 - getConditionDescription Invalid condition id : UX DEVICE CLASS RTOS Condition cause : null
2025-04-27 16:37:17,041 [WARN] ConditionMgr:438 - getConditionDescription Invalid condition id : UX DEVICE CLASS RTOS Condition cause : null
2025-04-27 16:37:17,044 [WARN] PackLoader:240 - Cannot read IP mode file for STMicroelectronics.X-CUBE-AZRTOS-WB.2.0.0
2025-04-27 16:37:17,045 [WARN] ConditionMgr:1039 - genDependencies : Invalid condition id : UX DEVICE CLASS RTOS Condition cause : null
2025-04-27 16:37:17,045 [WARN] ConditionMgr:1039 - genDependencies : Invalid condition id : UX DEVICE CLASS RTOS Condition cause : null
2025-04-27 16:37:17,046 [WARN] ConditionMgr:1039 - genDependencies : Invalid condition id : UX DEVICE CLASS RTOS Condition cause : null
2025-04-27 16:37:17,046 [WARN] ConditionMgr:1039 - genDependencies : Invalid condition id : UX DEVICE CLASS RTOS Condition cause : null
2025-04-27 16:37:17,047 [WARN] ConditionMgr:1039 - genDependencies : Invalid condition id : UX DEVICE CLASS RTOS Condition cause : null
2025-04-27 16:37:17,069 [WARN] PackLoader:240 - Cannot read IP mode file for STMicroelectronics.X-CUBE-GNSS1.7.0.1
2025-04-27 16:37:17,090 [WARN] PackLoader:240 - Cannot read IP mode file for STMicroelectronics.X-CUBE-TOUCHGFX.4.25.0
2025-04-27 16:37:17,112 [WARN] PackLoader:240 - Cannot read IP mode file for STMicroelectronics.FP-SNS-STBOX1.2.0.0
2025-04-27 16:37:17,155 [WARN] PackLoader:240 - Cannot read IP mode file for STMicroelectronics.X-CUBE-SUBG2.5.0.0
2025-04-27 16:37:17,207 [WARN] PackLoader:240 - Cannot read IP mode file for STMicroelectronics.X-CUBE-AZRTOS-H7RS.1.1.0
2025-04-27 16:37:17,210 [INFO] WebApp:780 - Register for checkConnection events
2025-04-27 16:37:17,211 [INFO] WebApp:414 - Apply proxy settings
2025-04-27 16:37:17,211 [INFO] WebApp:499 - Chromium requires no authentication
2025-04-27 16:37:17,227 [INFO] WebApp:442 - Direct internet connection detected
2025-04-27 16:37:17,233 [WARN] PackLoader:240 - Cannot read IP mode file for Cesanta.I-CUBE-Mongoose.7.13.0
2025-04-27 16:37:17,268 [WARN] PackLoader:240 - Cannot read IP mode file for STMicroelectronics.X-CUBE-AZRTOS-G4.2.0.0
2025-04-27 16:37:17,292 [ERROR] Engine:466 - C:\Users\TS\.stm32cubemx\thirdparties\pdsc\STMicroelectronics.X-CUBE-IPS.3.1.0.pdsc: PDSC version is not supported
2025-04-27 16:37:17,313 [WARN] PackLoader:240 - Cannot read IP mode file for STMicroelectronics.X-CUBE-ALS.1.0.2
2025-04-27 16:37:17,332 [WARN] PackLoader:240 - Cannot read IP mode file for STMicroelectronics.X-CUBE-TOUCHGFX.4.24.2
2025-04-27 16:37:17,349 [WARN] PackLoader:240 - Cannot read IP mode file for wolfSSL.I-CUBE-wolfTPM.3.4.0
2025-04-27 16:37:17,372 [WARN] PackLoader:240 - Cannot read IP mode file for portGmbH.I-Cube-SoM-uGOAL.1.1.0
2025-04-27 16:37:17,416 [WARN] PackLoader:240 - Cannot read IP mode file for STMicroelectronics.X-CUBE-AZRTOS-H7RS.1.0.0
2025-04-27 16:37:17,451 [WARN] PackLoader:240 - Cannot read IP mode file for STMicroelectronics.X-CUBE-TOF1.3.4.2
2025-04-27 16:37:17,490 [ERROR] Engine:466 - C:\Users\TS\.stm32cubemx\thirdparties\pdsc\STMicroelectronics.X-CUBE-TOF1.3.4.3.pdsc: PDSC version is not supported
2025-04-27 16:37:17,513 [WARN] PackLoader:240 - Cannot read IP mode file for wolfSSL.I-CUBE-wolfSSH.1.4.17
2025-04-27 16:37:17,514 [INFO] ThirdParty:978 - Integrity check success = true
2025-04-27 16:37:17,514 [INFO] IntegrityCheckThread:100 - exiting critical section [integrity check]
2025-04-27 16:37:17,514 [INFO] IntegrityCheckThread:103 - End integrity checks thread
2025-04-27 16:37:17,550 [INFO] WebApp:192 - Starting web application
2025-04-27 16:37:17,550 [INFO] WebApp:544 - Web application path used D:\ST\STM32CubeIDE_1.14.1\STM32CubeIDE\plugins\com.st.stm32cube.common.mx_6.10.0.202311202037\db\plugins\mcufinder\reactClient1\index.html
2025-04-27 16:37:31,096 [ERROR] LogOutputStream:75 - [STDERR_REDIRECT] 
