2025-05-02 19:07:34,003 [INFO] Activator:176 - 


2025-05-02 19:07:34,019 [INFO] Activator:177 - !SESSION log4j initialized
2025-05-02 19:07:44,636 [INFO] LogOutputStream:77 - [STDOUT_REDIRECT] 
2025-05-02 19:07:49,585 [INFO] ApplicationProperties:184 - Using Application install path: D:\ST\STM32CubeIDE_1.14.1\STM32CubeIDE\plugins\com.st.stm32cube.common.mx_6.10.0.202311202037
2025-05-02 19:07:49,620 [INFO] DbMcusXml:78 - Set database path to: D:\ST\STM32CubeIDE_1.14.1\STM32CubeIDE\plugins\com.st.stm32cube.common.mx_6.10.0.202311202037\\db\/mcu/
2025-05-02 19:07:49,621 [INFO] ApiDb:274 - Set plugin database path to: D:\ST\STM32CubeIDE_1.14.1\STM32CubeIDE\plugins\com.st.stm32cube.common.mx_6.10.0.202311202037\\db\/plugins/boardmanager/
2025-05-02 19:07:49,623 [WARN] ApiDb:259 - Overriding images path with different value:  => D:\ST\STM32CubeIDE_1.14.1\STM32CubeIDE\plugins\com.st.stm32cube.common.mx_6.10.0.202311202037\\db\/plugins/mcufinder/images/
2025-05-02 19:07:49,634 [INFO] ApiDb:250 - Set database path to: C:\Users\TS\.stmcufinder\plugins\mcufinder//mcu/
2025-05-02 19:07:49,636 [INFO] DbMcusAds:125 - Set database path to: C:\Users\TS\.stmcufinder\plugins\mcufinder//mcu/
2025-05-02 19:07:50,580 [INFO] CrossReferenceDbSqlite:203 - Set database path to: C:\Users\TS\.stmcufinder\plugins\mcufinder//mcu/cs/
2025-05-02 19:07:50,887 [INFO] RulesReader:64 - Compatibility file has been processed (297 Rules)
2025-05-02 19:07:51,048 [INFO] DbMcusXml:78 - Set database path to: D:\ST\STM32CubeIDE_1.14.1\STM32CubeIDE\plugins\com.st.stm32cube.common.mx_6.10.0.202311202037\\db\/mcu/
2025-05-02 19:07:51,048 [INFO] ApiDb:274 - Set plugin database path to: D:\ST\STM32CubeIDE_1.14.1\STM32CubeIDE\plugins\com.st.stm32cube.common.mx_6.10.0.202311202037\\db\/plugins/boardmanager/
2025-05-02 19:07:51,048 [INFO] ApiDb:261 - Set plugin images path to: D:\ST\STM32CubeIDE_1.14.1\STM32CubeIDE\plugins\com.st.stm32cube.common.mx_6.10.0.202311202037\\db\/plugins/mcufinder/images/
2025-05-02 19:07:51,048 [WARN] DbFile:41 - Overriding database path with different value: C:\Users\TS\.stmcufinder\plugins\mcufinder/ => C:\Users\TS\.stmcufinder\plugins\mcufinder
2025-05-02 19:07:51,050 [INFO] ApiDb:250 - Set database path to: C:\Users\TS\.stmcufinder\plugins\mcufinder//mcu/
2025-05-02 19:07:51,050 [WARN] DbFile:41 - Overriding database path with different value: C:\Users\TS\.stmcufinder\plugins\mcufinder/ => C:\Users\TS\.stmcufinder\plugins\mcufinder
2025-05-02 19:07:51,050 [INFO] DbMcusAds:125 - Set database path to: C:\Users\TS\.stmcufinder\plugins\mcufinder//mcu/
2025-05-02 19:07:51,050 [WARN] DbFile:41 - Overriding database path with different value: C:\Users\TS\.stmcufinder\plugins\mcufinder/ => C:\Users\TS\.stmcufinder\plugins\mcufinder
2025-05-02 19:07:51,050 [WARN] DbFile:41 - Overriding database path with different value: C:\Users\TS\.stmcufinder\plugins\mcufinder/ => C:\Users\TS\.stmcufinder\plugins\mcufinder
2025-05-02 19:07:51,566 [INFO] CrossReferenceDbSqlite:203 - Set database path to: C:\Users\TS\.stmcufinder\plugins\mcufinder//mcu/cs/
2025-05-02 19:07:51,837 [INFO] MainPanel:264 - HeapMemory: 268435456
2025-05-02 19:07:52,053 [INFO] DbMcusXml:78 - Set database path to: D:\ST\STM32CubeIDE_1.14.1\STM32CubeIDE\plugins\com.st.stm32cube.common.mx_6.10.0.202311202037\\db\/mcu/
2025-05-02 19:07:52,053 [INFO] ApiDb:274 - Set plugin database path to: D:\ST\STM32CubeIDE_1.14.1\STM32CubeIDE\plugins\com.st.stm32cube.common.mx_6.10.0.202311202037\\db\/plugins/boardmanager/
2025-05-02 19:07:52,053 [INFO] ApiDb:261 - Set plugin images path to: D:\ST\STM32CubeIDE_1.14.1\STM32CubeIDE\plugins\com.st.stm32cube.common.mx_6.10.0.202311202037\\db\/plugins/mcufinder/images/
2025-05-02 19:07:52,054 [WARN] DbFile:41 - Overriding database path with different value: C:\Users\TS\.stmcufinder\plugins\mcufinder/ => C:\Users\TS\.stmcufinder\plugins\mcufinder
2025-05-02 19:07:52,054 [INFO] ApiDb:250 - Set database path to: C:\Users\TS\.stmcufinder\plugins\mcufinder//mcu/
2025-05-02 19:07:52,054 [WARN] DbFile:41 - Overriding database path with different value: C:\Users\TS\.stmcufinder\plugins\mcufinder/ => C:\Users\TS\.stmcufinder\plugins\mcufinder
2025-05-02 19:07:52,055 [INFO] DbMcusAds:125 - Set database path to: C:\Users\TS\.stmcufinder\plugins\mcufinder//mcu/
2025-05-02 19:07:52,055 [WARN] DbFile:41 - Overriding database path with different value: C:\Users\TS\.stmcufinder\plugins\mcufinder/ => C:\Users\TS\.stmcufinder\plugins\mcufinder
2025-05-02 19:07:52,055 [WARN] DbFile:41 - Overriding database path with different value: C:\Users\TS\.stmcufinder\plugins\mcufinder/ => C:\Users\TS\.stmcufinder\plugins\mcufinder
2025-05-02 19:07:52,566 [INFO] CrossReferenceDbSqlite:203 - Set database path to: C:\Users\TS\.stmcufinder\plugins\mcufinder//mcu/cs/
2025-05-02 19:07:52,635 [INFO] ApplicationProperties:184 - Using Application install path: D:\ST\STM32CubeIDE_1.14.1\STM32CubeIDE\plugins\com.st.stm32cube.common.mx_6.10.0.202311202037
2025-05-02 19:07:52,640 [INFO] PluginManage:196 - Search for loadable plugins [exclusion list=, ]
2025-05-02 19:07:52,646 [INFO] PluginManage:310 - Check plugin analytics
2025-05-02 19:07:53,869 [INFO] AnalyticsPlugin:253 - Accepted Software Licenses: 
2025-05-02 19:07:53,870 [INFO] AnalyticsPlugin:255 - Accepted CMSIS Pack Licenses: 
2025-05-02 19:07:53,871 [INFO] AnalyticsPlugin:257 - Accepted Firmware Licenses: FW.F4.1.28.0
2025-05-02 19:07:53,879 [INFO] PluginManage:359 - Loaded plugin analytics (category:tool,tabindex:-1)
2025-05-02 19:07:53,880 [INFO] PluginManage:310 - Check plugin cadmodel
2025-05-02 19:07:53,893 [INFO] CADModel:105 - Init CAD model plugin
2025-05-02 19:07:53,894 [INFO] PluginManage:359 - Loaded plugin cadmodel (category:power,tabindex:5)
2025-05-02 19:07:53,894 [INFO] PluginManage:310 - Check plugin clock
2025-05-02 19:07:53,922 [INFO] PluginManage:359 - Loaded plugin clock (category:base,tabindex:2)
2025-05-02 19:07:53,923 [INFO] PluginManage:310 - Check plugin ddr
2025-05-02 19:07:53,931 [INFO] PluginManage:359 - Loaded plugin ddr (category:tool,tabindex:6)
2025-05-02 19:07:53,932 [INFO] PluginManage:310 - Check plugin filemanager
2025-05-02 19:07:54,355 [INFO] PluginManage:359 - Loaded plugin filemanager (category:base,tabindex:10)
2025-05-02 19:07:54,356 [INFO] PluginManage:310 - Check plugin ipmanager
2025-05-02 19:07:54,372 [INFO] PluginManage:359 - Loaded plugin ipmanager (category:base,tabindex:5)
2025-05-02 19:07:54,373 [INFO] PluginManage:310 - Check plugin lpbam
2025-05-02 19:07:54,390 [INFO] PluginManage:359 - Loaded plugin lpbam (category:base,tabindex:0)
2025-05-02 19:07:54,390 [INFO] PluginManage:310 - Check plugin memorymap
2025-05-02 19:07:54,417 [INFO] PluginManage:359 - Loaded plugin memorymap (category:base,tabindex:4)
2025-05-02 19:07:54,419 [INFO] PluginManage:310 - Check plugin pinoutandconfiguration
2025-05-02 19:07:54,429 [INFO] PluginManage:359 - Loaded plugin pinoutandconfiguration (category:base,tabindex:1)
2025-05-02 19:07:54,430 [INFO] PluginManage:310 - Check plugin pinoutconfig
2025-05-02 19:07:54,600 [WARN] SupportedApi:132 - Cannot load RTOS API schema: s4s-elt-must-match.1: The content of 'definitions' must match (annotation?, (simpleType | complexType)?, (unique | key | keyref)*)). A problem was found starting at: attribute.
2025-05-02 19:07:55,024 [INFO] PluginManage:359 - Loaded plugin pinoutconfig (category:base,tabindex:0)
2025-05-02 19:07:55,024 [INFO] PluginManage:310 - Check plugin power
2025-05-02 19:07:55,049 [INFO] PluginManage:359 - Loaded plugin power (category:power,tabindex:4)
2025-05-02 19:07:55,049 [INFO] PluginManage:310 - Check plugin projectmanager
2025-05-02 19:07:55,090 [INFO] PluginManage:359 - Loaded plugin projectmanager (category:projectmanager,tabindex:3)
2025-05-02 19:07:55,090 [INFO] PluginManage:310 - Check plugin thirdparty
2025-05-02 19:07:55,371 [INFO] PluginManage:359 - Loaded plugin thirdparty (category:base,tabindex:-1)
2025-05-02 19:07:55,371 [WARN] IntegrityCheckThread:84 - waiting for thirdparty lock release [integrity check]
2025-05-02 19:07:55,371 [INFO] PluginManage:310 - Check plugin tools
2025-05-02 19:07:55,372 [INFO] IntegrityCheckThread:86 - entering critical section [integrity check]
2025-05-02 19:07:55,373 [INFO] ThirdPartyUpdaterWithRetryManager:70 - Updater plugin not ready yet. [1/15]
2025-05-02 19:07:55,377 [INFO] PluginManage:359 - Loaded plugin tools (category:base,tabindex:7)
2025-05-02 19:07:55,377 [INFO] PluginManage:310 - Check plugin tutovideos
2025-05-02 19:07:55,864 [INFO] PluginManage:359 - Loaded plugin tutovideos (category:base,tabindex:-1)
2025-05-02 19:07:55,864 [INFO] PluginManage:310 - Check plugin updater
2025-05-02 19:07:55,885 [INFO] PluginManage:359 - Loaded plugin updater (category:base,tabindex:12)
2025-05-02 19:07:55,886 [INFO] PluginManage:310 - Check plugin userauth
2025-05-02 19:07:55,894 [INFO] UserAuth:114 - Init User Auth plugin
2025-05-02 19:07:55,895 [INFO] PluginManage:359 - Loaded plugin userauth (category:base,tabindex:14)
2025-05-02 19:07:55,896 [INFO] PluginManage:283 - PluginManage : Loaded plugins [17]
2025-05-02 19:07:56,456 [INFO] PinOutPanel:1499 - setPackage(No Configuration,No Configuration)
2025-05-02 19:07:56,626 [INFO] CADModel:165 - CPN selected for project level
2025-05-02 19:07:56,626 [INFO] CADModel:114 - Register for checkConnection events
2025-05-02 19:07:56,657 [INFO] IPUIPlugin:80 - create IPUIPlugin
2025-05-02 19:07:56,657 [INFO] PluginManager:220 - loadIPPluginJar : add adc
2025-05-02 19:07:56,662 [INFO] IPUIPlugin:80 - create IPUIPlugin
2025-05-02 19:07:56,662 [INFO] PluginManager:220 - loadIPPluginJar : add aes
2025-05-02 19:07:56,666 [INFO] IPUIPlugin:80 - create IPUIPlugin
2025-05-02 19:07:56,666 [INFO] PluginManager:220 - loadIPPluginJar : add can
2025-05-02 19:07:56,669 [INFO] IPUIPlugin:80 - create IPUIPlugin
2025-05-02 19:07:56,669 [INFO] PluginManager:220 - loadIPPluginJar : add comp
2025-05-02 19:07:56,674 [INFO] IPUIPlugin:80 - create IPUIPlugin
2025-05-02 19:07:56,674 [INFO] PluginManager:220 - loadIPPluginJar : add cryp
2025-05-02 19:07:56,678 [INFO] IPUIPlugin:80 - create IPUIPlugin
2025-05-02 19:07:56,678 [INFO] PluginManager:220 - loadIPPluginJar : add dfsdm
2025-05-02 19:07:56,687 [INFO] IPUIPlugin:80 - create IPUIPlugin
2025-05-02 19:07:56,688 [INFO] PluginManager:220 - loadIPPluginJar : add dma
2025-05-02 19:07:56,691 [INFO] IPUIPlugin:80 - create IPUIPlugin
2025-05-02 19:07:56,692 [INFO] PluginManager:220 - loadIPPluginJar : add dma3
2025-05-02 19:07:56,694 [INFO] IPUIPlugin:80 - create IPUIPlugin
2025-05-02 19:07:56,694 [INFO] PluginManager:220 - loadIPPluginJar : add fatfs
2025-05-02 19:07:56,702 [INFO] IPUIPlugin:80 - create IPUIPlugin
2025-05-02 19:07:56,702 [INFO] PluginManager:220 - loadIPPluginJar : add fmc
2025-05-02 19:07:56,710 [INFO] IPUIPlugin:80 - create IPUIPlugin
2025-05-02 19:07:56,711 [INFO] PluginManager:220 - loadIPPluginJar : add freertos
2025-05-02 19:07:56,714 [INFO] IPUIPlugin:80 - create IPUIPlugin
2025-05-02 19:07:56,714 [INFO] PluginManager:220 - loadIPPluginJar : add genericplugin
2025-05-02 19:07:56,718 [INFO] IPUIPlugin:80 - create IPUIPlugin
2025-05-02 19:07:56,718 [INFO] PluginManager:220 - loadIPPluginJar : add gfxmmu
2025-05-02 19:07:56,727 [INFO] IPUIPlugin:80 - create IPUIPlugin
2025-05-02 19:07:56,727 [INFO] PluginManager:220 - loadIPPluginJar : add gic
2025-05-02 19:07:56,735 [INFO] IPUIPlugin:80 - create IPUIPlugin
2025-05-02 19:07:56,736 [INFO] PluginManager:220 - loadIPPluginJar : add gpio
2025-05-02 19:07:56,740 [INFO] IPUIPlugin:80 - create IPUIPlugin
2025-05-02 19:07:56,741 [INFO] PluginManager:220 - loadIPPluginJar : add gtzc
2025-05-02 19:07:56,746 [INFO] IPUIPlugin:80 - create IPUIPlugin
2025-05-02 19:07:56,746 [INFO] PluginManager:220 - loadIPPluginJar : add hash
2025-05-02 19:07:56,751 [INFO] IPUIPlugin:80 - create IPUIPlugin
2025-05-02 19:07:56,751 [INFO] PluginManager:220 - loadIPPluginJar : add i2c
2025-05-02 19:07:56,756 [INFO] IPUIPlugin:80 - create IPUIPlugin
2025-05-02 19:07:56,756 [INFO] PluginManager:220 - loadIPPluginJar : add i2s
2025-05-02 19:07:56,760 [INFO] IPUIPlugin:80 - create IPUIPlugin
2025-05-02 19:07:56,761 [INFO] PluginManager:220 - loadIPPluginJar : add i3c
2025-05-02 19:07:56,768 [INFO] IPUIPlugin:80 - create IPUIPlugin
2025-05-02 19:07:56,768 [INFO] PluginManager:220 - loadIPPluginJar : add ipddr
2025-05-02 19:07:56,781 [INFO] IPUIPlugin:80 - create IPUIPlugin
2025-05-02 19:07:56,782 [INFO] PluginManager:220 - loadIPPluginJar : add linkedlist
2025-05-02 19:07:56,788 [INFO] IPUIPlugin:80 - create IPUIPlugin
2025-05-02 19:07:56,788 [INFO] PluginManager:220 - loadIPPluginJar : add lorawan
2025-05-02 19:07:56,791 [INFO] IPUIPlugin:80 - create IPUIPlugin
2025-05-02 19:07:56,792 [INFO] PluginManager:220 - loadIPPluginJar : add ltdc
2025-05-02 19:07:56,809 [INFO] IPUIPlugin:80 - create IPUIPlugin
2025-05-02 19:07:56,809 [INFO] PluginManager:220 - loadIPPluginJar : add mdma
2025-05-02 19:07:56,815 [INFO] IPUIPlugin:80 - create IPUIPlugin
2025-05-02 19:07:56,816 [INFO] PluginManager:220 - loadIPPluginJar : add nvic
2025-05-02 19:07:56,822 [INFO] IPUIPlugin:80 - create IPUIPlugin
2025-05-02 19:07:56,822 [INFO] PluginManager:220 - loadIPPluginJar : add opamp
2025-05-02 19:07:56,828 [INFO] IPUIPlugin:80 - create IPUIPlugin
2025-05-02 19:07:56,829 [INFO] PluginManager:220 - loadIPPluginJar : add openamp
2025-05-02 19:07:56,835 [INFO] IPUIPlugin:80 - create IPUIPlugin
2025-05-02 19:07:56,836 [INFO] PluginManager:220 - loadIPPluginJar : add pdm2pcm
2025-05-02 19:07:56,847 [INFO] IPUIPlugin:80 - create IPUIPlugin
2025-05-02 19:07:56,853 [INFO] PluginManager:220 - loadIPPluginJar : add plateformsettings
2025-05-02 19:07:56,857 [INFO] IPUIPlugin:80 - create IPUIPlugin
2025-05-02 19:07:56,857 [INFO] PluginManager:220 - loadIPPluginJar : add quadspi
2025-05-02 19:07:56,864 [INFO] IPUIPlugin:80 - create IPUIPlugin
2025-05-02 19:07:56,865 [INFO] PluginManager:220 - loadIPPluginJar : add resmgrutility
2025-05-02 19:07:56,870 [INFO] IPUIPlugin:80 - create IPUIPlugin
2025-05-02 19:07:56,871 [INFO] PluginManager:220 - loadIPPluginJar : add sai
2025-05-02 19:07:56,875 [INFO] IPUIPlugin:80 - create IPUIPlugin
2025-05-02 19:07:56,876 [INFO] PluginManager:220 - loadIPPluginJar : add spi
2025-05-02 19:07:56,886 [INFO] IPUIPlugin:80 - create IPUIPlugin
2025-05-02 19:07:56,886 [INFO] PluginManager:220 - loadIPPluginJar : add stm32_wpan
2025-05-02 19:07:56,890 [INFO] IPUIPlugin:80 - create IPUIPlugin
2025-05-02 19:07:56,890 [INFO] PluginManager:220 - loadIPPluginJar : add tim
2025-05-02 19:07:56,896 [INFO] IPUIPlugin:80 - create IPUIPlugin
2025-05-02 19:07:56,896 [INFO] PluginManager:220 - loadIPPluginJar : add touchsensing
2025-05-02 19:07:56,900 [INFO] IPUIPlugin:80 - create IPUIPlugin
2025-05-02 19:07:56,900 [INFO] PluginManager:220 - loadIPPluginJar : add tracer_emb
2025-05-02 19:07:56,904 [INFO] IPUIPlugin:80 - create IPUIPlugin
2025-05-02 19:07:56,904 [INFO] PluginManager:220 - loadIPPluginJar : add ts
2025-05-02 19:07:56,907 [INFO] IPUIPlugin:80 - create IPUIPlugin
2025-05-02 19:07:56,907 [INFO] PluginManager:220 - loadIPPluginJar : add tsc
2025-05-02 19:07:56,910 [INFO] IPUIPlugin:80 - create IPUIPlugin
2025-05-02 19:07:56,911 [INFO] PluginManager:220 - loadIPPluginJar : add ucpd
2025-05-02 19:07:56,916 [INFO] IPUIPlugin:80 - create IPUIPlugin
2025-05-02 19:07:56,916 [INFO] PluginManager:220 - loadIPPluginJar : add usart
2025-05-02 19:07:56,922 [INFO] IPUIPlugin:80 - create IPUIPlugin
2025-05-02 19:07:56,922 [INFO] PluginManager:220 - loadIPPluginJar : add usbx
2025-05-02 19:07:57,145 [INFO] CADModel:165 - CPN selected for project level
2025-05-02 19:07:57,145 [INFO] CADModel:114 - Register for checkConnection events
2025-05-02 19:07:57,146 [FATAL] Updater:308 - Updater called before beeing initialized
2025-05-02 19:07:57,146 [ERROR] CADModel:125 - Updater not yet initialized, retry later 
2025-05-02 19:07:57,497 [INFO] CADModel:165 - CPN selected for project level
2025-05-02 19:07:57,497 [INFO] CADModel:114 - Register for checkConnection events
2025-05-02 19:07:57,497 [FATAL] Updater:308 - Updater called before beeing initialized
2025-05-02 19:07:57,497 [ERROR] CADModel:125 - Updater not yet initialized, retry later 
2025-05-02 19:07:57,504 [FATAL] Updater:308 - Updater called before beeing initialized
2025-05-02 19:07:57,710 [FATAL] Updater:308 - Updater called before beeing initialized
2025-05-02 19:07:57,719 [INFO] DbMcusAds:53 - JSON generation date=Thu Mar 06 21:54:22 ICT 2025 (1741272862078)
2025-05-02 19:07:57,719 [FATAL] Updater:308 - Updater called before beeing initialized
2025-05-02 19:07:57,793 [WARN] DetailPanel:346 - Failed to get advertising image, set to default
2025-05-02 19:07:58,055 [FATAL] Updater:308 - Updater called before beeing initialized
2025-05-02 19:07:58,058 [FATAL] Updater:308 - Updater called before beeing initialized
2025-05-02 19:07:58,058 [FATAL] Updater:308 - Updater called before beeing initialized
2025-05-02 19:07:58,059 [WARN] DetailPanel:346 - Failed to get advertising image, set to default
2025-05-02 19:07:58,061 [FATAL] Updater:308 - Updater called before beeing initialized
2025-05-02 19:07:58,201 [ERROR] Updater:1120 - MainUpdater not yet initialized. External WinMGr cannot be set.
2025-05-02 19:07:58,206 [INFO] Updater:1056 - Updater Version found : 6.10.0
2025-05-02 19:07:58,252 [INFO] ApplicationProperties:184 - Using Application install path: D:\ST\STM32CubeIDE_1.14.1\STM32CubeIDE\plugins\com.st.stm32cube.common.mx_6.10.0.202311202037
2025-05-02 19:07:58,375 [INFO] ThirdPartyUpdaterWithRetryManager:70 - Updater plugin not ready yet. [2/15]
2025-05-02 19:07:59,850 [ERROR] LogOutputStream:75 - [STDERR_REDIRECT] May 02, 2025 7:07:59 PM java.util.prefs.WindowsPreferences <init>
2025-05-02 19:07:59,857 [ERROR] LogOutputStream:75 - [STDERR_REDIRECT] WARNING: Could not open/create prefs root node Software\JavaSoft\Prefs at root 0xffffffff80000002. Windows RegCreateKeyEx(...) returned error code 5.
2025-05-02 19:07:59,858 [ERROR] LogOutputStream:75 - [STDERR_REDIRECT] 
2025-05-02 19:08:00,797 [INFO] MainUpdater:2873 - connection check result : 10
2025-05-02 19:08:00,798 [INFO] MainUpdater:290 - Updater Check For Update Now.
2025-05-02 19:08:00,799 [INFO] MicroXplorer:498 - Change Database Version : DB.6.0.100
2025-05-02 19:08:00,814 [INFO] McuFinderGlobals:63 - Set McuFinder mode to 2 (CubeIDE integrated)
2025-05-02 19:08:01,083 [INFO] CheckServerUpdateThread:120 - End of CheckServer Thread
2025-05-02 19:08:01,289 [INFO] UserAuth:404 - Internet connection configuration mode: 1
2025-05-02 19:08:01,326 [INFO] JxBrowserEngine:152 - Initiate JxBrowser Engine with user profile folder
2025-05-02 19:08:01,839 [WARN] PackLoader:240 - Cannot read IP mode file for STMicroelectronics.FP-SNS-MOTENVWB1.1.4.0
2025-05-02 19:08:01,860 [WARN] PackLoader:240 - Cannot read IP mode file for STMicroelectronics.FP-ATR-ASTRA1.2.0.2
2025-05-02 19:08:01,869 [WARN] PackLoader:240 - Cannot read IP mode file for STMicroelectronics.FP-ATR-ASTRA1.2.0.1
2025-05-02 19:08:01,889 [WARN] PackLoader:240 - Cannot read IP mode file for STMicroelectronics.X-CUBE-SMBUS.2.1.0
2025-05-02 19:08:01,907 [WARN] PackLoader:240 - Cannot read IP mode file for STMicroelectronics.X-CUBE-WB05N.1.1.0
2025-05-02 19:08:01,977 [WARN] PackLoader:240 - Cannot read IP mode file for STMicroelectronics.X-CUBE-AZRTOS-F7.1.1.0
2025-05-02 19:08:02,002 [WARN] PackLoader:240 - Cannot read IP mode file for STMicroelectronics.FP-SNS-FLIGHT1.5.0.2
2025-05-02 19:08:02,089 [WARN] PackLoader:240 - Cannot read IP mode file for Infineon.AIROC-Wi-Fi-Bluetooth-STM32.1.7.0
2025-05-02 19:08:02,123 [WARN] PackLoader:240 - Cannot read IP mode file for STMicroelectronics.X-CUBE-DISPLAY.3.0.0
2025-05-02 19:08:02,143 [WARN] PackLoader:240 - Cannot read IP mode file for STMicroelectronics.X-CUBE-BLE1.7.0.0
2025-05-02 19:08:02,161 [WARN] PackLoader:240 - Cannot read IP mode file for STMicroelectronics.X-CUBE-NFC10.1.0.0
2025-05-02 19:08:02,190 [WARN] PackLoader:240 - Cannot read IP mode file for STMicroelectronics.X-CUBE-BLEMGR.4.0.0
2025-05-02 19:08:02,217 [WARN] PackLoader:240 - Cannot read IP mode file for emotas.I-CUBE-CANOPEN.1.3.0
2025-05-02 19:08:02,228 [WARN] PackLoader:240 - Cannot read IP mode file for STMicroelectronics.X-CUBE-AI.10.0.0
2025-05-02 19:08:02,246 [WARN] PackLoader:240 - Cannot read IP mode file for STMicroelectronics.FP-SNS-SMARTAG2.1.2.0
2025-05-02 19:08:02,260 [ERROR] Engine:466 - C:\Users\TS\.stm32cubemx\thirdparties\pdsc\STMicroelectronics.FP-SNS-FLIGHT1.5.1.0.pdsc: PDSC version is not supported
2025-05-02 19:08:02,488 [WARN] PackLoader:240 - Cannot read IP mode file for STMicroelectronics.X-CUBE-MEMS1.11.1.0
2025-05-02 19:08:03,116 [INFO] LogOutputStream:77 - [STDOUT_REDIRECT] 1 : Invalid condition id : UX_CORESTACK_Condition cause : null
2025-05-02 19:08:03,117 [INFO] LogOutputStream:77 - [STDOUT_REDIRECT] 1 : Invalid condition id : UX_CORESTACK_Condition cause : null
2025-05-02 19:08:03,121 [INFO] LogOutputStream:77 - [STDOUT_REDIRECT] 1 : Invalid condition id : UX_CORESTACK_Condition cause : null
2025-05-02 19:08:03,124 [INFO] LogOutputStream:77 - [STDOUT_REDIRECT] 1 : Invalid condition id : UX_CORESTACK_Condition cause : null
2025-05-02 19:08:03,127 [INFO] LogOutputStream:77 - [STDOUT_REDIRECT] 1 : Invalid condition id : UX_CORESTACK_Condition cause : null
2025-05-02 19:08:03,133 [WARN] PackLoader:240 - Cannot read IP mode file for STMicroelectronics.X-CUBE-AZRTOS-WL.2.0.0
2025-05-02 19:08:03,143 [WARN] PackLoader:240 - Cannot read IP mode file for STMicroelectronics.FP-SNS-MOTENV1.5.0.0
2025-05-02 19:08:03,153 [WARN] PackLoader:240 - Cannot read IP mode file for wolfSSL.I-CUBE-wolfMQTT.1.19.0
2025-05-02 19:08:03,166 [WARN] PackLoader:240 - Cannot read IP mode file for WES.I-CUBE-Cesium.1.3.0
2025-05-02 19:08:03,175 [WARN] PackLoader:240 - Cannot read IP mode file for STMicroelectronics.X-CUBE-BLE2.3.3.0
2025-05-02 19:08:03,188 [INFO] WebApp:161 - Instantiating new browser for Auth
2025-05-02 19:08:03,188 [WARN] PackLoader:240 - Cannot read IP mode file for STMicroelectronics.X-CUBE-NFC9.1.0.0
2025-05-02 19:08:03,202 [WARN] PackLoader:240 - Cannot read IP mode file for STMicroelectronics.X-CUBE-BLE1.7.1.0
2025-05-02 19:08:03,374 [WARN] PackLoader:240 - Cannot read IP mode file for STMicroelectronics.X-CUBE-MEMS1.11.2.0
2025-05-02 19:08:03,751 [WARN] PackLoader:240 - Cannot read IP mode file for STMicroelectronics.X-CUBE-AZRTOS-G0.1.1.0
2025-05-02 19:08:03,772 [WARN] PackLoader:240 - Cannot read IP mode file for STMicroelectronics.X-CUBE-SAFEA1.1.2.2
2025-05-02 19:08:03,786 [WARN] PackLoader:240 - Cannot read IP mode file for STMicroelectronics.X-CUBE-NFC4.3.0.0
2025-05-02 19:08:03,804 [WARN] PackLoader:240 - Cannot read IP mode file for EmbeddedOffice.I-CUBE-FS-RTOS.1.0.1
2025-05-02 19:08:03,805 [ERROR] ConditionMgr:805 - Attr not supported : Dmpu
2025-05-02 19:08:03,805 [ERROR] ConditionMgr:805 - Attr not supported : Dmpu
2025-05-02 19:08:03,805 [ERROR] ConditionMgr:805 - Attr not supported : Dmpu
2025-05-02 19:08:03,805 [ERROR] ConditionMgr:805 - Attr not supported : Dmpu
2025-05-02 19:08:03,806 [ERROR] ConditionMgr:805 - Attr not supported : Dmpu
2025-05-02 19:08:03,806 [ERROR] ConditionMgr:805 - Attr not supported : Dmpu
2025-05-02 19:08:03,806 [ERROR] ConditionMgr:805 - Attr not supported : Dmpu
2025-05-02 19:08:03,806 [ERROR] ConditionMgr:805 - Attr not supported : Dmpu
2025-05-02 19:08:03,806 [ERROR] ConditionMgr:805 - Attr not supported : Dmpu
2025-05-02 19:08:03,806 [ERROR] ConditionMgr:805 - Attr not supported : Dmpu
2025-05-02 19:08:03,807 [ERROR] ConditionMgr:805 - Attr not supported : Dmpu
2025-05-02 19:08:03,807 [ERROR] ConditionMgr:805 - Attr not supported : Dmpu
2025-05-02 19:08:03,807 [ERROR] ConditionMgr:805 - Attr not supported : Dmpu
2025-05-02 19:08:03,808 [ERROR] ConditionMgr:805 - Attr not supported : Dmpu
2025-05-02 19:08:03,808 [ERROR] ConditionMgr:805 - Attr not supported : Dmpu
2025-05-02 19:08:03,809 [ERROR] ConditionMgr:805 - Attr not supported : Dmpu
2025-05-02 19:08:03,809 [ERROR] ConditionMgr:805 - Attr not supported : Dmpu
2025-05-02 19:08:03,810 [ERROR] ConditionMgr:805 - Attr not supported : Dmpu
2025-05-02 19:08:03,810 [ERROR] ConditionMgr:805 - Attr not supported : Dmpu
2025-05-02 19:08:03,810 [ERROR] ConditionMgr:805 - Attr not supported : Dmpu
2025-05-02 19:08:03,810 [ERROR] ConditionMgr:805 - Attr not supported : Dmpu
2025-05-02 19:08:03,810 [ERROR] ConditionMgr:805 - Attr not supported : Dmpu
2025-05-02 19:08:03,810 [ERROR] ConditionMgr:805 - Attr not supported : Dmpu
2025-05-02 19:08:03,810 [ERROR] ConditionMgr:805 - Attr not supported : Dmpu
2025-05-02 19:08:03,811 [ERROR] ConditionMgr:805 - Attr not supported : Dmpu
2025-05-02 19:08:03,811 [ERROR] ConditionMgr:805 - Attr not supported : Dmpu
2025-05-02 19:08:03,811 [ERROR] ConditionMgr:805 - Attr not supported : Dmpu
2025-05-02 19:08:03,811 [ERROR] ConditionMgr:805 - Attr not supported : Dmpu
2025-05-02 19:08:03,811 [ERROR] ConditionMgr:805 - Attr not supported : Dmpu
2025-05-02 19:08:03,811 [ERROR] ConditionMgr:805 - Attr not supported : Dmpu
2025-05-02 19:08:03,812 [ERROR] ConditionMgr:805 - Attr not supported : Dmpu
2025-05-02 19:08:03,812 [ERROR] ConditionMgr:805 - Attr not supported : Dmpu
2025-05-02 19:08:03,813 [ERROR] ConditionMgr:805 - Attr not supported : Dmpu
2025-05-02 19:08:03,813 [ERROR] ConditionMgr:805 - Attr not supported : Dmpu
2025-05-02 19:08:03,813 [ERROR] ConditionMgr:805 - Attr not supported : Dmpu
2025-05-02 19:08:03,813 [ERROR] ConditionMgr:805 - Attr not supported : Dmpu
2025-05-02 19:08:03,813 [ERROR] ConditionMgr:805 - Attr not supported : Dmpu
2025-05-02 19:08:03,814 [ERROR] ConditionMgr:805 - Attr not supported : Dmpu
2025-05-02 19:08:03,814 [ERROR] ConditionMgr:805 - Attr not supported : Dmpu
2025-05-02 19:08:03,814 [ERROR] ConditionMgr:805 - Attr not supported : Dmpu
2025-05-02 19:08:03,814 [ERROR] ConditionMgr:805 - Attr not supported : Dmpu
2025-05-02 19:08:03,814 [ERROR] ConditionMgr:805 - Attr not supported : Dmpu
2025-05-02 19:08:03,815 [ERROR] ConditionMgr:805 - Attr not supported : Dmpu
2025-05-02 19:08:03,815 [ERROR] ConditionMgr:805 - Attr not supported : Dmpu
2025-05-02 19:08:03,815 [ERROR] ConditionMgr:805 - Attr not supported : Dmpu
2025-05-02 19:08:03,815 [ERROR] ConditionMgr:805 - Attr not supported : Dmpu
2025-05-02 19:08:03,815 [ERROR] ConditionMgr:805 - Attr not supported : Dmpu
2025-05-02 19:08:03,816 [ERROR] ConditionMgr:805 - Attr not supported : Dmpu
2025-05-02 19:08:03,816 [ERROR] ConditionMgr:805 - Attr not supported : Dmpu
2025-05-02 19:08:03,816 [ERROR] ConditionMgr:805 - Attr not supported : Dmpu
2025-05-02 19:08:03,816 [ERROR] ConditionMgr:805 - Attr not supported : Dmpu
2025-05-02 19:08:03,816 [ERROR] ConditionMgr:805 - Attr not supported : Dmpu
2025-05-02 19:08:03,817 [ERROR] ConditionMgr:805 - Attr not supported : Dmpu
2025-05-02 19:08:03,817 [ERROR] ConditionMgr:805 - Attr not supported : Dmpu
2025-05-02 19:08:03,817 [ERROR] ConditionMgr:805 - Attr not supported : Dmpu
2025-05-02 19:08:03,817 [ERROR] ConditionMgr:805 - Attr not supported : Dmpu
2025-05-02 19:08:03,817 [ERROR] ConditionMgr:805 - Attr not supported : Dmpu
2025-05-02 19:08:03,818 [ERROR] ConditionMgr:805 - Attr not supported : Dmpu
2025-05-02 19:08:03,818 [ERROR] ConditionMgr:805 - Attr not supported : Dmpu
2025-05-02 19:08:03,818 [ERROR] ConditionMgr:805 - Attr not supported : Dmpu
2025-05-02 19:08:03,818 [ERROR] ConditionMgr:805 - Attr not supported : Dmpu
2025-05-02 19:08:03,818 [ERROR] ConditionMgr:805 - Attr not supported : Dmpu
2025-05-02 19:08:03,819 [ERROR] ConditionMgr:805 - Attr not supported : Dmpu
2025-05-02 19:08:03,819 [ERROR] ConditionMgr:805 - Attr not supported : Dmpu
2025-05-02 19:08:03,829 [WARN] PackLoader:240 - Cannot read IP mode file for STMicroelectronics.X-CUBE-WB05N.2.0.0
2025-05-02 19:08:03,839 [ERROR] Engine:466 - C:\Users\TS\.stm32cubemx\thirdparties\pdsc\STMicroelectronics.X-CUBE-TCPP.4.2.0.pdsc: PDSC version is not supported
2025-05-02 19:08:03,850 [WARN] PackLoader:240 - Cannot read IP mode file for RealThread.X-CUBE-RT-Thread_Nano.4.1.1
2025-05-02 19:08:03,858 [WARN] PackLoader:240 - Cannot read IP mode file for STMicroelectronics.FP-ATR-SIGFOX1.3.2.0
2025-05-02 19:08:03,867 [WARN] ConditionMgr:438 - getConditionDescription Invalid condition id : Cortex-A Device cause : null
2025-05-02 19:08:03,904 [WARN] ConditionMgr:1039 - genDependencies : Invalid condition id : Cortex-A Device cause : null
2025-05-02 19:08:03,905 [WARN] ConditionMgr:1039 - genDependencies : Invalid condition id : Cortex-A Device cause : null
2025-05-02 19:08:03,905 [WARN] ConditionMgr:1039 - genDependencies : Invalid condition id : Cortex-A Device cause : null
2025-05-02 19:08:03,919 [WARN] PackLoader:240 - Cannot read IP mode file for STMicroelectronics.X-CUBE-EEPRMA1.5.1.0
2025-05-02 19:08:03,931 [WARN] PackLoader:240 - Cannot read IP mode file for wolfSSL.I-CUBE-wolfSSL.5.7.4
2025-05-02 19:08:03,944 [WARN] PackLoader:240 - Cannot read IP mode file for ITTIA_DB.I-CUBE-ITTIADB.8.9.0
2025-05-02 19:08:04,034 [WARN] PackLoader:240 - Cannot read IP mode file for SEGGER.I-CUBE-embOS.1.3.1
2025-05-02 19:08:04,131 [WARN] PackLoader:240 - Cannot read IP mode file for STMicroelectronics.X-CUBE-ALGOBUILD.1.4.0
2025-05-02 19:08:04,139 [WARN] PackLoader:240 - Cannot read IP mode file for STMicroelectronics.X-CUBE-AI.9.1.0
2025-05-02 19:08:04,174 [WARN] PackLoader:240 - Cannot read IP mode file for STMicroelectronics.X-CUBE-AZRTOS-F4.1.1.0
2025-05-02 19:08:04,184 [ERROR] Engine:466 - C:\Users\TS\.stm32cubemx\thirdparties\pdsc\Avnet-IotConnect.X-CUBE-IoTC-DA16k-PMOD.1.0.0.pdsc: PDSC version is not supported
2025-05-02 19:08:04,191 [WARN] PackLoader:240 - Cannot read IP mode file for STMicroelectronics.X-CUBE-ISPU.2.1.0
2025-05-02 19:08:04,220 [WARN] PackLoader:240 - Cannot read IP mode file for STMicroelectronics.X-CUBE-AZRTOS-L5.2.0.0
2025-05-02 19:08:04,240 [WARN] PackLoader:240 - Cannot read IP mode file for STMicroelectronics.X-CUBE-NFC6.3.1.0
2025-05-02 19:08:04,257 [WARN] PackLoader:240 - Cannot read IP mode file for STMicroelectronics.X-CUBE-DPower.1.2.0
2025-05-02 19:08:04,271 [WARN] PackLoader:240 - Cannot read IP mode file for STMicroelectronics.X-CUBE-FREERTOS.1.3.0
2025-05-02 19:08:04,283 [WARN] PackLoader:240 - Cannot read IP mode file for STMicroelectronics.X-CUBE-NFC7.1.0.1
2025-05-02 19:08:04,295 [WARN] PackLoader:240 - Cannot read IP mode file for STMicroelectronics.X-CUBE-DPower.1.3.0
2025-05-02 19:08:04,339 [WARN] ConditionMgr:438 - getConditionDescription Invalid condition id : LAN8742 Phy interface Condition cause : null
2025-05-02 19:08:04,341 [WARN] PackLoader:240 - Cannot read IP mode file for STMicroelectronics.X-CUBE-AZRTOS-L4.2.0.0
2025-05-02 19:08:04,344 [WARN] ConditionMgr:1039 - genDependencies : Invalid condition id : LAN8742 Phy interface Condition cause : null
2025-05-02 19:08:04,345 [WARN] ConditionMgr:1039 - genDependencies : Invalid condition id : LAN8742 Phy interface Condition cause : null
2025-05-02 19:08:04,346 [WARN] ConditionMgr:1039 - genDependencies : Invalid condition id : LAN8742 Phy interface Condition cause : null
2025-05-02 19:08:04,361 [WARN] PackLoader:240 - Cannot read IP mode file for STMicroelectronics.X-CUBE-SFXS2LP1.4.0.0
2025-05-02 19:08:04,412 [WARN] PackLoader:240 - Cannot read IP mode file for STMicroelectronics.X-CUBE-AZRTOS-H7.3.3.0
2025-05-02 19:08:04,445 [WARN] ConditionMgr:438 - getConditionDescription Invalid condition id : UX DEVICE CLASS RTOS Condition cause : null
2025-05-02 19:08:04,446 [WARN] ConditionMgr:438 - getConditionDescription Invalid condition id : UX DEVICE CLASS RTOS Condition cause : null
2025-05-02 19:08:04,452 [WARN] PackLoader:240 - Cannot read IP mode file for STMicroelectronics.X-CUBE-AZRTOS-WB.2.0.0
2025-05-02 19:08:04,453 [WARN] ConditionMgr:1039 - genDependencies : Invalid condition id : UX DEVICE CLASS RTOS Condition cause : null
2025-05-02 19:08:04,454 [WARN] ConditionMgr:1039 - genDependencies : Invalid condition id : UX DEVICE CLASS RTOS Condition cause : null
2025-05-02 19:08:04,455 [WARN] ConditionMgr:1039 - genDependencies : Invalid condition id : UX DEVICE CLASS RTOS Condition cause : null
2025-05-02 19:08:04,456 [WARN] ConditionMgr:1039 - genDependencies : Invalid condition id : UX DEVICE CLASS RTOS Condition cause : null
2025-05-02 19:08:04,456 [WARN] ConditionMgr:1039 - genDependencies : Invalid condition id : UX DEVICE CLASS RTOS Condition cause : null
2025-05-02 19:08:04,468 [WARN] PackLoader:240 - Cannot read IP mode file for STMicroelectronics.X-CUBE-GNSS1.7.0.1
2025-05-02 19:08:04,479 [WARN] PackLoader:240 - Cannot read IP mode file for STMicroelectronics.X-CUBE-TOUCHGFX.4.25.0
2025-05-02 19:08:04,488 [WARN] PackLoader:240 - Cannot read IP mode file for STMicroelectronics.FP-SNS-STBOX1.2.0.0
2025-05-02 19:08:04,512 [WARN] PackLoader:240 - Cannot read IP mode file for STMicroelectronics.X-CUBE-SUBG2.5.0.0
2025-05-02 19:08:04,555 [WARN] PackLoader:240 - Cannot read IP mode file for STMicroelectronics.X-CUBE-AZRTOS-H7RS.1.1.0
2025-05-02 19:08:04,567 [WARN] PackLoader:240 - Cannot read IP mode file for Cesanta.I-CUBE-Mongoose.7.13.0
2025-05-02 19:08:04,610 [WARN] PackLoader:240 - Cannot read IP mode file for STMicroelectronics.X-CUBE-AZRTOS-G4.2.0.0
2025-05-02 19:08:04,625 [WARN] PackLoader:240 - Cannot read IP mode file for STMicroelectronics.X-CUBE-NFC7.2.0.0
2025-05-02 19:08:04,639 [ERROR] Engine:466 - C:\Users\TS\.stm32cubemx\thirdparties\pdsc\STMicroelectronics.X-CUBE-IPS.3.1.0.pdsc: PDSC version is not supported
2025-05-02 19:08:04,648 [WARN] PackLoader:240 - Cannot read IP mode file for STMicroelectronics.X-CUBE-ALS.1.0.2
2025-05-02 19:08:04,656 [WARN] PackLoader:240 - Cannot read IP mode file for STMicroelectronics.X-CUBE-TOUCHGFX.4.24.2
2025-05-02 19:08:04,664 [WARN] PackLoader:240 - Cannot read IP mode file for wolfSSL.I-CUBE-wolfTPM.3.4.0
2025-05-02 19:08:04,677 [WARN] PackLoader:240 - Cannot read IP mode file for portGmbH.I-Cube-SoM-uGOAL.1.1.0
2025-05-02 19:08:04,728 [WARN] PackLoader:240 - Cannot read IP mode file for STMicroelectronics.X-CUBE-AZRTOS-H7RS.1.0.0
2025-05-02 19:08:04,762 [WARN] PackLoader:240 - Cannot read IP mode file for STMicroelectronics.X-CUBE-TOF1.3.4.2
2025-05-02 19:08:04,825 [ERROR] Engine:466 - C:\Users\TS\.stm32cubemx\thirdparties\pdsc\STMicroelectronics.X-CUBE-TOF1.3.4.3.pdsc: PDSC version is not supported
2025-05-02 19:08:04,833 [WARN] PackLoader:240 - Cannot read IP mode file for wolfSSL.I-CUBE-wolfSSH.1.4.17
2025-05-02 19:08:04,834 [INFO] ThirdParty:978 - Integrity check success = true
2025-05-02 19:08:04,834 [INFO] IntegrityCheckThread:100 - exiting critical section [integrity check]
2025-05-02 19:08:04,834 [INFO] IntegrityCheckThread:103 - End integrity checks thread
2025-05-02 19:08:04,864 [INFO] WebApp:780 - Register for checkConnection events
2025-05-02 19:08:04,865 [INFO] WebApp:414 - Apply proxy settings
2025-05-02 19:08:04,865 [INFO] WebApp:499 - Chromium requires no authentication
2025-05-02 19:08:04,884 [INFO] WebApp:442 - Direct internet connection detected
2025-05-02 19:08:05,348 [INFO] WebApp:192 - Starting web application
2025-05-02 19:08:05,348 [INFO] WebApp:544 - Web application path used D:\ST\STM32CubeIDE_1.14.1\STM32CubeIDE\plugins\com.st.stm32cube.common.mx_6.10.0.202311202037\db\plugins\mcufinder\reactClient1\index.html
2025-05-02 19:08:27,664 [ERROR] LogOutputStream:75 - [STDERR_REDIRECT] SLF4J: Failed to load class "org.slf4j.impl.StaticLoggerBinder".
2025-05-02 19:08:27,667 [ERROR] LogOutputStream:75 - [STDERR_REDIRECT] SLF4J: Defaulting to no-operation (NOP) logger implementation
2025-05-02 19:08:27,671 [ERROR] LogOutputStream:75 - [STDERR_REDIRECT] SLF4J: See http://www.slf4j.org/codes.html#StaticLoggerBinder for further details.
2025-05-02 19:14:32,856 [INFO] McuFinderGlobals:63 - Set McuFinder mode to 2 (CubeIDE integrated)
2025-05-02 19:14:32,871 [INFO] MainUpdater:2873 - connection check result : 10
2025-05-02 19:14:32,873 [INFO] MainUpdater:2873 - connection check result : 10
2025-05-02 19:14:32,994 [INFO] MicroXplorer:468 - Change Database Path : 
2025-05-02 19:14:32,996 [INFO] MicroXplorer:498 - Change Database Version : DB.6.0.100
2025-05-02 19:14:33,019 [WARN] ThirdParty:871 - waiting for thirdparty lock release [close project]
2025-05-02 19:14:33,020 [INFO] ThirdParty:873 - entering critical section [close project]
2025-05-02 19:14:33,022 [INFO] ThirdParty:883 - exiting critical section [close project]
2025-05-02 19:14:33,031 [INFO] PinOutPanel:1499 - setPackage(No Configuration,No Configuration)
2025-05-02 19:14:33,046 [INFO] UtilMem:75 - Begin LoadConfig() Used Memory: 671586688 Bytes (1073741824)
2025-05-02 19:14:33,050 [INFO] MicroXplorer:468 - Change Database Path : 
2025-05-02 19:14:33,050 [INFO] MicroXplorer:498 - Change Database Version : DB.6.0.100
2025-05-02 19:14:33,052 [INFO] OpenFileManager:312 - Change cursor
2025-05-02 19:14:33,142 [INFO] Mcu:2016 - Initializing MCU STM32F103C(8-B)Tx STM32F103C8Tx STM32F103C8T6
2025-05-02 19:14:34,860 [INFO] Context:659 - Trying to add GPIOservice into a context  which must be forbidden
2025-05-02 19:14:35,665 [INFO] RtosManager:555 - Registered RTOS mode: class=CMSIS, group=RTOS, mode=CMSIS_V1, owner=FREERTOS
2025-05-02 19:14:35,665 [INFO] RtosManager:555 - Registered RTOS mode: class=CMSIS, group=RTOS2, mode=CMSIS_V2, owner=FREERTOS
2025-05-02 19:14:35,665 [INFO] RtosManager:555 - Registered RTOS mode: class=RTOS, group=Core, mode=CMSIS_V1, owner=FREERTOS
2025-05-02 19:14:35,665 [INFO] RtosManager:555 - Registered RTOS mode: class=RTOS, group=Core, mode=CMSIS_V2, owner=FREERTOS
2025-05-02 19:14:35,666 [WARN] ModelIntegratedComponent:184 - Missing modes for component STMicroelectronics:FreeRTOS:0.0.1:STMicroelectronics:RTOS:FreeRTOS:Core:::10.2.0:
2025-05-02 19:14:35,701 [WARN] ModelIntegratedComponent:63 - No mode defined for component null
2025-05-02 19:14:35,701 [WARN] ModelIntegratedComponent:63 - No mode defined for component null
2025-05-02 19:14:35,701 [WARN] ModelIntegratedComponent:63 - No mode defined for component null
2025-05-02 19:14:35,701 [WARN] ModelIntegratedComponent:63 - No mode defined for component null
2025-05-02 19:14:35,702 [WARN] ModelIntegratedComponent:63 - No mode defined for component null
2025-05-02 19:14:35,703 [WARN] ModelIntegratedComponent:63 - No mode defined for component null
2025-05-02 19:14:35,703 [WARN] ModelIntegratedComponent:63 - No mode defined for component null
2025-05-02 19:14:35,703 [WARN] ModelIntegratedComponent:63 - No mode defined for component null
2025-05-02 19:14:35,703 [WARN] ModelIntegratedComponent:63 - No mode defined for component null
2025-05-02 19:14:35,703 [WARN] ModelIntegratedComponent:63 - No mode defined for component null
2025-05-02 19:14:35,703 [WARN] ModelIntegratedComponent:63 - No mode defined for component null
2025-05-02 19:14:35,703 [WARN] ModelIntegratedComponent:63 - No mode defined for component null
2025-05-02 19:14:35,703 [WARN] ModelIntegratedComponent:63 - No mode defined for component null
2025-05-02 19:14:35,703 [WARN] ModelIntegratedComponent:63 - No mode defined for component null
2025-05-02 19:14:35,704 [WARN] ModelIntegratedComponent:63 - No mode defined for component null
2025-05-02 19:14:35,704 [WARN] ModelIntegratedComponent:63 - No mode defined for component null
2025-05-02 19:14:35,704 [WARN] ModelIntegratedComponent:63 - No mode defined for component null
2025-05-02 19:14:35,704 [WARN] ModelIntegratedComponent:63 - No mode defined for component null
2025-05-02 19:14:35,704 [WARN] ModelIntegratedComponent:63 - No mode defined for component null
2025-05-02 19:14:35,704 [WARN] ModelIntegratedComponent:63 - No mode defined for component null
2025-05-02 19:14:35,705 [WARN] ModelIntegratedComponent:63 - No mode defined for component null
2025-05-02 19:14:35,705 [WARN] ModelIntegratedComponent:63 - No mode defined for component null
2025-05-02 19:14:35,705 [WARN] ModelIntegratedComponent:63 - No mode defined for component null
2025-05-02 19:14:35,705 [WARN] ModelIntegratedComponent:63 - No mode defined for component null
2025-05-02 19:14:35,705 [WARN] ModelIntegratedComponent:63 - No mode defined for component null
2025-05-02 19:14:35,706 [WARN] ModelIntegratedComponent:63 - No mode defined for component null
2025-05-02 19:14:35,706 [WARN] ModelIntegratedComponent:63 - No mode defined for component null
2025-05-02 19:14:35,706 [WARN] ModelIntegratedComponent:63 - No mode defined for component null
2025-05-02 19:14:35,707 [WARN] ModelIntegratedComponent:63 - No mode defined for component null
2025-05-02 19:14:35,707 [WARN] ModelIntegratedComponent:63 - No mode defined for component null
2025-05-02 19:14:35,708 [WARN] ModelIntegratedComponent:63 - No mode defined for component null
2025-05-02 19:14:35,708 [WARN] ModelIntegratedComponent:63 - No mode defined for component null
2025-05-02 19:14:35,708 [WARN] ModelIntegratedComponent:63 - No mode defined for component null
2025-05-02 19:14:35,950 [INFO] ThirdPartyModel:298 - Start build external matchings
2025-05-02 19:14:37,482 [INFO] ThirdPartyModel:316 - End build external matchings
2025-05-02 19:14:37,894 [INFO] UtilMem:75 - End LoadConfig() Used Memory: 823073216 Bytes (1073741824)
2025-05-02 19:14:38,193 [INFO] ApiDb:581 - Connected to CubeFinder SQLite database (C:\Users\TS\.stmcufinder\plugins\mcufinder\mcu\cube-finder-db.db)
2025-05-02 19:14:38,349 [INFO] ApiDb:668 - CubeFinder database Data Model version=2.1
2025-05-02 19:14:38,349 [INFO] ApiDb:669 - CubeFinder database Configuration version=3.0.39
2025-05-02 19:14:38,350 [INFO] ApiDb:670 - CubeFinder database generation date=2025-04-23 (1745419778)
2025-05-02 19:14:38,350 [INFO] ApiDb:671 - CubeFinder database FW Pack versions=[FP-ATR-ASTRA1_V2.0.0, FP-SNS-FLIGHT1_V5.1.0, FP-SNS-MOTENV1_V5.0.0, FP-SNS-MOTENVWB1_V1.4.0, FP-SNS-SMARTAG2_V1.2.0, FP-SNS-STBOX1_V2.0.0, STM32Cube_FW_C0_V1.4.0, STM32Cube_FW_F4_V1.28.1, STM32Cube_FW_F7_V1.17.2, STM32Cube_FW_G0_V1.6.2, STM32Cube_FW_G4_V1.6.1, STM32Cube_FW_H5_V1.5.0, STM32Cube_FW_H7RS_V1.2.0, STM32Cube_FW_H7_V1.12.1, STM32Cube_FW_L0_V1.12.2, STM32Cube_FW_L4_V1.18.1, STM32Cube_FW_L5_V1.5.1, STM32Cube_FW_N6_V1.1.1, STM32Cube_FW_U0_V1.2.0, STM32Cube_FW_U3_V1.1.0, STM32Cube_FW_U5_V1.7.0, STM32Cube_FW_WB0_V1.2.0, STM32Cube_FW_WBA_V1.6.0, STM32Cube_FW_WB_V1.22.0, STM32Cube_FW_WL3_V1.1.0, STM32Cube_FW_WL_V1.3.1, X-CUBE-ALGOBUILD_V1.4.0, X-CUBE-ALS_V1.0.2, X-CUBE-AZRTOS-F4_V1.1.0, X-CUBE-AZRTOS-F7_V1.1.0, X-CUBE-AZRTOS-G0_V1.1.0, X-CUBE-AZRTOS-G4_V2.0.0, X-CUBE-AZRTOS-H7RS_V1.1.0, X-CUBE-AZRTOS-H7_V3.3.0, X-CUBE-AZRTOS-L4_V2.0.0, X-CUBE-AZRTOS-L5_V2.0.0, X-CUBE-AZRTOS-WB_V2.0.0, X-CUBE-AZRTOS-WL_V2.0.0, X-CUBE-BLE1_V7.1.0, X-CUBE-BLE2_V3.3.0, X-CUBE-BLEMGR_V4.0.0, X-CUBE-EEPRMA1_V5.1.0, X-CUBE-FREERTOS_V1.3.0, X-CUBE-GNSS1_V6.0.0, X-CUBE-MEMS1_V11.2.0, X-CUBE-NFC4_V3.0.0, X-CUBE-NFC7_V1.0.1, X-CUBE-SFXS2LP1_V4.0.0, X-CUBE-SUBG2_V5.0.0, X-CUBE-TOF1_V3.4.3]
2025-05-02 19:14:41,965 [INFO] ApiDb:240 - Found 371 in-development CPN: [B-G473E-ZEST1S, B-WB1M-WPAN1, B-WL5M-SUBG1, NUCLEO-C031C6, NUCLEO-H503RB, NUCLEO-H563ZI, NUCLEO-U545RE-Q, NUCLEO-U5A5ZJ-Q, NUCLEO-WBA52CG, NUCLEO-WBA55CG, STEVAL-MKBOXPRO, STEVAL-PROTEUS1, STEVAL-STWINBX1, STM320518-EVAL, STM32C0116-DK, STM32C011D6Y3TR, STM32C011D6Y6TR, STM32C011F4P3, STM32C011F4P6, STM32C011F4U3, STM32C011F4U6TR, STM32C011F6P3, STM32C011F6P6, STM32C011F6U3, STM32C011F6U6TR, STM32C011J4M3, STM32C011J4M6, STM32C011J6M3, STM32C011J6M6, STM32C0316-DK, STM32C031C4T3, STM32C031C4T6, STM32C031C4U3, STM32C031C4U6, STM32C031C6T3, STM32C031C6T6, STM32C031C6U3, STM32C031C6U6, STM32C031F4P3, STM32C031F4P6, STM32C031F6P3, STM32C031F6P6, STM32C031G4U3, STM32C031G4U6, STM32C031G6U3, STM32C031G6U6, STM32C031K4T3, STM32C031K4T6, STM32C031K4U3, STM32C031K4U6, STM32C031K6T3, STM32C031K6T6, STM32C031K6U3, STM32C031K6U6, STM32G071K8TXN, STM32G071K8UXN, STM32G081GBU6N, STM32G081KBT6N, STM32G081KBUXN, STM32G0B1CCT6N, STM32G0B1KCT6, STM32G0B1NEY6TR, STM32G0B1RCT6N, STM32G0C1CCT6, STM32G0C1CCT6N, STM32G0C1CCU6N, STM32G0C1CET6N, STM32G0C1CEU6N, STM32G0C1KCT6, STM32G0C1NEY6TR, STM32G0C1RCI6N, STM32G0C1RCT6N, STM32G0C1REI6N, STM32G0C1RET6N, STM32G0C1VCI6, STM32G0C1VEI6, STM32G471CCT6, STM32G471CCU6, STM32G471CET3, STM32G471CET6, STM32G471CEU3, STM32G471CEU6, STM32G471MCT6, STM32G471MET3, STM32G471MET6, STM32G471MEY6TR, STM32G471QCT6, STM32G471QET3, STM32G471RCT6, STM32G471RET3, STM32G471RET6, STM32G471VCH6, STM32G471VCI6, STM32G471VCT6, STM32G471VEH3, STM32G471VEH6, STM32G471VEI3, STM32G471VEI6, STM32G471VET3, STM32G471VET6, STM32G474CCT6, STM32H503CBT6, STM32H503CBU6, STM32H503EBY6TR, STM32H503KBU6, STM32H503RBT6, STM32H562AGI6, STM32H562AII6, STM32H562IGK6, STM32H562IGT6, STM32H562IIK6, STM32H562IIT6, STM32H562RGT6, STM32H562RGV6, STM32H562RIT6, STM32H562RIV6, STM32H562VGT6, STM32H562VIT6, STM32H562ZGT6, STM32H562ZIT6, STM32H563AGI6, STM32H563AII3Q, STM32H563AII6, STM32H563IGK6, STM32H563IGT6, STM32H563IIK3Q, STM32H563IIK6, STM32H563IIT3Q, STM32H563IIT6, STM32H563MIY3QTR, STM32H563RGT6, STM32H563RGV6, STM32H563RIT6, STM32H563RIV6, STM32H563VGT6, STM32H563VIT3Q, STM32H563VIT6, STM32H563ZGT6, STM32H563ZIT3Q, STM32H563ZIT6, STM32H573AII3Q, STM32H573AII6, STM32H573I-DK, STM32H573IIK3Q, STM32H573IIK6, STM32H573IIT3Q, STM32H573IIT6, STM32H573MIY3QTR, STM32H573RIT6, STM32H573RIV6, STM32H573VIT3Q, STM32H573VIT6, STM32H573ZIT3Q, STM32H573ZIT6, STM32L4R5QGI6STR, STM32MP131AAE3, STM32MP131AAF3, STM32MP131AAG3, STM32MP131CAE3, STM32MP131CAF3, STM32MP131CAG3, STM32MP131DAE7, STM32MP131DAF7, STM32MP131DAG7, STM32MP131FAE7, STM32MP131FAF7, STM32MP131FAG7, STM32MP133AAE3, STM32MP133AAF3, STM32MP133AAG3, STM32MP133CAE3, STM32MP133CAF3, STM32MP133CAG3, STM32MP133DAE7, STM32MP133DAF7, STM32MP133DAG7, STM32MP133FAE7, STM32MP133FAF7, STM32MP133FAG7, STM32MP135AAE3, STM32MP135AAF3, STM32MP135AAG3, STM32MP135CAE3, STM32MP135CAF3, STM32MP135CAG3, STM32MP135DAE7, STM32MP135DAF7, STM32MP135DAG7, STM32MP135F-DK, STM32MP135FAE7, STM32MP135FAF7, STM32MP135FAF7T, STM32MP135FAF7U, STM32MP135FAG7, STM32U535CBT6, STM32U535CBT6Q, STM32U535CBU6, STM32U535CBU6Q, STM32U535CCT6, STM32U535CCT6Q, STM32U535CCU6, STM32U535CCU6Q, STM32U535CET6, STM32U535CET6Q, STM32U535CEU6, STM32U535CEU6Q, STM32U535JEY6QTR, STM32U535NCY6QTR, STM32U535NEY6QTR, STM32U535RBI6, STM32U535RBI6Q, STM32U535RBT6, STM32U535RBT6Q, STM32U535RCI6, STM32U535RCI6Q, STM32U535RCT6, STM32U535RCT6Q, STM32U535REI6, STM32U535REI6Q, STM32U535RET6, STM32U535RET6Q, STM32U535VCI6, STM32U535VCI6Q, STM32U535VCT6, STM32U535VCT6Q, STM32U535VEI6, STM32U535VEI6Q, STM32U535VET6, STM32U535VET6Q, STM32U545CET6, STM32U545CET6Q, STM32U545CEU6, STM32U545CEU6Q, STM32U545JEY6QTR, STM32U545NEY6QTR, STM32U545REI6, STM32U545REI6Q, STM32U545RET6, STM32U545RET6Q, STM32U545VEI6, STM32U545VEI6Q, STM32U545VET6, STM32U545VET6Q, STM32U595AIH6, STM32U595AIH6Q, STM32U595AJH6, STM32U595AJH6Q, STM32U595QII6, STM32U595QII6Q, STM32U595QJI6, STM32U595QJI6Q, STM32U595RIT6, STM32U595RIT6Q, STM32U595RJT6, STM32U595RJT6Q, STM32U595VIT6, STM32U595VIT6Q, STM32U595VJT6, STM32U595VJT6Q, STM32U595ZIT6, STM32U595ZIT6Q, STM32U595ZIY6QTR, STM32U595ZJT6, STM32U595ZJT6Q, STM32U595ZJY6QTR, STM32U599BJY6QTR, STM32U599NIH6Q, STM32U599NJH6Q, STM32U599VIT6Q, STM32U599VJT6, STM32U599VJT6Q, STM32U599ZIT6Q, STM32U599ZIY6QTR, STM32U599ZJT6Q, STM32U599ZJY6QTR, STM32U5A5AJH6, STM32U5A5AJH6Q, STM32U5A5QJI6, STM32U5A5QJI6Q, STM32U5A5RJT6, STM32U5A5RJT6Q, STM32U5A5VJT6, STM32U5A5VJT6Q, STM32U5A5ZJT6, STM32U5A5ZJT6Q, STM32U5A5ZJY6QTR, STM32U5A9BJY6QTR, STM32U5A9J-DK, STM32U5A9NJH6Q, STM32U5A9VJT6Q, STM32U5A9ZJT6Q, STM32U5A9ZJY6QTR, STM32U5F7VIT6, STM32U5F7VIT6Q, STM32U5F7VJT6, STM32U5F7VJT6Q, STM32U5F9BJY6QTR, STM32U5F9NJH6Q, STM32U5F9VIT6Q, STM32U5F9VJT6Q, STM32U5F9ZIJ6QTR, STM32U5F9ZIT6Q, STM32U5F9ZJJ6QTR, STM32U5F9ZJT6Q, STM32U5G7VJT6, STM32U5G7VJT6Q, STM32U5G9BJY6QTR, STM32U5G9J-DK1, STM32U5G9J-DK2, STM32U5G9NJH6Q, STM32U5G9VJT6Q, STM32U5G9ZJJ6QTR, STM32U5G9ZJT6Q, STM32WB1MMCH6, STM32WBA50KEU6, STM32WBA50KEU6TR, STM32WBA50KGU6, STM32WBA50KGU6TR, STM32WBA52CEU6, STM32WBA52CEU6TR, STM32WBA52CEU7, STM32WBA52CEU7TR, STM32WBA52CGU6, STM32WBA52CGU6TR, STM32WBA52CGU6U, STM32WBA52CGU7, STM32WBA52CGU7TR, STM32WBA52KEU6, STM32WBA52KEU6TR, STM32WBA52KGU6, STM32WBA52KGU6TR, STM32WBA54CEU6, STM32WBA54CEU6TR, STM32WBA54CEU7, STM32WBA54CEU7TR, STM32WBA54CGU6, STM32WBA54CGU6TR, STM32WBA54CGU7, STM32WBA54CGU7TR, STM32WBA54KEU6, STM32WBA54KEU6TR, STM32WBA54KEU7, STM32WBA54KEU7TR, STM32WBA54KGU6, STM32WBA54KGU6TR, STM32WBA54KGU7, STM32WBA54KGU7TR, STM32WBA55CEU6, STM32WBA55CEU6TR, STM32WBA55CEU7, STM32WBA55CEU7TR, STM32WBA55CGU6, STM32WBA55CGU6TR, STM32WBA55CGU6U, STM32WBA55CGU7, STM32WBA55CGU7TR, STM32WBA55G-DK1, STM32WBA55HEF6, STM32WBA55HEF7, STM32WBA55HGF6, STM32WBA55HGF7, STM32WBA55UEI6, STM32WBA55UEI6TR, STM32WBA55UEI7, STM32WBA55UEI7TR, STM32WBA55UGI6, STM32WBA55UGI6TR, STM32WBA55UGI7, STM32WBA55UGI7TR, STM32WL5MOCH6, STM32WL5MOCH6TR]
2025-05-02 19:14:41,972 [INFO] DbMcus:218 - Found 4657 MCUs, 4657 are supported
2025-05-02 19:14:41,974 [INFO] ApiDb:423 - Load user favorites file C:\Users\TS/.stm32cubeide/favorites.mcus.txt: 0 item(s)
2025-05-02 19:14:41,974 [INFO] ApiDb:427 - User favorites MCUs=[]
2025-05-02 19:14:41,974 [INFO] DbMcus:224 - Set 0 / 0 favorites MCUs
2025-05-02 19:14:43,148 [INFO] MicroXplorer:468 - Change Database Path : 
2025-05-02 19:14:43,149 [INFO] MicroXplorer:498 - Change Database Version : DB.6.0.100
2025-05-02 19:14:43,150 [WARN] ThirdParty:833 - waiting for thirdparty lock release [change project]
2025-05-02 19:14:43,150 [INFO] ThirdParty:835 - entering critical section [change project]
2025-05-02 19:14:43,151 [INFO] ThirdParty:1030 - CMSIS Pack Vendor :STMicroelectronics USBPD 4.1
2025-05-02 19:14:43,151 [INFO] ThirdParty:1030 - CMSIS Pack Vendor :STMicroelectronics X-CUBE-AZRTOS-H7 3.3.0
2025-05-02 19:14:43,151 [INFO] ThirdParty:1030 - CMSIS Pack Vendor :STMicroelectronics X-CUBE-NFC9 1.0.0
2025-05-02 19:14:43,151 [INFO] ThirdParty:1030 - CMSIS Pack Vendor :STMicroelectronics USB_HOST 2.0.0
2025-05-02 19:14:43,151 [INFO] ThirdParty:1030 - CMSIS Pack Vendor :STMicroelectronics FP-SNS-MOTENVWB1 1.4.0
2025-05-02 19:14:43,151 [INFO] ThirdParty:1030 - CMSIS Pack Vendor :STMicroelectronics X-CUBE-AZRTOS-F4 1.1.0
2025-05-02 19:14:43,151 [INFO] ThirdParty:1030 - CMSIS Pack Vendor :STMicroelectronics LIBJPEG 8.0.0
2025-05-02 19:14:43,151 [INFO] ThirdParty:1030 - CMSIS Pack Vendor :STMicroelectronics FP-ATR-ASTRA1 2.0.2
2025-05-02 19:14:43,151 [INFO] ThirdParty:1030 - CMSIS Pack Vendor :STMicroelectronics FP-ATR-ASTRA1 2.0.1
2025-05-02 19:14:43,151 [INFO] ThirdParty:1030 - CMSIS Pack Vendor :STMicroelectronics X-CUBE-BLE1 7.1.0
2025-05-02 19:14:43,151 [INFO] ThirdParty:1030 - CMSIS Pack Vendor :STMicroelectronics X-CUBE-SMBUS 2.1.0
2025-05-02 19:14:43,151 [INFO] ThirdParty:1030 - CMSIS Pack Vendor :STMicroelectronics X-CUBE-WB05N 1.1.0
2025-05-02 19:14:43,152 [INFO] ThirdParty:1030 - CMSIS Pack Vendor :STMicroelectronics USB_DEVICE 3.0.0
2025-05-02 19:14:43,152 [INFO] ThirdParty:1030 - CMSIS Pack Vendor :STMicroelectronics X-CUBE-ISPU 2.1.0
2025-05-02 19:14:43,152 [INFO] ThirdParty:1030 - CMSIS Pack Vendor :STMicroelectronics X-CUBE-AZRTOS-WB 2.0.0
2025-05-02 19:14:43,152 [INFO] ThirdParty:1030 - CMSIS Pack Vendor :STMicroelectronics X-CUBE-GNSS1 7.0.1
2025-05-02 19:14:43,152 [INFO] ThirdParty:1030 - CMSIS Pack Vendor :STMicroelectronics X-CUBE-AZRTOS-F7 1.1.0
2025-05-02 19:14:43,152 [INFO] ThirdParty:1030 - CMSIS Pack Vendor :STMicroelectronics X-CUBE-AZRTOS-L5 2.0.0
2025-05-02 19:14:43,152 [INFO] ThirdParty:1030 - CMSIS Pack Vendor :STMicroelectronics X-CUBE-TOUCHGFX 4.25.0
2025-05-02 19:14:43,152 [INFO] ThirdParty:1030 - CMSIS Pack Vendor :STMicroelectronics USB_DEVICE 2.0.0
2025-05-02 19:14:43,152 [INFO] ThirdParty:1030 - CMSIS Pack Vendor :STMicroelectronics X-CUBE-NFC6 3.1.0
2025-05-02 19:14:43,152 [INFO] ThirdParty:1030 - CMSIS Pack Vendor :STMicroelectronics FP-SNS-STBOX1 2.0.0
2025-05-02 19:14:43,152 [INFO] ThirdParty:1030 - CMSIS Pack Vendor :STMicroelectronics X-CUBE-MEMS1 11.2.0
2025-05-02 19:14:43,153 [INFO] ThirdParty:1030 - CMSIS Pack Vendor :STMicroelectronics FreeRTOS 0.0.1
2025-05-02 19:14:43,153 [INFO] ThirdParty:1030 - CMSIS Pack Vendor :STMicroelectronics X-CUBE-AZRTOS-G0 1.1.0
2025-05-02 19:14:43,153 [INFO] ThirdParty:1030 - CMSIS Pack Vendor :STMicroelectronics X-CUBE-SAFEA1 1.2.2
2025-05-02 19:14:43,153 [INFO] ThirdParty:1030 - CMSIS Pack Vendor :STMicroelectronics X-CUBE-NFC4 3.0.0
2025-05-02 19:14:43,153 [INFO] ThirdParty:1030 - CMSIS Pack Vendor :STMicroelectronics X-CUBE-DPower 1.2.0
2025-05-02 19:14:43,153 [INFO] ThirdParty:1030 - CMSIS Pack Vendor :STMicroelectronics X-CUBE-SUBG2 5.0.0
2025-05-02 19:14:43,153 [INFO] ThirdParty:1030 - CMSIS Pack Vendor :STMicroelectronics X-CUBE-AZRTOS-H7RS 1.1.0
2025-05-02 19:14:43,153 [INFO] ThirdParty:1030 - CMSIS Pack Vendor :STMicroelectronics STM32_WPAN 1.0.0
2025-05-02 19:14:43,153 [INFO] ThirdParty:1030 - CMSIS Pack Vendor :EmbeddedOffice I-CUBE-FS-RTOS 1.0.1
2025-05-02 19:14:43,153 [INFO] ThirdParty:1030 - CMSIS Pack Vendor :STMicroelectronics lwIP 2.0.3
2025-05-02 19:14:43,153 [INFO] ThirdParty:1030 - CMSIS Pack Vendor :STMicroelectronics FP-SNS-FLIGHT1 5.0.2
2025-05-02 19:14:43,154 [INFO] ThirdParty:1030 - CMSIS Pack Vendor :Cesanta I-CUBE-Mongoose 7.13.0
2025-05-02 19:14:43,154 [INFO] ThirdParty:1030 - CMSIS Pack Vendor :STMicroelectronics USB_HOST 1.0.0
2025-05-02 19:14:43,154 [INFO] ThirdParty:1030 - CMSIS Pack Vendor :Infineon AIROC-Wi-Fi-Bluetooth-STM32 1.7.0
2025-05-02 19:14:43,154 [INFO] ThirdParty:1030 - CMSIS Pack Vendor :STMicroelectronics X-CUBE-AZRTOS-G4 2.0.0
2025-05-02 19:14:43,154 [INFO] ThirdParty:1030 - CMSIS Pack Vendor :STMicroelectronics X-CUBE-WB05N 2.0.0
2025-05-02 19:14:43,154 [INFO] ThirdParty:1030 - CMSIS Pack Vendor :STMicroelectronics PDM2PCM 3.1.0
2025-05-02 19:14:43,154 [INFO] ThirdParty:1030 - CMSIS Pack Vendor :STMicroelectronics PDM2PCM 3.3.0
2025-05-02 19:14:43,154 [INFO] ThirdParty:1030 - CMSIS Pack Vendor :STMicroelectronics X-CUBE-DISPLAY 3.0.0
2025-05-02 19:14:43,154 [INFO] ThirdParty:1030 - CMSIS Pack Vendor :STMicroelectronics X-CUBE-NFC7 2.0.0
2025-05-02 19:14:43,154 [INFO] ThirdParty:1030 - CMSIS Pack Vendor :RealThread X-CUBE-RT-Thread_Nano 4.1.1
2025-05-02 19:14:43,155 [INFO] ThirdParty:1030 - CMSIS Pack Vendor :STMicroelectronics X-CUBE-BLE1 7.0.0
2025-05-02 19:14:43,155 [INFO] ThirdParty:1030 - CMSIS Pack Vendor :STMicroelectronics FP-ATR-SIGFOX1 3.2.0
2025-05-02 19:14:43,155 [INFO] ThirdParty:1030 - CMSIS Pack Vendor :STMicroelectronics X-CUBE-NFC10 1.0.0
2025-05-02 19:14:43,155 [INFO] ThirdParty:1030 - CMSIS Pack Vendor :quantropi X-CUBE-qispace-sdk-base 1.9.3
2025-05-02 19:14:43,155 [INFO] ThirdParty:1030 - CMSIS Pack Vendor :STMicroelectronics X-CUBE-BLEMGR 4.0.0
2025-05-02 19:14:43,155 [INFO] ThirdParty:1030 - CMSIS Pack Vendor :STMicroelectronics X-CUBE-EEPRMA1 5.1.0
2025-05-02 19:14:43,155 [INFO] ThirdParty:1030 - CMSIS Pack Vendor :STMicroelectronics HAL Drivers 0.0.0
2025-05-02 19:14:43,155 [INFO] ThirdParty:1030 - CMSIS Pack Vendor :STMicroelectronics MBEDTLS 2.16.2
2025-05-02 19:14:43,156 [INFO] ThirdParty:1030 - CMSIS Pack Vendor :STMicroelectronics X-CUBE-ALS 1.0.2
2025-05-02 19:14:43,156 [INFO] ThirdParty:1030 - CMSIS Pack Vendor :emotas I-CUBE-CANOPEN 1.3.0
2025-05-02 19:14:43,156 [INFO] ThirdParty:1030 - CMSIS Pack Vendor :STMicroelectronics X-CUBE-FREERTOS 1.3.0
2025-05-02 19:14:43,156 [INFO] ThirdParty:1030 - CMSIS Pack Vendor :wolfSSL I-CUBE-wolfSSL 5.7.4
2025-05-02 19:14:43,156 [INFO] ThirdParty:1030 - CMSIS Pack Vendor :STMicroelectronics X-CUBE-NFC7 1.0.1
2025-05-02 19:14:43,156 [INFO] ThirdParty:1030 - CMSIS Pack Vendor :STMicroelectronics MBEDTLS 2.14.1
2025-05-02 19:14:43,156 [INFO] ThirdParty:1030 - CMSIS Pack Vendor :ITTIA_DB I-CUBE-ITTIADB 8.9.0
2025-05-02 19:14:43,156 [INFO] ThirdParty:1030 - CMSIS Pack Vendor :STMicroelectronics X-CUBE-TOUCHGFX 4.24.2
2025-05-02 19:14:43,156 [INFO] ThirdParty:1030 - CMSIS Pack Vendor :wolfSSL I-CUBE-wolfTPM 3.4.0
2025-05-02 19:14:43,156 [INFO] ThirdParty:1030 - CMSIS Pack Vendor :portGmbH I-Cube-SoM-uGOAL 1.1.0
2025-05-02 19:14:43,156 [INFO] ThirdParty:1030 - CMSIS Pack Vendor :STMicroelectronics X-CUBE-AI 10.0.0
2025-05-02 19:14:43,156 [INFO] ThirdParty:1030 - CMSIS Pack Vendor :STMicroelectronics ThreadX 1.0.0
2025-05-02 19:14:43,156 [INFO] ThirdParty:1030 - CMSIS Pack Vendor :STMicroelectronics FP-SNS-SMARTAG2 1.2.0
2025-05-02 19:14:43,156 [INFO] ThirdParty:1030 - CMSIS Pack Vendor :STMicroelectronics X-CUBE-MEMS1 11.1.0
2025-05-02 19:14:43,156 [INFO] ThirdParty:1030 - CMSIS Pack Vendor :STMicroelectronics X-CUBE-AZRTOS-WL 2.0.0
2025-05-02 19:14:43,156 [INFO] ThirdParty:1030 - CMSIS Pack Vendor :SEGGER I-CUBE-embOS 1.3.1
2025-05-02 19:14:43,157 [INFO] ThirdParty:1030 - CMSIS Pack Vendor :STMicroelectronics X-CUBE-ALGOBUILD 1.4.0
2025-05-02 19:14:43,157 [INFO] ThirdParty:1030 - CMSIS Pack Vendor :STMicroelectronics X-CUBE-DPower 1.3.0
2025-05-02 19:14:43,157 [INFO] ThirdParty:1030 - CMSIS Pack Vendor :STMicroelectronics FP-SNS-MOTENV1 5.0.0
2025-05-02 19:14:43,157 [INFO] ThirdParty:1030 - CMSIS Pack Vendor :STMicroelectronics USB_DEVICE 1.0.0
2025-05-02 19:14:43,157 [INFO] ThirdParty:1030 - CMSIS Pack Vendor :STMicroelectronics X-CUBE-AZRTOS-H7RS 1.0.0
2025-05-02 19:14:43,157 [INFO] ThirdParty:1030 - CMSIS Pack Vendor :wolfSSL I-CUBE-wolfMQTT 1.19.0
2025-05-02 19:14:43,157 [INFO] ThirdParty:1030 - CMSIS Pack Vendor :STMicroelectronics X-CUBE-AZRTOS-L4 2.0.0
2025-05-02 19:14:43,157 [INFO] ThirdParty:1030 - CMSIS Pack Vendor :STMicroelectronics ThreadX 0.0.2
2025-05-02 19:14:43,157 [INFO] ThirdParty:1030 - CMSIS Pack Vendor :WES I-CUBE-Cesium 1.3.0
2025-05-02 19:14:43,157 [INFO] ThirdParty:1030 - CMSIS Pack Vendor :STMicroelectronics lwIP 2.1.2
2025-05-02 19:14:43,158 [INFO] ThirdParty:1030 - CMSIS Pack Vendor :STMicroelectronics X-CUBE-SFXS2LP1 4.0.0
2025-05-02 19:14:43,158 [INFO] ThirdParty:1030 - CMSIS Pack Vendor :STMicroelectronics X-CUBE-BLE2 3.3.0
2025-05-02 19:14:43,158 [INFO] ThirdParty:1030 - CMSIS Pack Vendor :STMicroelectronics X-CUBE-TOF1 3.4.2
2025-05-02 19:14:43,158 [INFO] ThirdParty:1030 - CMSIS Pack Vendor :STMicroelectronics X-CUBE-AI 9.1.0
2025-05-02 19:14:43,158 [INFO] ThirdParty:1030 - CMSIS Pack Vendor :STMicroelectronics PDM2PCM 3.2.0
2025-05-02 19:14:43,158 [INFO] ThirdParty:1030 - CMSIS Pack Vendor :wolfSSL I-CUBE-wolfSSH 1.4.17
2025-05-02 19:14:43,158 [INFO] ThirdParty:841 - exiting critical section [change project]
2025-05-02 19:14:43,753 [INFO] PinOutPanel:1499 - setPackage(No Configuration,No Configuration)
2025-05-02 19:14:43,754 [INFO] PinOutPanel:1499 - setPackage(STM32F103C8Tx,LQFP48)
2025-05-02 19:14:44,615 [INFO] UtilMem:75 - Before build in PCC Used Memory: 784251296 Bytes (1073741824)
2025-05-02 19:14:46,091 [INFO] UtilMem:75 - After build in PCC Used Memory: 854137448 Bytes (1073741824)
2025-05-02 19:14:46,152 [INFO] IPUIPlugin:80 - create IPUIPlugin
2025-05-02 19:14:46,152 [INFO] IPUIPlugin:80 - create IPUIPlugin
2025-05-02 19:14:46,153 [INFO] IPUIPlugin:80 - create IPUIPlugin
2025-05-02 19:14:46,154 [INFO] IPUIPlugin:80 - create IPUIPlugin
2025-05-02 19:14:46,155 [INFO] IPUIPlugin:80 - create IPUIPlugin
2025-05-02 19:14:46,155 [INFO] IPUIPlugin:80 - create IPUIPlugin
2025-05-02 19:14:46,155 [INFO] IPUIPlugin:80 - create IPUIPlugin
2025-05-02 19:14:46,155 [INFO] IPUIPlugin:80 - create IPUIPlugin
2025-05-02 19:14:46,155 [INFO] IPUIPlugin:80 - create IPUIPlugin
2025-05-02 19:14:46,155 [INFO] IPUIPlugin:80 - create IPUIPlugin
2025-05-02 19:14:46,155 [INFO] IPUIPlugin:80 - create IPUIPlugin
2025-05-02 19:14:46,156 [INFO] IPUIPlugin:80 - create IPUIPlugin
2025-05-02 19:14:46,156 [INFO] IPUIPlugin:80 - create IPUIPlugin
2025-05-02 19:14:46,156 [INFO] IPUIPlugin:80 - create IPUIPlugin
2025-05-02 19:14:46,156 [INFO] IPUIPlugin:80 - create IPUIPlugin
2025-05-02 19:14:46,157 [INFO] IPUIPlugin:80 - create IPUIPlugin
2025-05-02 19:14:46,157 [INFO] IPUIPlugin:80 - create IPUIPlugin
2025-05-02 19:14:46,157 [INFO] IPUIPlugin:80 - create IPUIPlugin
2025-05-02 19:14:46,158 [INFO] IPUIPlugin:80 - create IPUIPlugin
2025-05-02 19:14:46,158 [INFO] IPUIPlugin:80 - create IPUIPlugin
2025-05-02 19:14:46,158 [INFO] IPUIPlugin:80 - create IPUIPlugin
2025-05-02 19:14:46,159 [INFO] IPUIPlugin:80 - create IPUIPlugin
2025-05-02 19:14:46,159 [INFO] IPUIPlugin:80 - create IPUIPlugin
2025-05-02 19:14:46,160 [INFO] IPUIPlugin:80 - create IPUIPlugin
2025-05-02 19:14:46,160 [INFO] IPUIPlugin:80 - create IPUIPlugin
2025-05-02 19:14:46,160 [INFO] IPUIPlugin:80 - create IPUIPlugin
2025-05-02 19:14:46,162 [INFO] IPUIPlugin:80 - create IPUIPlugin
2025-05-02 19:14:46,593 [INFO] CADModel:165 - CPN selected for project levelSTM32F103C8T6
2025-05-02 19:14:46,593 [INFO] CADModel:114 - Register for checkConnection events
2025-05-02 19:14:46,666 [INFO] OpenFileManager:343 - Restore cursor
2025-05-02 19:16:03,109 [INFO] Gpio:277 - dependency for GPIO [SPI1, SYS]
2025-05-02 19:16:11,559 [INFO] NvicIntPanel:101 - NVIC parent = com.st.microxplorer.plugins.ip.nvic.MultiNvicIntPanel[,0,0,0x0,invalid,layout=javax.swing.BoxLayout,alignmentX=0.0,alignmentY=0.0,border=,flags=9,maximumSize=,minimumSize=,preferredSize=]
2025-05-02 19:23:15,614 [INFO] Gpio:277 - dependency for GPIO [SPI1, SYS]
